<?xml version="1.0" encoding="UTF-8"?>
<testsuites name="Test_Case_For_Excel_And_Mail_Automation" time="1403.864" tests="1" failures="0" errors="0">
   <testsuite name="Test_Case_For_Excel_And_Mail_Automation" tests="1" failures="0" errors="0" time="1403.864" skipped="0" timestamp="13-08-2024T15:02:49" hostname="DELL - host.docker.internal" id="Test Suites/Test_Case_For_Excel_And_Mail_Automation">
      <properties>
         <property name="deviceName" value=""/>
         <property name="devicePlatform"/>
         <property name="logFolder" value="C:\\Users\\DELL\\git\\excel_automation_with_mail_feature\\Reports\\20240813_150244\\Test_Case_For_Excel_And_Mail_Automation\\20240813_150245"/>
         <property name="logFiles" value="C:\\Users\\DELL\\git\\excel_automation_with_mail_feature\\Reports\\20240813_150244\\Test_Case_For_Excel_And_Mail_Automation\\20240813_150245\\execution0.log"/>
         <property name="attachments" value=""/>
         <property name="hostName" value="DELL - host.docker.internal"/>
         <property name="os" value="Windows 11 64bit"/>
         <property name="katalonVersion" value="9.5.0.217"/>
         <property name="browser" value="Chrome 127.0.0.0"/>
         <property name="hostAddress" value="192.168.31.251"/>
         <property name="sessionId" value="ede232fe0d7a4dac15ff6a1d28160073"/>
         <property name="seleniumVersion" value="3.141.59"/>
         <property name="proxyInformation" value="ProxyInformation { proxyOption=NO_PROXY, proxyServerType=HTTP, username=, password=********, proxyServerAddress=, proxyServerPort=0, executionList=&quot;&quot;, isApplyToDesiredCapabilities=true }"/>
         <property name="platform" value="Windows 11"/>
      </properties>
      <testcase name="Test Cases/Test_case_for_excel_and_mail_automation" time="1403.701" classname="Test Cases/Test_case_for_excel_and_mail_automation" status="PASSED">
         <system-out><![CDATA[13-08-2024T15:02:49 - [TEST_CASE][PASSED] - Test Cases/Test_case_for_excel_and_mail_automation: Test Cases/Test_case_for_excel_and_mail_automation

13-08-2024T15:02:50 - [TEST_STEP][PASSED] - callTestCase(findTestCase("test_case_for_creating_excel_with_data"), [:], STOP_ON_FAILURE): Call Test Case 'Test Cases/test_case_for_creating_excel_with_data' successfully

13-08-2024T15:02:50 - [TEST_CASE][PASSED] - Test Cases/test_case_for_creating_excel_with_data: Test Cases/test_case_for_creating_excel_with_data

13-08-2024T15:02:51 - [TEST_STEP][PASSED] - callTestCase(findTestCase("LOGIN_TEST_CASE_FOR_ORANGE_HRM"), [:], STOP_ON_FAILURE): Call Test Case 'Test Cases/LOGIN_TEST_CASE_FOR_ORANGE_HRM' successfully

13-08-2024T15:02:51 - [TEST_CASE][PASSED] - Test Cases/LOGIN_TEST_CASE_FOR_ORANGE_HRM: Test Cases/LOGIN_TEST_CASE_FOR_ORANGE_HRM

13-08-2024T15:02:51 - [TEST_STEP][PASSED] - openBrowser(""): Browser is opened with url: ''

13-08-2024T15:02:51 - [MESSAGE][INFO] - Starting 'Chrome' driver

13-08-2024T15:02:51 - [MESSAGE][INFO] - Action delay is set to 0 milliseconds

13-08-2024T15:02:52 - [MESSAGE][PASSED] - Browser is opened with url: ''

13-08-2024T15:02:52 - [TEST_STEP][PASSED] - maximizeWindow(): Current window maximized

13-08-2024T15:02:53 - [MESSAGE][PASSED] - Current window maximized

13-08-2024T15:02:53 - [TEST_STEP][PASSED] - navigateToUrl("https://opensource-demo.orangehrmlive.com/web/index.php/auth/login"): Navigate to 'https://opensource-demo.orangehrmlive.com/web/index.php/auth/login' successfully

13-08-2024T15:03:04 - [MESSAGE][PASSED] - Navigate to 'https://opensource-demo.orangehrmlive.com/web/index.php/auth/login' successfully

13-08-2024T15:03:04 - [TEST_STEP][PASSED] - verifyElementPresent(findTestObject("Object Repository/LOGIN_TEST_CASE_FOR_ORANGE_HRM/username_text_box_login_page"), 10): Object 'Object Repository/LOGIN_TEST_CASE_FOR_ORANGE_HRM/username_text_box_login_page' is present

13-08-2024T15:03:05 - [MESSAGE][PASSED] - Object 'Object Repository/LOGIN_TEST_CASE_FOR_ORANGE_HRM/username_text_box_login_page' is present

13-08-2024T15:03:05 - [TEST_STEP][PASSED] - click(findTestObject("Object Repository/LOGIN_TEST_CASE_FOR_ORANGE_HRM/username_text_box_login_page")): Object: 'Object Repository/LOGIN_TEST_CASE_FOR_ORANGE_HRM/username_text_box_login_page' is clicked on

13-08-2024T15:03:05 - [MESSAGE][PASSED] - Object: 'Object Repository/LOGIN_TEST_CASE_FOR_ORANGE_HRM/username_text_box_login_page' is clicked on

13-08-2024T15:03:05 - [TEST_STEP][PASSED] - setText(findTestObject("Object Repository/LOGIN_TEST_CASE_FOR_ORANGE_HRM/username_text_box_login_page"), "Admin"): Text 'Admin' is set on object 'Object Repository/LOGIN_TEST_CASE_FOR_ORANGE_HRM/username_text_box_login_page'

13-08-2024T15:03:06 - [MESSAGE][PASSED] - Text 'Admin' is set on object 'Object Repository/LOGIN_TEST_CASE_FOR_ORANGE_HRM/username_text_box_login_page'

13-08-2024T15:03:06 - [TEST_STEP][PASSED] - verifyElementPresent(findTestObject("Object Repository/LOGIN_TEST_CASE_FOR_ORANGE_HRM/password_text_box_for_login_page"), 10): Object 'Object Repository/LOGIN_TEST_CASE_FOR_ORANGE_HRM/password_text_box_for_login_page' is present

13-08-2024T15:03:06 - [MESSAGE][PASSED] - Object 'Object Repository/LOGIN_TEST_CASE_FOR_ORANGE_HRM/password_text_box_for_login_page' is present

13-08-2024T15:03:06 - [TEST_STEP][PASSED] - click(findTestObject("Object Repository/LOGIN_TEST_CASE_FOR_ORANGE_HRM/password_text_box_for_login_page")): Object: 'Object Repository/LOGIN_TEST_CASE_FOR_ORANGE_HRM/password_text_box_for_login_page' is clicked on

13-08-2024T15:03:07 - [MESSAGE][PASSED] - Object: 'Object Repository/LOGIN_TEST_CASE_FOR_ORANGE_HRM/password_text_box_for_login_page' is clicked on

13-08-2024T15:03:07 - [TEST_STEP][PASSED] - setText(findTestObject("Object Repository/LOGIN_TEST_CASE_FOR_ORANGE_HRM/password_text_box_for_login_page"), "admin123"): Text 'admin123' is set on object 'Object Repository/LOGIN_TEST_CASE_FOR_ORANGE_HRM/password_text_box_for_login_page'

13-08-2024T15:03:07 - [MESSAGE][PASSED] - Text 'admin123' is set on object 'Object Repository/LOGIN_TEST_CASE_FOR_ORANGE_HRM/password_text_box_for_login_page'

13-08-2024T15:03:07 - [TEST_STEP][PASSED] - verifyElementPresent(findTestObject("Object Repository/LOGIN_TEST_CASE_FOR_ORANGE_HRM/login_button_for_login_page"), 0): Object 'Object Repository/LOGIN_TEST_CASE_FOR_ORANGE_HRM/login_button_for_login_page' is present

13-08-2024T15:03:07 - [MESSAGE][WARNING] - Timeout '0' is invalid. Using default page load timeout: '30'

13-08-2024T15:03:08 - [MESSAGE][PASSED] - Object 'Object Repository/LOGIN_TEST_CASE_FOR_ORANGE_HRM/login_button_for_login_page' is present

13-08-2024T15:03:08 - [TEST_STEP][PASSED] - click(findTestObject("Object Repository/LOGIN_TEST_CASE_FOR_ORANGE_HRM/login_button_for_login_page")): Object: 'Object Repository/LOGIN_TEST_CASE_FOR_ORANGE_HRM/login_button_for_login_page' is clicked on

13-08-2024T15:03:08 - [MESSAGE][PASSED] - Object: 'Object Repository/LOGIN_TEST_CASE_FOR_ORANGE_HRM/login_button_for_login_page' is clicked on

13-08-2024T15:03:08 - [MESSAGE][PASSED] - Call Test Case 'Test Cases/LOGIN_TEST_CASE_FOR_ORANGE_HRM' successfully

13-08-2024T15:03:08 - [TEST_STEP][PASSED] - excelFilePath = "C:\Users\DELL\OneDrive\Desktop\mail\add_employee_data.xlsx": null

13-08-2024T15:03:08 - [TEST_STEP][PASSED] - sheetName = "Sheet1": null

13-08-2024T15:03:08 - [TEST_STEP][PASSED] - file = new java.io.File(excelFilePath): null

13-08-2024T15:03:08 - [TEST_STEP][PASSED] - workbook = <not implemented yet for class: org.codehaus.groovy.ast.expr.EmptyExpression>: null

13-08-2024T15:03:08 - [TEST_STEP][PASSED] - sheet = <not implemented yet for class: org.codehaus.groovy.ast.expr.EmptyExpression>: null

13-08-2024T15:03:08 - [TEST_STEP][PASSED] - if (!(file.exists())): null

13-08-2024T15:03:08 - [TEST_STEP][PASSED] - fis = new java.io.FileInputStream(file): null

13-08-2024T15:03:08 - [TEST_STEP][PASSED] - workbook = new org.apache.poi.xssf.usermodel.XSSFWorkbook(fis): null

13-08-2024T15:03:09 - [TEST_STEP][PASSED] - sheet = workbook.getSheet(sheetName): null

13-08-2024T15:03:09 - [TEST_STEP][PASSED] - if (sheet == null): null

13-08-2024T15:03:09 - [TEST_STEP][PASSED] - if (sheet.getPhysicalNumberOfRows() == 0): null

13-08-2024T15:03:09 - [TEST_STEP][PASSED] - headerRow = sheet.createRow(0): null

13-08-2024T15:03:09 - [TEST_STEP][PASSED] - createCell(0).setCellValue("First_name"): null

13-08-2024T15:03:09 - [TEST_STEP][PASSED] - createCell(1).setCellValue("Middle_name"): null

13-08-2024T15:03:09 - [TEST_STEP][PASSED] - createCell(2).setCellValue("Last_name"): null

13-08-2024T15:03:09 - [TEST_STEP][PASSED] - createCell(3).setCellValue("Username"): null

13-08-2024T15:03:09 - [TEST_STEP][PASSED] - createCell(4).setCellValue("Password"): null

13-08-2024T15:03:09 - [TEST_STEP][PASSED] - createCell(5).setCellValue("Employee_id"): null

13-08-2024T15:03:09 - [TEST_STEP][PASSED] - loopCount = Integer.parseInt(RandomStringUtils.randomNumeric(2)) % 11 + 15: null

13-08-2024T15:03:09 - [TEST_STEP][PASSED] - for ([i = 1, i <= loopCount, (i++)]): null

13-08-2024T15:03:09 - [TEST_STEP][PASSED] - callTestCase(findTestCase("ADDING_A_NEW_EMPLOYEE"), [:], STOP_ON_FAILURE): Call Test Case 'Test Cases/ADDING_A_NEW_EMPLOYEE' successfully

13-08-2024T15:03:09 - [TEST_CASE][PASSED] - Test Cases/ADDING_A_NEW_EMPLOYEE: Test Cases/ADDING_A_NEW_EMPLOYEE

13-08-2024T15:03:09 - [TEST_STEP][PASSED] - verifyElementPresent(findTestObject("ADDING_A_NEW_EMPLOYEE/pim_option_from_side_bar"), 10): Object 'Object Repository/ADDING_A_NEW_EMPLOYEE/pim_option_from_side_bar' is present

13-08-2024T15:03:11 - [MESSAGE][PASSED] - Object 'Object Repository/ADDING_A_NEW_EMPLOYEE/pim_option_from_side_bar' is present

13-08-2024T15:03:11 - [TEST_STEP][PASSED] - click(findTestObject("ADDING_A_NEW_EMPLOYEE/pim_option_from_side_bar")): Object: 'Object Repository/ADDING_A_NEW_EMPLOYEE/pim_option_from_side_bar' is clicked on

13-08-2024T15:03:13 - [MESSAGE][PASSED] - Object: 'Object Repository/ADDING_A_NEW_EMPLOYEE/pim_option_from_side_bar' is clicked on

13-08-2024T15:03:13 - [TEST_STEP][PASSED] - waitForElementPresent(findTestObject("ADDING_A_NEW_EMPLOYEE/adding_new_employee_button_in_pim_page"), 10): Object 'Object Repository/ADDING_A_NEW_EMPLOYEE/adding_new_employee_button_in_pim_page' is present

13-08-2024T15:03:14 - [MESSAGE][PASSED] - Object 'Object Repository/ADDING_A_NEW_EMPLOYEE/adding_new_employee_button_in_pim_page' is present

13-08-2024T15:03:14 - [TEST_STEP][PASSED] - click(findTestObject("ADDING_A_NEW_EMPLOYEE/adding_new_employee_button_in_pim_page")): Object: 'Object Repository/ADDING_A_NEW_EMPLOYEE/adding_new_employee_button_in_pim_page' is clicked on

13-08-2024T15:03:15 - [MESSAGE][PASSED] - Object: 'Object Repository/ADDING_A_NEW_EMPLOYEE/adding_new_employee_button_in_pim_page' is clicked on

13-08-2024T15:03:15 - [TEST_STEP][PASSED] - verifyElementPresent(findTestObject("ADDING_A_NEW_EMPLOYEE/create_login_details_checkbox"), 10): Object 'Object Repository/ADDING_A_NEW_EMPLOYEE/create_login_details_checkbox' is present

13-08-2024T15:03:16 - [MESSAGE][PASSED] - Object 'Object Repository/ADDING_A_NEW_EMPLOYEE/create_login_details_checkbox' is present

13-08-2024T15:03:16 - [TEST_STEP][PASSED] - click(findTestObject("ADDING_A_NEW_EMPLOYEE/create_login_details_checkbox")): Object: 'Object Repository/ADDING_A_NEW_EMPLOYEE/create_login_details_checkbox' is clicked on

13-08-2024T15:03:17 - [MESSAGE][PASSED] - Object: 'Object Repository/ADDING_A_NEW_EMPLOYEE/create_login_details_checkbox' is clicked on

13-08-2024T15:03:17 - [TEST_STEP][PASSED] - verifyElementPresent(findTestObject("Object Repository/ADDING_A_NEW_EMPLOYEE/Add_employee_enabled_radio_button"), 10): Object 'Object Repository/ADDING_A_NEW_EMPLOYEE/Add_employee_enabled_radio_button' is present

13-08-2024T15:03:17 - [MESSAGE][PASSED] - Object 'Object Repository/ADDING_A_NEW_EMPLOYEE/Add_employee_enabled_radio_button' is present

13-08-2024T15:03:17 - [TEST_STEP][PASSED] - click(findTestObject("Object Repository/ADDING_A_NEW_EMPLOYEE/Add_employee_enabled_radio_button")): Object: 'Object Repository/ADDING_A_NEW_EMPLOYEE/Add_employee_enabled_radio_button' is clicked on

13-08-2024T15:03:17 - [MESSAGE][PASSED] - Object: 'Object Repository/ADDING_A_NEW_EMPLOYEE/Add_employee_enabled_radio_button' is clicked on

13-08-2024T15:03:17 - [TEST_STEP][PASSED] - verifyElementPresent(findTestObject("Object Repository/ADDING_A_NEW_EMPLOYEE/Add_Employee_first_name"), 10): Object 'Object Repository/ADDING_A_NEW_EMPLOYEE/Add_Employee_first_name' is present

13-08-2024T15:03:18 - [MESSAGE][PASSED] - Object 'Object Repository/ADDING_A_NEW_EMPLOYEE/Add_Employee_first_name' is present

13-08-2024T15:03:18 - [TEST_STEP][PASSED] - click(findTestObject("Object Repository/ADDING_A_NEW_EMPLOYEE/Add_Employee_first_name")): Object: 'Object Repository/ADDING_A_NEW_EMPLOYEE/Add_Employee_first_name' is clicked on

13-08-2024T15:03:18 - [MESSAGE][PASSED] - Object: 'Object Repository/ADDING_A_NEW_EMPLOYEE/Add_Employee_first_name' is clicked on

13-08-2024T15:03:18 - [TEST_STEP][PASSED] - setText(findTestObject("Object Repository/ADDING_A_NEW_EMPLOYEE/Add_Employee_first_name"), "First_name_" + RandomStringUtils.randomAlphabetic(7)): Text 'First_name_DaxoZag' is set on object 'Object Repository/ADDING_A_NEW_EMPLOYEE/Add_Employee_first_name'

13-08-2024T15:03:19 - [MESSAGE][PASSED] - Text 'First_name_DaxoZag' is set on object 'Object Repository/ADDING_A_NEW_EMPLOYEE/Add_Employee_first_name'

13-08-2024T15:03:19 - [TEST_STEP][PASSED] - verifyElementPresent(findTestObject("Object Repository/ADDING_A_NEW_EMPLOYEE/Add_employee_middle_name"), 10): Object 'Object Repository/ADDING_A_NEW_EMPLOYEE/Add_employee_middle_name' is present

13-08-2024T15:03:19 - [MESSAGE][PASSED] - Object 'Object Repository/ADDING_A_NEW_EMPLOYEE/Add_employee_middle_name' is present

13-08-2024T15:03:19 - [TEST_STEP][PASSED] - click(findTestObject("Object Repository/ADDING_A_NEW_EMPLOYEE/Add_employee_middle_name")): Object: 'Object Repository/ADDING_A_NEW_EMPLOYEE/Add_employee_middle_name' is clicked on

13-08-2024T15:03:19 - [MESSAGE][PASSED] - Object: 'Object Repository/ADDING_A_NEW_EMPLOYEE/Add_employee_middle_name' is clicked on

13-08-2024T15:03:19 - [TEST_STEP][PASSED] - setText(findTestObject("Object Repository/ADDING_A_NEW_EMPLOYEE/Add_employee_middle_name"), "Middle_name_" + RandomStringUtils.randomAlphabetic(7)): Text 'Middle_name_dXBjCDI' is set on object 'Object Repository/ADDING_A_NEW_EMPLOYEE/Add_employee_middle_name'

13-08-2024T15:03:20 - [MESSAGE][PASSED] - Text 'Middle_name_dXBjCDI' is set on object 'Object Repository/ADDING_A_NEW_EMPLOYEE/Add_employee_middle_name'

13-08-2024T15:03:20 - [TEST_STEP][PASSED] - verifyElementPresent(findTestObject("Object Repository/ADDING_A_NEW_EMPLOYEE/Add_employee_last_name"), 10): Object 'Object Repository/ADDING_A_NEW_EMPLOYEE/Add_employee_last_name' is present

13-08-2024T15:03:20 - [MESSAGE][PASSED] - Object 'Object Repository/ADDING_A_NEW_EMPLOYEE/Add_employee_last_name' is present

13-08-2024T15:03:20 - [TEST_STEP][PASSED] - click(findTestObject("Object Repository/ADDING_A_NEW_EMPLOYEE/Add_employee_last_name")): Object: 'Object Repository/ADDING_A_NEW_EMPLOYEE/Add_employee_last_name' is clicked on

13-08-2024T15:03:20 - [MESSAGE][PASSED] - Object: 'Object Repository/ADDING_A_NEW_EMPLOYEE/Add_employee_last_name' is clicked on

13-08-2024T15:03:20 - [TEST_STEP][PASSED] - setText(findTestObject("Object Repository/ADDING_A_NEW_EMPLOYEE/Add_employee_last_name"), "Last_name_" + RandomStringUtils.randomAlphabetic(7)): Text 'Last_name_GCCCmUA' is set on object 'Object Repository/ADDING_A_NEW_EMPLOYEE/Add_employee_last_name'

13-08-2024T15:03:21 - [MESSAGE][PASSED] - Text 'Last_name_GCCCmUA' is set on object 'Object Repository/ADDING_A_NEW_EMPLOYEE/Add_employee_last_name'

13-08-2024T15:03:21 - [TEST_STEP][PASSED] - randomString_001 = RandomStringUtils.randomNumeric(6): null

13-08-2024T15:03:21 - [TEST_STEP][PASSED] - newValue_001 = "333" + randomString_001: null

13-08-2024T15:03:21 - [TEST_STEP][PASSED] - xpath_for_employee_id = "//label[text()='Employee Id']/ancestor::div[@class='oxd-input-group__label-wrapper']/following-sibling::div//input[@class='oxd-input oxd-input--active']": null

13-08-2024T15:03:21 - [TEST_STEP][PASSED] - inputField_001 = TestObject().addProperty("xpath", EQUALS, xpath_for_employee_id): null

13-08-2024T15:03:21 - [TEST_STEP][PASSED] - executeJavaScript(
    var element = document.evaluate("$xpath_for_employee_id", document, null, XPathResult.FIRST_ORDERED_NODE_TYPE, null).singleNodeValue;
    if (element) {
        element.value = '$newValue_001';
        var event = new Event('input', { bubbles: true });
        element.dispatchEvent(event);
    }
    , null): Execute JavaScript '
    var element = document.evaluate("//label[text()='Employee Id']/ancestor::div[@class='oxd-input-group__label-wrapper']/following-sibling::div//input[@class='oxd-input oxd-input--active']", document, null, XPathResult.FIRST_ORDERED_NODE_TYPE, null).singleNodeValue;
    if (element) {
        element.value = '333609354';
        var event = new Event('input', { bubbles: true });
        element.dispatchEvent(event);
    }
    ' successfully

13-08-2024T15:03:21 - [MESSAGE][PASSED] - Execute JavaScript '
    var element = document.evaluate("//label[text()='Employee Id']/ancestor::div[@class='oxd-input-group__label-wrapper']/following-sibling::div//input[@class='oxd-input oxd-input--active']", document, null, XPathResult.FIRST_ORDERED_NODE_TYPE, null).singleNodeValue;
    if (element) {
        element.value = '333609354';
        var event = new Event('input', { bubbles: true });
        element.dispatchEvent(event);
    }
    ' successfully

13-08-2024T15:03:21 - [TEST_STEP][PASSED] - delay(3): Delayed 3 second(s)

13-08-2024T15:03:24 - [MESSAGE][PASSED] - Delayed 3 second(s)

13-08-2024T15:03:24 - [TEST_STEP][PASSED] - randomString_for_password = RandomStringUtils.randomNumeric(6): null

13-08-2024T15:03:24 - [TEST_STEP][PASSED] - new_Value_for_password = "Fiboo" + randomString_for_password + "@@": null

13-08-2024T15:03:24 - [TEST_STEP][PASSED] - xpath_for_password = "//label[text()='Username']/ancestor::div[@class='oxd-input-group__label-wrapper']/following-sibling::div//input[@class='oxd-input oxd-input--active']": null

13-08-2024T15:03:24 - [TEST_STEP][PASSED] - inputField_for_password = TestObject().addProperty("xpath", EQUALS, xpath_for_password): null

13-08-2024T15:03:24 - [TEST_STEP][PASSED] - executeJavaScript(
    var element = document.evaluate("$xpath_for_password", document, null, XPathResult.FIRST_ORDERED_NODE_TYPE, null).singleNodeValue;
    if (element) {
        element.value = '$new_Value_for_password';
        var event = new Event('input', { bubbles: true });
        element.dispatchEvent(event);
    }
    , null): Execute JavaScript '
    var element = document.evaluate("//label[text()='Username']/ancestor::div[@class='oxd-input-group__label-wrapper']/following-sibling::div//input[@class='oxd-input oxd-input--active']", document, null, XPathResult.FIRST_ORDERED_NODE_TYPE, null).singleNodeValue;
    if (element) {
        element.value = 'Fiboo209490@@';
        var event = new Event('input', { bubbles: true });
        element.dispatchEvent(event);
    }
    ' successfully

13-08-2024T15:03:24 - [MESSAGE][PASSED] - Execute JavaScript '
    var element = document.evaluate("//label[text()='Username']/ancestor::div[@class='oxd-input-group__label-wrapper']/following-sibling::div//input[@class='oxd-input oxd-input--active']", document, null, XPathResult.FIRST_ORDERED_NODE_TYPE, null).singleNodeValue;
    if (element) {
        element.value = 'Fiboo209490@@';
        var event = new Event('input', { bubbles: true });
        element.dispatchEvent(event);
    }
    ' successfully

13-08-2024T15:03:24 - [TEST_STEP][PASSED] - delay(1): Delayed 1 second(s)

13-08-2024T15:03:25 - [MESSAGE][PASSED] - Delayed 1 second(s)

13-08-2024T15:03:25 - [TEST_STEP][PASSED] - Password = getAttribute(findTestObject("Object Repository/ADDING_A_NEW_EMPLOYEE/Add_employee_username"), "value"): Attribute 'value' of object 'Object Repository/ADDING_A_NEW_EMPLOYEE/Add_employee_username' is: 'Fiboo209490@@'

13-08-2024T15:03:25 - [MESSAGE][PASSED] - Attribute 'value' of object 'Object Repository/ADDING_A_NEW_EMPLOYEE/Add_employee_username' is: 'Fiboo209490@@'

13-08-2024T15:03:26 - [TEST_STEP][PASSED] - out.println(Password): null

13-08-2024T15:03:26 - [TEST_STEP][PASSED] - new_Value_for_password_001 = Password: null

13-08-2024T15:03:26 - [TEST_STEP][PASSED] - xpath_for_password_001 = "//label[text()='Password']/ancestor::div[@class='oxd-input-group__label-wrapper']/following-sibling::div//input[@class='oxd-input oxd-input--active']": null

13-08-2024T15:03:26 - [TEST_STEP][PASSED] - inputField_for_password_001 = TestObject().addProperty("xpath", EQUALS, xpath_for_password_001): null

13-08-2024T15:03:26 - [TEST_STEP][PASSED] - executeJavaScript(
    var element = document.evaluate("$xpath_for_password_001", document, null, XPathResult.FIRST_ORDERED_NODE_TYPE, null).singleNodeValue;
    if (element) {
        element.value = '$new_Value_for_password_001';
        var event = new Event('input', { bubbles: true });
        element.dispatchEvent(event);
    }
    , null): Execute JavaScript '
    var element = document.evaluate("//label[text()='Password']/ancestor::div[@class='oxd-input-group__label-wrapper']/following-sibling::div//input[@class='oxd-input oxd-input--active']", document, null, XPathResult.FIRST_ORDERED_NODE_TYPE, null).singleNodeValue;
    if (element) {
        element.value = 'Fiboo209490@@';
        var event = new Event('input', { bubbles: true });
        element.dispatchEvent(event);
    }
    ' successfully

13-08-2024T15:03:26 - [MESSAGE][PASSED] - Execute JavaScript '
    var element = document.evaluate("//label[text()='Password']/ancestor::div[@class='oxd-input-group__label-wrapper']/following-sibling::div//input[@class='oxd-input oxd-input--active']", document, null, XPathResult.FIRST_ORDERED_NODE_TYPE, null).singleNodeValue;
    if (element) {
        element.value = 'Fiboo209490@@';
        var event = new Event('input', { bubbles: true });
        element.dispatchEvent(event);
    }
    ' successfully

13-08-2024T15:03:26 - [TEST_STEP][PASSED] - delay(1): Delayed 1 second(s)

13-08-2024T15:03:27 - [MESSAGE][PASSED] - Delayed 1 second(s)

13-08-2024T15:03:27 - [TEST_STEP][PASSED] - new_Value_for_password_002 = Password: null

13-08-2024T15:03:27 - [TEST_STEP][PASSED] - xpath_for_password_002 = "//label[text()='Confirm Password']/ancestor::div[@class='oxd-input-group__label-wrapper']/following-sibling::div//input[@class='oxd-input oxd-input--active']": null

13-08-2024T15:03:27 - [TEST_STEP][PASSED] - inputField_for_password_002 = TestObject().addProperty("xpath", EQUALS, xpath_for_password_002): null

13-08-2024T15:03:27 - [TEST_STEP][PASSED] - executeJavaScript(
    var element = document.evaluate("$xpath_for_password_002", document, null, XPathResult.FIRST_ORDERED_NODE_TYPE, null).singleNodeValue;
    if (element) {
        element.value = '$new_Value_for_password_002';
        var event = new Event('input', { bubbles: true });
        element.dispatchEvent(event);
    }
    , null): Execute JavaScript '
    var element = document.evaluate("//label[text()='Confirm Password']/ancestor::div[@class='oxd-input-group__label-wrapper']/following-sibling::div//input[@class='oxd-input oxd-input--active']", document, null, XPathResult.FIRST_ORDERED_NODE_TYPE, null).singleNodeValue;
    if (element) {
        element.value = 'Fiboo209490@@';
        var event = new Event('input', { bubbles: true });
        element.dispatchEvent(event);
    }
    ' successfully

13-08-2024T15:03:27 - [MESSAGE][PASSED] - Execute JavaScript '
    var element = document.evaluate("//label[text()='Confirm Password']/ancestor::div[@class='oxd-input-group__label-wrapper']/following-sibling::div//input[@class='oxd-input oxd-input--active']", document, null, XPathResult.FIRST_ORDERED_NODE_TYPE, null).singleNodeValue;
    if (element) {
        element.value = 'Fiboo209490@@';
        var event = new Event('input', { bubbles: true });
        element.dispatchEvent(event);
    }
    ' successfully

13-08-2024T15:03:27 - [TEST_STEP][PASSED] - delay(1): Delayed 1 second(s)

13-08-2024T15:03:28 - [MESSAGE][PASSED] - Delayed 1 second(s)

13-08-2024T15:03:28 - [TEST_STEP][PASSED] - randomString = RandomStringUtils.randomAlphabetic(7): null

13-08-2024T15:03:28 - [TEST_STEP][PASSED] - newValue = "User_name_" + randomString: null

13-08-2024T15:03:28 - [TEST_STEP][PASSED] - xpath_for_user_name = "//label[text()='Username']/ancestor::div[@class='oxd-input-group__label-wrapper']/following-sibling::div//input[@class='oxd-input oxd-input--active']": null

13-08-2024T15:03:28 - [TEST_STEP][PASSED] - inputField = TestObject().addProperty("xpath", EQUALS, xpath_for_user_name): null

13-08-2024T15:03:28 - [TEST_STEP][PASSED] - executeJavaScript(
    var element = document.evaluate("$xpath_for_user_name", document, null, XPathResult.FIRST_ORDERED_NODE_TYPE, null).singleNodeValue;
    if (element) {
        element.value = '$newValue';
        var event = new Event('input', { bubbles: true });
        element.dispatchEvent(event);
    }
    , null): Execute JavaScript '
    var element = document.evaluate("//label[text()='Username']/ancestor::div[@class='oxd-input-group__label-wrapper']/following-sibling::div//input[@class='oxd-input oxd-input--active']", document, null, XPathResult.FIRST_ORDERED_NODE_TYPE, null).singleNodeValue;
    if (element) {
        element.value = 'User_name_kGgionO';
        var event = new Event('input', { bubbles: true });
        element.dispatchEvent(event);
    }
    ' successfully

13-08-2024T15:03:28 - [MESSAGE][PASSED] - Execute JavaScript '
    var element = document.evaluate("//label[text()='Username']/ancestor::div[@class='oxd-input-group__label-wrapper']/following-sibling::div//input[@class='oxd-input oxd-input--active']", document, null, XPathResult.FIRST_ORDERED_NODE_TYPE, null).singleNodeValue;
    if (element) {
        element.value = 'User_name_kGgionO';
        var event = new Event('input', { bubbles: true });
        element.dispatchEvent(event);
    }
    ' successfully

13-08-2024T15:03:28 - [TEST_STEP][PASSED] - delay(1): Delayed 1 second(s)

13-08-2024T15:03:29 - [MESSAGE][PASSED] - Delayed 1 second(s)

13-08-2024T15:03:29 - [TEST_STEP][PASSED] - User_name = getAttribute(findTestObject("Object Repository/ADDING_A_NEW_EMPLOYEE/Add_employee_username"), "value"): Attribute 'value' of object 'Object Repository/ADDING_A_NEW_EMPLOYEE/Add_employee_username' is: 'User_name_kGgionO'

13-08-2024T15:03:29 - [MESSAGE][PASSED] - Attribute 'value' of object 'Object Repository/ADDING_A_NEW_EMPLOYEE/Add_employee_username' is: 'User_name_kGgionO'

13-08-2024T15:03:29 - [TEST_STEP][PASSED] - out.println(User_name): null

13-08-2024T15:03:29 - [TEST_STEP][PASSED] - out.println(Password): null

13-08-2024T15:03:29 - [TEST_STEP][PASSED] - First_name = getAttribute(findTestObject("Object Repository/ADDING_A_NEW_EMPLOYEE/Add_Employee_first_name"), "value"): Attribute 'value' of object 'Object Repository/ADDING_A_NEW_EMPLOYEE/Add_Employee_first_name' is: 'First_name_DaxoZag'

13-08-2024T15:03:29 - [MESSAGE][PASSED] - Attribute 'value' of object 'Object Repository/ADDING_A_NEW_EMPLOYEE/Add_Employee_first_name' is: 'First_name_DaxoZag'

13-08-2024T15:03:29 - [TEST_STEP][PASSED] - out.println(First_name): null

13-08-2024T15:03:29 - [TEST_STEP][PASSED] - Middle_name = getAttribute(findTestObject("Object Repository/ADDING_A_NEW_EMPLOYEE/Add_employee_middle_name"), "value"): Attribute 'value' of object 'Object Repository/ADDING_A_NEW_EMPLOYEE/Add_employee_middle_name' is: 'Middle_name_dXBjCDI'

13-08-2024T15:03:30 - [MESSAGE][PASSED] - Attribute 'value' of object 'Object Repository/ADDING_A_NEW_EMPLOYEE/Add_employee_middle_name' is: 'Middle_name_dXBjCDI'

13-08-2024T15:03:30 - [TEST_STEP][PASSED] - out.println(Middle_name): null

13-08-2024T15:03:30 - [TEST_STEP][PASSED] - Last_name = getAttribute(findTestObject("Object Repository/ADDING_A_NEW_EMPLOYEE/Add_employee_last_name"), "value"): Attribute 'value' of object 'Object Repository/ADDING_A_NEW_EMPLOYEE/Add_employee_last_name' is: 'Last_name_GCCCmUA'

13-08-2024T15:03:30 - [MESSAGE][PASSED] - Attribute 'value' of object 'Object Repository/ADDING_A_NEW_EMPLOYEE/Add_employee_last_name' is: 'Last_name_GCCCmUA'

13-08-2024T15:03:30 - [TEST_STEP][PASSED] - out.println(Last_name): null

13-08-2024T15:03:30 - [TEST_STEP][PASSED] - employee_id = getAttribute(findTestObject("Object Repository/ADDING_A_NEW_EMPLOYEE/Add_employee_id"), "value"): Attribute 'value' of object 'Object Repository/ADDING_A_NEW_EMPLOYEE/Add_employee_id' is: '333609354'

13-08-2024T15:03:30 - [MESSAGE][PASSED] - Attribute 'value' of object 'Object Repository/ADDING_A_NEW_EMPLOYEE/Add_employee_id' is: '333609354'

13-08-2024T15:03:30 - [TEST_STEP][PASSED] - out.println(employee_id): null

13-08-2024T15:03:30 - [TEST_STEP][PASSED] - delay(3): Delayed 3 second(s)

13-08-2024T15:03:33 - [MESSAGE][PASSED] - Delayed 3 second(s)

13-08-2024T15:03:33 - [TEST_STEP][PASSED] - click(findTestObject("Object Repository/ADDING_A_NEW_EMPLOYEE/Add_employee_save_button")): Object: 'Object Repository/ADDING_A_NEW_EMPLOYEE/Add_employee_save_button' is clicked on

13-08-2024T15:03:33 - [MESSAGE][PASSED] - Object: 'Object Repository/ADDING_A_NEW_EMPLOYEE/Add_employee_save_button' is clicked on

13-08-2024T15:03:33 - [TEST_STEP][PASSED] - delay(2): Delayed 2 second(s)

13-08-2024T15:03:36 - [MESSAGE][PASSED] - Delayed 2 second(s)

13-08-2024T15:03:36 - [MESSAGE][PASSED] - Call Test Case 'Test Cases/ADDING_A_NEW_EMPLOYEE' successfully

13-08-2024T15:03:36 - [TEST_STEP][PASSED] - rowIndex = sheet.getLastRowNum() + 1: null

13-08-2024T15:03:36 - [TEST_STEP][PASSED] - row = sheet.createRow(rowIndex): null

13-08-2024T15:03:36 - [TEST_STEP][PASSED] - createCell(0).setCellValue(First_name): null

13-08-2024T15:03:36 - [TEST_STEP][PASSED] - createCell(1).setCellValue(Middle_name): null

13-08-2024T15:03:36 - [TEST_STEP][PASSED] - createCell(2).setCellValue(Last_name): null

13-08-2024T15:03:36 - [TEST_STEP][PASSED] - createCell(3).setCellValue(User_name): null

13-08-2024T15:03:36 - [TEST_STEP][PASSED] - createCell(4).setCellValue(Password): null

13-08-2024T15:03:36 - [TEST_STEP][PASSED] - createCell(5).setCellValue(employee_id): null

13-08-2024T15:03:36 - [TEST_STEP][PASSED] - callTestCase(findTestCase("ADDING_A_NEW_EMPLOYEE"), [:], STOP_ON_FAILURE): Call Test Case 'Test Cases/ADDING_A_NEW_EMPLOYEE' successfully

13-08-2024T15:03:36 - [TEST_CASE][PASSED] - Test Cases/ADDING_A_NEW_EMPLOYEE: Test Cases/ADDING_A_NEW_EMPLOYEE

13-08-2024T15:03:36 - [TEST_STEP][PASSED] - verifyElementPresent(findTestObject("ADDING_A_NEW_EMPLOYEE/pim_option_from_side_bar"), 10): Object 'Object Repository/ADDING_A_NEW_EMPLOYEE/pim_option_from_side_bar' is present

13-08-2024T15:03:36 - [MESSAGE][PASSED] - Object 'Object Repository/ADDING_A_NEW_EMPLOYEE/pim_option_from_side_bar' is present

13-08-2024T15:03:36 - [TEST_STEP][PASSED] - click(findTestObject("ADDING_A_NEW_EMPLOYEE/pim_option_from_side_bar")): Object: 'Object Repository/ADDING_A_NEW_EMPLOYEE/pim_option_from_side_bar' is clicked on

13-08-2024T15:03:37 - [MESSAGE][PASSED] - Object: 'Object Repository/ADDING_A_NEW_EMPLOYEE/pim_option_from_side_bar' is clicked on

13-08-2024T15:03:37 - [TEST_STEP][PASSED] - waitForElementPresent(findTestObject("ADDING_A_NEW_EMPLOYEE/adding_new_employee_button_in_pim_page"), 10): Object 'Object Repository/ADDING_A_NEW_EMPLOYEE/adding_new_employee_button_in_pim_page' is present

13-08-2024T15:03:39 - [MESSAGE][PASSED] - Object 'Object Repository/ADDING_A_NEW_EMPLOYEE/adding_new_employee_button_in_pim_page' is present

13-08-2024T15:03:39 - [TEST_STEP][PASSED] - click(findTestObject("ADDING_A_NEW_EMPLOYEE/adding_new_employee_button_in_pim_page")): Object: 'Object Repository/ADDING_A_NEW_EMPLOYEE/adding_new_employee_button_in_pim_page' is clicked on

13-08-2024T15:03:40 - [MESSAGE][PASSED] - Object: 'Object Repository/ADDING_A_NEW_EMPLOYEE/adding_new_employee_button_in_pim_page' is clicked on

13-08-2024T15:03:40 - [TEST_STEP][PASSED] - verifyElementPresent(findTestObject("ADDING_A_NEW_EMPLOYEE/create_login_details_checkbox"), 10): Object 'Object Repository/ADDING_A_NEW_EMPLOYEE/create_login_details_checkbox' is present

13-08-2024T15:03:41 - [MESSAGE][PASSED] - Object 'Object Repository/ADDING_A_NEW_EMPLOYEE/create_login_details_checkbox' is present

13-08-2024T15:03:41 - [TEST_STEP][PASSED] - click(findTestObject("ADDING_A_NEW_EMPLOYEE/create_login_details_checkbox")): Object: 'Object Repository/ADDING_A_NEW_EMPLOYEE/create_login_details_checkbox' is clicked on

13-08-2024T15:03:41 - [MESSAGE][PASSED] - Object: 'Object Repository/ADDING_A_NEW_EMPLOYEE/create_login_details_checkbox' is clicked on

13-08-2024T15:03:41 - [TEST_STEP][PASSED] - verifyElementPresent(findTestObject("Object Repository/ADDING_A_NEW_EMPLOYEE/Add_employee_enabled_radio_button"), 10): Object 'Object Repository/ADDING_A_NEW_EMPLOYEE/Add_employee_enabled_radio_button' is present

13-08-2024T15:03:42 - [MESSAGE][PASSED] - Object 'Object Repository/ADDING_A_NEW_EMPLOYEE/Add_employee_enabled_radio_button' is present

13-08-2024T15:03:42 - [TEST_STEP][PASSED] - click(findTestObject("Object Repository/ADDING_A_NEW_EMPLOYEE/Add_employee_enabled_radio_button")): Object: 'Object Repository/ADDING_A_NEW_EMPLOYEE/Add_employee_enabled_radio_button' is clicked on

13-08-2024T15:03:42 - [MESSAGE][PASSED] - Object: 'Object Repository/ADDING_A_NEW_EMPLOYEE/Add_employee_enabled_radio_button' is clicked on

13-08-2024T15:03:42 - [TEST_STEP][PASSED] - verifyElementPresent(findTestObject("Object Repository/ADDING_A_NEW_EMPLOYEE/Add_Employee_first_name"), 10): Object 'Object Repository/ADDING_A_NEW_EMPLOYEE/Add_Employee_first_name' is present

13-08-2024T15:03:42 - [MESSAGE][PASSED] - Object 'Object Repository/ADDING_A_NEW_EMPLOYEE/Add_Employee_first_name' is present

13-08-2024T15:03:42 - [TEST_STEP][PASSED] - click(findTestObject("Object Repository/ADDING_A_NEW_EMPLOYEE/Add_Employee_first_name")): Object: 'Object Repository/ADDING_A_NEW_EMPLOYEE/Add_Employee_first_name' is clicked on

13-08-2024T15:03:43 - [MESSAGE][PASSED] - Object: 'Object Repository/ADDING_A_NEW_EMPLOYEE/Add_Employee_first_name' is clicked on

13-08-2024T15:03:43 - [TEST_STEP][PASSED] - setText(findTestObject("Object Repository/ADDING_A_NEW_EMPLOYEE/Add_Employee_first_name"), "First_name_" + RandomStringUtils.randomAlphabetic(7)): Text 'First_name_btzinap' is set on object 'Object Repository/ADDING_A_NEW_EMPLOYEE/Add_Employee_first_name'

13-08-2024T15:03:43 - [MESSAGE][PASSED] - Text 'First_name_btzinap' is set on object 'Object Repository/ADDING_A_NEW_EMPLOYEE/Add_Employee_first_name'

13-08-2024T15:03:43 - [TEST_STEP][PASSED] - verifyElementPresent(findTestObject("Object Repository/ADDING_A_NEW_EMPLOYEE/Add_employee_middle_name"), 10): Object 'Object Repository/ADDING_A_NEW_EMPLOYEE/Add_employee_middle_name' is present

13-08-2024T15:03:43 - [MESSAGE][PASSED] - Object 'Object Repository/ADDING_A_NEW_EMPLOYEE/Add_employee_middle_name' is present

13-08-2024T15:03:43 - [TEST_STEP][PASSED] - click(findTestObject("Object Repository/ADDING_A_NEW_EMPLOYEE/Add_employee_middle_name")): Object: 'Object Repository/ADDING_A_NEW_EMPLOYEE/Add_employee_middle_name' is clicked on

13-08-2024T15:03:44 - [MESSAGE][PASSED] - Object: 'Object Repository/ADDING_A_NEW_EMPLOYEE/Add_employee_middle_name' is clicked on

13-08-2024T15:03:44 - [TEST_STEP][PASSED] - setText(findTestObject("Object Repository/ADDING_A_NEW_EMPLOYEE/Add_employee_middle_name"), "Middle_name_" + RandomStringUtils.randomAlphabetic(7)): Text 'Middle_name_TtggDub' is set on object 'Object Repository/ADDING_A_NEW_EMPLOYEE/Add_employee_middle_name'

13-08-2024T15:03:44 - [MESSAGE][PASSED] - Text 'Middle_name_TtggDub' is set on object 'Object Repository/ADDING_A_NEW_EMPLOYEE/Add_employee_middle_name'

13-08-2024T15:03:44 - [TEST_STEP][PASSED] - verifyElementPresent(findTestObject("Object Repository/ADDING_A_NEW_EMPLOYEE/Add_employee_last_name"), 10): Object 'Object Repository/ADDING_A_NEW_EMPLOYEE/Add_employee_last_name' is present

13-08-2024T15:03:45 - [MESSAGE][PASSED] - Object 'Object Repository/ADDING_A_NEW_EMPLOYEE/Add_employee_last_name' is present

13-08-2024T15:03:45 - [TEST_STEP][PASSED] - click(findTestObject("Object Repository/ADDING_A_NEW_EMPLOYEE/Add_employee_last_name")): Object: 'Object Repository/ADDING_A_NEW_EMPLOYEE/Add_employee_last_name' is clicked on

13-08-2024T15:03:45 - [MESSAGE][PASSED] - Object: 'Object Repository/ADDING_A_NEW_EMPLOYEE/Add_employee_last_name' is clicked on

13-08-2024T15:03:45 - [TEST_STEP][PASSED] - setText(findTestObject("Object Repository/ADDING_A_NEW_EMPLOYEE/Add_employee_last_name"), "Last_name_" + RandomStringUtils.randomAlphabetic(7)): Text 'Last_name_ghLCpqO' is set on object 'Object Repository/ADDING_A_NEW_EMPLOYEE/Add_employee_last_name'

13-08-2024T15:03:46 - [MESSAGE][PASSED] - Text 'Last_name_ghLCpqO' is set on object 'Object Repository/ADDING_A_NEW_EMPLOYEE/Add_employee_last_name'

13-08-2024T15:03:46 - [TEST_STEP][PASSED] - randomString_001 = RandomStringUtils.randomNumeric(6): null

13-08-2024T15:03:46 - [TEST_STEP][PASSED] - newValue_001 = "333" + randomString_001: null

13-08-2024T15:03:46 - [TEST_STEP][PASSED] - xpath_for_employee_id = "//label[text()='Employee Id']/ancestor::div[@class='oxd-input-group__label-wrapper']/following-sibling::div//input[@class='oxd-input oxd-input--active']": null

13-08-2024T15:03:46 - [TEST_STEP][PASSED] - inputField_001 = TestObject().addProperty("xpath", EQUALS, xpath_for_employee_id): null

13-08-2024T15:03:46 - [TEST_STEP][PASSED] - executeJavaScript(
    var element = document.evaluate("$xpath_for_employee_id", document, null, XPathResult.FIRST_ORDERED_NODE_TYPE, null).singleNodeValue;
    if (element) {
        element.value = '$newValue_001';
        var event = new Event('input', { bubbles: true });
        element.dispatchEvent(event);
    }
    , null): Execute JavaScript '
    var element = document.evaluate("//label[text()='Employee Id']/ancestor::div[@class='oxd-input-group__label-wrapper']/following-sibling::div//input[@class='oxd-input oxd-input--active']", document, null, XPathResult.FIRST_ORDERED_NODE_TYPE, null).singleNodeValue;
    if (element) {
        element.value = '333722648';
        var event = new Event('input', { bubbles: true });
        element.dispatchEvent(event);
    }
    ' successfully

13-08-2024T15:03:46 - [MESSAGE][PASSED] - Execute JavaScript '
    var element = document.evaluate("//label[text()='Employee Id']/ancestor::div[@class='oxd-input-group__label-wrapper']/following-sibling::div//input[@class='oxd-input oxd-input--active']", document, null, XPathResult.FIRST_ORDERED_NODE_TYPE, null).singleNodeValue;
    if (element) {
        element.value = '333722648';
        var event = new Event('input', { bubbles: true });
        element.dispatchEvent(event);
    }
    ' successfully

13-08-2024T15:03:46 - [TEST_STEP][PASSED] - delay(3): Delayed 3 second(s)

13-08-2024T15:03:49 - [MESSAGE][PASSED] - Delayed 3 second(s)

13-08-2024T15:03:49 - [TEST_STEP][PASSED] - randomString_for_password = RandomStringUtils.randomNumeric(6): null

13-08-2024T15:03:49 - [TEST_STEP][PASSED] - new_Value_for_password = "Fiboo" + randomString_for_password + "@@": null

13-08-2024T15:03:49 - [TEST_STEP][PASSED] - xpath_for_password = "//label[text()='Username']/ancestor::div[@class='oxd-input-group__label-wrapper']/following-sibling::div//input[@class='oxd-input oxd-input--active']": null

13-08-2024T15:03:49 - [TEST_STEP][PASSED] - inputField_for_password = TestObject().addProperty("xpath", EQUALS, xpath_for_password): null

13-08-2024T15:03:49 - [TEST_STEP][PASSED] - executeJavaScript(
    var element = document.evaluate("$xpath_for_password", document, null, XPathResult.FIRST_ORDERED_NODE_TYPE, null).singleNodeValue;
    if (element) {
        element.value = '$new_Value_for_password';
        var event = new Event('input', { bubbles: true });
        element.dispatchEvent(event);
    }
    , null): Execute JavaScript '
    var element = document.evaluate("//label[text()='Username']/ancestor::div[@class='oxd-input-group__label-wrapper']/following-sibling::div//input[@class='oxd-input oxd-input--active']", document, null, XPathResult.FIRST_ORDERED_NODE_TYPE, null).singleNodeValue;
    if (element) {
        element.value = 'Fiboo944634@@';
        var event = new Event('input', { bubbles: true });
        element.dispatchEvent(event);
    }
    ' successfully

13-08-2024T15:03:49 - [MESSAGE][PASSED] - Execute JavaScript '
    var element = document.evaluate("//label[text()='Username']/ancestor::div[@class='oxd-input-group__label-wrapper']/following-sibling::div//input[@class='oxd-input oxd-input--active']", document, null, XPathResult.FIRST_ORDERED_NODE_TYPE, null).singleNodeValue;
    if (element) {
        element.value = 'Fiboo944634@@';
        var event = new Event('input', { bubbles: true });
        element.dispatchEvent(event);
    }
    ' successfully

13-08-2024T15:03:49 - [TEST_STEP][PASSED] - delay(1): Delayed 1 second(s)

13-08-2024T15:03:50 - [MESSAGE][PASSED] - Delayed 1 second(s)

13-08-2024T15:03:50 - [TEST_STEP][PASSED] - Password = getAttribute(findTestObject("Object Repository/ADDING_A_NEW_EMPLOYEE/Add_employee_username"), "value"): Attribute 'value' of object 'Object Repository/ADDING_A_NEW_EMPLOYEE/Add_employee_username' is: 'Fiboo944634@@'

13-08-2024T15:03:50 - [MESSAGE][PASSED] - Attribute 'value' of object 'Object Repository/ADDING_A_NEW_EMPLOYEE/Add_employee_username' is: 'Fiboo944634@@'

13-08-2024T15:03:50 - [TEST_STEP][PASSED] - out.println(Password): null

13-08-2024T15:03:50 - [TEST_STEP][PASSED] - new_Value_for_password_001 = Password: null

13-08-2024T15:03:50 - [TEST_STEP][PASSED] - xpath_for_password_001 = "//label[text()='Password']/ancestor::div[@class='oxd-input-group__label-wrapper']/following-sibling::div//input[@class='oxd-input oxd-input--active']": null

13-08-2024T15:03:50 - [TEST_STEP][PASSED] - inputField_for_password_001 = TestObject().addProperty("xpath", EQUALS, xpath_for_password_001): null

13-08-2024T15:03:50 - [TEST_STEP][PASSED] - executeJavaScript(
    var element = document.evaluate("$xpath_for_password_001", document, null, XPathResult.FIRST_ORDERED_NODE_TYPE, null).singleNodeValue;
    if (element) {
        element.value = '$new_Value_for_password_001';
        var event = new Event('input', { bubbles: true });
        element.dispatchEvent(event);
    }
    , null): Execute JavaScript '
    var element = document.evaluate("//label[text()='Password']/ancestor::div[@class='oxd-input-group__label-wrapper']/following-sibling::div//input[@class='oxd-input oxd-input--active']", document, null, XPathResult.FIRST_ORDERED_NODE_TYPE, null).singleNodeValue;
    if (element) {
        element.value = 'Fiboo944634@@';
        var event = new Event('input', { bubbles: true });
        element.dispatchEvent(event);
    }
    ' successfully

13-08-2024T15:03:50 - [MESSAGE][PASSED] - Execute JavaScript '
    var element = document.evaluate("//label[text()='Password']/ancestor::div[@class='oxd-input-group__label-wrapper']/following-sibling::div//input[@class='oxd-input oxd-input--active']", document, null, XPathResult.FIRST_ORDERED_NODE_TYPE, null).singleNodeValue;
    if (element) {
        element.value = 'Fiboo944634@@';
        var event = new Event('input', { bubbles: true });
        element.dispatchEvent(event);
    }
    ' successfully

13-08-2024T15:03:50 - [TEST_STEP][PASSED] - delay(1): Delayed 1 second(s)

13-08-2024T15:03:51 - [MESSAGE][PASSED] - Delayed 1 second(s)

13-08-2024T15:03:51 - [TEST_STEP][PASSED] - new_Value_for_password_002 = Password: null

13-08-2024T15:03:51 - [TEST_STEP][PASSED] - xpath_for_password_002 = "//label[text()='Confirm Password']/ancestor::div[@class='oxd-input-group__label-wrapper']/following-sibling::div//input[@class='oxd-input oxd-input--active']": null

13-08-2024T15:03:51 - [TEST_STEP][PASSED] - inputField_for_password_002 = TestObject().addProperty("xpath", EQUALS, xpath_for_password_002): null

13-08-2024T15:03:51 - [TEST_STEP][PASSED] - executeJavaScript(
    var element = document.evaluate("$xpath_for_password_002", document, null, XPathResult.FIRST_ORDERED_NODE_TYPE, null).singleNodeValue;
    if (element) {
        element.value = '$new_Value_for_password_002';
        var event = new Event('input', { bubbles: true });
        element.dispatchEvent(event);
    }
    , null): Execute JavaScript '
    var element = document.evaluate("//label[text()='Confirm Password']/ancestor::div[@class='oxd-input-group__label-wrapper']/following-sibling::div//input[@class='oxd-input oxd-input--active']", document, null, XPathResult.FIRST_ORDERED_NODE_TYPE, null).singleNodeValue;
    if (element) {
        element.value = 'Fiboo944634@@';
        var event = new Event('input', { bubbles: true });
        element.dispatchEvent(event);
    }
    ' successfully

13-08-2024T15:03:51 - [MESSAGE][PASSED] - Execute JavaScript '
    var element = document.evaluate("//label[text()='Confirm Password']/ancestor::div[@class='oxd-input-group__label-wrapper']/following-sibling::div//input[@class='oxd-input oxd-input--active']", document, null, XPathResult.FIRST_ORDERED_NODE_TYPE, null).singleNodeValue;
    if (element) {
        element.value = 'Fiboo944634@@';
        var event = new Event('input', { bubbles: true });
        element.dispatchEvent(event);
    }
    ' successfully

13-08-2024T15:03:51 - [TEST_STEP][PASSED] - delay(1): Delayed 1 second(s)

13-08-2024T15:03:52 - [MESSAGE][PASSED] - Delayed 1 second(s)

13-08-2024T15:03:52 - [TEST_STEP][PASSED] - randomString = RandomStringUtils.randomAlphabetic(7): null

13-08-2024T15:03:52 - [TEST_STEP][PASSED] - newValue = "User_name_" + randomString: null

13-08-2024T15:03:52 - [TEST_STEP][PASSED] - xpath_for_user_name = "//label[text()='Username']/ancestor::div[@class='oxd-input-group__label-wrapper']/following-sibling::div//input[@class='oxd-input oxd-input--active']": null

13-08-2024T15:03:52 - [TEST_STEP][PASSED] - inputField = TestObject().addProperty("xpath", EQUALS, xpath_for_user_name): null

13-08-2024T15:03:52 - [TEST_STEP][PASSED] - executeJavaScript(
    var element = document.evaluate("$xpath_for_user_name", document, null, XPathResult.FIRST_ORDERED_NODE_TYPE, null).singleNodeValue;
    if (element) {
        element.value = '$newValue';
        var event = new Event('input', { bubbles: true });
        element.dispatchEvent(event);
    }
    , null): Execute JavaScript '
    var element = document.evaluate("//label[text()='Username']/ancestor::div[@class='oxd-input-group__label-wrapper']/following-sibling::div//input[@class='oxd-input oxd-input--active']", document, null, XPathResult.FIRST_ORDERED_NODE_TYPE, null).singleNodeValue;
    if (element) {
        element.value = 'User_name_MmiBOux';
        var event = new Event('input', { bubbles: true });
        element.dispatchEvent(event);
    }
    ' successfully

13-08-2024T15:03:52 - [MESSAGE][PASSED] - Execute JavaScript '
    var element = document.evaluate("//label[text()='Username']/ancestor::div[@class='oxd-input-group__label-wrapper']/following-sibling::div//input[@class='oxd-input oxd-input--active']", document, null, XPathResult.FIRST_ORDERED_NODE_TYPE, null).singleNodeValue;
    if (element) {
        element.value = 'User_name_MmiBOux';
        var event = new Event('input', { bubbles: true });
        element.dispatchEvent(event);
    }
    ' successfully

13-08-2024T15:03:52 - [TEST_STEP][PASSED] - delay(1): Delayed 1 second(s)

13-08-2024T15:03:53 - [MESSAGE][PASSED] - Delayed 1 second(s)

13-08-2024T15:03:53 - [TEST_STEP][PASSED] - User_name = getAttribute(findTestObject("Object Repository/ADDING_A_NEW_EMPLOYEE/Add_employee_username"), "value"): Attribute 'value' of object 'Object Repository/ADDING_A_NEW_EMPLOYEE/Add_employee_username' is: 'User_name_MmiBOux'

13-08-2024T15:03:53 - [MESSAGE][PASSED] - Attribute 'value' of object 'Object Repository/ADDING_A_NEW_EMPLOYEE/Add_employee_username' is: 'User_name_MmiBOux'

13-08-2024T15:03:53 - [TEST_STEP][PASSED] - out.println(User_name): null

13-08-2024T15:03:53 - [TEST_STEP][PASSED] - out.println(Password): null

13-08-2024T15:03:53 - [TEST_STEP][PASSED] - First_name = getAttribute(findTestObject("Object Repository/ADDING_A_NEW_EMPLOYEE/Add_Employee_first_name"), "value"): Attribute 'value' of object 'Object Repository/ADDING_A_NEW_EMPLOYEE/Add_Employee_first_name' is: 'First_name_btzinap'

13-08-2024T15:03:53 - [MESSAGE][PASSED] - Attribute 'value' of object 'Object Repository/ADDING_A_NEW_EMPLOYEE/Add_Employee_first_name' is: 'First_name_btzinap'

13-08-2024T15:03:53 - [TEST_STEP][PASSED] - out.println(First_name): null

13-08-2024T15:03:53 - [TEST_STEP][PASSED] - Middle_name = getAttribute(findTestObject("Object Repository/ADDING_A_NEW_EMPLOYEE/Add_employee_middle_name"), "value"): Attribute 'value' of object 'Object Repository/ADDING_A_NEW_EMPLOYEE/Add_employee_middle_name' is: 'Middle_name_TtggDub'

13-08-2024T15:03:54 - [MESSAGE][PASSED] - Attribute 'value' of object 'Object Repository/ADDING_A_NEW_EMPLOYEE/Add_employee_middle_name' is: 'Middle_name_TtggDub'

13-08-2024T15:03:54 - [TEST_STEP][PASSED] - out.println(Middle_name): null

13-08-2024T15:03:54 - [TEST_STEP][PASSED] - Last_name = getAttribute(findTestObject("Object Repository/ADDING_A_NEW_EMPLOYEE/Add_employee_last_name"), "value"): Attribute 'value' of object 'Object Repository/ADDING_A_NEW_EMPLOYEE/Add_employee_last_name' is: 'Last_name_ghLCpqO'

13-08-2024T15:03:54 - [MESSAGE][PASSED] - Attribute 'value' of object 'Object Repository/ADDING_A_NEW_EMPLOYEE/Add_employee_last_name' is: 'Last_name_ghLCpqO'

13-08-2024T15:03:54 - [TEST_STEP][PASSED] - out.println(Last_name): null

13-08-2024T15:03:54 - [TEST_STEP][PASSED] - employee_id = getAttribute(findTestObject("Object Repository/ADDING_A_NEW_EMPLOYEE/Add_employee_id"), "value"): Attribute 'value' of object 'Object Repository/ADDING_A_NEW_EMPLOYEE/Add_employee_id' is: '333722648'

13-08-2024T15:03:54 - [MESSAGE][PASSED] - Attribute 'value' of object 'Object Repository/ADDING_A_NEW_EMPLOYEE/Add_employee_id' is: '333722648'

13-08-2024T15:03:54 - [TEST_STEP][PASSED] - out.println(employee_id): null

13-08-2024T15:03:54 - [TEST_STEP][PASSED] - delay(3): Delayed 3 second(s)

13-08-2024T15:03:57 - [MESSAGE][PASSED] - Delayed 3 second(s)

13-08-2024T15:03:57 - [TEST_STEP][PASSED] - click(findTestObject("Object Repository/ADDING_A_NEW_EMPLOYEE/Add_employee_save_button")): Object: 'Object Repository/ADDING_A_NEW_EMPLOYEE/Add_employee_save_button' is clicked on

13-08-2024T15:03:58 - [MESSAGE][PASSED] - Object: 'Object Repository/ADDING_A_NEW_EMPLOYEE/Add_employee_save_button' is clicked on

13-08-2024T15:03:58 - [TEST_STEP][PASSED] - delay(2): Delayed 2 second(s)

13-08-2024T15:04:00 - [MESSAGE][PASSED] - Delayed 2 second(s)

13-08-2024T15:04:00 - [MESSAGE][PASSED] - Call Test Case 'Test Cases/ADDING_A_NEW_EMPLOYEE' successfully

13-08-2024T15:04:00 - [TEST_STEP][PASSED] - rowIndex = sheet.getLastRowNum() + 1: null

13-08-2024T15:04:00 - [TEST_STEP][PASSED] - row = sheet.createRow(rowIndex): null

13-08-2024T15:04:00 - [TEST_STEP][PASSED] - createCell(0).setCellValue(First_name): null

13-08-2024T15:04:00 - [TEST_STEP][PASSED] - createCell(1).setCellValue(Middle_name): null

13-08-2024T15:04:00 - [TEST_STEP][PASSED] - createCell(2).setCellValue(Last_name): null

13-08-2024T15:04:00 - [TEST_STEP][PASSED] - createCell(3).setCellValue(User_name): null

13-08-2024T15:04:00 - [TEST_STEP][PASSED] - createCell(4).setCellValue(Password): null

13-08-2024T15:04:00 - [TEST_STEP][PASSED] - createCell(5).setCellValue(employee_id): null

13-08-2024T15:04:00 - [TEST_STEP][PASSED] - callTestCase(findTestCase("ADDING_A_NEW_EMPLOYEE"), [:], STOP_ON_FAILURE): Call Test Case 'Test Cases/ADDING_A_NEW_EMPLOYEE' successfully

13-08-2024T15:04:00 - [TEST_CASE][PASSED] - Test Cases/ADDING_A_NEW_EMPLOYEE: Test Cases/ADDING_A_NEW_EMPLOYEE

13-08-2024T15:04:00 - [TEST_STEP][PASSED] - verifyElementPresent(findTestObject("ADDING_A_NEW_EMPLOYEE/pim_option_from_side_bar"), 10): Object 'Object Repository/ADDING_A_NEW_EMPLOYEE/pim_option_from_side_bar' is present

13-08-2024T15:04:00 - [MESSAGE][PASSED] - Object 'Object Repository/ADDING_A_NEW_EMPLOYEE/pim_option_from_side_bar' is present

13-08-2024T15:04:00 - [TEST_STEP][PASSED] - click(findTestObject("ADDING_A_NEW_EMPLOYEE/pim_option_from_side_bar")): Object: 'Object Repository/ADDING_A_NEW_EMPLOYEE/pim_option_from_side_bar' is clicked on

13-08-2024T15:04:02 - [MESSAGE][PASSED] - Object: 'Object Repository/ADDING_A_NEW_EMPLOYEE/pim_option_from_side_bar' is clicked on

13-08-2024T15:04:02 - [TEST_STEP][PASSED] - waitForElementPresent(findTestObject("ADDING_A_NEW_EMPLOYEE/adding_new_employee_button_in_pim_page"), 10): Object 'Object Repository/ADDING_A_NEW_EMPLOYEE/adding_new_employee_button_in_pim_page' is present

13-08-2024T15:04:03 - [MESSAGE][PASSED] - Object 'Object Repository/ADDING_A_NEW_EMPLOYEE/adding_new_employee_button_in_pim_page' is present

13-08-2024T15:04:03 - [TEST_STEP][PASSED] - click(findTestObject("ADDING_A_NEW_EMPLOYEE/adding_new_employee_button_in_pim_page")): Object: 'Object Repository/ADDING_A_NEW_EMPLOYEE/adding_new_employee_button_in_pim_page' is clicked on

13-08-2024T15:04:04 - [MESSAGE][PASSED] - Object: 'Object Repository/ADDING_A_NEW_EMPLOYEE/adding_new_employee_button_in_pim_page' is clicked on

13-08-2024T15:04:04 - [TEST_STEP][PASSED] - verifyElementPresent(findTestObject("ADDING_A_NEW_EMPLOYEE/create_login_details_checkbox"), 10): Object 'Object Repository/ADDING_A_NEW_EMPLOYEE/create_login_details_checkbox' is present

13-08-2024T15:04:05 - [MESSAGE][PASSED] - Object 'Object Repository/ADDING_A_NEW_EMPLOYEE/create_login_details_checkbox' is present

13-08-2024T15:04:05 - [TEST_STEP][PASSED] - click(findTestObject("ADDING_A_NEW_EMPLOYEE/create_login_details_checkbox")): Object: 'Object Repository/ADDING_A_NEW_EMPLOYEE/create_login_details_checkbox' is clicked on

13-08-2024T15:04:06 - [MESSAGE][PASSED] - Object: 'Object Repository/ADDING_A_NEW_EMPLOYEE/create_login_details_checkbox' is clicked on

13-08-2024T15:04:06 - [TEST_STEP][PASSED] - verifyElementPresent(findTestObject("Object Repository/ADDING_A_NEW_EMPLOYEE/Add_employee_enabled_radio_button"), 10): Object 'Object Repository/ADDING_A_NEW_EMPLOYEE/Add_employee_enabled_radio_button' is present

13-08-2024T15:04:06 - [MESSAGE][PASSED] - Object 'Object Repository/ADDING_A_NEW_EMPLOYEE/Add_employee_enabled_radio_button' is present

13-08-2024T15:04:06 - [TEST_STEP][PASSED] - click(findTestObject("Object Repository/ADDING_A_NEW_EMPLOYEE/Add_employee_enabled_radio_button")): Object: 'Object Repository/ADDING_A_NEW_EMPLOYEE/Add_employee_enabled_radio_button' is clicked on

13-08-2024T15:04:07 - [MESSAGE][PASSED] - Object: 'Object Repository/ADDING_A_NEW_EMPLOYEE/Add_employee_enabled_radio_button' is clicked on

13-08-2024T15:04:07 - [TEST_STEP][PASSED] - verifyElementPresent(findTestObject("Object Repository/ADDING_A_NEW_EMPLOYEE/Add_Employee_first_name"), 10): Object 'Object Repository/ADDING_A_NEW_EMPLOYEE/Add_Employee_first_name' is present

13-08-2024T15:04:07 - [MESSAGE][PASSED] - Object 'Object Repository/ADDING_A_NEW_EMPLOYEE/Add_Employee_first_name' is present

13-08-2024T15:04:07 - [TEST_STEP][PASSED] - click(findTestObject("Object Repository/ADDING_A_NEW_EMPLOYEE/Add_Employee_first_name")): Object: 'Object Repository/ADDING_A_NEW_EMPLOYEE/Add_Employee_first_name' is clicked on

13-08-2024T15:04:07 - [MESSAGE][PASSED] - Object: 'Object Repository/ADDING_A_NEW_EMPLOYEE/Add_Employee_first_name' is clicked on

13-08-2024T15:04:07 - [TEST_STEP][PASSED] - setText(findTestObject("Object Repository/ADDING_A_NEW_EMPLOYEE/Add_Employee_first_name"), "First_name_" + RandomStringUtils.randomAlphabetic(7)): Text 'First_name_XtrIMew' is set on object 'Object Repository/ADDING_A_NEW_EMPLOYEE/Add_Employee_first_name'

13-08-2024T15:04:08 - [MESSAGE][PASSED] - Text 'First_name_XtrIMew' is set on object 'Object Repository/ADDING_A_NEW_EMPLOYEE/Add_Employee_first_name'

13-08-2024T15:04:08 - [TEST_STEP][PASSED] - verifyElementPresent(findTestObject("Object Repository/ADDING_A_NEW_EMPLOYEE/Add_employee_middle_name"), 10): Object 'Object Repository/ADDING_A_NEW_EMPLOYEE/Add_employee_middle_name' is present

13-08-2024T15:04:08 - [MESSAGE][PASSED] - Object 'Object Repository/ADDING_A_NEW_EMPLOYEE/Add_employee_middle_name' is present

13-08-2024T15:04:08 - [TEST_STEP][PASSED] - click(findTestObject("Object Repository/ADDING_A_NEW_EMPLOYEE/Add_employee_middle_name")): Object: 'Object Repository/ADDING_A_NEW_EMPLOYEE/Add_employee_middle_name' is clicked on

13-08-2024T15:04:08 - [MESSAGE][PASSED] - Object: 'Object Repository/ADDING_A_NEW_EMPLOYEE/Add_employee_middle_name' is clicked on

13-08-2024T15:04:08 - [TEST_STEP][PASSED] - setText(findTestObject("Object Repository/ADDING_A_NEW_EMPLOYEE/Add_employee_middle_name"), "Middle_name_" + RandomStringUtils.randomAlphabetic(7)): Text 'Middle_name_mDxKpmc' is set on object 'Object Repository/ADDING_A_NEW_EMPLOYEE/Add_employee_middle_name'

13-08-2024T15:04:09 - [MESSAGE][PASSED] - Text 'Middle_name_mDxKpmc' is set on object 'Object Repository/ADDING_A_NEW_EMPLOYEE/Add_employee_middle_name'

13-08-2024T15:04:09 - [TEST_STEP][PASSED] - verifyElementPresent(findTestObject("Object Repository/ADDING_A_NEW_EMPLOYEE/Add_employee_last_name"), 10): Object 'Object Repository/ADDING_A_NEW_EMPLOYEE/Add_employee_last_name' is present

13-08-2024T15:04:09 - [MESSAGE][PASSED] - Object 'Object Repository/ADDING_A_NEW_EMPLOYEE/Add_employee_last_name' is present

13-08-2024T15:04:09 - [TEST_STEP][PASSED] - click(findTestObject("Object Repository/ADDING_A_NEW_EMPLOYEE/Add_employee_last_name")): Object: 'Object Repository/ADDING_A_NEW_EMPLOYEE/Add_employee_last_name' is clicked on

13-08-2024T15:04:09 - [MESSAGE][PASSED] - Object: 'Object Repository/ADDING_A_NEW_EMPLOYEE/Add_employee_last_name' is clicked on

13-08-2024T15:04:09 - [TEST_STEP][PASSED] - setText(findTestObject("Object Repository/ADDING_A_NEW_EMPLOYEE/Add_employee_last_name"), "Last_name_" + RandomStringUtils.randomAlphabetic(7)): Text 'Last_name_IKcbQJU' is set on object 'Object Repository/ADDING_A_NEW_EMPLOYEE/Add_employee_last_name'

13-08-2024T15:04:10 - [MESSAGE][PASSED] - Text 'Last_name_IKcbQJU' is set on object 'Object Repository/ADDING_A_NEW_EMPLOYEE/Add_employee_last_name'

13-08-2024T15:04:10 - [TEST_STEP][PASSED] - randomString_001 = RandomStringUtils.randomNumeric(6): null

13-08-2024T15:04:10 - [TEST_STEP][PASSED] - newValue_001 = "333" + randomString_001: null

13-08-2024T15:04:10 - [TEST_STEP][PASSED] - xpath_for_employee_id = "//label[text()='Employee Id']/ancestor::div[@class='oxd-input-group__label-wrapper']/following-sibling::div//input[@class='oxd-input oxd-input--active']": null

13-08-2024T15:04:10 - [TEST_STEP][PASSED] - inputField_001 = TestObject().addProperty("xpath", EQUALS, xpath_for_employee_id): null

13-08-2024T15:04:10 - [TEST_STEP][PASSED] - executeJavaScript(
    var element = document.evaluate("$xpath_for_employee_id", document, null, XPathResult.FIRST_ORDERED_NODE_TYPE, null).singleNodeValue;
    if (element) {
        element.value = '$newValue_001';
        var event = new Event('input', { bubbles: true });
        element.dispatchEvent(event);
    }
    , null): Execute JavaScript '
    var element = document.evaluate("//label[text()='Employee Id']/ancestor::div[@class='oxd-input-group__label-wrapper']/following-sibling::div//input[@class='oxd-input oxd-input--active']", document, null, XPathResult.FIRST_ORDERED_NODE_TYPE, null).singleNodeValue;
    if (element) {
        element.value = '333133175';
        var event = new Event('input', { bubbles: true });
        element.dispatchEvent(event);
    }
    ' successfully

13-08-2024T15:04:10 - [MESSAGE][PASSED] - Execute JavaScript '
    var element = document.evaluate("//label[text()='Employee Id']/ancestor::div[@class='oxd-input-group__label-wrapper']/following-sibling::div//input[@class='oxd-input oxd-input--active']", document, null, XPathResult.FIRST_ORDERED_NODE_TYPE, null).singleNodeValue;
    if (element) {
        element.value = '333133175';
        var event = new Event('input', { bubbles: true });
        element.dispatchEvent(event);
    }
    ' successfully

13-08-2024T15:04:10 - [TEST_STEP][PASSED] - delay(3): Delayed 3 second(s)

13-08-2024T15:04:13 - [MESSAGE][PASSED] - Delayed 3 second(s)

13-08-2024T15:04:13 - [TEST_STEP][PASSED] - randomString_for_password = RandomStringUtils.randomNumeric(6): null

13-08-2024T15:04:13 - [TEST_STEP][PASSED] - new_Value_for_password = "Fiboo" + randomString_for_password + "@@": null

13-08-2024T15:04:13 - [TEST_STEP][PASSED] - xpath_for_password = "//label[text()='Username']/ancestor::div[@class='oxd-input-group__label-wrapper']/following-sibling::div//input[@class='oxd-input oxd-input--active']": null

13-08-2024T15:04:13 - [TEST_STEP][PASSED] - inputField_for_password = TestObject().addProperty("xpath", EQUALS, xpath_for_password): null

13-08-2024T15:04:13 - [TEST_STEP][PASSED] - executeJavaScript(
    var element = document.evaluate("$xpath_for_password", document, null, XPathResult.FIRST_ORDERED_NODE_TYPE, null).singleNodeValue;
    if (element) {
        element.value = '$new_Value_for_password';
        var event = new Event('input', { bubbles: true });
        element.dispatchEvent(event);
    }
    , null): Execute JavaScript '
    var element = document.evaluate("//label[text()='Username']/ancestor::div[@class='oxd-input-group__label-wrapper']/following-sibling::div//input[@class='oxd-input oxd-input--active']", document, null, XPathResult.FIRST_ORDERED_NODE_TYPE, null).singleNodeValue;
    if (element) {
        element.value = 'Fiboo796770@@';
        var event = new Event('input', { bubbles: true });
        element.dispatchEvent(event);
    }
    ' successfully

13-08-2024T15:04:13 - [MESSAGE][PASSED] - Execute JavaScript '
    var element = document.evaluate("//label[text()='Username']/ancestor::div[@class='oxd-input-group__label-wrapper']/following-sibling::div//input[@class='oxd-input oxd-input--active']", document, null, XPathResult.FIRST_ORDERED_NODE_TYPE, null).singleNodeValue;
    if (element) {
        element.value = 'Fiboo796770@@';
        var event = new Event('input', { bubbles: true });
        element.dispatchEvent(event);
    }
    ' successfully

13-08-2024T15:04:13 - [TEST_STEP][PASSED] - delay(1): Delayed 1 second(s)

13-08-2024T15:04:14 - [MESSAGE][PASSED] - Delayed 1 second(s)

13-08-2024T15:04:14 - [TEST_STEP][PASSED] - Password = getAttribute(findTestObject("Object Repository/ADDING_A_NEW_EMPLOYEE/Add_employee_username"), "value"): Attribute 'value' of object 'Object Repository/ADDING_A_NEW_EMPLOYEE/Add_employee_username' is: 'Fiboo796770@@'

13-08-2024T15:04:14 - [MESSAGE][PASSED] - Attribute 'value' of object 'Object Repository/ADDING_A_NEW_EMPLOYEE/Add_employee_username' is: 'Fiboo796770@@'

13-08-2024T15:04:14 - [TEST_STEP][PASSED] - out.println(Password): null

13-08-2024T15:04:14 - [TEST_STEP][PASSED] - new_Value_for_password_001 = Password: null

13-08-2024T15:04:14 - [TEST_STEP][PASSED] - xpath_for_password_001 = "//label[text()='Password']/ancestor::div[@class='oxd-input-group__label-wrapper']/following-sibling::div//input[@class='oxd-input oxd-input--active']": null

13-08-2024T15:04:14 - [TEST_STEP][PASSED] - inputField_for_password_001 = TestObject().addProperty("xpath", EQUALS, xpath_for_password_001): null

13-08-2024T15:04:14 - [TEST_STEP][PASSED] - executeJavaScript(
    var element = document.evaluate("$xpath_for_password_001", document, null, XPathResult.FIRST_ORDERED_NODE_TYPE, null).singleNodeValue;
    if (element) {
        element.value = '$new_Value_for_password_001';
        var event = new Event('input', { bubbles: true });
        element.dispatchEvent(event);
    }
    , null): Execute JavaScript '
    var element = document.evaluate("//label[text()='Password']/ancestor::div[@class='oxd-input-group__label-wrapper']/following-sibling::div//input[@class='oxd-input oxd-input--active']", document, null, XPathResult.FIRST_ORDERED_NODE_TYPE, null).singleNodeValue;
    if (element) {
        element.value = 'Fiboo796770@@';
        var event = new Event('input', { bubbles: true });
        element.dispatchEvent(event);
    }
    ' successfully

13-08-2024T15:04:14 - [MESSAGE][PASSED] - Execute JavaScript '
    var element = document.evaluate("//label[text()='Password']/ancestor::div[@class='oxd-input-group__label-wrapper']/following-sibling::div//input[@class='oxd-input oxd-input--active']", document, null, XPathResult.FIRST_ORDERED_NODE_TYPE, null).singleNodeValue;
    if (element) {
        element.value = 'Fiboo796770@@';
        var event = new Event('input', { bubbles: true });
        element.dispatchEvent(event);
    }
    ' successfully

13-08-2024T15:04:14 - [TEST_STEP][PASSED] - delay(1): Delayed 1 second(s)

13-08-2024T15:04:15 - [MESSAGE][PASSED] - Delayed 1 second(s)

13-08-2024T15:04:15 - [TEST_STEP][PASSED] - new_Value_for_password_002 = Password: null

13-08-2024T15:04:15 - [TEST_STEP][PASSED] - xpath_for_password_002 = "//label[text()='Confirm Password']/ancestor::div[@class='oxd-input-group__label-wrapper']/following-sibling::div//input[@class='oxd-input oxd-input--active']": null

13-08-2024T15:04:15 - [TEST_STEP][PASSED] - inputField_for_password_002 = TestObject().addProperty("xpath", EQUALS, xpath_for_password_002): null

13-08-2024T15:04:15 - [TEST_STEP][PASSED] - executeJavaScript(
    var element = document.evaluate("$xpath_for_password_002", document, null, XPathResult.FIRST_ORDERED_NODE_TYPE, null).singleNodeValue;
    if (element) {
        element.value = '$new_Value_for_password_002';
        var event = new Event('input', { bubbles: true });
        element.dispatchEvent(event);
    }
    , null): Execute JavaScript '
    var element = document.evaluate("//label[text()='Confirm Password']/ancestor::div[@class='oxd-input-group__label-wrapper']/following-sibling::div//input[@class='oxd-input oxd-input--active']", document, null, XPathResult.FIRST_ORDERED_NODE_TYPE, null).singleNodeValue;
    if (element) {
        element.value = 'Fiboo796770@@';
        var event = new Event('input', { bubbles: true });
        element.dispatchEvent(event);
    }
    ' successfully

13-08-2024T15:04:15 - [MESSAGE][PASSED] - Execute JavaScript '
    var element = document.evaluate("//label[text()='Confirm Password']/ancestor::div[@class='oxd-input-group__label-wrapper']/following-sibling::div//input[@class='oxd-input oxd-input--active']", document, null, XPathResult.FIRST_ORDERED_NODE_TYPE, null).singleNodeValue;
    if (element) {
        element.value = 'Fiboo796770@@';
        var event = new Event('input', { bubbles: true });
        element.dispatchEvent(event);
    }
    ' successfully

13-08-2024T15:04:15 - [TEST_STEP][PASSED] - delay(1): Delayed 1 second(s)

13-08-2024T15:04:16 - [MESSAGE][PASSED] - Delayed 1 second(s)

13-08-2024T15:04:16 - [TEST_STEP][PASSED] - randomString = RandomStringUtils.randomAlphabetic(7): null

13-08-2024T15:04:16 - [TEST_STEP][PASSED] - newValue = "User_name_" + randomString: null

13-08-2024T15:04:16 - [TEST_STEP][PASSED] - xpath_for_user_name = "//label[text()='Username']/ancestor::div[@class='oxd-input-group__label-wrapper']/following-sibling::div//input[@class='oxd-input oxd-input--active']": null

13-08-2024T15:04:16 - [TEST_STEP][PASSED] - inputField = TestObject().addProperty("xpath", EQUALS, xpath_for_user_name): null

13-08-2024T15:04:16 - [TEST_STEP][PASSED] - executeJavaScript(
    var element = document.evaluate("$xpath_for_user_name", document, null, XPathResult.FIRST_ORDERED_NODE_TYPE, null).singleNodeValue;
    if (element) {
        element.value = '$newValue';
        var event = new Event('input', { bubbles: true });
        element.dispatchEvent(event);
    }
    , null): Execute JavaScript '
    var element = document.evaluate("//label[text()='Username']/ancestor::div[@class='oxd-input-group__label-wrapper']/following-sibling::div//input[@class='oxd-input oxd-input--active']", document, null, XPathResult.FIRST_ORDERED_NODE_TYPE, null).singleNodeValue;
    if (element) {
        element.value = 'User_name_ZUSBkPQ';
        var event = new Event('input', { bubbles: true });
        element.dispatchEvent(event);
    }
    ' successfully

13-08-2024T15:04:16 - [MESSAGE][PASSED] - Execute JavaScript '
    var element = document.evaluate("//label[text()='Username']/ancestor::div[@class='oxd-input-group__label-wrapper']/following-sibling::div//input[@class='oxd-input oxd-input--active']", document, null, XPathResult.FIRST_ORDERED_NODE_TYPE, null).singleNodeValue;
    if (element) {
        element.value = 'User_name_ZUSBkPQ';
        var event = new Event('input', { bubbles: true });
        element.dispatchEvent(event);
    }
    ' successfully

13-08-2024T15:04:16 - [TEST_STEP][PASSED] - delay(1): Delayed 1 second(s)

13-08-2024T15:04:17 - [MESSAGE][PASSED] - Delayed 1 second(s)

13-08-2024T15:04:17 - [TEST_STEP][PASSED] - User_name = getAttribute(findTestObject("Object Repository/ADDING_A_NEW_EMPLOYEE/Add_employee_username"), "value"): Attribute 'value' of object 'Object Repository/ADDING_A_NEW_EMPLOYEE/Add_employee_username' is: 'User_name_ZUSBkPQ'

13-08-2024T15:04:18 - [MESSAGE][PASSED] - Attribute 'value' of object 'Object Repository/ADDING_A_NEW_EMPLOYEE/Add_employee_username' is: 'User_name_ZUSBkPQ'

13-08-2024T15:04:18 - [TEST_STEP][PASSED] - out.println(User_name): null

13-08-2024T15:04:18 - [TEST_STEP][PASSED] - out.println(Password): null

13-08-2024T15:04:18 - [TEST_STEP][PASSED] - First_name = getAttribute(findTestObject("Object Repository/ADDING_A_NEW_EMPLOYEE/Add_Employee_first_name"), "value"): Attribute 'value' of object 'Object Repository/ADDING_A_NEW_EMPLOYEE/Add_Employee_first_name' is: 'First_name_XtrIMew'

13-08-2024T15:04:18 - [MESSAGE][PASSED] - Attribute 'value' of object 'Object Repository/ADDING_A_NEW_EMPLOYEE/Add_Employee_first_name' is: 'First_name_XtrIMew'

13-08-2024T15:04:18 - [TEST_STEP][PASSED] - out.println(First_name): null

13-08-2024T15:04:18 - [TEST_STEP][PASSED] - Middle_name = getAttribute(findTestObject("Object Repository/ADDING_A_NEW_EMPLOYEE/Add_employee_middle_name"), "value"): Attribute 'value' of object 'Object Repository/ADDING_A_NEW_EMPLOYEE/Add_employee_middle_name' is: 'Middle_name_mDxKpmc'

13-08-2024T15:04:18 - [MESSAGE][PASSED] - Attribute 'value' of object 'Object Repository/ADDING_A_NEW_EMPLOYEE/Add_employee_middle_name' is: 'Middle_name_mDxKpmc'

13-08-2024T15:04:18 - [TEST_STEP][PASSED] - out.println(Middle_name): null

13-08-2024T15:04:18 - [TEST_STEP][PASSED] - Last_name = getAttribute(findTestObject("Object Repository/ADDING_A_NEW_EMPLOYEE/Add_employee_last_name"), "value"): Attribute 'value' of object 'Object Repository/ADDING_A_NEW_EMPLOYEE/Add_employee_last_name' is: 'Last_name_IKcbQJU'

13-08-2024T15:04:18 - [MESSAGE][PASSED] - Attribute 'value' of object 'Object Repository/ADDING_A_NEW_EMPLOYEE/Add_employee_last_name' is: 'Last_name_IKcbQJU'

13-08-2024T15:04:18 - [TEST_STEP][PASSED] - out.println(Last_name): null

13-08-2024T15:04:18 - [TEST_STEP][PASSED] - employee_id = getAttribute(findTestObject("Object Repository/ADDING_A_NEW_EMPLOYEE/Add_employee_id"), "value"): Attribute 'value' of object 'Object Repository/ADDING_A_NEW_EMPLOYEE/Add_employee_id' is: '333133175'

13-08-2024T15:04:19 - [MESSAGE][PASSED] - Attribute 'value' of object 'Object Repository/ADDING_A_NEW_EMPLOYEE/Add_employee_id' is: '333133175'

13-08-2024T15:04:19 - [TEST_STEP][PASSED] - out.println(employee_id): null

13-08-2024T15:04:19 - [TEST_STEP][PASSED] - delay(3): Delayed 3 second(s)

13-08-2024T15:04:22 - [MESSAGE][PASSED] - Delayed 3 second(s)

13-08-2024T15:04:22 - [TEST_STEP][PASSED] - click(findTestObject("Object Repository/ADDING_A_NEW_EMPLOYEE/Add_employee_save_button")): Object: 'Object Repository/ADDING_A_NEW_EMPLOYEE/Add_employee_save_button' is clicked on

13-08-2024T15:04:22 - [MESSAGE][PASSED] - Object: 'Object Repository/ADDING_A_NEW_EMPLOYEE/Add_employee_save_button' is clicked on

13-08-2024T15:04:22 - [TEST_STEP][PASSED] - delay(2): Delayed 2 second(s)

13-08-2024T15:04:24 - [MESSAGE][PASSED] - Delayed 2 second(s)

13-08-2024T15:04:24 - [MESSAGE][PASSED] - Call Test Case 'Test Cases/ADDING_A_NEW_EMPLOYEE' successfully

13-08-2024T15:04:24 - [TEST_STEP][PASSED] - rowIndex = sheet.getLastRowNum() + 1: null

13-08-2024T15:04:24 - [TEST_STEP][PASSED] - row = sheet.createRow(rowIndex): null

13-08-2024T15:04:24 - [TEST_STEP][PASSED] - createCell(0).setCellValue(First_name): null

13-08-2024T15:04:24 - [TEST_STEP][PASSED] - createCell(1).setCellValue(Middle_name): null

13-08-2024T15:04:24 - [TEST_STEP][PASSED] - createCell(2).setCellValue(Last_name): null

13-08-2024T15:04:24 - [TEST_STEP][PASSED] - createCell(3).setCellValue(User_name): null

13-08-2024T15:04:24 - [TEST_STEP][PASSED] - createCell(4).setCellValue(Password): null

13-08-2024T15:04:24 - [TEST_STEP][PASSED] - createCell(5).setCellValue(employee_id): null

13-08-2024T15:04:24 - [TEST_STEP][PASSED] - callTestCase(findTestCase("ADDING_A_NEW_EMPLOYEE"), [:], STOP_ON_FAILURE): Call Test Case 'Test Cases/ADDING_A_NEW_EMPLOYEE' successfully

13-08-2024T15:04:24 - [TEST_CASE][PASSED] - Test Cases/ADDING_A_NEW_EMPLOYEE: Test Cases/ADDING_A_NEW_EMPLOYEE

13-08-2024T15:04:24 - [TEST_STEP][PASSED] - verifyElementPresent(findTestObject("ADDING_A_NEW_EMPLOYEE/pim_option_from_side_bar"), 10): Object 'Object Repository/ADDING_A_NEW_EMPLOYEE/pim_option_from_side_bar' is present

13-08-2024T15:04:25 - [MESSAGE][PASSED] - Object 'Object Repository/ADDING_A_NEW_EMPLOYEE/pim_option_from_side_bar' is present

13-08-2024T15:04:25 - [TEST_STEP][PASSED] - click(findTestObject("ADDING_A_NEW_EMPLOYEE/pim_option_from_side_bar")): Object: 'Object Repository/ADDING_A_NEW_EMPLOYEE/pim_option_from_side_bar' is clicked on

13-08-2024T15:04:26 - [MESSAGE][PASSED] - Object: 'Object Repository/ADDING_A_NEW_EMPLOYEE/pim_option_from_side_bar' is clicked on

13-08-2024T15:04:26 - [TEST_STEP][PASSED] - waitForElementPresent(findTestObject("ADDING_A_NEW_EMPLOYEE/adding_new_employee_button_in_pim_page"), 10): Object 'Object Repository/ADDING_A_NEW_EMPLOYEE/adding_new_employee_button_in_pim_page' is present

13-08-2024T15:04:27 - [MESSAGE][PASSED] - Object 'Object Repository/ADDING_A_NEW_EMPLOYEE/adding_new_employee_button_in_pim_page' is present

13-08-2024T15:04:27 - [TEST_STEP][PASSED] - click(findTestObject("ADDING_A_NEW_EMPLOYEE/adding_new_employee_button_in_pim_page")): Object: 'Object Repository/ADDING_A_NEW_EMPLOYEE/adding_new_employee_button_in_pim_page' is clicked on

13-08-2024T15:04:28 - [MESSAGE][PASSED] - Object: 'Object Repository/ADDING_A_NEW_EMPLOYEE/adding_new_employee_button_in_pim_page' is clicked on

13-08-2024T15:04:28 - [TEST_STEP][PASSED] - verifyElementPresent(findTestObject("ADDING_A_NEW_EMPLOYEE/create_login_details_checkbox"), 10): Object 'Object Repository/ADDING_A_NEW_EMPLOYEE/create_login_details_checkbox' is present

13-08-2024T15:04:30 - [MESSAGE][PASSED] - Object 'Object Repository/ADDING_A_NEW_EMPLOYEE/create_login_details_checkbox' is present

13-08-2024T15:04:30 - [TEST_STEP][PASSED] - click(findTestObject("ADDING_A_NEW_EMPLOYEE/create_login_details_checkbox")): Object: 'Object Repository/ADDING_A_NEW_EMPLOYEE/create_login_details_checkbox' is clicked on

13-08-2024T15:04:30 - [MESSAGE][PASSED] - Object: 'Object Repository/ADDING_A_NEW_EMPLOYEE/create_login_details_checkbox' is clicked on

13-08-2024T15:04:30 - [TEST_STEP][PASSED] - verifyElementPresent(findTestObject("Object Repository/ADDING_A_NEW_EMPLOYEE/Add_employee_enabled_radio_button"), 10): Object 'Object Repository/ADDING_A_NEW_EMPLOYEE/Add_employee_enabled_radio_button' is present

13-08-2024T15:04:31 - [MESSAGE][PASSED] - Object 'Object Repository/ADDING_A_NEW_EMPLOYEE/Add_employee_enabled_radio_button' is present

13-08-2024T15:04:31 - [TEST_STEP][PASSED] - click(findTestObject("Object Repository/ADDING_A_NEW_EMPLOYEE/Add_employee_enabled_radio_button")): Object: 'Object Repository/ADDING_A_NEW_EMPLOYEE/Add_employee_enabled_radio_button' is clicked on

13-08-2024T15:04:31 - [MESSAGE][PASSED] - Object: 'Object Repository/ADDING_A_NEW_EMPLOYEE/Add_employee_enabled_radio_button' is clicked on

13-08-2024T15:04:31 - [TEST_STEP][PASSED] - verifyElementPresent(findTestObject("Object Repository/ADDING_A_NEW_EMPLOYEE/Add_Employee_first_name"), 10): Object 'Object Repository/ADDING_A_NEW_EMPLOYEE/Add_Employee_first_name' is present

13-08-2024T15:04:31 - [MESSAGE][PASSED] - Object 'Object Repository/ADDING_A_NEW_EMPLOYEE/Add_Employee_first_name' is present

13-08-2024T15:04:31 - [TEST_STEP][PASSED] - click(findTestObject("Object Repository/ADDING_A_NEW_EMPLOYEE/Add_Employee_first_name")): Object: 'Object Repository/ADDING_A_NEW_EMPLOYEE/Add_Employee_first_name' is clicked on

13-08-2024T15:04:31 - [MESSAGE][PASSED] - Object: 'Object Repository/ADDING_A_NEW_EMPLOYEE/Add_Employee_first_name' is clicked on

13-08-2024T15:04:31 - [TEST_STEP][PASSED] - setText(findTestObject("Object Repository/ADDING_A_NEW_EMPLOYEE/Add_Employee_first_name"), "First_name_" + RandomStringUtils.randomAlphabetic(7)): Text 'First_name_lwiqsgB' is set on object 'Object Repository/ADDING_A_NEW_EMPLOYEE/Add_Employee_first_name'

13-08-2024T15:04:32 - [MESSAGE][PASSED] - Text 'First_name_lwiqsgB' is set on object 'Object Repository/ADDING_A_NEW_EMPLOYEE/Add_Employee_first_name'

13-08-2024T15:04:32 - [TEST_STEP][PASSED] - verifyElementPresent(findTestObject("Object Repository/ADDING_A_NEW_EMPLOYEE/Add_employee_middle_name"), 10): Object 'Object Repository/ADDING_A_NEW_EMPLOYEE/Add_employee_middle_name' is present

13-08-2024T15:04:32 - [MESSAGE][PASSED] - Object 'Object Repository/ADDING_A_NEW_EMPLOYEE/Add_employee_middle_name' is present

13-08-2024T15:04:32 - [TEST_STEP][PASSED] - click(findTestObject("Object Repository/ADDING_A_NEW_EMPLOYEE/Add_employee_middle_name")): Object: 'Object Repository/ADDING_A_NEW_EMPLOYEE/Add_employee_middle_name' is clicked on

13-08-2024T15:04:33 - [MESSAGE][PASSED] - Object: 'Object Repository/ADDING_A_NEW_EMPLOYEE/Add_employee_middle_name' is clicked on

13-08-2024T15:04:33 - [TEST_STEP][PASSED] - setText(findTestObject("Object Repository/ADDING_A_NEW_EMPLOYEE/Add_employee_middle_name"), "Middle_name_" + RandomStringUtils.randomAlphabetic(7)): Text 'Middle_name_hEjoLcJ' is set on object 'Object Repository/ADDING_A_NEW_EMPLOYEE/Add_employee_middle_name'

13-08-2024T15:04:33 - [MESSAGE][PASSED] - Text 'Middle_name_hEjoLcJ' is set on object 'Object Repository/ADDING_A_NEW_EMPLOYEE/Add_employee_middle_name'

13-08-2024T15:04:33 - [TEST_STEP][PASSED] - verifyElementPresent(findTestObject("Object Repository/ADDING_A_NEW_EMPLOYEE/Add_employee_last_name"), 10): Object 'Object Repository/ADDING_A_NEW_EMPLOYEE/Add_employee_last_name' is present

13-08-2024T15:04:33 - [MESSAGE][PASSED] - Object 'Object Repository/ADDING_A_NEW_EMPLOYEE/Add_employee_last_name' is present

13-08-2024T15:04:33 - [TEST_STEP][PASSED] - click(findTestObject("Object Repository/ADDING_A_NEW_EMPLOYEE/Add_employee_last_name")): Object: 'Object Repository/ADDING_A_NEW_EMPLOYEE/Add_employee_last_name' is clicked on

13-08-2024T15:04:34 - [MESSAGE][PASSED] - Object: 'Object Repository/ADDING_A_NEW_EMPLOYEE/Add_employee_last_name' is clicked on

13-08-2024T15:04:34 - [TEST_STEP][PASSED] - setText(findTestObject("Object Repository/ADDING_A_NEW_EMPLOYEE/Add_employee_last_name"), "Last_name_" + RandomStringUtils.randomAlphabetic(7)): Text 'Last_name_bNINlLp' is set on object 'Object Repository/ADDING_A_NEW_EMPLOYEE/Add_employee_last_name'

13-08-2024T15:04:34 - [MESSAGE][PASSED] - Text 'Last_name_bNINlLp' is set on object 'Object Repository/ADDING_A_NEW_EMPLOYEE/Add_employee_last_name'

13-08-2024T15:04:34 - [TEST_STEP][PASSED] - randomString_001 = RandomStringUtils.randomNumeric(6): null

13-08-2024T15:04:34 - [TEST_STEP][PASSED] - newValue_001 = "333" + randomString_001: null

13-08-2024T15:04:34 - [TEST_STEP][PASSED] - xpath_for_employee_id = "//label[text()='Employee Id']/ancestor::div[@class='oxd-input-group__label-wrapper']/following-sibling::div//input[@class='oxd-input oxd-input--active']": null

13-08-2024T15:04:34 - [TEST_STEP][PASSED] - inputField_001 = TestObject().addProperty("xpath", EQUALS, xpath_for_employee_id): null

13-08-2024T15:04:34 - [TEST_STEP][PASSED] - executeJavaScript(
    var element = document.evaluate("$xpath_for_employee_id", document, null, XPathResult.FIRST_ORDERED_NODE_TYPE, null).singleNodeValue;
    if (element) {
        element.value = '$newValue_001';
        var event = new Event('input', { bubbles: true });
        element.dispatchEvent(event);
    }
    , null): Execute JavaScript '
    var element = document.evaluate("//label[text()='Employee Id']/ancestor::div[@class='oxd-input-group__label-wrapper']/following-sibling::div//input[@class='oxd-input oxd-input--active']", document, null, XPathResult.FIRST_ORDERED_NODE_TYPE, null).singleNodeValue;
    if (element) {
        element.value = '333827388';
        var event = new Event('input', { bubbles: true });
        element.dispatchEvent(event);
    }
    ' successfully

13-08-2024T15:04:34 - [MESSAGE][PASSED] - Execute JavaScript '
    var element = document.evaluate("//label[text()='Employee Id']/ancestor::div[@class='oxd-input-group__label-wrapper']/following-sibling::div//input[@class='oxd-input oxd-input--active']", document, null, XPathResult.FIRST_ORDERED_NODE_TYPE, null).singleNodeValue;
    if (element) {
        element.value = '333827388';
        var event = new Event('input', { bubbles: true });
        element.dispatchEvent(event);
    }
    ' successfully

13-08-2024T15:04:34 - [TEST_STEP][PASSED] - delay(3): Delayed 3 second(s)

13-08-2024T15:04:37 - [MESSAGE][PASSED] - Delayed 3 second(s)

13-08-2024T15:04:37 - [TEST_STEP][PASSED] - randomString_for_password = RandomStringUtils.randomNumeric(6): null

13-08-2024T15:04:37 - [TEST_STEP][PASSED] - new_Value_for_password = "Fiboo" + randomString_for_password + "@@": null

13-08-2024T15:04:37 - [TEST_STEP][PASSED] - xpath_for_password = "//label[text()='Username']/ancestor::div[@class='oxd-input-group__label-wrapper']/following-sibling::div//input[@class='oxd-input oxd-input--active']": null

13-08-2024T15:04:37 - [TEST_STEP][PASSED] - inputField_for_password = TestObject().addProperty("xpath", EQUALS, xpath_for_password): null

13-08-2024T15:04:37 - [TEST_STEP][PASSED] - executeJavaScript(
    var element = document.evaluate("$xpath_for_password", document, null, XPathResult.FIRST_ORDERED_NODE_TYPE, null).singleNodeValue;
    if (element) {
        element.value = '$new_Value_for_password';
        var event = new Event('input', { bubbles: true });
        element.dispatchEvent(event);
    }
    , null): Execute JavaScript '
    var element = document.evaluate("//label[text()='Username']/ancestor::div[@class='oxd-input-group__label-wrapper']/following-sibling::div//input[@class='oxd-input oxd-input--active']", document, null, XPathResult.FIRST_ORDERED_NODE_TYPE, null).singleNodeValue;
    if (element) {
        element.value = 'Fiboo984086@@';
        var event = new Event('input', { bubbles: true });
        element.dispatchEvent(event);
    }
    ' successfully

13-08-2024T15:04:37 - [MESSAGE][PASSED] - Execute JavaScript '
    var element = document.evaluate("//label[text()='Username']/ancestor::div[@class='oxd-input-group__label-wrapper']/following-sibling::div//input[@class='oxd-input oxd-input--active']", document, null, XPathResult.FIRST_ORDERED_NODE_TYPE, null).singleNodeValue;
    if (element) {
        element.value = 'Fiboo984086@@';
        var event = new Event('input', { bubbles: true });
        element.dispatchEvent(event);
    }
    ' successfully

13-08-2024T15:04:37 - [TEST_STEP][PASSED] - delay(1): Delayed 1 second(s)

13-08-2024T15:04:38 - [MESSAGE][PASSED] - Delayed 1 second(s)

13-08-2024T15:04:38 - [TEST_STEP][PASSED] - Password = getAttribute(findTestObject("Object Repository/ADDING_A_NEW_EMPLOYEE/Add_employee_username"), "value"): Attribute 'value' of object 'Object Repository/ADDING_A_NEW_EMPLOYEE/Add_employee_username' is: 'Fiboo984086@@'

13-08-2024T15:04:39 - [MESSAGE][PASSED] - Attribute 'value' of object 'Object Repository/ADDING_A_NEW_EMPLOYEE/Add_employee_username' is: 'Fiboo984086@@'

13-08-2024T15:04:39 - [TEST_STEP][PASSED] - out.println(Password): null

13-08-2024T15:04:39 - [TEST_STEP][PASSED] - new_Value_for_password_001 = Password: null

13-08-2024T15:04:39 - [TEST_STEP][PASSED] - xpath_for_password_001 = "//label[text()='Password']/ancestor::div[@class='oxd-input-group__label-wrapper']/following-sibling::div//input[@class='oxd-input oxd-input--active']": null

13-08-2024T15:04:39 - [TEST_STEP][PASSED] - inputField_for_password_001 = TestObject().addProperty("xpath", EQUALS, xpath_for_password_001): null

13-08-2024T15:04:39 - [TEST_STEP][PASSED] - executeJavaScript(
    var element = document.evaluate("$xpath_for_password_001", document, null, XPathResult.FIRST_ORDERED_NODE_TYPE, null).singleNodeValue;
    if (element) {
        element.value = '$new_Value_for_password_001';
        var event = new Event('input', { bubbles: true });
        element.dispatchEvent(event);
    }
    , null): Execute JavaScript '
    var element = document.evaluate("//label[text()='Password']/ancestor::div[@class='oxd-input-group__label-wrapper']/following-sibling::div//input[@class='oxd-input oxd-input--active']", document, null, XPathResult.FIRST_ORDERED_NODE_TYPE, null).singleNodeValue;
    if (element) {
        element.value = 'Fiboo984086@@';
        var event = new Event('input', { bubbles: true });
        element.dispatchEvent(event);
    }
    ' successfully

13-08-2024T15:04:39 - [MESSAGE][PASSED] - Execute JavaScript '
    var element = document.evaluate("//label[text()='Password']/ancestor::div[@class='oxd-input-group__label-wrapper']/following-sibling::div//input[@class='oxd-input oxd-input--active']", document, null, XPathResult.FIRST_ORDERED_NODE_TYPE, null).singleNodeValue;
    if (element) {
        element.value = 'Fiboo984086@@';
        var event = new Event('input', { bubbles: true });
        element.dispatchEvent(event);
    }
    ' successfully

13-08-2024T15:04:39 - [TEST_STEP][PASSED] - delay(1): Delayed 1 second(s)

13-08-2024T15:04:40 - [MESSAGE][PASSED] - Delayed 1 second(s)

13-08-2024T15:04:40 - [TEST_STEP][PASSED] - new_Value_for_password_002 = Password: null

13-08-2024T15:04:40 - [TEST_STEP][PASSED] - xpath_for_password_002 = "//label[text()='Confirm Password']/ancestor::div[@class='oxd-input-group__label-wrapper']/following-sibling::div//input[@class='oxd-input oxd-input--active']": null

13-08-2024T15:04:40 - [TEST_STEP][PASSED] - inputField_for_password_002 = TestObject().addProperty("xpath", EQUALS, xpath_for_password_002): null

13-08-2024T15:04:40 - [TEST_STEP][PASSED] - executeJavaScript(
    var element = document.evaluate("$xpath_for_password_002", document, null, XPathResult.FIRST_ORDERED_NODE_TYPE, null).singleNodeValue;
    if (element) {
        element.value = '$new_Value_for_password_002';
        var event = new Event('input', { bubbles: true });
        element.dispatchEvent(event);
    }
    , null): Execute JavaScript '
    var element = document.evaluate("//label[text()='Confirm Password']/ancestor::div[@class='oxd-input-group__label-wrapper']/following-sibling::div//input[@class='oxd-input oxd-input--active']", document, null, XPathResult.FIRST_ORDERED_NODE_TYPE, null).singleNodeValue;
    if (element) {
        element.value = 'Fiboo984086@@';
        var event = new Event('input', { bubbles: true });
        element.dispatchEvent(event);
    }
    ' successfully

13-08-2024T15:04:40 - [MESSAGE][PASSED] - Execute JavaScript '
    var element = document.evaluate("//label[text()='Confirm Password']/ancestor::div[@class='oxd-input-group__label-wrapper']/following-sibling::div//input[@class='oxd-input oxd-input--active']", document, null, XPathResult.FIRST_ORDERED_NODE_TYPE, null).singleNodeValue;
    if (element) {
        element.value = 'Fiboo984086@@';
        var event = new Event('input', { bubbles: true });
        element.dispatchEvent(event);
    }
    ' successfully

13-08-2024T15:04:40 - [TEST_STEP][PASSED] - delay(1): Delayed 1 second(s)

13-08-2024T15:04:41 - [MESSAGE][PASSED] - Delayed 1 second(s)

13-08-2024T15:04:41 - [TEST_STEP][PASSED] - randomString = RandomStringUtils.randomAlphabetic(7): null

13-08-2024T15:04:41 - [TEST_STEP][PASSED] - newValue = "User_name_" + randomString: null

13-08-2024T15:04:41 - [TEST_STEP][PASSED] - xpath_for_user_name = "//label[text()='Username']/ancestor::div[@class='oxd-input-group__label-wrapper']/following-sibling::div//input[@class='oxd-input oxd-input--active']": null

13-08-2024T15:04:41 - [TEST_STEP][PASSED] - inputField = TestObject().addProperty("xpath", EQUALS, xpath_for_user_name): null

13-08-2024T15:04:41 - [TEST_STEP][PASSED] - executeJavaScript(
    var element = document.evaluate("$xpath_for_user_name", document, null, XPathResult.FIRST_ORDERED_NODE_TYPE, null).singleNodeValue;
    if (element) {
        element.value = '$newValue';
        var event = new Event('input', { bubbles: true });
        element.dispatchEvent(event);
    }
    , null): Execute JavaScript '
    var element = document.evaluate("//label[text()='Username']/ancestor::div[@class='oxd-input-group__label-wrapper']/following-sibling::div//input[@class='oxd-input oxd-input--active']", document, null, XPathResult.FIRST_ORDERED_NODE_TYPE, null).singleNodeValue;
    if (element) {
        element.value = 'User_name_BacRCOV';
        var event = new Event('input', { bubbles: true });
        element.dispatchEvent(event);
    }
    ' successfully

13-08-2024T15:04:41 - [MESSAGE][PASSED] - Execute JavaScript '
    var element = document.evaluate("//label[text()='Username']/ancestor::div[@class='oxd-input-group__label-wrapper']/following-sibling::div//input[@class='oxd-input oxd-input--active']", document, null, XPathResult.FIRST_ORDERED_NODE_TYPE, null).singleNodeValue;
    if (element) {
        element.value = 'User_name_BacRCOV';
        var event = new Event('input', { bubbles: true });
        element.dispatchEvent(event);
    }
    ' successfully

13-08-2024T15:04:41 - [TEST_STEP][PASSED] - delay(1): Delayed 1 second(s)

13-08-2024T15:04:42 - [MESSAGE][PASSED] - Delayed 1 second(s)

13-08-2024T15:04:42 - [TEST_STEP][PASSED] - User_name = getAttribute(findTestObject("Object Repository/ADDING_A_NEW_EMPLOYEE/Add_employee_username"), "value"): Attribute 'value' of object 'Object Repository/ADDING_A_NEW_EMPLOYEE/Add_employee_username' is: 'User_name_BacRCOV'

13-08-2024T15:04:42 - [MESSAGE][PASSED] - Attribute 'value' of object 'Object Repository/ADDING_A_NEW_EMPLOYEE/Add_employee_username' is: 'User_name_BacRCOV'

13-08-2024T15:04:42 - [TEST_STEP][PASSED] - out.println(User_name): null

13-08-2024T15:04:42 - [TEST_STEP][PASSED] - out.println(Password): null

13-08-2024T15:04:42 - [TEST_STEP][PASSED] - First_name = getAttribute(findTestObject("Object Repository/ADDING_A_NEW_EMPLOYEE/Add_Employee_first_name"), "value"): Attribute 'value' of object 'Object Repository/ADDING_A_NEW_EMPLOYEE/Add_Employee_first_name' is: 'First_name_lwiqsgB'

13-08-2024T15:04:42 - [MESSAGE][PASSED] - Attribute 'value' of object 'Object Repository/ADDING_A_NEW_EMPLOYEE/Add_Employee_first_name' is: 'First_name_lwiqsgB'

13-08-2024T15:04:42 - [TEST_STEP][PASSED] - out.println(First_name): null

13-08-2024T15:04:42 - [TEST_STEP][PASSED] - Middle_name = getAttribute(findTestObject("Object Repository/ADDING_A_NEW_EMPLOYEE/Add_employee_middle_name"), "value"): Attribute 'value' of object 'Object Repository/ADDING_A_NEW_EMPLOYEE/Add_employee_middle_name' is: 'Middle_name_hEjoLcJ'

13-08-2024T15:04:42 - [MESSAGE][PASSED] - Attribute 'value' of object 'Object Repository/ADDING_A_NEW_EMPLOYEE/Add_employee_middle_name' is: 'Middle_name_hEjoLcJ'

13-08-2024T15:04:42 - [TEST_STEP][PASSED] - out.println(Middle_name): null

13-08-2024T15:04:42 - [TEST_STEP][PASSED] - Last_name = getAttribute(findTestObject("Object Repository/ADDING_A_NEW_EMPLOYEE/Add_employee_last_name"), "value"): Attribute 'value' of object 'Object Repository/ADDING_A_NEW_EMPLOYEE/Add_employee_last_name' is: 'Last_name_bNINlLp'

13-08-2024T15:04:43 - [MESSAGE][PASSED] - Attribute 'value' of object 'Object Repository/ADDING_A_NEW_EMPLOYEE/Add_employee_last_name' is: 'Last_name_bNINlLp'

13-08-2024T15:04:43 - [TEST_STEP][PASSED] - out.println(Last_name): null

13-08-2024T15:04:43 - [TEST_STEP][PASSED] - employee_id = getAttribute(findTestObject("Object Repository/ADDING_A_NEW_EMPLOYEE/Add_employee_id"), "value"): Attribute 'value' of object 'Object Repository/ADDING_A_NEW_EMPLOYEE/Add_employee_id' is: '333827388'

13-08-2024T15:04:43 - [MESSAGE][PASSED] - Attribute 'value' of object 'Object Repository/ADDING_A_NEW_EMPLOYEE/Add_employee_id' is: '333827388'

13-08-2024T15:04:43 - [TEST_STEP][PASSED] - out.println(employee_id): null

13-08-2024T15:04:43 - [TEST_STEP][PASSED] - delay(3): Delayed 3 second(s)

13-08-2024T15:04:46 - [MESSAGE][PASSED] - Delayed 3 second(s)

13-08-2024T15:04:46 - [TEST_STEP][PASSED] - click(findTestObject("Object Repository/ADDING_A_NEW_EMPLOYEE/Add_employee_save_button")): Object: 'Object Repository/ADDING_A_NEW_EMPLOYEE/Add_employee_save_button' is clicked on

13-08-2024T15:04:46 - [MESSAGE][PASSED] - Object: 'Object Repository/ADDING_A_NEW_EMPLOYEE/Add_employee_save_button' is clicked on

13-08-2024T15:04:46 - [TEST_STEP][PASSED] - delay(2): Delayed 2 second(s)

13-08-2024T15:04:48 - [MESSAGE][PASSED] - Delayed 2 second(s)

13-08-2024T15:04:48 - [MESSAGE][PASSED] - Call Test Case 'Test Cases/ADDING_A_NEW_EMPLOYEE' successfully

13-08-2024T15:04:48 - [TEST_STEP][PASSED] - rowIndex = sheet.getLastRowNum() + 1: null

13-08-2024T15:04:48 - [TEST_STEP][PASSED] - row = sheet.createRow(rowIndex): null

13-08-2024T15:04:48 - [TEST_STEP][PASSED] - createCell(0).setCellValue(First_name): null

13-08-2024T15:04:48 - [TEST_STEP][PASSED] - createCell(1).setCellValue(Middle_name): null

13-08-2024T15:04:48 - [TEST_STEP][PASSED] - createCell(2).setCellValue(Last_name): null

13-08-2024T15:04:48 - [TEST_STEP][PASSED] - createCell(3).setCellValue(User_name): null

13-08-2024T15:04:48 - [TEST_STEP][PASSED] - createCell(4).setCellValue(Password): null

13-08-2024T15:04:48 - [TEST_STEP][PASSED] - createCell(5).setCellValue(employee_id): null

13-08-2024T15:04:48 - [TEST_STEP][PASSED] - callTestCase(findTestCase("ADDING_A_NEW_EMPLOYEE"), [:], STOP_ON_FAILURE): Call Test Case 'Test Cases/ADDING_A_NEW_EMPLOYEE' successfully

13-08-2024T15:04:48 - [TEST_CASE][PASSED] - Test Cases/ADDING_A_NEW_EMPLOYEE: Test Cases/ADDING_A_NEW_EMPLOYEE

13-08-2024T15:04:48 - [TEST_STEP][PASSED] - verifyElementPresent(findTestObject("ADDING_A_NEW_EMPLOYEE/pim_option_from_side_bar"), 10): Object 'Object Repository/ADDING_A_NEW_EMPLOYEE/pim_option_from_side_bar' is present

13-08-2024T15:04:49 - [MESSAGE][PASSED] - Object 'Object Repository/ADDING_A_NEW_EMPLOYEE/pim_option_from_side_bar' is present

13-08-2024T15:04:49 - [TEST_STEP][PASSED] - click(findTestObject("ADDING_A_NEW_EMPLOYEE/pim_option_from_side_bar")): Object: 'Object Repository/ADDING_A_NEW_EMPLOYEE/pim_option_from_side_bar' is clicked on

13-08-2024T15:04:51 - [MESSAGE][PASSED] - Object: 'Object Repository/ADDING_A_NEW_EMPLOYEE/pim_option_from_side_bar' is clicked on

13-08-2024T15:04:51 - [TEST_STEP][PASSED] - waitForElementPresent(findTestObject("ADDING_A_NEW_EMPLOYEE/adding_new_employee_button_in_pim_page"), 10): Object 'Object Repository/ADDING_A_NEW_EMPLOYEE/adding_new_employee_button_in_pim_page' is present

13-08-2024T15:04:52 - [MESSAGE][PASSED] - Object 'Object Repository/ADDING_A_NEW_EMPLOYEE/adding_new_employee_button_in_pim_page' is present

13-08-2024T15:04:52 - [TEST_STEP][PASSED] - click(findTestObject("ADDING_A_NEW_EMPLOYEE/adding_new_employee_button_in_pim_page")): Object: 'Object Repository/ADDING_A_NEW_EMPLOYEE/adding_new_employee_button_in_pim_page' is clicked on

13-08-2024T15:04:53 - [MESSAGE][PASSED] - Object: 'Object Repository/ADDING_A_NEW_EMPLOYEE/adding_new_employee_button_in_pim_page' is clicked on

13-08-2024T15:04:53 - [TEST_STEP][PASSED] - verifyElementPresent(findTestObject("ADDING_A_NEW_EMPLOYEE/create_login_details_checkbox"), 10): Object 'Object Repository/ADDING_A_NEW_EMPLOYEE/create_login_details_checkbox' is present

13-08-2024T15:04:55 - [MESSAGE][PASSED] - Object 'Object Repository/ADDING_A_NEW_EMPLOYEE/create_login_details_checkbox' is present

13-08-2024T15:04:55 - [TEST_STEP][PASSED] - click(findTestObject("ADDING_A_NEW_EMPLOYEE/create_login_details_checkbox")): Object: 'Object Repository/ADDING_A_NEW_EMPLOYEE/create_login_details_checkbox' is clicked on

13-08-2024T15:04:55 - [MESSAGE][PASSED] - Object: 'Object Repository/ADDING_A_NEW_EMPLOYEE/create_login_details_checkbox' is clicked on

13-08-2024T15:04:55 - [TEST_STEP][PASSED] - verifyElementPresent(findTestObject("Object Repository/ADDING_A_NEW_EMPLOYEE/Add_employee_enabled_radio_button"), 10): Object 'Object Repository/ADDING_A_NEW_EMPLOYEE/Add_employee_enabled_radio_button' is present

13-08-2024T15:04:55 - [MESSAGE][PASSED] - Object 'Object Repository/ADDING_A_NEW_EMPLOYEE/Add_employee_enabled_radio_button' is present

13-08-2024T15:04:55 - [TEST_STEP][PASSED] - click(findTestObject("Object Repository/ADDING_A_NEW_EMPLOYEE/Add_employee_enabled_radio_button")): Object: 'Object Repository/ADDING_A_NEW_EMPLOYEE/Add_employee_enabled_radio_button' is clicked on

13-08-2024T15:04:56 - [MESSAGE][PASSED] - Object: 'Object Repository/ADDING_A_NEW_EMPLOYEE/Add_employee_enabled_radio_button' is clicked on

13-08-2024T15:04:56 - [TEST_STEP][PASSED] - verifyElementPresent(findTestObject("Object Repository/ADDING_A_NEW_EMPLOYEE/Add_Employee_first_name"), 10): Object 'Object Repository/ADDING_A_NEW_EMPLOYEE/Add_Employee_first_name' is present

13-08-2024T15:04:56 - [MESSAGE][PASSED] - Object 'Object Repository/ADDING_A_NEW_EMPLOYEE/Add_Employee_first_name' is present

13-08-2024T15:04:56 - [TEST_STEP][PASSED] - click(findTestObject("Object Repository/ADDING_A_NEW_EMPLOYEE/Add_Employee_first_name")): Object: 'Object Repository/ADDING_A_NEW_EMPLOYEE/Add_Employee_first_name' is clicked on

13-08-2024T15:04:56 - [MESSAGE][PASSED] - Object: 'Object Repository/ADDING_A_NEW_EMPLOYEE/Add_Employee_first_name' is clicked on

13-08-2024T15:04:56 - [TEST_STEP][PASSED] - setText(findTestObject("Object Repository/ADDING_A_NEW_EMPLOYEE/Add_Employee_first_name"), "First_name_" + RandomStringUtils.randomAlphabetic(7)): Text 'First_name_cfWzkaU' is set on object 'Object Repository/ADDING_A_NEW_EMPLOYEE/Add_Employee_first_name'

13-08-2024T15:04:57 - [MESSAGE][PASSED] - Text 'First_name_cfWzkaU' is set on object 'Object Repository/ADDING_A_NEW_EMPLOYEE/Add_Employee_first_name'

13-08-2024T15:04:57 - [TEST_STEP][PASSED] - verifyElementPresent(findTestObject("Object Repository/ADDING_A_NEW_EMPLOYEE/Add_employee_middle_name"), 10): Object 'Object Repository/ADDING_A_NEW_EMPLOYEE/Add_employee_middle_name' is present

13-08-2024T15:04:57 - [MESSAGE][PASSED] - Object 'Object Repository/ADDING_A_NEW_EMPLOYEE/Add_employee_middle_name' is present

13-08-2024T15:04:57 - [TEST_STEP][PASSED] - click(findTestObject("Object Repository/ADDING_A_NEW_EMPLOYEE/Add_employee_middle_name")): Object: 'Object Repository/ADDING_A_NEW_EMPLOYEE/Add_employee_middle_name' is clicked on

13-08-2024T15:04:57 - [MESSAGE][PASSED] - Object: 'Object Repository/ADDING_A_NEW_EMPLOYEE/Add_employee_middle_name' is clicked on

13-08-2024T15:04:57 - [TEST_STEP][PASSED] - setText(findTestObject("Object Repository/ADDING_A_NEW_EMPLOYEE/Add_employee_middle_name"), "Middle_name_" + RandomStringUtils.randomAlphabetic(7)): Text 'Middle_name_aGSoVjo' is set on object 'Object Repository/ADDING_A_NEW_EMPLOYEE/Add_employee_middle_name'

13-08-2024T15:04:58 - [MESSAGE][PASSED] - Text 'Middle_name_aGSoVjo' is set on object 'Object Repository/ADDING_A_NEW_EMPLOYEE/Add_employee_middle_name'

13-08-2024T15:04:58 - [TEST_STEP][PASSED] - verifyElementPresent(findTestObject("Object Repository/ADDING_A_NEW_EMPLOYEE/Add_employee_last_name"), 10): Object 'Object Repository/ADDING_A_NEW_EMPLOYEE/Add_employee_last_name' is present

13-08-2024T15:04:58 - [MESSAGE][PASSED] - Object 'Object Repository/ADDING_A_NEW_EMPLOYEE/Add_employee_last_name' is present

13-08-2024T15:04:58 - [TEST_STEP][PASSED] - click(findTestObject("Object Repository/ADDING_A_NEW_EMPLOYEE/Add_employee_last_name")): Object: 'Object Repository/ADDING_A_NEW_EMPLOYEE/Add_employee_last_name' is clicked on

13-08-2024T15:04:59 - [MESSAGE][PASSED] - Object: 'Object Repository/ADDING_A_NEW_EMPLOYEE/Add_employee_last_name' is clicked on

13-08-2024T15:04:59 - [TEST_STEP][PASSED] - setText(findTestObject("Object Repository/ADDING_A_NEW_EMPLOYEE/Add_employee_last_name"), "Last_name_" + RandomStringUtils.randomAlphabetic(7)): Text 'Last_name_dxgonBy' is set on object 'Object Repository/ADDING_A_NEW_EMPLOYEE/Add_employee_last_name'

13-08-2024T15:04:59 - [MESSAGE][PASSED] - Text 'Last_name_dxgonBy' is set on object 'Object Repository/ADDING_A_NEW_EMPLOYEE/Add_employee_last_name'

13-08-2024T15:04:59 - [TEST_STEP][PASSED] - randomString_001 = RandomStringUtils.randomNumeric(6): null

13-08-2024T15:04:59 - [TEST_STEP][PASSED] - newValue_001 = "333" + randomString_001: null

13-08-2024T15:04:59 - [TEST_STEP][PASSED] - xpath_for_employee_id = "//label[text()='Employee Id']/ancestor::div[@class='oxd-input-group__label-wrapper']/following-sibling::div//input[@class='oxd-input oxd-input--active']": null

13-08-2024T15:04:59 - [TEST_STEP][PASSED] - inputField_001 = TestObject().addProperty("xpath", EQUALS, xpath_for_employee_id): null

13-08-2024T15:04:59 - [TEST_STEP][PASSED] - executeJavaScript(
    var element = document.evaluate("$xpath_for_employee_id", document, null, XPathResult.FIRST_ORDERED_NODE_TYPE, null).singleNodeValue;
    if (element) {
        element.value = '$newValue_001';
        var event = new Event('input', { bubbles: true });
        element.dispatchEvent(event);
    }
    , null): Execute JavaScript '
    var element = document.evaluate("//label[text()='Employee Id']/ancestor::div[@class='oxd-input-group__label-wrapper']/following-sibling::div//input[@class='oxd-input oxd-input--active']", document, null, XPathResult.FIRST_ORDERED_NODE_TYPE, null).singleNodeValue;
    if (element) {
        element.value = '333828326';
        var event = new Event('input', { bubbles: true });
        element.dispatchEvent(event);
    }
    ' successfully

13-08-2024T15:04:59 - [MESSAGE][PASSED] - Execute JavaScript '
    var element = document.evaluate("//label[text()='Employee Id']/ancestor::div[@class='oxd-input-group__label-wrapper']/following-sibling::div//input[@class='oxd-input oxd-input--active']", document, null, XPathResult.FIRST_ORDERED_NODE_TYPE, null).singleNodeValue;
    if (element) {
        element.value = '333828326';
        var event = new Event('input', { bubbles: true });
        element.dispatchEvent(event);
    }
    ' successfully

13-08-2024T15:04:59 - [TEST_STEP][PASSED] - delay(3): Delayed 3 second(s)

13-08-2024T15:05:02 - [MESSAGE][PASSED] - Delayed 3 second(s)

13-08-2024T15:05:02 - [TEST_STEP][PASSED] - randomString_for_password = RandomStringUtils.randomNumeric(6): null

13-08-2024T15:05:02 - [TEST_STEP][PASSED] - new_Value_for_password = "Fiboo" + randomString_for_password + "@@": null

13-08-2024T15:05:02 - [TEST_STEP][PASSED] - xpath_for_password = "//label[text()='Username']/ancestor::div[@class='oxd-input-group__label-wrapper']/following-sibling::div//input[@class='oxd-input oxd-input--active']": null

13-08-2024T15:05:02 - [TEST_STEP][PASSED] - inputField_for_password = TestObject().addProperty("xpath", EQUALS, xpath_for_password): null

13-08-2024T15:05:02 - [TEST_STEP][PASSED] - executeJavaScript(
    var element = document.evaluate("$xpath_for_password", document, null, XPathResult.FIRST_ORDERED_NODE_TYPE, null).singleNodeValue;
    if (element) {
        element.value = '$new_Value_for_password';
        var event = new Event('input', { bubbles: true });
        element.dispatchEvent(event);
    }
    , null): Execute JavaScript '
    var element = document.evaluate("//label[text()='Username']/ancestor::div[@class='oxd-input-group__label-wrapper']/following-sibling::div//input[@class='oxd-input oxd-input--active']", document, null, XPathResult.FIRST_ORDERED_NODE_TYPE, null).singleNodeValue;
    if (element) {
        element.value = 'Fiboo720128@@';
        var event = new Event('input', { bubbles: true });
        element.dispatchEvent(event);
    }
    ' successfully

13-08-2024T15:05:02 - [MESSAGE][PASSED] - Execute JavaScript '
    var element = document.evaluate("//label[text()='Username']/ancestor::div[@class='oxd-input-group__label-wrapper']/following-sibling::div//input[@class='oxd-input oxd-input--active']", document, null, XPathResult.FIRST_ORDERED_NODE_TYPE, null).singleNodeValue;
    if (element) {
        element.value = 'Fiboo720128@@';
        var event = new Event('input', { bubbles: true });
        element.dispatchEvent(event);
    }
    ' successfully

13-08-2024T15:05:02 - [TEST_STEP][PASSED] - delay(1): Delayed 1 second(s)

13-08-2024T15:05:03 - [MESSAGE][PASSED] - Delayed 1 second(s)

13-08-2024T15:05:03 - [TEST_STEP][PASSED] - Password = getAttribute(findTestObject("Object Repository/ADDING_A_NEW_EMPLOYEE/Add_employee_username"), "value"): Attribute 'value' of object 'Object Repository/ADDING_A_NEW_EMPLOYEE/Add_employee_username' is: 'Fiboo720128@@'

13-08-2024T15:05:03 - [MESSAGE][PASSED] - Attribute 'value' of object 'Object Repository/ADDING_A_NEW_EMPLOYEE/Add_employee_username' is: 'Fiboo720128@@'

13-08-2024T15:05:03 - [TEST_STEP][PASSED] - out.println(Password): null

13-08-2024T15:05:03 - [TEST_STEP][PASSED] - new_Value_for_password_001 = Password: null

13-08-2024T15:05:03 - [TEST_STEP][PASSED] - xpath_for_password_001 = "//label[text()='Password']/ancestor::div[@class='oxd-input-group__label-wrapper']/following-sibling::div//input[@class='oxd-input oxd-input--active']": null

13-08-2024T15:05:03 - [TEST_STEP][PASSED] - inputField_for_password_001 = TestObject().addProperty("xpath", EQUALS, xpath_for_password_001): null

13-08-2024T15:05:03 - [TEST_STEP][PASSED] - executeJavaScript(
    var element = document.evaluate("$xpath_for_password_001", document, null, XPathResult.FIRST_ORDERED_NODE_TYPE, null).singleNodeValue;
    if (element) {
        element.value = '$new_Value_for_password_001';
        var event = new Event('input', { bubbles: true });
        element.dispatchEvent(event);
    }
    , null): Execute JavaScript '
    var element = document.evaluate("//label[text()='Password']/ancestor::div[@class='oxd-input-group__label-wrapper']/following-sibling::div//input[@class='oxd-input oxd-input--active']", document, null, XPathResult.FIRST_ORDERED_NODE_TYPE, null).singleNodeValue;
    if (element) {
        element.value = 'Fiboo720128@@';
        var event = new Event('input', { bubbles: true });
        element.dispatchEvent(event);
    }
    ' successfully

13-08-2024T15:05:03 - [MESSAGE][PASSED] - Execute JavaScript '
    var element = document.evaluate("//label[text()='Password']/ancestor::div[@class='oxd-input-group__label-wrapper']/following-sibling::div//input[@class='oxd-input oxd-input--active']", document, null, XPathResult.FIRST_ORDERED_NODE_TYPE, null).singleNodeValue;
    if (element) {
        element.value = 'Fiboo720128@@';
        var event = new Event('input', { bubbles: true });
        element.dispatchEvent(event);
    }
    ' successfully

13-08-2024T15:05:03 - [TEST_STEP][PASSED] - delay(1): Delayed 1 second(s)

13-08-2024T15:05:04 - [MESSAGE][PASSED] - Delayed 1 second(s)

13-08-2024T15:05:04 - [TEST_STEP][PASSED] - new_Value_for_password_002 = Password: null

13-08-2024T15:05:04 - [TEST_STEP][PASSED] - xpath_for_password_002 = "//label[text()='Confirm Password']/ancestor::div[@class='oxd-input-group__label-wrapper']/following-sibling::div//input[@class='oxd-input oxd-input--active']": null

13-08-2024T15:05:04 - [TEST_STEP][PASSED] - inputField_for_password_002 = TestObject().addProperty("xpath", EQUALS, xpath_for_password_002): null

13-08-2024T15:05:04 - [TEST_STEP][PASSED] - executeJavaScript(
    var element = document.evaluate("$xpath_for_password_002", document, null, XPathResult.FIRST_ORDERED_NODE_TYPE, null).singleNodeValue;
    if (element) {
        element.value = '$new_Value_for_password_002';
        var event = new Event('input', { bubbles: true });
        element.dispatchEvent(event);
    }
    , null): Execute JavaScript '
    var element = document.evaluate("//label[text()='Confirm Password']/ancestor::div[@class='oxd-input-group__label-wrapper']/following-sibling::div//input[@class='oxd-input oxd-input--active']", document, null, XPathResult.FIRST_ORDERED_NODE_TYPE, null).singleNodeValue;
    if (element) {
        element.value = 'Fiboo720128@@';
        var event = new Event('input', { bubbles: true });
        element.dispatchEvent(event);
    }
    ' successfully

13-08-2024T15:05:05 - [MESSAGE][PASSED] - Execute JavaScript '
    var element = document.evaluate("//label[text()='Confirm Password']/ancestor::div[@class='oxd-input-group__label-wrapper']/following-sibling::div//input[@class='oxd-input oxd-input--active']", document, null, XPathResult.FIRST_ORDERED_NODE_TYPE, null).singleNodeValue;
    if (element) {
        element.value = 'Fiboo720128@@';
        var event = new Event('input', { bubbles: true });
        element.dispatchEvent(event);
    }
    ' successfully

13-08-2024T15:05:05 - [TEST_STEP][PASSED] - delay(1): Delayed 1 second(s)

13-08-2024T15:05:06 - [MESSAGE][PASSED] - Delayed 1 second(s)

13-08-2024T15:05:06 - [TEST_STEP][PASSED] - randomString = RandomStringUtils.randomAlphabetic(7): null

13-08-2024T15:05:06 - [TEST_STEP][PASSED] - newValue = "User_name_" + randomString: null

13-08-2024T15:05:06 - [TEST_STEP][PASSED] - xpath_for_user_name = "//label[text()='Username']/ancestor::div[@class='oxd-input-group__label-wrapper']/following-sibling::div//input[@class='oxd-input oxd-input--active']": null

13-08-2024T15:05:06 - [TEST_STEP][PASSED] - inputField = TestObject().addProperty("xpath", EQUALS, xpath_for_user_name): null

13-08-2024T15:05:06 - [TEST_STEP][PASSED] - executeJavaScript(
    var element = document.evaluate("$xpath_for_user_name", document, null, XPathResult.FIRST_ORDERED_NODE_TYPE, null).singleNodeValue;
    if (element) {
        element.value = '$newValue';
        var event = new Event('input', { bubbles: true });
        element.dispatchEvent(event);
    }
    , null): Execute JavaScript '
    var element = document.evaluate("//label[text()='Username']/ancestor::div[@class='oxd-input-group__label-wrapper']/following-sibling::div//input[@class='oxd-input oxd-input--active']", document, null, XPathResult.FIRST_ORDERED_NODE_TYPE, null).singleNodeValue;
    if (element) {
        element.value = 'User_name_pgQspQV';
        var event = new Event('input', { bubbles: true });
        element.dispatchEvent(event);
    }
    ' successfully

13-08-2024T15:05:06 - [MESSAGE][PASSED] - Execute JavaScript '
    var element = document.evaluate("//label[text()='Username']/ancestor::div[@class='oxd-input-group__label-wrapper']/following-sibling::div//input[@class='oxd-input oxd-input--active']", document, null, XPathResult.FIRST_ORDERED_NODE_TYPE, null).singleNodeValue;
    if (element) {
        element.value = 'User_name_pgQspQV';
        var event = new Event('input', { bubbles: true });
        element.dispatchEvent(event);
    }
    ' successfully

13-08-2024T15:05:06 - [TEST_STEP][PASSED] - delay(1): Delayed 1 second(s)

13-08-2024T15:05:07 - [MESSAGE][PASSED] - Delayed 1 second(s)

13-08-2024T15:05:07 - [TEST_STEP][PASSED] - User_name = getAttribute(findTestObject("Object Repository/ADDING_A_NEW_EMPLOYEE/Add_employee_username"), "value"): Attribute 'value' of object 'Object Repository/ADDING_A_NEW_EMPLOYEE/Add_employee_username' is: 'User_name_pgQspQV'

13-08-2024T15:05:08 - [MESSAGE][PASSED] - Attribute 'value' of object 'Object Repository/ADDING_A_NEW_EMPLOYEE/Add_employee_username' is: 'User_name_pgQspQV'

13-08-2024T15:05:08 - [TEST_STEP][PASSED] - out.println(User_name): null

13-08-2024T15:05:08 - [TEST_STEP][PASSED] - out.println(Password): null

13-08-2024T15:05:08 - [TEST_STEP][PASSED] - First_name = getAttribute(findTestObject("Object Repository/ADDING_A_NEW_EMPLOYEE/Add_Employee_first_name"), "value"): Attribute 'value' of object 'Object Repository/ADDING_A_NEW_EMPLOYEE/Add_Employee_first_name' is: 'First_name_cfWzkaU'

13-08-2024T15:05:08 - [MESSAGE][PASSED] - Attribute 'value' of object 'Object Repository/ADDING_A_NEW_EMPLOYEE/Add_Employee_first_name' is: 'First_name_cfWzkaU'

13-08-2024T15:05:08 - [TEST_STEP][PASSED] - out.println(First_name): null

13-08-2024T15:05:08 - [TEST_STEP][PASSED] - Middle_name = getAttribute(findTestObject("Object Repository/ADDING_A_NEW_EMPLOYEE/Add_employee_middle_name"), "value"): Attribute 'value' of object 'Object Repository/ADDING_A_NEW_EMPLOYEE/Add_employee_middle_name' is: 'Middle_name_aGSoVjo'

13-08-2024T15:05:08 - [MESSAGE][PASSED] - Attribute 'value' of object 'Object Repository/ADDING_A_NEW_EMPLOYEE/Add_employee_middle_name' is: 'Middle_name_aGSoVjo'

13-08-2024T15:05:08 - [TEST_STEP][PASSED] - out.println(Middle_name): null

13-08-2024T15:05:08 - [TEST_STEP][PASSED] - Last_name = getAttribute(findTestObject("Object Repository/ADDING_A_NEW_EMPLOYEE/Add_employee_last_name"), "value"): Attribute 'value' of object 'Object Repository/ADDING_A_NEW_EMPLOYEE/Add_employee_last_name' is: 'Last_name_dxgonBy'

13-08-2024T15:05:08 - [MESSAGE][PASSED] - Attribute 'value' of object 'Object Repository/ADDING_A_NEW_EMPLOYEE/Add_employee_last_name' is: 'Last_name_dxgonBy'

13-08-2024T15:05:08 - [TEST_STEP][PASSED] - out.println(Last_name): null

13-08-2024T15:05:08 - [TEST_STEP][PASSED] - employee_id = getAttribute(findTestObject("Object Repository/ADDING_A_NEW_EMPLOYEE/Add_employee_id"), "value"): Attribute 'value' of object 'Object Repository/ADDING_A_NEW_EMPLOYEE/Add_employee_id' is: '333828326'

13-08-2024T15:05:09 - [MESSAGE][PASSED] - Attribute 'value' of object 'Object Repository/ADDING_A_NEW_EMPLOYEE/Add_employee_id' is: '333828326'

13-08-2024T15:05:09 - [TEST_STEP][PASSED] - out.println(employee_id): null

13-08-2024T15:05:09 - [TEST_STEP][PASSED] - delay(3): Delayed 3 second(s)

13-08-2024T15:05:12 - [MESSAGE][PASSED] - Delayed 3 second(s)

13-08-2024T15:05:12 - [TEST_STEP][PASSED] - click(findTestObject("Object Repository/ADDING_A_NEW_EMPLOYEE/Add_employee_save_button")): Object: 'Object Repository/ADDING_A_NEW_EMPLOYEE/Add_employee_save_button' is clicked on

13-08-2024T15:05:12 - [MESSAGE][PASSED] - Object: 'Object Repository/ADDING_A_NEW_EMPLOYEE/Add_employee_save_button' is clicked on

13-08-2024T15:05:12 - [TEST_STEP][PASSED] - delay(2): Delayed 2 second(s)

13-08-2024T15:05:14 - [MESSAGE][PASSED] - Delayed 2 second(s)

13-08-2024T15:05:14 - [MESSAGE][PASSED] - Call Test Case 'Test Cases/ADDING_A_NEW_EMPLOYEE' successfully

13-08-2024T15:05:14 - [TEST_STEP][PASSED] - rowIndex = sheet.getLastRowNum() + 1: null

13-08-2024T15:05:14 - [TEST_STEP][PASSED] - row = sheet.createRow(rowIndex): null

13-08-2024T15:05:14 - [TEST_STEP][PASSED] - createCell(0).setCellValue(First_name): null

13-08-2024T15:05:14 - [TEST_STEP][PASSED] - createCell(1).setCellValue(Middle_name): null

13-08-2024T15:05:14 - [TEST_STEP][PASSED] - createCell(2).setCellValue(Last_name): null

13-08-2024T15:05:14 - [TEST_STEP][PASSED] - createCell(3).setCellValue(User_name): null

13-08-2024T15:05:14 - [TEST_STEP][PASSED] - createCell(4).setCellValue(Password): null

13-08-2024T15:05:14 - [TEST_STEP][PASSED] - createCell(5).setCellValue(employee_id): null

13-08-2024T15:05:14 - [TEST_STEP][PASSED] - callTestCase(findTestCase("ADDING_A_NEW_EMPLOYEE"), [:], STOP_ON_FAILURE): Call Test Case 'Test Cases/ADDING_A_NEW_EMPLOYEE' successfully

13-08-2024T15:05:14 - [TEST_CASE][PASSED] - Test Cases/ADDING_A_NEW_EMPLOYEE: Test Cases/ADDING_A_NEW_EMPLOYEE

13-08-2024T15:05:14 - [TEST_STEP][PASSED] - verifyElementPresent(findTestObject("ADDING_A_NEW_EMPLOYEE/pim_option_from_side_bar"), 10): Object 'Object Repository/ADDING_A_NEW_EMPLOYEE/pim_option_from_side_bar' is present

13-08-2024T15:05:15 - [MESSAGE][PASSED] - Object 'Object Repository/ADDING_A_NEW_EMPLOYEE/pim_option_from_side_bar' is present

13-08-2024T15:05:15 - [TEST_STEP][PASSED] - click(findTestObject("ADDING_A_NEW_EMPLOYEE/pim_option_from_side_bar")): Object: 'Object Repository/ADDING_A_NEW_EMPLOYEE/pim_option_from_side_bar' is clicked on

13-08-2024T15:05:16 - [MESSAGE][PASSED] - Object: 'Object Repository/ADDING_A_NEW_EMPLOYEE/pim_option_from_side_bar' is clicked on

13-08-2024T15:05:16 - [TEST_STEP][PASSED] - waitForElementPresent(findTestObject("ADDING_A_NEW_EMPLOYEE/adding_new_employee_button_in_pim_page"), 10): Object 'Object Repository/ADDING_A_NEW_EMPLOYEE/adding_new_employee_button_in_pim_page' is present

13-08-2024T15:05:18 - [MESSAGE][PASSED] - Object 'Object Repository/ADDING_A_NEW_EMPLOYEE/adding_new_employee_button_in_pim_page' is present

13-08-2024T15:05:18 - [TEST_STEP][PASSED] - click(findTestObject("ADDING_A_NEW_EMPLOYEE/adding_new_employee_button_in_pim_page")): Object: 'Object Repository/ADDING_A_NEW_EMPLOYEE/adding_new_employee_button_in_pim_page' is clicked on

13-08-2024T15:05:18 - [MESSAGE][PASSED] - Object: 'Object Repository/ADDING_A_NEW_EMPLOYEE/adding_new_employee_button_in_pim_page' is clicked on

13-08-2024T15:05:18 - [TEST_STEP][PASSED] - verifyElementPresent(findTestObject("ADDING_A_NEW_EMPLOYEE/create_login_details_checkbox"), 10): Object 'Object Repository/ADDING_A_NEW_EMPLOYEE/create_login_details_checkbox' is present

13-08-2024T15:05:20 - [MESSAGE][PASSED] - Object 'Object Repository/ADDING_A_NEW_EMPLOYEE/create_login_details_checkbox' is present

13-08-2024T15:05:20 - [TEST_STEP][PASSED] - click(findTestObject("ADDING_A_NEW_EMPLOYEE/create_login_details_checkbox")): Object: 'Object Repository/ADDING_A_NEW_EMPLOYEE/create_login_details_checkbox' is clicked on

13-08-2024T15:05:20 - [MESSAGE][PASSED] - Object: 'Object Repository/ADDING_A_NEW_EMPLOYEE/create_login_details_checkbox' is clicked on

13-08-2024T15:05:20 - [TEST_STEP][PASSED] - verifyElementPresent(findTestObject("Object Repository/ADDING_A_NEW_EMPLOYEE/Add_employee_enabled_radio_button"), 10): Object 'Object Repository/ADDING_A_NEW_EMPLOYEE/Add_employee_enabled_radio_button' is present

13-08-2024T15:05:21 - [MESSAGE][PASSED] - Object 'Object Repository/ADDING_A_NEW_EMPLOYEE/Add_employee_enabled_radio_button' is present

13-08-2024T15:05:21 - [TEST_STEP][PASSED] - click(findTestObject("Object Repository/ADDING_A_NEW_EMPLOYEE/Add_employee_enabled_radio_button")): Object: 'Object Repository/ADDING_A_NEW_EMPLOYEE/Add_employee_enabled_radio_button' is clicked on

13-08-2024T15:05:21 - [MESSAGE][PASSED] - Object: 'Object Repository/ADDING_A_NEW_EMPLOYEE/Add_employee_enabled_radio_button' is clicked on

13-08-2024T15:05:21 - [TEST_STEP][PASSED] - verifyElementPresent(findTestObject("Object Repository/ADDING_A_NEW_EMPLOYEE/Add_Employee_first_name"), 10): Object 'Object Repository/ADDING_A_NEW_EMPLOYEE/Add_Employee_first_name' is present

13-08-2024T15:05:21 - [MESSAGE][PASSED] - Object 'Object Repository/ADDING_A_NEW_EMPLOYEE/Add_Employee_first_name' is present

13-08-2024T15:05:21 - [TEST_STEP][PASSED] - click(findTestObject("Object Repository/ADDING_A_NEW_EMPLOYEE/Add_Employee_first_name")): Object: 'Object Repository/ADDING_A_NEW_EMPLOYEE/Add_Employee_first_name' is clicked on

13-08-2024T15:05:21 - [MESSAGE][PASSED] - Object: 'Object Repository/ADDING_A_NEW_EMPLOYEE/Add_Employee_first_name' is clicked on

13-08-2024T15:05:21 - [TEST_STEP][PASSED] - setText(findTestObject("Object Repository/ADDING_A_NEW_EMPLOYEE/Add_Employee_first_name"), "First_name_" + RandomStringUtils.randomAlphabetic(7)): Text 'First_name_ZaZgedh' is set on object 'Object Repository/ADDING_A_NEW_EMPLOYEE/Add_Employee_first_name'

13-08-2024T15:05:22 - [MESSAGE][PASSED] - Text 'First_name_ZaZgedh' is set on object 'Object Repository/ADDING_A_NEW_EMPLOYEE/Add_Employee_first_name'

13-08-2024T15:05:22 - [TEST_STEP][PASSED] - verifyElementPresent(findTestObject("Object Repository/ADDING_A_NEW_EMPLOYEE/Add_employee_middle_name"), 10): Object 'Object Repository/ADDING_A_NEW_EMPLOYEE/Add_employee_middle_name' is present

13-08-2024T15:05:22 - [MESSAGE][PASSED] - Object 'Object Repository/ADDING_A_NEW_EMPLOYEE/Add_employee_middle_name' is present

13-08-2024T15:05:22 - [TEST_STEP][PASSED] - click(findTestObject("Object Repository/ADDING_A_NEW_EMPLOYEE/Add_employee_middle_name")): Object: 'Object Repository/ADDING_A_NEW_EMPLOYEE/Add_employee_middle_name' is clicked on

13-08-2024T15:05:23 - [MESSAGE][PASSED] - Object: 'Object Repository/ADDING_A_NEW_EMPLOYEE/Add_employee_middle_name' is clicked on

13-08-2024T15:05:23 - [TEST_STEP][PASSED] - setText(findTestObject("Object Repository/ADDING_A_NEW_EMPLOYEE/Add_employee_middle_name"), "Middle_name_" + RandomStringUtils.randomAlphabetic(7)): Text 'Middle_name_FvBTNMx' is set on object 'Object Repository/ADDING_A_NEW_EMPLOYEE/Add_employee_middle_name'

13-08-2024T15:05:23 - [MESSAGE][PASSED] - Text 'Middle_name_FvBTNMx' is set on object 'Object Repository/ADDING_A_NEW_EMPLOYEE/Add_employee_middle_name'

13-08-2024T15:05:23 - [TEST_STEP][PASSED] - verifyElementPresent(findTestObject("Object Repository/ADDING_A_NEW_EMPLOYEE/Add_employee_last_name"), 10): Object 'Object Repository/ADDING_A_NEW_EMPLOYEE/Add_employee_last_name' is present

13-08-2024T15:05:23 - [MESSAGE][PASSED] - Object 'Object Repository/ADDING_A_NEW_EMPLOYEE/Add_employee_last_name' is present

13-08-2024T15:05:23 - [TEST_STEP][PASSED] - click(findTestObject("Object Repository/ADDING_A_NEW_EMPLOYEE/Add_employee_last_name")): Object: 'Object Repository/ADDING_A_NEW_EMPLOYEE/Add_employee_last_name' is clicked on

13-08-2024T15:05:24 - [MESSAGE][PASSED] - Object: 'Object Repository/ADDING_A_NEW_EMPLOYEE/Add_employee_last_name' is clicked on

13-08-2024T15:05:24 - [TEST_STEP][PASSED] - setText(findTestObject("Object Repository/ADDING_A_NEW_EMPLOYEE/Add_employee_last_name"), "Last_name_" + RandomStringUtils.randomAlphabetic(7)): Text 'Last_name_BcxuPWB' is set on object 'Object Repository/ADDING_A_NEW_EMPLOYEE/Add_employee_last_name'

13-08-2024T15:05:24 - [MESSAGE][PASSED] - Text 'Last_name_BcxuPWB' is set on object 'Object Repository/ADDING_A_NEW_EMPLOYEE/Add_employee_last_name'

13-08-2024T15:05:24 - [TEST_STEP][PASSED] - randomString_001 = RandomStringUtils.randomNumeric(6): null

13-08-2024T15:05:24 - [TEST_STEP][PASSED] - newValue_001 = "333" + randomString_001: null

13-08-2024T15:05:24 - [TEST_STEP][PASSED] - xpath_for_employee_id = "//label[text()='Employee Id']/ancestor::div[@class='oxd-input-group__label-wrapper']/following-sibling::div//input[@class='oxd-input oxd-input--active']": null

13-08-2024T15:05:24 - [TEST_STEP][PASSED] - inputField_001 = TestObject().addProperty("xpath", EQUALS, xpath_for_employee_id): null

13-08-2024T15:05:24 - [TEST_STEP][PASSED] - executeJavaScript(
    var element = document.evaluate("$xpath_for_employee_id", document, null, XPathResult.FIRST_ORDERED_NODE_TYPE, null).singleNodeValue;
    if (element) {
        element.value = '$newValue_001';
        var event = new Event('input', { bubbles: true });
        element.dispatchEvent(event);
    }
    , null): Execute JavaScript '
    var element = document.evaluate("//label[text()='Employee Id']/ancestor::div[@class='oxd-input-group__label-wrapper']/following-sibling::div//input[@class='oxd-input oxd-input--active']", document, null, XPathResult.FIRST_ORDERED_NODE_TYPE, null).singleNodeValue;
    if (element) {
        element.value = '333488423';
        var event = new Event('input', { bubbles: true });
        element.dispatchEvent(event);
    }
    ' successfully

13-08-2024T15:05:24 - [MESSAGE][PASSED] - Execute JavaScript '
    var element = document.evaluate("//label[text()='Employee Id']/ancestor::div[@class='oxd-input-group__label-wrapper']/following-sibling::div//input[@class='oxd-input oxd-input--active']", document, null, XPathResult.FIRST_ORDERED_NODE_TYPE, null).singleNodeValue;
    if (element) {
        element.value = '333488423';
        var event = new Event('input', { bubbles: true });
        element.dispatchEvent(event);
    }
    ' successfully

13-08-2024T15:05:24 - [TEST_STEP][PASSED] - delay(3): Delayed 3 second(s)

13-08-2024T15:05:27 - [MESSAGE][PASSED] - Delayed 3 second(s)

13-08-2024T15:05:27 - [TEST_STEP][PASSED] - randomString_for_password = RandomStringUtils.randomNumeric(6): null

13-08-2024T15:05:27 - [TEST_STEP][PASSED] - new_Value_for_password = "Fiboo" + randomString_for_password + "@@": null

13-08-2024T15:05:27 - [TEST_STEP][PASSED] - xpath_for_password = "//label[text()='Username']/ancestor::div[@class='oxd-input-group__label-wrapper']/following-sibling::div//input[@class='oxd-input oxd-input--active']": null

13-08-2024T15:05:27 - [TEST_STEP][PASSED] - inputField_for_password = TestObject().addProperty("xpath", EQUALS, xpath_for_password): null

13-08-2024T15:05:27 - [TEST_STEP][PASSED] - executeJavaScript(
    var element = document.evaluate("$xpath_for_password", document, null, XPathResult.FIRST_ORDERED_NODE_TYPE, null).singleNodeValue;
    if (element) {
        element.value = '$new_Value_for_password';
        var event = new Event('input', { bubbles: true });
        element.dispatchEvent(event);
    }
    , null): Execute JavaScript '
    var element = document.evaluate("//label[text()='Username']/ancestor::div[@class='oxd-input-group__label-wrapper']/following-sibling::div//input[@class='oxd-input oxd-input--active']", document, null, XPathResult.FIRST_ORDERED_NODE_TYPE, null).singleNodeValue;
    if (element) {
        element.value = 'Fiboo324512@@';
        var event = new Event('input', { bubbles: true });
        element.dispatchEvent(event);
    }
    ' successfully

13-08-2024T15:05:27 - [MESSAGE][PASSED] - Execute JavaScript '
    var element = document.evaluate("//label[text()='Username']/ancestor::div[@class='oxd-input-group__label-wrapper']/following-sibling::div//input[@class='oxd-input oxd-input--active']", document, null, XPathResult.FIRST_ORDERED_NODE_TYPE, null).singleNodeValue;
    if (element) {
        element.value = 'Fiboo324512@@';
        var event = new Event('input', { bubbles: true });
        element.dispatchEvent(event);
    }
    ' successfully

13-08-2024T15:05:27 - [TEST_STEP][PASSED] - delay(1): Delayed 1 second(s)

13-08-2024T15:05:28 - [MESSAGE][PASSED] - Delayed 1 second(s)

13-08-2024T15:05:28 - [TEST_STEP][PASSED] - Password = getAttribute(findTestObject("Object Repository/ADDING_A_NEW_EMPLOYEE/Add_employee_username"), "value"): Attribute 'value' of object 'Object Repository/ADDING_A_NEW_EMPLOYEE/Add_employee_username' is: 'Fiboo324512@@'

13-08-2024T15:05:29 - [MESSAGE][PASSED] - Attribute 'value' of object 'Object Repository/ADDING_A_NEW_EMPLOYEE/Add_employee_username' is: 'Fiboo324512@@'

13-08-2024T15:05:29 - [TEST_STEP][PASSED] - out.println(Password): null

13-08-2024T15:05:29 - [TEST_STEP][PASSED] - new_Value_for_password_001 = Password: null

13-08-2024T15:05:29 - [TEST_STEP][PASSED] - xpath_for_password_001 = "//label[text()='Password']/ancestor::div[@class='oxd-input-group__label-wrapper']/following-sibling::div//input[@class='oxd-input oxd-input--active']": null

13-08-2024T15:05:29 - [TEST_STEP][PASSED] - inputField_for_password_001 = TestObject().addProperty("xpath", EQUALS, xpath_for_password_001): null

13-08-2024T15:05:29 - [TEST_STEP][PASSED] - executeJavaScript(
    var element = document.evaluate("$xpath_for_password_001", document, null, XPathResult.FIRST_ORDERED_NODE_TYPE, null).singleNodeValue;
    if (element) {
        element.value = '$new_Value_for_password_001';
        var event = new Event('input', { bubbles: true });
        element.dispatchEvent(event);
    }
    , null): Execute JavaScript '
    var element = document.evaluate("//label[text()='Password']/ancestor::div[@class='oxd-input-group__label-wrapper']/following-sibling::div//input[@class='oxd-input oxd-input--active']", document, null, XPathResult.FIRST_ORDERED_NODE_TYPE, null).singleNodeValue;
    if (element) {
        element.value = 'Fiboo324512@@';
        var event = new Event('input', { bubbles: true });
        element.dispatchEvent(event);
    }
    ' successfully

13-08-2024T15:05:29 - [MESSAGE][PASSED] - Execute JavaScript '
    var element = document.evaluate("//label[text()='Password']/ancestor::div[@class='oxd-input-group__label-wrapper']/following-sibling::div//input[@class='oxd-input oxd-input--active']", document, null, XPathResult.FIRST_ORDERED_NODE_TYPE, null).singleNodeValue;
    if (element) {
        element.value = 'Fiboo324512@@';
        var event = new Event('input', { bubbles: true });
        element.dispatchEvent(event);
    }
    ' successfully

13-08-2024T15:05:29 - [TEST_STEP][PASSED] - delay(1): Delayed 1 second(s)

13-08-2024T15:05:30 - [MESSAGE][PASSED] - Delayed 1 second(s)

13-08-2024T15:05:30 - [TEST_STEP][PASSED] - new_Value_for_password_002 = Password: null

13-08-2024T15:05:30 - [TEST_STEP][PASSED] - xpath_for_password_002 = "//label[text()='Confirm Password']/ancestor::div[@class='oxd-input-group__label-wrapper']/following-sibling::div//input[@class='oxd-input oxd-input--active']": null

13-08-2024T15:05:30 - [TEST_STEP][PASSED] - inputField_for_password_002 = TestObject().addProperty("xpath", EQUALS, xpath_for_password_002): null

13-08-2024T15:05:30 - [TEST_STEP][PASSED] - executeJavaScript(
    var element = document.evaluate("$xpath_for_password_002", document, null, XPathResult.FIRST_ORDERED_NODE_TYPE, null).singleNodeValue;
    if (element) {
        element.value = '$new_Value_for_password_002';
        var event = new Event('input', { bubbles: true });
        element.dispatchEvent(event);
    }
    , null): Execute JavaScript '
    var element = document.evaluate("//label[text()='Confirm Password']/ancestor::div[@class='oxd-input-group__label-wrapper']/following-sibling::div//input[@class='oxd-input oxd-input--active']", document, null, XPathResult.FIRST_ORDERED_NODE_TYPE, null).singleNodeValue;
    if (element) {
        element.value = 'Fiboo324512@@';
        var event = new Event('input', { bubbles: true });
        element.dispatchEvent(event);
    }
    ' successfully

13-08-2024T15:05:30 - [MESSAGE][PASSED] - Execute JavaScript '
    var element = document.evaluate("//label[text()='Confirm Password']/ancestor::div[@class='oxd-input-group__label-wrapper']/following-sibling::div//input[@class='oxd-input oxd-input--active']", document, null, XPathResult.FIRST_ORDERED_NODE_TYPE, null).singleNodeValue;
    if (element) {
        element.value = 'Fiboo324512@@';
        var event = new Event('input', { bubbles: true });
        element.dispatchEvent(event);
    }
    ' successfully

13-08-2024T15:05:30 - [TEST_STEP][PASSED] - delay(1): Delayed 1 second(s)

13-08-2024T15:05:31 - [MESSAGE][PASSED] - Delayed 1 second(s)

13-08-2024T15:05:31 - [TEST_STEP][PASSED] - randomString = RandomStringUtils.randomAlphabetic(7): null

13-08-2024T15:05:31 - [TEST_STEP][PASSED] - newValue = "User_name_" + randomString: null

13-08-2024T15:05:31 - [TEST_STEP][PASSED] - xpath_for_user_name = "//label[text()='Username']/ancestor::div[@class='oxd-input-group__label-wrapper']/following-sibling::div//input[@class='oxd-input oxd-input--active']": null

13-08-2024T15:05:31 - [TEST_STEP][PASSED] - inputField = TestObject().addProperty("xpath", EQUALS, xpath_for_user_name): null

13-08-2024T15:05:31 - [TEST_STEP][PASSED] - executeJavaScript(
    var element = document.evaluate("$xpath_for_user_name", document, null, XPathResult.FIRST_ORDERED_NODE_TYPE, null).singleNodeValue;
    if (element) {
        element.value = '$newValue';
        var event = new Event('input', { bubbles: true });
        element.dispatchEvent(event);
    }
    , null): Execute JavaScript '
    var element = document.evaluate("//label[text()='Username']/ancestor::div[@class='oxd-input-group__label-wrapper']/following-sibling::div//input[@class='oxd-input oxd-input--active']", document, null, XPathResult.FIRST_ORDERED_NODE_TYPE, null).singleNodeValue;
    if (element) {
        element.value = 'User_name_NEnuzBf';
        var event = new Event('input', { bubbles: true });
        element.dispatchEvent(event);
    }
    ' successfully

13-08-2024T15:05:31 - [MESSAGE][PASSED] - Execute JavaScript '
    var element = document.evaluate("//label[text()='Username']/ancestor::div[@class='oxd-input-group__label-wrapper']/following-sibling::div//input[@class='oxd-input oxd-input--active']", document, null, XPathResult.FIRST_ORDERED_NODE_TYPE, null).singleNodeValue;
    if (element) {
        element.value = 'User_name_NEnuzBf';
        var event = new Event('input', { bubbles: true });
        element.dispatchEvent(event);
    }
    ' successfully

13-08-2024T15:05:31 - [TEST_STEP][PASSED] - delay(1): Delayed 1 second(s)

13-08-2024T15:05:32 - [MESSAGE][PASSED] - Delayed 1 second(s)

13-08-2024T15:05:32 - [TEST_STEP][PASSED] - User_name = getAttribute(findTestObject("Object Repository/ADDING_A_NEW_EMPLOYEE/Add_employee_username"), "value"): Attribute 'value' of object 'Object Repository/ADDING_A_NEW_EMPLOYEE/Add_employee_username' is: 'User_name_NEnuzBf'

13-08-2024T15:05:32 - [MESSAGE][PASSED] - Attribute 'value' of object 'Object Repository/ADDING_A_NEW_EMPLOYEE/Add_employee_username' is: 'User_name_NEnuzBf'

13-08-2024T15:05:32 - [TEST_STEP][PASSED] - out.println(User_name): null

13-08-2024T15:05:32 - [TEST_STEP][PASSED] - out.println(Password): null

13-08-2024T15:05:32 - [TEST_STEP][PASSED] - First_name = getAttribute(findTestObject("Object Repository/ADDING_A_NEW_EMPLOYEE/Add_Employee_first_name"), "value"): Attribute 'value' of object 'Object Repository/ADDING_A_NEW_EMPLOYEE/Add_Employee_first_name' is: 'First_name_ZaZgedh'

13-08-2024T15:05:32 - [MESSAGE][PASSED] - Attribute 'value' of object 'Object Repository/ADDING_A_NEW_EMPLOYEE/Add_Employee_first_name' is: 'First_name_ZaZgedh'

13-08-2024T15:05:32 - [TEST_STEP][PASSED] - out.println(First_name): null

13-08-2024T15:05:32 - [TEST_STEP][PASSED] - Middle_name = getAttribute(findTestObject("Object Repository/ADDING_A_NEW_EMPLOYEE/Add_employee_middle_name"), "value"): Attribute 'value' of object 'Object Repository/ADDING_A_NEW_EMPLOYEE/Add_employee_middle_name' is: 'Middle_name_FvBTNMx'

13-08-2024T15:05:32 - [MESSAGE][PASSED] - Attribute 'value' of object 'Object Repository/ADDING_A_NEW_EMPLOYEE/Add_employee_middle_name' is: 'Middle_name_FvBTNMx'

13-08-2024T15:05:32 - [TEST_STEP][PASSED] - out.println(Middle_name): null

13-08-2024T15:05:32 - [TEST_STEP][PASSED] - Last_name = getAttribute(findTestObject("Object Repository/ADDING_A_NEW_EMPLOYEE/Add_employee_last_name"), "value"): Attribute 'value' of object 'Object Repository/ADDING_A_NEW_EMPLOYEE/Add_employee_last_name' is: 'Last_name_BcxuPWB'

13-08-2024T15:05:33 - [MESSAGE][PASSED] - Attribute 'value' of object 'Object Repository/ADDING_A_NEW_EMPLOYEE/Add_employee_last_name' is: 'Last_name_BcxuPWB'

13-08-2024T15:05:33 - [TEST_STEP][PASSED] - out.println(Last_name): null

13-08-2024T15:05:33 - [TEST_STEP][PASSED] - employee_id = getAttribute(findTestObject("Object Repository/ADDING_A_NEW_EMPLOYEE/Add_employee_id"), "value"): Attribute 'value' of object 'Object Repository/ADDING_A_NEW_EMPLOYEE/Add_employee_id' is: '333488423'

13-08-2024T15:05:33 - [MESSAGE][PASSED] - Attribute 'value' of object 'Object Repository/ADDING_A_NEW_EMPLOYEE/Add_employee_id' is: '333488423'

13-08-2024T15:05:33 - [TEST_STEP][PASSED] - out.println(employee_id): null

13-08-2024T15:05:33 - [TEST_STEP][PASSED] - delay(3): Delayed 3 second(s)

13-08-2024T15:05:36 - [MESSAGE][PASSED] - Delayed 3 second(s)

13-08-2024T15:05:36 - [TEST_STEP][PASSED] - click(findTestObject("Object Repository/ADDING_A_NEW_EMPLOYEE/Add_employee_save_button")): Object: 'Object Repository/ADDING_A_NEW_EMPLOYEE/Add_employee_save_button' is clicked on

13-08-2024T15:05:36 - [MESSAGE][PASSED] - Object: 'Object Repository/ADDING_A_NEW_EMPLOYEE/Add_employee_save_button' is clicked on

13-08-2024T15:05:36 - [TEST_STEP][PASSED] - delay(2): Delayed 2 second(s)

13-08-2024T15:05:38 - [MESSAGE][PASSED] - Delayed 2 second(s)

13-08-2024T15:05:38 - [MESSAGE][PASSED] - Call Test Case 'Test Cases/ADDING_A_NEW_EMPLOYEE' successfully

13-08-2024T15:05:38 - [TEST_STEP][PASSED] - rowIndex = sheet.getLastRowNum() + 1: null

13-08-2024T15:05:38 - [TEST_STEP][PASSED] - row = sheet.createRow(rowIndex): null

13-08-2024T15:05:38 - [TEST_STEP][PASSED] - createCell(0).setCellValue(First_name): null

13-08-2024T15:05:38 - [TEST_STEP][PASSED] - createCell(1).setCellValue(Middle_name): null

13-08-2024T15:05:38 - [TEST_STEP][PASSED] - createCell(2).setCellValue(Last_name): null

13-08-2024T15:05:38 - [TEST_STEP][PASSED] - createCell(3).setCellValue(User_name): null

13-08-2024T15:05:38 - [TEST_STEP][PASSED] - createCell(4).setCellValue(Password): null

13-08-2024T15:05:38 - [TEST_STEP][PASSED] - createCell(5).setCellValue(employee_id): null

13-08-2024T15:05:38 - [TEST_STEP][PASSED] - callTestCase(findTestCase("ADDING_A_NEW_EMPLOYEE"), [:], STOP_ON_FAILURE): Call Test Case 'Test Cases/ADDING_A_NEW_EMPLOYEE' successfully

13-08-2024T15:05:38 - [TEST_CASE][PASSED] - Test Cases/ADDING_A_NEW_EMPLOYEE: Test Cases/ADDING_A_NEW_EMPLOYEE

13-08-2024T15:05:38 - [TEST_STEP][PASSED] - verifyElementPresent(findTestObject("ADDING_A_NEW_EMPLOYEE/pim_option_from_side_bar"), 10): Object 'Object Repository/ADDING_A_NEW_EMPLOYEE/pim_option_from_side_bar' is present

13-08-2024T15:05:39 - [MESSAGE][PASSED] - Object 'Object Repository/ADDING_A_NEW_EMPLOYEE/pim_option_from_side_bar' is present

13-08-2024T15:05:39 - [TEST_STEP][PASSED] - click(findTestObject("ADDING_A_NEW_EMPLOYEE/pim_option_from_side_bar")): Object: 'Object Repository/ADDING_A_NEW_EMPLOYEE/pim_option_from_side_bar' is clicked on

13-08-2024T15:05:40 - [MESSAGE][PASSED] - Object: 'Object Repository/ADDING_A_NEW_EMPLOYEE/pim_option_from_side_bar' is clicked on

13-08-2024T15:05:40 - [TEST_STEP][PASSED] - waitForElementPresent(findTestObject("ADDING_A_NEW_EMPLOYEE/adding_new_employee_button_in_pim_page"), 10): Object 'Object Repository/ADDING_A_NEW_EMPLOYEE/adding_new_employee_button_in_pim_page' is present

13-08-2024T15:05:42 - [MESSAGE][PASSED] - Object 'Object Repository/ADDING_A_NEW_EMPLOYEE/adding_new_employee_button_in_pim_page' is present

13-08-2024T15:05:42 - [TEST_STEP][PASSED] - click(findTestObject("ADDING_A_NEW_EMPLOYEE/adding_new_employee_button_in_pim_page")): Object: 'Object Repository/ADDING_A_NEW_EMPLOYEE/adding_new_employee_button_in_pim_page' is clicked on

13-08-2024T15:05:43 - [MESSAGE][PASSED] - Object: 'Object Repository/ADDING_A_NEW_EMPLOYEE/adding_new_employee_button_in_pim_page' is clicked on

13-08-2024T15:05:43 - [TEST_STEP][PASSED] - verifyElementPresent(findTestObject("ADDING_A_NEW_EMPLOYEE/create_login_details_checkbox"), 10): Object 'Object Repository/ADDING_A_NEW_EMPLOYEE/create_login_details_checkbox' is present

13-08-2024T15:05:44 - [MESSAGE][PASSED] - Object 'Object Repository/ADDING_A_NEW_EMPLOYEE/create_login_details_checkbox' is present

13-08-2024T15:05:44 - [TEST_STEP][PASSED] - click(findTestObject("ADDING_A_NEW_EMPLOYEE/create_login_details_checkbox")): Object: 'Object Repository/ADDING_A_NEW_EMPLOYEE/create_login_details_checkbox' is clicked on

13-08-2024T15:05:44 - [MESSAGE][PASSED] - Object: 'Object Repository/ADDING_A_NEW_EMPLOYEE/create_login_details_checkbox' is clicked on

13-08-2024T15:05:44 - [TEST_STEP][PASSED] - verifyElementPresent(findTestObject("Object Repository/ADDING_A_NEW_EMPLOYEE/Add_employee_enabled_radio_button"), 10): Object 'Object Repository/ADDING_A_NEW_EMPLOYEE/Add_employee_enabled_radio_button' is present

13-08-2024T15:05:45 - [MESSAGE][PASSED] - Object 'Object Repository/ADDING_A_NEW_EMPLOYEE/Add_employee_enabled_radio_button' is present

13-08-2024T15:05:45 - [TEST_STEP][PASSED] - click(findTestObject("Object Repository/ADDING_A_NEW_EMPLOYEE/Add_employee_enabled_radio_button")): Object: 'Object Repository/ADDING_A_NEW_EMPLOYEE/Add_employee_enabled_radio_button' is clicked on

13-08-2024T15:05:45 - [MESSAGE][PASSED] - Object: 'Object Repository/ADDING_A_NEW_EMPLOYEE/Add_employee_enabled_radio_button' is clicked on

13-08-2024T15:05:45 - [TEST_STEP][PASSED] - verifyElementPresent(findTestObject("Object Repository/ADDING_A_NEW_EMPLOYEE/Add_Employee_first_name"), 10): Object 'Object Repository/ADDING_A_NEW_EMPLOYEE/Add_Employee_first_name' is present

13-08-2024T15:05:45 - [MESSAGE][PASSED] - Object 'Object Repository/ADDING_A_NEW_EMPLOYEE/Add_Employee_first_name' is present

13-08-2024T15:05:45 - [TEST_STEP][PASSED] - click(findTestObject("Object Repository/ADDING_A_NEW_EMPLOYEE/Add_Employee_first_name")): Object: 'Object Repository/ADDING_A_NEW_EMPLOYEE/Add_Employee_first_name' is clicked on

13-08-2024T15:05:46 - [MESSAGE][PASSED] - Object: 'Object Repository/ADDING_A_NEW_EMPLOYEE/Add_Employee_first_name' is clicked on

13-08-2024T15:05:46 - [TEST_STEP][PASSED] - setText(findTestObject("Object Repository/ADDING_A_NEW_EMPLOYEE/Add_Employee_first_name"), "First_name_" + RandomStringUtils.randomAlphabetic(7)): Text 'First_name_kDctNdC' is set on object 'Object Repository/ADDING_A_NEW_EMPLOYEE/Add_Employee_first_name'

13-08-2024T15:05:46 - [MESSAGE][PASSED] - Text 'First_name_kDctNdC' is set on object 'Object Repository/ADDING_A_NEW_EMPLOYEE/Add_Employee_first_name'

13-08-2024T15:05:46 - [TEST_STEP][PASSED] - verifyElementPresent(findTestObject("Object Repository/ADDING_A_NEW_EMPLOYEE/Add_employee_middle_name"), 10): Object 'Object Repository/ADDING_A_NEW_EMPLOYEE/Add_employee_middle_name' is present

13-08-2024T15:05:46 - [MESSAGE][PASSED] - Object 'Object Repository/ADDING_A_NEW_EMPLOYEE/Add_employee_middle_name' is present

13-08-2024T15:05:46 - [TEST_STEP][PASSED] - click(findTestObject("Object Repository/ADDING_A_NEW_EMPLOYEE/Add_employee_middle_name")): Object: 'Object Repository/ADDING_A_NEW_EMPLOYEE/Add_employee_middle_name' is clicked on

13-08-2024T15:05:47 - [MESSAGE][PASSED] - Object: 'Object Repository/ADDING_A_NEW_EMPLOYEE/Add_employee_middle_name' is clicked on

13-08-2024T15:05:47 - [TEST_STEP][PASSED] - setText(findTestObject("Object Repository/ADDING_A_NEW_EMPLOYEE/Add_employee_middle_name"), "Middle_name_" + RandomStringUtils.randomAlphabetic(7)): Text 'Middle_name_prSGBzw' is set on object 'Object Repository/ADDING_A_NEW_EMPLOYEE/Add_employee_middle_name'

13-08-2024T15:05:47 - [MESSAGE][PASSED] - Text 'Middle_name_prSGBzw' is set on object 'Object Repository/ADDING_A_NEW_EMPLOYEE/Add_employee_middle_name'

13-08-2024T15:05:47 - [TEST_STEP][PASSED] - verifyElementPresent(findTestObject("Object Repository/ADDING_A_NEW_EMPLOYEE/Add_employee_last_name"), 10): Object 'Object Repository/ADDING_A_NEW_EMPLOYEE/Add_employee_last_name' is present

13-08-2024T15:05:48 - [MESSAGE][PASSED] - Object 'Object Repository/ADDING_A_NEW_EMPLOYEE/Add_employee_last_name' is present

13-08-2024T15:05:48 - [TEST_STEP][PASSED] - click(findTestObject("Object Repository/ADDING_A_NEW_EMPLOYEE/Add_employee_last_name")): Object: 'Object Repository/ADDING_A_NEW_EMPLOYEE/Add_employee_last_name' is clicked on

13-08-2024T15:05:48 - [MESSAGE][PASSED] - Object: 'Object Repository/ADDING_A_NEW_EMPLOYEE/Add_employee_last_name' is clicked on

13-08-2024T15:05:48 - [TEST_STEP][PASSED] - setText(findTestObject("Object Repository/ADDING_A_NEW_EMPLOYEE/Add_employee_last_name"), "Last_name_" + RandomStringUtils.randomAlphabetic(7)): Text 'Last_name_LzmRvPu' is set on object 'Object Repository/ADDING_A_NEW_EMPLOYEE/Add_employee_last_name'

13-08-2024T15:05:48 - [MESSAGE][PASSED] - Text 'Last_name_LzmRvPu' is set on object 'Object Repository/ADDING_A_NEW_EMPLOYEE/Add_employee_last_name'

13-08-2024T15:05:48 - [TEST_STEP][PASSED] - randomString_001 = RandomStringUtils.randomNumeric(6): null

13-08-2024T15:05:48 - [TEST_STEP][PASSED] - newValue_001 = "333" + randomString_001: null

13-08-2024T15:05:48 - [TEST_STEP][PASSED] - xpath_for_employee_id = "//label[text()='Employee Id']/ancestor::div[@class='oxd-input-group__label-wrapper']/following-sibling::div//input[@class='oxd-input oxd-input--active']": null

13-08-2024T15:05:48 - [TEST_STEP][PASSED] - inputField_001 = TestObject().addProperty("xpath", EQUALS, xpath_for_employee_id): null

13-08-2024T15:05:48 - [TEST_STEP][PASSED] - executeJavaScript(
    var element = document.evaluate("$xpath_for_employee_id", document, null, XPathResult.FIRST_ORDERED_NODE_TYPE, null).singleNodeValue;
    if (element) {
        element.value = '$newValue_001';
        var event = new Event('input', { bubbles: true });
        element.dispatchEvent(event);
    }
    , null): Execute JavaScript '
    var element = document.evaluate("//label[text()='Employee Id']/ancestor::div[@class='oxd-input-group__label-wrapper']/following-sibling::div//input[@class='oxd-input oxd-input--active']", document, null, XPathResult.FIRST_ORDERED_NODE_TYPE, null).singleNodeValue;
    if (element) {
        element.value = '333029625';
        var event = new Event('input', { bubbles: true });
        element.dispatchEvent(event);
    }
    ' successfully

13-08-2024T15:05:48 - [MESSAGE][PASSED] - Execute JavaScript '
    var element = document.evaluate("//label[text()='Employee Id']/ancestor::div[@class='oxd-input-group__label-wrapper']/following-sibling::div//input[@class='oxd-input oxd-input--active']", document, null, XPathResult.FIRST_ORDERED_NODE_TYPE, null).singleNodeValue;
    if (element) {
        element.value = '333029625';
        var event = new Event('input', { bubbles: true });
        element.dispatchEvent(event);
    }
    ' successfully

13-08-2024T15:05:48 - [TEST_STEP][PASSED] - delay(3): Delayed 3 second(s)

13-08-2024T15:05:52 - [MESSAGE][PASSED] - Delayed 3 second(s)

13-08-2024T15:05:52 - [TEST_STEP][PASSED] - randomString_for_password = RandomStringUtils.randomNumeric(6): null

13-08-2024T15:05:52 - [TEST_STEP][PASSED] - new_Value_for_password = "Fiboo" + randomString_for_password + "@@": null

13-08-2024T15:05:52 - [TEST_STEP][PASSED] - xpath_for_password = "//label[text()='Username']/ancestor::div[@class='oxd-input-group__label-wrapper']/following-sibling::div//input[@class='oxd-input oxd-input--active']": null

13-08-2024T15:05:52 - [TEST_STEP][PASSED] - inputField_for_password = TestObject().addProperty("xpath", EQUALS, xpath_for_password): null

13-08-2024T15:05:52 - [TEST_STEP][PASSED] - executeJavaScript(
    var element = document.evaluate("$xpath_for_password", document, null, XPathResult.FIRST_ORDERED_NODE_TYPE, null).singleNodeValue;
    if (element) {
        element.value = '$new_Value_for_password';
        var event = new Event('input', { bubbles: true });
        element.dispatchEvent(event);
    }
    , null): Execute JavaScript '
    var element = document.evaluate("//label[text()='Username']/ancestor::div[@class='oxd-input-group__label-wrapper']/following-sibling::div//input[@class='oxd-input oxd-input--active']", document, null, XPathResult.FIRST_ORDERED_NODE_TYPE, null).singleNodeValue;
    if (element) {
        element.value = 'Fiboo088328@@';
        var event = new Event('input', { bubbles: true });
        element.dispatchEvent(event);
    }
    ' successfully

13-08-2024T15:05:52 - [MESSAGE][PASSED] - Execute JavaScript '
    var element = document.evaluate("//label[text()='Username']/ancestor::div[@class='oxd-input-group__label-wrapper']/following-sibling::div//input[@class='oxd-input oxd-input--active']", document, null, XPathResult.FIRST_ORDERED_NODE_TYPE, null).singleNodeValue;
    if (element) {
        element.value = 'Fiboo088328@@';
        var event = new Event('input', { bubbles: true });
        element.dispatchEvent(event);
    }
    ' successfully

13-08-2024T15:05:52 - [TEST_STEP][PASSED] - delay(1): Delayed 1 second(s)

13-08-2024T15:05:53 - [MESSAGE][PASSED] - Delayed 1 second(s)

13-08-2024T15:05:53 - [TEST_STEP][PASSED] - Password = getAttribute(findTestObject("Object Repository/ADDING_A_NEW_EMPLOYEE/Add_employee_username"), "value"): Attribute 'value' of object 'Object Repository/ADDING_A_NEW_EMPLOYEE/Add_employee_username' is: 'Fiboo088328@@'

13-08-2024T15:05:53 - [MESSAGE][PASSED] - Attribute 'value' of object 'Object Repository/ADDING_A_NEW_EMPLOYEE/Add_employee_username' is: 'Fiboo088328@@'

13-08-2024T15:05:53 - [TEST_STEP][PASSED] - out.println(Password): null

13-08-2024T15:05:53 - [TEST_STEP][PASSED] - new_Value_for_password_001 = Password: null

13-08-2024T15:05:53 - [TEST_STEP][PASSED] - xpath_for_password_001 = "//label[text()='Password']/ancestor::div[@class='oxd-input-group__label-wrapper']/following-sibling::div//input[@class='oxd-input oxd-input--active']": null

13-08-2024T15:05:53 - [TEST_STEP][PASSED] - inputField_for_password_001 = TestObject().addProperty("xpath", EQUALS, xpath_for_password_001): null

13-08-2024T15:05:53 - [TEST_STEP][PASSED] - executeJavaScript(
    var element = document.evaluate("$xpath_for_password_001", document, null, XPathResult.FIRST_ORDERED_NODE_TYPE, null).singleNodeValue;
    if (element) {
        element.value = '$new_Value_for_password_001';
        var event = new Event('input', { bubbles: true });
        element.dispatchEvent(event);
    }
    , null): Execute JavaScript '
    var element = document.evaluate("//label[text()='Password']/ancestor::div[@class='oxd-input-group__label-wrapper']/following-sibling::div//input[@class='oxd-input oxd-input--active']", document, null, XPathResult.FIRST_ORDERED_NODE_TYPE, null).singleNodeValue;
    if (element) {
        element.value = 'Fiboo088328@@';
        var event = new Event('input', { bubbles: true });
        element.dispatchEvent(event);
    }
    ' successfully

13-08-2024T15:05:53 - [MESSAGE][PASSED] - Execute JavaScript '
    var element = document.evaluate("//label[text()='Password']/ancestor::div[@class='oxd-input-group__label-wrapper']/following-sibling::div//input[@class='oxd-input oxd-input--active']", document, null, XPathResult.FIRST_ORDERED_NODE_TYPE, null).singleNodeValue;
    if (element) {
        element.value = 'Fiboo088328@@';
        var event = new Event('input', { bubbles: true });
        element.dispatchEvent(event);
    }
    ' successfully

13-08-2024T15:05:53 - [TEST_STEP][PASSED] - delay(1): Delayed 1 second(s)

13-08-2024T15:05:54 - [MESSAGE][PASSED] - Delayed 1 second(s)

13-08-2024T15:05:54 - [TEST_STEP][PASSED] - new_Value_for_password_002 = Password: null

13-08-2024T15:05:54 - [TEST_STEP][PASSED] - xpath_for_password_002 = "//label[text()='Confirm Password']/ancestor::div[@class='oxd-input-group__label-wrapper']/following-sibling::div//input[@class='oxd-input oxd-input--active']": null

13-08-2024T15:05:54 - [TEST_STEP][PASSED] - inputField_for_password_002 = TestObject().addProperty("xpath", EQUALS, xpath_for_password_002): null

13-08-2024T15:05:54 - [TEST_STEP][PASSED] - executeJavaScript(
    var element = document.evaluate("$xpath_for_password_002", document, null, XPathResult.FIRST_ORDERED_NODE_TYPE, null).singleNodeValue;
    if (element) {
        element.value = '$new_Value_for_password_002';
        var event = new Event('input', { bubbles: true });
        element.dispatchEvent(event);
    }
    , null): Execute JavaScript '
    var element = document.evaluate("//label[text()='Confirm Password']/ancestor::div[@class='oxd-input-group__label-wrapper']/following-sibling::div//input[@class='oxd-input oxd-input--active']", document, null, XPathResult.FIRST_ORDERED_NODE_TYPE, null).singleNodeValue;
    if (element) {
        element.value = 'Fiboo088328@@';
        var event = new Event('input', { bubbles: true });
        element.dispatchEvent(event);
    }
    ' successfully

13-08-2024T15:05:54 - [MESSAGE][PASSED] - Execute JavaScript '
    var element = document.evaluate("//label[text()='Confirm Password']/ancestor::div[@class='oxd-input-group__label-wrapper']/following-sibling::div//input[@class='oxd-input oxd-input--active']", document, null, XPathResult.FIRST_ORDERED_NODE_TYPE, null).singleNodeValue;
    if (element) {
        element.value = 'Fiboo088328@@';
        var event = new Event('input', { bubbles: true });
        element.dispatchEvent(event);
    }
    ' successfully

13-08-2024T15:05:54 - [TEST_STEP][PASSED] - delay(1): Delayed 1 second(s)

13-08-2024T15:05:55 - [MESSAGE][PASSED] - Delayed 1 second(s)

13-08-2024T15:05:55 - [TEST_STEP][PASSED] - randomString = RandomStringUtils.randomAlphabetic(7): null

13-08-2024T15:05:55 - [TEST_STEP][PASSED] - newValue = "User_name_" + randomString: null

13-08-2024T15:05:55 - [TEST_STEP][PASSED] - xpath_for_user_name = "//label[text()='Username']/ancestor::div[@class='oxd-input-group__label-wrapper']/following-sibling::div//input[@class='oxd-input oxd-input--active']": null

13-08-2024T15:05:55 - [TEST_STEP][PASSED] - inputField = TestObject().addProperty("xpath", EQUALS, xpath_for_user_name): null

13-08-2024T15:05:55 - [TEST_STEP][PASSED] - executeJavaScript(
    var element = document.evaluate("$xpath_for_user_name", document, null, XPathResult.FIRST_ORDERED_NODE_TYPE, null).singleNodeValue;
    if (element) {
        element.value = '$newValue';
        var event = new Event('input', { bubbles: true });
        element.dispatchEvent(event);
    }
    , null): Execute JavaScript '
    var element = document.evaluate("//label[text()='Username']/ancestor::div[@class='oxd-input-group__label-wrapper']/following-sibling::div//input[@class='oxd-input oxd-input--active']", document, null, XPathResult.FIRST_ORDERED_NODE_TYPE, null).singleNodeValue;
    if (element) {
        element.value = 'User_name_VndyGAE';
        var event = new Event('input', { bubbles: true });
        element.dispatchEvent(event);
    }
    ' successfully

13-08-2024T15:05:55 - [MESSAGE][PASSED] - Execute JavaScript '
    var element = document.evaluate("//label[text()='Username']/ancestor::div[@class='oxd-input-group__label-wrapper']/following-sibling::div//input[@class='oxd-input oxd-input--active']", document, null, XPathResult.FIRST_ORDERED_NODE_TYPE, null).singleNodeValue;
    if (element) {
        element.value = 'User_name_VndyGAE';
        var event = new Event('input', { bubbles: true });
        element.dispatchEvent(event);
    }
    ' successfully

13-08-2024T15:05:55 - [TEST_STEP][PASSED] - delay(1): Delayed 1 second(s)

13-08-2024T15:05:56 - [MESSAGE][PASSED] - Delayed 1 second(s)

13-08-2024T15:05:56 - [TEST_STEP][PASSED] - User_name = getAttribute(findTestObject("Object Repository/ADDING_A_NEW_EMPLOYEE/Add_employee_username"), "value"): Attribute 'value' of object 'Object Repository/ADDING_A_NEW_EMPLOYEE/Add_employee_username' is: 'User_name_VndyGAE'

13-08-2024T15:05:56 - [MESSAGE][PASSED] - Attribute 'value' of object 'Object Repository/ADDING_A_NEW_EMPLOYEE/Add_employee_username' is: 'User_name_VndyGAE'

13-08-2024T15:05:56 - [TEST_STEP][PASSED] - out.println(User_name): null

13-08-2024T15:05:56 - [TEST_STEP][PASSED] - out.println(Password): null

13-08-2024T15:05:56 - [TEST_STEP][PASSED] - First_name = getAttribute(findTestObject("Object Repository/ADDING_A_NEW_EMPLOYEE/Add_Employee_first_name"), "value"): Attribute 'value' of object 'Object Repository/ADDING_A_NEW_EMPLOYEE/Add_Employee_first_name' is: 'First_name_kDctNdC'

13-08-2024T15:05:56 - [MESSAGE][PASSED] - Attribute 'value' of object 'Object Repository/ADDING_A_NEW_EMPLOYEE/Add_Employee_first_name' is: 'First_name_kDctNdC'

13-08-2024T15:05:56 - [TEST_STEP][PASSED] - out.println(First_name): null

13-08-2024T15:05:56 - [TEST_STEP][PASSED] - Middle_name = getAttribute(findTestObject("Object Repository/ADDING_A_NEW_EMPLOYEE/Add_employee_middle_name"), "value"): Attribute 'value' of object 'Object Repository/ADDING_A_NEW_EMPLOYEE/Add_employee_middle_name' is: 'Middle_name_prSGBzw'

13-08-2024T15:05:57 - [MESSAGE][PASSED] - Attribute 'value' of object 'Object Repository/ADDING_A_NEW_EMPLOYEE/Add_employee_middle_name' is: 'Middle_name_prSGBzw'

13-08-2024T15:05:57 - [TEST_STEP][PASSED] - out.println(Middle_name): null

13-08-2024T15:05:57 - [TEST_STEP][PASSED] - Last_name = getAttribute(findTestObject("Object Repository/ADDING_A_NEW_EMPLOYEE/Add_employee_last_name"), "value"): Attribute 'value' of object 'Object Repository/ADDING_A_NEW_EMPLOYEE/Add_employee_last_name' is: 'Last_name_LzmRvPu'

13-08-2024T15:05:57 - [MESSAGE][PASSED] - Attribute 'value' of object 'Object Repository/ADDING_A_NEW_EMPLOYEE/Add_employee_last_name' is: 'Last_name_LzmRvPu'

13-08-2024T15:05:57 - [TEST_STEP][PASSED] - out.println(Last_name): null

13-08-2024T15:05:57 - [TEST_STEP][PASSED] - employee_id = getAttribute(findTestObject("Object Repository/ADDING_A_NEW_EMPLOYEE/Add_employee_id"), "value"): Attribute 'value' of object 'Object Repository/ADDING_A_NEW_EMPLOYEE/Add_employee_id' is: '333029625'

13-08-2024T15:05:57 - [MESSAGE][PASSED] - Attribute 'value' of object 'Object Repository/ADDING_A_NEW_EMPLOYEE/Add_employee_id' is: '333029625'

13-08-2024T15:05:57 - [TEST_STEP][PASSED] - out.println(employee_id): null

13-08-2024T15:05:57 - [TEST_STEP][PASSED] - delay(3): Delayed 3 second(s)

13-08-2024T15:06:00 - [MESSAGE][PASSED] - Delayed 3 second(s)

13-08-2024T15:06:00 - [TEST_STEP][PASSED] - click(findTestObject("Object Repository/ADDING_A_NEW_EMPLOYEE/Add_employee_save_button")): Object: 'Object Repository/ADDING_A_NEW_EMPLOYEE/Add_employee_save_button' is clicked on

13-08-2024T15:06:01 - [MESSAGE][PASSED] - Object: 'Object Repository/ADDING_A_NEW_EMPLOYEE/Add_employee_save_button' is clicked on

13-08-2024T15:06:01 - [TEST_STEP][PASSED] - delay(2): Delayed 2 second(s)

13-08-2024T15:06:03 - [MESSAGE][PASSED] - Delayed 2 second(s)

13-08-2024T15:06:03 - [MESSAGE][PASSED] - Call Test Case 'Test Cases/ADDING_A_NEW_EMPLOYEE' successfully

13-08-2024T15:06:03 - [TEST_STEP][PASSED] - rowIndex = sheet.getLastRowNum() + 1: null

13-08-2024T15:06:03 - [TEST_STEP][PASSED] - row = sheet.createRow(rowIndex): null

13-08-2024T15:06:03 - [TEST_STEP][PASSED] - createCell(0).setCellValue(First_name): null

13-08-2024T15:06:03 - [TEST_STEP][PASSED] - createCell(1).setCellValue(Middle_name): null

13-08-2024T15:06:03 - [TEST_STEP][PASSED] - createCell(2).setCellValue(Last_name): null

13-08-2024T15:06:03 - [TEST_STEP][PASSED] - createCell(3).setCellValue(User_name): null

13-08-2024T15:06:03 - [TEST_STEP][PASSED] - createCell(4).setCellValue(Password): null

13-08-2024T15:06:03 - [TEST_STEP][PASSED] - createCell(5).setCellValue(employee_id): null

13-08-2024T15:06:03 - [TEST_STEP][PASSED] - callTestCase(findTestCase("ADDING_A_NEW_EMPLOYEE"), [:], STOP_ON_FAILURE): Call Test Case 'Test Cases/ADDING_A_NEW_EMPLOYEE' successfully

13-08-2024T15:06:03 - [TEST_CASE][PASSED] - Test Cases/ADDING_A_NEW_EMPLOYEE: Test Cases/ADDING_A_NEW_EMPLOYEE

13-08-2024T15:06:03 - [TEST_STEP][PASSED] - verifyElementPresent(findTestObject("ADDING_A_NEW_EMPLOYEE/pim_option_from_side_bar"), 10): Object 'Object Repository/ADDING_A_NEW_EMPLOYEE/pim_option_from_side_bar' is present

13-08-2024T15:06:03 - [MESSAGE][PASSED] - Object 'Object Repository/ADDING_A_NEW_EMPLOYEE/pim_option_from_side_bar' is present

13-08-2024T15:06:03 - [TEST_STEP][PASSED] - click(findTestObject("ADDING_A_NEW_EMPLOYEE/pim_option_from_side_bar")): Object: 'Object Repository/ADDING_A_NEW_EMPLOYEE/pim_option_from_side_bar' is clicked on

13-08-2024T15:06:05 - [MESSAGE][PASSED] - Object: 'Object Repository/ADDING_A_NEW_EMPLOYEE/pim_option_from_side_bar' is clicked on

13-08-2024T15:06:05 - [TEST_STEP][PASSED] - waitForElementPresent(findTestObject("ADDING_A_NEW_EMPLOYEE/adding_new_employee_button_in_pim_page"), 10): Object 'Object Repository/ADDING_A_NEW_EMPLOYEE/adding_new_employee_button_in_pim_page' is present

13-08-2024T15:06:06 - [MESSAGE][PASSED] - Object 'Object Repository/ADDING_A_NEW_EMPLOYEE/adding_new_employee_button_in_pim_page' is present

13-08-2024T15:06:06 - [TEST_STEP][PASSED] - click(findTestObject("ADDING_A_NEW_EMPLOYEE/adding_new_employee_button_in_pim_page")): Object: 'Object Repository/ADDING_A_NEW_EMPLOYEE/adding_new_employee_button_in_pim_page' is clicked on

13-08-2024T15:06:07 - [MESSAGE][PASSED] - Object: 'Object Repository/ADDING_A_NEW_EMPLOYEE/adding_new_employee_button_in_pim_page' is clicked on

13-08-2024T15:06:07 - [TEST_STEP][PASSED] - verifyElementPresent(findTestObject("ADDING_A_NEW_EMPLOYEE/create_login_details_checkbox"), 10): Object 'Object Repository/ADDING_A_NEW_EMPLOYEE/create_login_details_checkbox' is present

13-08-2024T15:06:08 - [MESSAGE][PASSED] - Object 'Object Repository/ADDING_A_NEW_EMPLOYEE/create_login_details_checkbox' is present

13-08-2024T15:06:08 - [TEST_STEP][PASSED] - click(findTestObject("ADDING_A_NEW_EMPLOYEE/create_login_details_checkbox")): Object: 'Object Repository/ADDING_A_NEW_EMPLOYEE/create_login_details_checkbox' is clicked on

13-08-2024T15:06:09 - [MESSAGE][PASSED] - Object: 'Object Repository/ADDING_A_NEW_EMPLOYEE/create_login_details_checkbox' is clicked on

13-08-2024T15:06:09 - [TEST_STEP][PASSED] - verifyElementPresent(findTestObject("Object Repository/ADDING_A_NEW_EMPLOYEE/Add_employee_enabled_radio_button"), 10): Object 'Object Repository/ADDING_A_NEW_EMPLOYEE/Add_employee_enabled_radio_button' is present

13-08-2024T15:06:09 - [MESSAGE][PASSED] - Object 'Object Repository/ADDING_A_NEW_EMPLOYEE/Add_employee_enabled_radio_button' is present

13-08-2024T15:06:09 - [TEST_STEP][PASSED] - click(findTestObject("Object Repository/ADDING_A_NEW_EMPLOYEE/Add_employee_enabled_radio_button")): Object: 'Object Repository/ADDING_A_NEW_EMPLOYEE/Add_employee_enabled_radio_button' is clicked on

13-08-2024T15:06:09 - [MESSAGE][PASSED] - Object: 'Object Repository/ADDING_A_NEW_EMPLOYEE/Add_employee_enabled_radio_button' is clicked on

13-08-2024T15:06:09 - [TEST_STEP][PASSED] - verifyElementPresent(findTestObject("Object Repository/ADDING_A_NEW_EMPLOYEE/Add_Employee_first_name"), 10): Object 'Object Repository/ADDING_A_NEW_EMPLOYEE/Add_Employee_first_name' is present

13-08-2024T15:06:10 - [MESSAGE][PASSED] - Object 'Object Repository/ADDING_A_NEW_EMPLOYEE/Add_Employee_first_name' is present

13-08-2024T15:06:10 - [TEST_STEP][PASSED] - click(findTestObject("Object Repository/ADDING_A_NEW_EMPLOYEE/Add_Employee_first_name")): Object: 'Object Repository/ADDING_A_NEW_EMPLOYEE/Add_Employee_first_name' is clicked on

13-08-2024T15:06:10 - [MESSAGE][PASSED] - Object: 'Object Repository/ADDING_A_NEW_EMPLOYEE/Add_Employee_first_name' is clicked on

13-08-2024T15:06:10 - [TEST_STEP][PASSED] - setText(findTestObject("Object Repository/ADDING_A_NEW_EMPLOYEE/Add_Employee_first_name"), "First_name_" + RandomStringUtils.randomAlphabetic(7)): Text 'First_name_lnWykmS' is set on object 'Object Repository/ADDING_A_NEW_EMPLOYEE/Add_Employee_first_name'

13-08-2024T15:06:11 - [MESSAGE][PASSED] - Text 'First_name_lnWykmS' is set on object 'Object Repository/ADDING_A_NEW_EMPLOYEE/Add_Employee_first_name'

13-08-2024T15:06:11 - [TEST_STEP][PASSED] - verifyElementPresent(findTestObject("Object Repository/ADDING_A_NEW_EMPLOYEE/Add_employee_middle_name"), 10): Object 'Object Repository/ADDING_A_NEW_EMPLOYEE/Add_employee_middle_name' is present

13-08-2024T15:06:11 - [MESSAGE][PASSED] - Object 'Object Repository/ADDING_A_NEW_EMPLOYEE/Add_employee_middle_name' is present

13-08-2024T15:06:11 - [TEST_STEP][PASSED] - click(findTestObject("Object Repository/ADDING_A_NEW_EMPLOYEE/Add_employee_middle_name")): Object: 'Object Repository/ADDING_A_NEW_EMPLOYEE/Add_employee_middle_name' is clicked on

13-08-2024T15:06:11 - [MESSAGE][PASSED] - Object: 'Object Repository/ADDING_A_NEW_EMPLOYEE/Add_employee_middle_name' is clicked on

13-08-2024T15:06:11 - [TEST_STEP][PASSED] - setText(findTestObject("Object Repository/ADDING_A_NEW_EMPLOYEE/Add_employee_middle_name"), "Middle_name_" + RandomStringUtils.randomAlphabetic(7)): Text 'Middle_name_BEXzRmp' is set on object 'Object Repository/ADDING_A_NEW_EMPLOYEE/Add_employee_middle_name'

13-08-2024T15:06:12 - [MESSAGE][PASSED] - Text 'Middle_name_BEXzRmp' is set on object 'Object Repository/ADDING_A_NEW_EMPLOYEE/Add_employee_middle_name'

13-08-2024T15:06:12 - [TEST_STEP][PASSED] - verifyElementPresent(findTestObject("Object Repository/ADDING_A_NEW_EMPLOYEE/Add_employee_last_name"), 10): Object 'Object Repository/ADDING_A_NEW_EMPLOYEE/Add_employee_last_name' is present

13-08-2024T15:06:12 - [MESSAGE][PASSED] - Object 'Object Repository/ADDING_A_NEW_EMPLOYEE/Add_employee_last_name' is present

13-08-2024T15:06:12 - [TEST_STEP][PASSED] - click(findTestObject("Object Repository/ADDING_A_NEW_EMPLOYEE/Add_employee_last_name")): Object: 'Object Repository/ADDING_A_NEW_EMPLOYEE/Add_employee_last_name' is clicked on

13-08-2024T15:06:12 - [MESSAGE][PASSED] - Object: 'Object Repository/ADDING_A_NEW_EMPLOYEE/Add_employee_last_name' is clicked on

13-08-2024T15:06:12 - [TEST_STEP][PASSED] - setText(findTestObject("Object Repository/ADDING_A_NEW_EMPLOYEE/Add_employee_last_name"), "Last_name_" + RandomStringUtils.randomAlphabetic(7)): Text 'Last_name_xTMjSna' is set on object 'Object Repository/ADDING_A_NEW_EMPLOYEE/Add_employee_last_name'

13-08-2024T15:06:13 - [MESSAGE][PASSED] - Text 'Last_name_xTMjSna' is set on object 'Object Repository/ADDING_A_NEW_EMPLOYEE/Add_employee_last_name'

13-08-2024T15:06:13 - [TEST_STEP][PASSED] - randomString_001 = RandomStringUtils.randomNumeric(6): null

13-08-2024T15:06:13 - [TEST_STEP][PASSED] - newValue_001 = "333" + randomString_001: null

13-08-2024T15:06:13 - [TEST_STEP][PASSED] - xpath_for_employee_id = "//label[text()='Employee Id']/ancestor::div[@class='oxd-input-group__label-wrapper']/following-sibling::div//input[@class='oxd-input oxd-input--active']": null

13-08-2024T15:06:13 - [TEST_STEP][PASSED] - inputField_001 = TestObject().addProperty("xpath", EQUALS, xpath_for_employee_id): null

13-08-2024T15:06:13 - [TEST_STEP][PASSED] - executeJavaScript(
    var element = document.evaluate("$xpath_for_employee_id", document, null, XPathResult.FIRST_ORDERED_NODE_TYPE, null).singleNodeValue;
    if (element) {
        element.value = '$newValue_001';
        var event = new Event('input', { bubbles: true });
        element.dispatchEvent(event);
    }
    , null): Execute JavaScript '
    var element = document.evaluate("//label[text()='Employee Id']/ancestor::div[@class='oxd-input-group__label-wrapper']/following-sibling::div//input[@class='oxd-input oxd-input--active']", document, null, XPathResult.FIRST_ORDERED_NODE_TYPE, null).singleNodeValue;
    if (element) {
        element.value = '333013329';
        var event = new Event('input', { bubbles: true });
        element.dispatchEvent(event);
    }
    ' successfully

13-08-2024T15:06:13 - [MESSAGE][PASSED] - Execute JavaScript '
    var element = document.evaluate("//label[text()='Employee Id']/ancestor::div[@class='oxd-input-group__label-wrapper']/following-sibling::div//input[@class='oxd-input oxd-input--active']", document, null, XPathResult.FIRST_ORDERED_NODE_TYPE, null).singleNodeValue;
    if (element) {
        element.value = '333013329';
        var event = new Event('input', { bubbles: true });
        element.dispatchEvent(event);
    }
    ' successfully

13-08-2024T15:06:13 - [TEST_STEP][PASSED] - delay(3): Delayed 3 second(s)

13-08-2024T15:06:16 - [MESSAGE][PASSED] - Delayed 3 second(s)

13-08-2024T15:06:16 - [TEST_STEP][PASSED] - randomString_for_password = RandomStringUtils.randomNumeric(6): null

13-08-2024T15:06:16 - [TEST_STEP][PASSED] - new_Value_for_password = "Fiboo" + randomString_for_password + "@@": null

13-08-2024T15:06:16 - [TEST_STEP][PASSED] - xpath_for_password = "//label[text()='Username']/ancestor::div[@class='oxd-input-group__label-wrapper']/following-sibling::div//input[@class='oxd-input oxd-input--active']": null

13-08-2024T15:06:16 - [TEST_STEP][PASSED] - inputField_for_password = TestObject().addProperty("xpath", EQUALS, xpath_for_password): null

13-08-2024T15:06:16 - [TEST_STEP][PASSED] - executeJavaScript(
    var element = document.evaluate("$xpath_for_password", document, null, XPathResult.FIRST_ORDERED_NODE_TYPE, null).singleNodeValue;
    if (element) {
        element.value = '$new_Value_for_password';
        var event = new Event('input', { bubbles: true });
        element.dispatchEvent(event);
    }
    , null): Execute JavaScript '
    var element = document.evaluate("//label[text()='Username']/ancestor::div[@class='oxd-input-group__label-wrapper']/following-sibling::div//input[@class='oxd-input oxd-input--active']", document, null, XPathResult.FIRST_ORDERED_NODE_TYPE, null).singleNodeValue;
    if (element) {
        element.value = 'Fiboo138405@@';
        var event = new Event('input', { bubbles: true });
        element.dispatchEvent(event);
    }
    ' successfully

13-08-2024T15:06:16 - [MESSAGE][PASSED] - Execute JavaScript '
    var element = document.evaluate("//label[text()='Username']/ancestor::div[@class='oxd-input-group__label-wrapper']/following-sibling::div//input[@class='oxd-input oxd-input--active']", document, null, XPathResult.FIRST_ORDERED_NODE_TYPE, null).singleNodeValue;
    if (element) {
        element.value = 'Fiboo138405@@';
        var event = new Event('input', { bubbles: true });
        element.dispatchEvent(event);
    }
    ' successfully

13-08-2024T15:06:16 - [TEST_STEP][PASSED] - delay(1): Delayed 1 second(s)

13-08-2024T15:06:17 - [MESSAGE][PASSED] - Delayed 1 second(s)

13-08-2024T15:06:17 - [TEST_STEP][PASSED] - Password = getAttribute(findTestObject("Object Repository/ADDING_A_NEW_EMPLOYEE/Add_employee_username"), "value"): Attribute 'value' of object 'Object Repository/ADDING_A_NEW_EMPLOYEE/Add_employee_username' is: 'Fiboo138405@@'

13-08-2024T15:06:17 - [MESSAGE][PASSED] - Attribute 'value' of object 'Object Repository/ADDING_A_NEW_EMPLOYEE/Add_employee_username' is: 'Fiboo138405@@'

13-08-2024T15:06:17 - [TEST_STEP][PASSED] - out.println(Password): null

13-08-2024T15:06:17 - [TEST_STEP][PASSED] - new_Value_for_password_001 = Password: null

13-08-2024T15:06:17 - [TEST_STEP][PASSED] - xpath_for_password_001 = "//label[text()='Password']/ancestor::div[@class='oxd-input-group__label-wrapper']/following-sibling::div//input[@class='oxd-input oxd-input--active']": null

13-08-2024T15:06:17 - [TEST_STEP][PASSED] - inputField_for_password_001 = TestObject().addProperty("xpath", EQUALS, xpath_for_password_001): null

13-08-2024T15:06:17 - [TEST_STEP][PASSED] - executeJavaScript(
    var element = document.evaluate("$xpath_for_password_001", document, null, XPathResult.FIRST_ORDERED_NODE_TYPE, null).singleNodeValue;
    if (element) {
        element.value = '$new_Value_for_password_001';
        var event = new Event('input', { bubbles: true });
        element.dispatchEvent(event);
    }
    , null): Execute JavaScript '
    var element = document.evaluate("//label[text()='Password']/ancestor::div[@class='oxd-input-group__label-wrapper']/following-sibling::div//input[@class='oxd-input oxd-input--active']", document, null, XPathResult.FIRST_ORDERED_NODE_TYPE, null).singleNodeValue;
    if (element) {
        element.value = 'Fiboo138405@@';
        var event = new Event('input', { bubbles: true });
        element.dispatchEvent(event);
    }
    ' successfully

13-08-2024T15:06:17 - [MESSAGE][PASSED] - Execute JavaScript '
    var element = document.evaluate("//label[text()='Password']/ancestor::div[@class='oxd-input-group__label-wrapper']/following-sibling::div//input[@class='oxd-input oxd-input--active']", document, null, XPathResult.FIRST_ORDERED_NODE_TYPE, null).singleNodeValue;
    if (element) {
        element.value = 'Fiboo138405@@';
        var event = new Event('input', { bubbles: true });
        element.dispatchEvent(event);
    }
    ' successfully

13-08-2024T15:06:17 - [TEST_STEP][PASSED] - delay(1): Delayed 1 second(s)

13-08-2024T15:06:18 - [MESSAGE][PASSED] - Delayed 1 second(s)

13-08-2024T15:06:18 - [TEST_STEP][PASSED] - new_Value_for_password_002 = Password: null

13-08-2024T15:06:18 - [TEST_STEP][PASSED] - xpath_for_password_002 = "//label[text()='Confirm Password']/ancestor::div[@class='oxd-input-group__label-wrapper']/following-sibling::div//input[@class='oxd-input oxd-input--active']": null

13-08-2024T15:06:18 - [TEST_STEP][PASSED] - inputField_for_password_002 = TestObject().addProperty("xpath", EQUALS, xpath_for_password_002): null

13-08-2024T15:06:18 - [TEST_STEP][PASSED] - executeJavaScript(
    var element = document.evaluate("$xpath_for_password_002", document, null, XPathResult.FIRST_ORDERED_NODE_TYPE, null).singleNodeValue;
    if (element) {
        element.value = '$new_Value_for_password_002';
        var event = new Event('input', { bubbles: true });
        element.dispatchEvent(event);
    }
    , null): Execute JavaScript '
    var element = document.evaluate("//label[text()='Confirm Password']/ancestor::div[@class='oxd-input-group__label-wrapper']/following-sibling::div//input[@class='oxd-input oxd-input--active']", document, null, XPathResult.FIRST_ORDERED_NODE_TYPE, null).singleNodeValue;
    if (element) {
        element.value = 'Fiboo138405@@';
        var event = new Event('input', { bubbles: true });
        element.dispatchEvent(event);
    }
    ' successfully

13-08-2024T15:06:18 - [MESSAGE][PASSED] - Execute JavaScript '
    var element = document.evaluate("//label[text()='Confirm Password']/ancestor::div[@class='oxd-input-group__label-wrapper']/following-sibling::div//input[@class='oxd-input oxd-input--active']", document, null, XPathResult.FIRST_ORDERED_NODE_TYPE, null).singleNodeValue;
    if (element) {
        element.value = 'Fiboo138405@@';
        var event = new Event('input', { bubbles: true });
        element.dispatchEvent(event);
    }
    ' successfully

13-08-2024T15:06:18 - [TEST_STEP][PASSED] - delay(1): Delayed 1 second(s)

13-08-2024T15:06:19 - [MESSAGE][PASSED] - Delayed 1 second(s)

13-08-2024T15:06:19 - [TEST_STEP][PASSED] - randomString = RandomStringUtils.randomAlphabetic(7): null

13-08-2024T15:06:19 - [TEST_STEP][PASSED] - newValue = "User_name_" + randomString: null

13-08-2024T15:06:19 - [TEST_STEP][PASSED] - xpath_for_user_name = "//label[text()='Username']/ancestor::div[@class='oxd-input-group__label-wrapper']/following-sibling::div//input[@class='oxd-input oxd-input--active']": null

13-08-2024T15:06:19 - [TEST_STEP][PASSED] - inputField = TestObject().addProperty("xpath", EQUALS, xpath_for_user_name): null

13-08-2024T15:06:19 - [TEST_STEP][PASSED] - executeJavaScript(
    var element = document.evaluate("$xpath_for_user_name", document, null, XPathResult.FIRST_ORDERED_NODE_TYPE, null).singleNodeValue;
    if (element) {
        element.value = '$newValue';
        var event = new Event('input', { bubbles: true });
        element.dispatchEvent(event);
    }
    , null): Execute JavaScript '
    var element = document.evaluate("//label[text()='Username']/ancestor::div[@class='oxd-input-group__label-wrapper']/following-sibling::div//input[@class='oxd-input oxd-input--active']", document, null, XPathResult.FIRST_ORDERED_NODE_TYPE, null).singleNodeValue;
    if (element) {
        element.value = 'User_name_AemSrZI';
        var event = new Event('input', { bubbles: true });
        element.dispatchEvent(event);
    }
    ' successfully

13-08-2024T15:06:19 - [MESSAGE][PASSED] - Execute JavaScript '
    var element = document.evaluate("//label[text()='Username']/ancestor::div[@class='oxd-input-group__label-wrapper']/following-sibling::div//input[@class='oxd-input oxd-input--active']", document, null, XPathResult.FIRST_ORDERED_NODE_TYPE, null).singleNodeValue;
    if (element) {
        element.value = 'User_name_AemSrZI';
        var event = new Event('input', { bubbles: true });
        element.dispatchEvent(event);
    }
    ' successfully

13-08-2024T15:06:19 - [TEST_STEP][PASSED] - delay(1): Delayed 1 second(s)

13-08-2024T15:06:20 - [MESSAGE][PASSED] - Delayed 1 second(s)

13-08-2024T15:06:20 - [TEST_STEP][PASSED] - User_name = getAttribute(findTestObject("Object Repository/ADDING_A_NEW_EMPLOYEE/Add_employee_username"), "value"): Attribute 'value' of object 'Object Repository/ADDING_A_NEW_EMPLOYEE/Add_employee_username' is: 'User_name_AemSrZI'

13-08-2024T15:06:21 - [MESSAGE][PASSED] - Attribute 'value' of object 'Object Repository/ADDING_A_NEW_EMPLOYEE/Add_employee_username' is: 'User_name_AemSrZI'

13-08-2024T15:06:21 - [TEST_STEP][PASSED] - out.println(User_name): null

13-08-2024T15:06:21 - [TEST_STEP][PASSED] - out.println(Password): null

13-08-2024T15:06:21 - [TEST_STEP][PASSED] - First_name = getAttribute(findTestObject("Object Repository/ADDING_A_NEW_EMPLOYEE/Add_Employee_first_name"), "value"): Attribute 'value' of object 'Object Repository/ADDING_A_NEW_EMPLOYEE/Add_Employee_first_name' is: 'First_name_lnWykmS'

13-08-2024T15:06:21 - [MESSAGE][PASSED] - Attribute 'value' of object 'Object Repository/ADDING_A_NEW_EMPLOYEE/Add_Employee_first_name' is: 'First_name_lnWykmS'

13-08-2024T15:06:21 - [TEST_STEP][PASSED] - out.println(First_name): null

13-08-2024T15:06:21 - [TEST_STEP][PASSED] - Middle_name = getAttribute(findTestObject("Object Repository/ADDING_A_NEW_EMPLOYEE/Add_employee_middle_name"), "value"): Attribute 'value' of object 'Object Repository/ADDING_A_NEW_EMPLOYEE/Add_employee_middle_name' is: 'Middle_name_BEXzRmp'

13-08-2024T15:06:21 - [MESSAGE][PASSED] - Attribute 'value' of object 'Object Repository/ADDING_A_NEW_EMPLOYEE/Add_employee_middle_name' is: 'Middle_name_BEXzRmp'

13-08-2024T15:06:21 - [TEST_STEP][PASSED] - out.println(Middle_name): null

13-08-2024T15:06:21 - [TEST_STEP][PASSED] - Last_name = getAttribute(findTestObject("Object Repository/ADDING_A_NEW_EMPLOYEE/Add_employee_last_name"), "value"): Attribute 'value' of object 'Object Repository/ADDING_A_NEW_EMPLOYEE/Add_employee_last_name' is: 'Last_name_xTMjSna'

13-08-2024T15:06:21 - [MESSAGE][PASSED] - Attribute 'value' of object 'Object Repository/ADDING_A_NEW_EMPLOYEE/Add_employee_last_name' is: 'Last_name_xTMjSna'

13-08-2024T15:06:21 - [TEST_STEP][PASSED] - out.println(Last_name): null

13-08-2024T15:06:21 - [TEST_STEP][PASSED] - employee_id = getAttribute(findTestObject("Object Repository/ADDING_A_NEW_EMPLOYEE/Add_employee_id"), "value"): Attribute 'value' of object 'Object Repository/ADDING_A_NEW_EMPLOYEE/Add_employee_id' is: '333013329'

13-08-2024T15:06:22 - [MESSAGE][PASSED] - Attribute 'value' of object 'Object Repository/ADDING_A_NEW_EMPLOYEE/Add_employee_id' is: '333013329'

13-08-2024T15:06:22 - [TEST_STEP][PASSED] - out.println(employee_id): null

13-08-2024T15:06:22 - [TEST_STEP][PASSED] - delay(3): Delayed 3 second(s)

13-08-2024T15:06:25 - [MESSAGE][PASSED] - Delayed 3 second(s)

13-08-2024T15:06:25 - [TEST_STEP][PASSED] - click(findTestObject("Object Repository/ADDING_A_NEW_EMPLOYEE/Add_employee_save_button")): Object: 'Object Repository/ADDING_A_NEW_EMPLOYEE/Add_employee_save_button' is clicked on

13-08-2024T15:06:25 - [MESSAGE][PASSED] - Object: 'Object Repository/ADDING_A_NEW_EMPLOYEE/Add_employee_save_button' is clicked on

13-08-2024T15:06:25 - [TEST_STEP][PASSED] - delay(2): Delayed 2 second(s)

13-08-2024T15:06:27 - [MESSAGE][PASSED] - Delayed 2 second(s)

13-08-2024T15:06:27 - [MESSAGE][PASSED] - Call Test Case 'Test Cases/ADDING_A_NEW_EMPLOYEE' successfully

13-08-2024T15:06:27 - [TEST_STEP][PASSED] - rowIndex = sheet.getLastRowNum() + 1: null

13-08-2024T15:06:27 - [TEST_STEP][PASSED] - row = sheet.createRow(rowIndex): null

13-08-2024T15:06:27 - [TEST_STEP][PASSED] - createCell(0).setCellValue(First_name): null

13-08-2024T15:06:27 - [TEST_STEP][PASSED] - createCell(1).setCellValue(Middle_name): null

13-08-2024T15:06:27 - [TEST_STEP][PASSED] - createCell(2).setCellValue(Last_name): null

13-08-2024T15:06:27 - [TEST_STEP][PASSED] - createCell(3).setCellValue(User_name): null

13-08-2024T15:06:27 - [TEST_STEP][PASSED] - createCell(4).setCellValue(Password): null

13-08-2024T15:06:27 - [TEST_STEP][PASSED] - createCell(5).setCellValue(employee_id): null

13-08-2024T15:06:27 - [TEST_STEP][PASSED] - callTestCase(findTestCase("ADDING_A_NEW_EMPLOYEE"), [:], STOP_ON_FAILURE): Call Test Case 'Test Cases/ADDING_A_NEW_EMPLOYEE' successfully

13-08-2024T15:06:27 - [TEST_CASE][PASSED] - Test Cases/ADDING_A_NEW_EMPLOYEE: Test Cases/ADDING_A_NEW_EMPLOYEE

13-08-2024T15:06:27 - [TEST_STEP][PASSED] - verifyElementPresent(findTestObject("ADDING_A_NEW_EMPLOYEE/pim_option_from_side_bar"), 10): Object 'Object Repository/ADDING_A_NEW_EMPLOYEE/pim_option_from_side_bar' is present

13-08-2024T15:06:28 - [MESSAGE][PASSED] - Object 'Object Repository/ADDING_A_NEW_EMPLOYEE/pim_option_from_side_bar' is present

13-08-2024T15:06:28 - [TEST_STEP][PASSED] - click(findTestObject("ADDING_A_NEW_EMPLOYEE/pim_option_from_side_bar")): Object: 'Object Repository/ADDING_A_NEW_EMPLOYEE/pim_option_from_side_bar' is clicked on

13-08-2024T15:06:29 - [MESSAGE][PASSED] - Object: 'Object Repository/ADDING_A_NEW_EMPLOYEE/pim_option_from_side_bar' is clicked on

13-08-2024T15:06:29 - [TEST_STEP][PASSED] - waitForElementPresent(findTestObject("ADDING_A_NEW_EMPLOYEE/adding_new_employee_button_in_pim_page"), 10): Object 'Object Repository/ADDING_A_NEW_EMPLOYEE/adding_new_employee_button_in_pim_page' is present

13-08-2024T15:06:30 - [MESSAGE][PASSED] - Object 'Object Repository/ADDING_A_NEW_EMPLOYEE/adding_new_employee_button_in_pim_page' is present

13-08-2024T15:06:30 - [TEST_STEP][PASSED] - click(findTestObject("ADDING_A_NEW_EMPLOYEE/adding_new_employee_button_in_pim_page")): Object: 'Object Repository/ADDING_A_NEW_EMPLOYEE/adding_new_employee_button_in_pim_page' is clicked on

13-08-2024T15:06:31 - [MESSAGE][PASSED] - Object: 'Object Repository/ADDING_A_NEW_EMPLOYEE/adding_new_employee_button_in_pim_page' is clicked on

13-08-2024T15:06:31 - [TEST_STEP][PASSED] - verifyElementPresent(findTestObject("ADDING_A_NEW_EMPLOYEE/create_login_details_checkbox"), 10): Object 'Object Repository/ADDING_A_NEW_EMPLOYEE/create_login_details_checkbox' is present

13-08-2024T15:06:33 - [MESSAGE][PASSED] - Object 'Object Repository/ADDING_A_NEW_EMPLOYEE/create_login_details_checkbox' is present

13-08-2024T15:06:33 - [TEST_STEP][PASSED] - click(findTestObject("ADDING_A_NEW_EMPLOYEE/create_login_details_checkbox")): Object: 'Object Repository/ADDING_A_NEW_EMPLOYEE/create_login_details_checkbox' is clicked on

13-08-2024T15:06:33 - [MESSAGE][PASSED] - Object: 'Object Repository/ADDING_A_NEW_EMPLOYEE/create_login_details_checkbox' is clicked on

13-08-2024T15:06:33 - [TEST_STEP][PASSED] - verifyElementPresent(findTestObject("Object Repository/ADDING_A_NEW_EMPLOYEE/Add_employee_enabled_radio_button"), 10): Object 'Object Repository/ADDING_A_NEW_EMPLOYEE/Add_employee_enabled_radio_button' is present

13-08-2024T15:06:33 - [MESSAGE][PASSED] - Object 'Object Repository/ADDING_A_NEW_EMPLOYEE/Add_employee_enabled_radio_button' is present

13-08-2024T15:06:33 - [TEST_STEP][PASSED] - click(findTestObject("Object Repository/ADDING_A_NEW_EMPLOYEE/Add_employee_enabled_radio_button")): Object: 'Object Repository/ADDING_A_NEW_EMPLOYEE/Add_employee_enabled_radio_button' is clicked on

13-08-2024T15:06:34 - [MESSAGE][PASSED] - Object: 'Object Repository/ADDING_A_NEW_EMPLOYEE/Add_employee_enabled_radio_button' is clicked on

13-08-2024T15:06:34 - [TEST_STEP][PASSED] - verifyElementPresent(findTestObject("Object Repository/ADDING_A_NEW_EMPLOYEE/Add_Employee_first_name"), 10): Object 'Object Repository/ADDING_A_NEW_EMPLOYEE/Add_Employee_first_name' is present

13-08-2024T15:06:34 - [MESSAGE][PASSED] - Object 'Object Repository/ADDING_A_NEW_EMPLOYEE/Add_Employee_first_name' is present

13-08-2024T15:06:34 - [TEST_STEP][PASSED] - click(findTestObject("Object Repository/ADDING_A_NEW_EMPLOYEE/Add_Employee_first_name")): Object: 'Object Repository/ADDING_A_NEW_EMPLOYEE/Add_Employee_first_name' is clicked on

13-08-2024T15:06:34 - [MESSAGE][PASSED] - Object: 'Object Repository/ADDING_A_NEW_EMPLOYEE/Add_Employee_first_name' is clicked on

13-08-2024T15:06:34 - [TEST_STEP][PASSED] - setText(findTestObject("Object Repository/ADDING_A_NEW_EMPLOYEE/Add_Employee_first_name"), "First_name_" + RandomStringUtils.randomAlphabetic(7)): Text 'First_name_BwuSRfm' is set on object 'Object Repository/ADDING_A_NEW_EMPLOYEE/Add_Employee_first_name'

13-08-2024T15:06:35 - [MESSAGE][PASSED] - Text 'First_name_BwuSRfm' is set on object 'Object Repository/ADDING_A_NEW_EMPLOYEE/Add_Employee_first_name'

13-08-2024T15:06:35 - [TEST_STEP][PASSED] - verifyElementPresent(findTestObject("Object Repository/ADDING_A_NEW_EMPLOYEE/Add_employee_middle_name"), 10): Object 'Object Repository/ADDING_A_NEW_EMPLOYEE/Add_employee_middle_name' is present

13-08-2024T15:06:35 - [MESSAGE][PASSED] - Object 'Object Repository/ADDING_A_NEW_EMPLOYEE/Add_employee_middle_name' is present

13-08-2024T15:06:35 - [TEST_STEP][PASSED] - click(findTestObject("Object Repository/ADDING_A_NEW_EMPLOYEE/Add_employee_middle_name")): Object: 'Object Repository/ADDING_A_NEW_EMPLOYEE/Add_employee_middle_name' is clicked on

13-08-2024T15:06:35 - [MESSAGE][PASSED] - Object: 'Object Repository/ADDING_A_NEW_EMPLOYEE/Add_employee_middle_name' is clicked on

13-08-2024T15:06:35 - [TEST_STEP][PASSED] - setText(findTestObject("Object Repository/ADDING_A_NEW_EMPLOYEE/Add_employee_middle_name"), "Middle_name_" + RandomStringUtils.randomAlphabetic(7)): Text 'Middle_name_YotFIng' is set on object 'Object Repository/ADDING_A_NEW_EMPLOYEE/Add_employee_middle_name'

13-08-2024T15:06:36 - [MESSAGE][PASSED] - Text 'Middle_name_YotFIng' is set on object 'Object Repository/ADDING_A_NEW_EMPLOYEE/Add_employee_middle_name'

13-08-2024T15:06:36 - [TEST_STEP][PASSED] - verifyElementPresent(findTestObject("Object Repository/ADDING_A_NEW_EMPLOYEE/Add_employee_last_name"), 10): Object 'Object Repository/ADDING_A_NEW_EMPLOYEE/Add_employee_last_name' is present

13-08-2024T15:06:36 - [MESSAGE][PASSED] - Object 'Object Repository/ADDING_A_NEW_EMPLOYEE/Add_employee_last_name' is present

13-08-2024T15:06:36 - [TEST_STEP][PASSED] - click(findTestObject("Object Repository/ADDING_A_NEW_EMPLOYEE/Add_employee_last_name")): Object: 'Object Repository/ADDING_A_NEW_EMPLOYEE/Add_employee_last_name' is clicked on

13-08-2024T15:06:37 - [MESSAGE][PASSED] - Object: 'Object Repository/ADDING_A_NEW_EMPLOYEE/Add_employee_last_name' is clicked on

13-08-2024T15:06:37 - [TEST_STEP][PASSED] - setText(findTestObject("Object Repository/ADDING_A_NEW_EMPLOYEE/Add_employee_last_name"), "Last_name_" + RandomStringUtils.randomAlphabetic(7)): Text 'Last_name_dhcqjEy' is set on object 'Object Repository/ADDING_A_NEW_EMPLOYEE/Add_employee_last_name'

13-08-2024T15:06:37 - [MESSAGE][PASSED] - Text 'Last_name_dhcqjEy' is set on object 'Object Repository/ADDING_A_NEW_EMPLOYEE/Add_employee_last_name'

13-08-2024T15:06:37 - [TEST_STEP][PASSED] - randomString_001 = RandomStringUtils.randomNumeric(6): null

13-08-2024T15:06:37 - [TEST_STEP][PASSED] - newValue_001 = "333" + randomString_001: null

13-08-2024T15:06:37 - [TEST_STEP][PASSED] - xpath_for_employee_id = "//label[text()='Employee Id']/ancestor::div[@class='oxd-input-group__label-wrapper']/following-sibling::div//input[@class='oxd-input oxd-input--active']": null

13-08-2024T15:06:37 - [TEST_STEP][PASSED] - inputField_001 = TestObject().addProperty("xpath", EQUALS, xpath_for_employee_id): null

13-08-2024T15:06:37 - [TEST_STEP][PASSED] - executeJavaScript(
    var element = document.evaluate("$xpath_for_employee_id", document, null, XPathResult.FIRST_ORDERED_NODE_TYPE, null).singleNodeValue;
    if (element) {
        element.value = '$newValue_001';
        var event = new Event('input', { bubbles: true });
        element.dispatchEvent(event);
    }
    , null): Execute JavaScript '
    var element = document.evaluate("//label[text()='Employee Id']/ancestor::div[@class='oxd-input-group__label-wrapper']/following-sibling::div//input[@class='oxd-input oxd-input--active']", document, null, XPathResult.FIRST_ORDERED_NODE_TYPE, null).singleNodeValue;
    if (element) {
        element.value = '333494018';
        var event = new Event('input', { bubbles: true });
        element.dispatchEvent(event);
    }
    ' successfully

13-08-2024T15:06:37 - [MESSAGE][PASSED] - Execute JavaScript '
    var element = document.evaluate("//label[text()='Employee Id']/ancestor::div[@class='oxd-input-group__label-wrapper']/following-sibling::div//input[@class='oxd-input oxd-input--active']", document, null, XPathResult.FIRST_ORDERED_NODE_TYPE, null).singleNodeValue;
    if (element) {
        element.value = '333494018';
        var event = new Event('input', { bubbles: true });
        element.dispatchEvent(event);
    }
    ' successfully

13-08-2024T15:06:37 - [TEST_STEP][PASSED] - delay(3): Delayed 3 second(s)

13-08-2024T15:06:40 - [MESSAGE][PASSED] - Delayed 3 second(s)

13-08-2024T15:06:40 - [TEST_STEP][PASSED] - randomString_for_password = RandomStringUtils.randomNumeric(6): null

13-08-2024T15:06:40 - [TEST_STEP][PASSED] - new_Value_for_password = "Fiboo" + randomString_for_password + "@@": null

13-08-2024T15:06:40 - [TEST_STEP][PASSED] - xpath_for_password = "//label[text()='Username']/ancestor::div[@class='oxd-input-group__label-wrapper']/following-sibling::div//input[@class='oxd-input oxd-input--active']": null

13-08-2024T15:06:40 - [TEST_STEP][PASSED] - inputField_for_password = TestObject().addProperty("xpath", EQUALS, xpath_for_password): null

13-08-2024T15:06:40 - [TEST_STEP][PASSED] - executeJavaScript(
    var element = document.evaluate("$xpath_for_password", document, null, XPathResult.FIRST_ORDERED_NODE_TYPE, null).singleNodeValue;
    if (element) {
        element.value = '$new_Value_for_password';
        var event = new Event('input', { bubbles: true });
        element.dispatchEvent(event);
    }
    , null): Execute JavaScript '
    var element = document.evaluate("//label[text()='Username']/ancestor::div[@class='oxd-input-group__label-wrapper']/following-sibling::div//input[@class='oxd-input oxd-input--active']", document, null, XPathResult.FIRST_ORDERED_NODE_TYPE, null).singleNodeValue;
    if (element) {
        element.value = 'Fiboo511278@@';
        var event = new Event('input', { bubbles: true });
        element.dispatchEvent(event);
    }
    ' successfully

13-08-2024T15:06:40 - [MESSAGE][PASSED] - Execute JavaScript '
    var element = document.evaluate("//label[text()='Username']/ancestor::div[@class='oxd-input-group__label-wrapper']/following-sibling::div//input[@class='oxd-input oxd-input--active']", document, null, XPathResult.FIRST_ORDERED_NODE_TYPE, null).singleNodeValue;
    if (element) {
        element.value = 'Fiboo511278@@';
        var event = new Event('input', { bubbles: true });
        element.dispatchEvent(event);
    }
    ' successfully

13-08-2024T15:06:40 - [TEST_STEP][PASSED] - delay(1): Delayed 1 second(s)

13-08-2024T15:06:41 - [MESSAGE][PASSED] - Delayed 1 second(s)

13-08-2024T15:06:41 - [TEST_STEP][PASSED] - Password = getAttribute(findTestObject("Object Repository/ADDING_A_NEW_EMPLOYEE/Add_employee_username"), "value"): Attribute 'value' of object 'Object Repository/ADDING_A_NEW_EMPLOYEE/Add_employee_username' is: 'Fiboo511278@@'

13-08-2024T15:06:42 - [MESSAGE][PASSED] - Attribute 'value' of object 'Object Repository/ADDING_A_NEW_EMPLOYEE/Add_employee_username' is: 'Fiboo511278@@'

13-08-2024T15:06:42 - [TEST_STEP][PASSED] - out.println(Password): null

13-08-2024T15:06:42 - [TEST_STEP][PASSED] - new_Value_for_password_001 = Password: null

13-08-2024T15:06:42 - [TEST_STEP][PASSED] - xpath_for_password_001 = "//label[text()='Password']/ancestor::div[@class='oxd-input-group__label-wrapper']/following-sibling::div//input[@class='oxd-input oxd-input--active']": null

13-08-2024T15:06:42 - [TEST_STEP][PASSED] - inputField_for_password_001 = TestObject().addProperty("xpath", EQUALS, xpath_for_password_001): null

13-08-2024T15:06:42 - [TEST_STEP][PASSED] - executeJavaScript(
    var element = document.evaluate("$xpath_for_password_001", document, null, XPathResult.FIRST_ORDERED_NODE_TYPE, null).singleNodeValue;
    if (element) {
        element.value = '$new_Value_for_password_001';
        var event = new Event('input', { bubbles: true });
        element.dispatchEvent(event);
    }
    , null): Execute JavaScript '
    var element = document.evaluate("//label[text()='Password']/ancestor::div[@class='oxd-input-group__label-wrapper']/following-sibling::div//input[@class='oxd-input oxd-input--active']", document, null, XPathResult.FIRST_ORDERED_NODE_TYPE, null).singleNodeValue;
    if (element) {
        element.value = 'Fiboo511278@@';
        var event = new Event('input', { bubbles: true });
        element.dispatchEvent(event);
    }
    ' successfully

13-08-2024T15:06:42 - [MESSAGE][PASSED] - Execute JavaScript '
    var element = document.evaluate("//label[text()='Password']/ancestor::div[@class='oxd-input-group__label-wrapper']/following-sibling::div//input[@class='oxd-input oxd-input--active']", document, null, XPathResult.FIRST_ORDERED_NODE_TYPE, null).singleNodeValue;
    if (element) {
        element.value = 'Fiboo511278@@';
        var event = new Event('input', { bubbles: true });
        element.dispatchEvent(event);
    }
    ' successfully

13-08-2024T15:06:42 - [TEST_STEP][PASSED] - delay(1): Delayed 1 second(s)

13-08-2024T15:06:43 - [MESSAGE][PASSED] - Delayed 1 second(s)

13-08-2024T15:06:43 - [TEST_STEP][PASSED] - new_Value_for_password_002 = Password: null

13-08-2024T15:06:43 - [TEST_STEP][PASSED] - xpath_for_password_002 = "//label[text()='Confirm Password']/ancestor::div[@class='oxd-input-group__label-wrapper']/following-sibling::div//input[@class='oxd-input oxd-input--active']": null

13-08-2024T15:06:43 - [TEST_STEP][PASSED] - inputField_for_password_002 = TestObject().addProperty("xpath", EQUALS, xpath_for_password_002): null

13-08-2024T15:06:43 - [TEST_STEP][PASSED] - executeJavaScript(
    var element = document.evaluate("$xpath_for_password_002", document, null, XPathResult.FIRST_ORDERED_NODE_TYPE, null).singleNodeValue;
    if (element) {
        element.value = '$new_Value_for_password_002';
        var event = new Event('input', { bubbles: true });
        element.dispatchEvent(event);
    }
    , null): Execute JavaScript '
    var element = document.evaluate("//label[text()='Confirm Password']/ancestor::div[@class='oxd-input-group__label-wrapper']/following-sibling::div//input[@class='oxd-input oxd-input--active']", document, null, XPathResult.FIRST_ORDERED_NODE_TYPE, null).singleNodeValue;
    if (element) {
        element.value = 'Fiboo511278@@';
        var event = new Event('input', { bubbles: true });
        element.dispatchEvent(event);
    }
    ' successfully

13-08-2024T15:06:43 - [MESSAGE][PASSED] - Execute JavaScript '
    var element = document.evaluate("//label[text()='Confirm Password']/ancestor::div[@class='oxd-input-group__label-wrapper']/following-sibling::div//input[@class='oxd-input oxd-input--active']", document, null, XPathResult.FIRST_ORDERED_NODE_TYPE, null).singleNodeValue;
    if (element) {
        element.value = 'Fiboo511278@@';
        var event = new Event('input', { bubbles: true });
        element.dispatchEvent(event);
    }
    ' successfully

13-08-2024T15:06:43 - [TEST_STEP][PASSED] - delay(1): Delayed 1 second(s)

13-08-2024T15:06:44 - [MESSAGE][PASSED] - Delayed 1 second(s)

13-08-2024T15:06:44 - [TEST_STEP][PASSED] - randomString = RandomStringUtils.randomAlphabetic(7): null

13-08-2024T15:06:44 - [TEST_STEP][PASSED] - newValue = "User_name_" + randomString: null

13-08-2024T15:06:44 - [TEST_STEP][PASSED] - xpath_for_user_name = "//label[text()='Username']/ancestor::div[@class='oxd-input-group__label-wrapper']/following-sibling::div//input[@class='oxd-input oxd-input--active']": null

13-08-2024T15:06:44 - [TEST_STEP][PASSED] - inputField = TestObject().addProperty("xpath", EQUALS, xpath_for_user_name): null

13-08-2024T15:06:44 - [TEST_STEP][PASSED] - executeJavaScript(
    var element = document.evaluate("$xpath_for_user_name", document, null, XPathResult.FIRST_ORDERED_NODE_TYPE, null).singleNodeValue;
    if (element) {
        element.value = '$newValue';
        var event = new Event('input', { bubbles: true });
        element.dispatchEvent(event);
    }
    , null): Execute JavaScript '
    var element = document.evaluate("//label[text()='Username']/ancestor::div[@class='oxd-input-group__label-wrapper']/following-sibling::div//input[@class='oxd-input oxd-input--active']", document, null, XPathResult.FIRST_ORDERED_NODE_TYPE, null).singleNodeValue;
    if (element) {
        element.value = 'User_name_LeVjDmg';
        var event = new Event('input', { bubbles: true });
        element.dispatchEvent(event);
    }
    ' successfully

13-08-2024T15:06:44 - [MESSAGE][PASSED] - Execute JavaScript '
    var element = document.evaluate("//label[text()='Username']/ancestor::div[@class='oxd-input-group__label-wrapper']/following-sibling::div//input[@class='oxd-input oxd-input--active']", document, null, XPathResult.FIRST_ORDERED_NODE_TYPE, null).singleNodeValue;
    if (element) {
        element.value = 'User_name_LeVjDmg';
        var event = new Event('input', { bubbles: true });
        element.dispatchEvent(event);
    }
    ' successfully

13-08-2024T15:06:44 - [TEST_STEP][PASSED] - delay(1): Delayed 1 second(s)

13-08-2024T15:06:45 - [MESSAGE][PASSED] - Delayed 1 second(s)

13-08-2024T15:06:45 - [TEST_STEP][PASSED] - User_name = getAttribute(findTestObject("Object Repository/ADDING_A_NEW_EMPLOYEE/Add_employee_username"), "value"): Attribute 'value' of object 'Object Repository/ADDING_A_NEW_EMPLOYEE/Add_employee_username' is: 'User_name_LeVjDmg'

13-08-2024T15:06:45 - [MESSAGE][PASSED] - Attribute 'value' of object 'Object Repository/ADDING_A_NEW_EMPLOYEE/Add_employee_username' is: 'User_name_LeVjDmg'

13-08-2024T15:06:45 - [TEST_STEP][PASSED] - out.println(User_name): null

13-08-2024T15:06:45 - [TEST_STEP][PASSED] - out.println(Password): null

13-08-2024T15:06:45 - [TEST_STEP][PASSED] - First_name = getAttribute(findTestObject("Object Repository/ADDING_A_NEW_EMPLOYEE/Add_Employee_first_name"), "value"): Attribute 'value' of object 'Object Repository/ADDING_A_NEW_EMPLOYEE/Add_Employee_first_name' is: 'First_name_BwuSRfm'

13-08-2024T15:06:45 - [MESSAGE][PASSED] - Attribute 'value' of object 'Object Repository/ADDING_A_NEW_EMPLOYEE/Add_Employee_first_name' is: 'First_name_BwuSRfm'

13-08-2024T15:06:45 - [TEST_STEP][PASSED] - out.println(First_name): null

13-08-2024T15:06:45 - [TEST_STEP][PASSED] - Middle_name = getAttribute(findTestObject("Object Repository/ADDING_A_NEW_EMPLOYEE/Add_employee_middle_name"), "value"): Attribute 'value' of object 'Object Repository/ADDING_A_NEW_EMPLOYEE/Add_employee_middle_name' is: 'Middle_name_YotFIng'

13-08-2024T15:06:45 - [MESSAGE][PASSED] - Attribute 'value' of object 'Object Repository/ADDING_A_NEW_EMPLOYEE/Add_employee_middle_name' is: 'Middle_name_YotFIng'

13-08-2024T15:06:45 - [TEST_STEP][PASSED] - out.println(Middle_name): null

13-08-2024T15:06:45 - [TEST_STEP][PASSED] - Last_name = getAttribute(findTestObject("Object Repository/ADDING_A_NEW_EMPLOYEE/Add_employee_last_name"), "value"): Attribute 'value' of object 'Object Repository/ADDING_A_NEW_EMPLOYEE/Add_employee_last_name' is: 'Last_name_dhcqjEy'

13-08-2024T15:06:46 - [MESSAGE][PASSED] - Attribute 'value' of object 'Object Repository/ADDING_A_NEW_EMPLOYEE/Add_employee_last_name' is: 'Last_name_dhcqjEy'

13-08-2024T15:06:46 - [TEST_STEP][PASSED] - out.println(Last_name): null

13-08-2024T15:06:46 - [TEST_STEP][PASSED] - employee_id = getAttribute(findTestObject("Object Repository/ADDING_A_NEW_EMPLOYEE/Add_employee_id"), "value"): Attribute 'value' of object 'Object Repository/ADDING_A_NEW_EMPLOYEE/Add_employee_id' is: '333494018'

13-08-2024T15:06:46 - [MESSAGE][PASSED] - Attribute 'value' of object 'Object Repository/ADDING_A_NEW_EMPLOYEE/Add_employee_id' is: '333494018'

13-08-2024T15:06:46 - [TEST_STEP][PASSED] - out.println(employee_id): null

13-08-2024T15:06:46 - [TEST_STEP][PASSED] - delay(3): Delayed 3 second(s)

13-08-2024T15:06:49 - [MESSAGE][PASSED] - Delayed 3 second(s)

13-08-2024T15:06:49 - [TEST_STEP][PASSED] - click(findTestObject("Object Repository/ADDING_A_NEW_EMPLOYEE/Add_employee_save_button")): Object: 'Object Repository/ADDING_A_NEW_EMPLOYEE/Add_employee_save_button' is clicked on

13-08-2024T15:06:49 - [MESSAGE][PASSED] - Object: 'Object Repository/ADDING_A_NEW_EMPLOYEE/Add_employee_save_button' is clicked on

13-08-2024T15:06:49 - [TEST_STEP][PASSED] - delay(2): Delayed 2 second(s)

13-08-2024T15:06:51 - [MESSAGE][PASSED] - Delayed 2 second(s)

13-08-2024T15:06:51 - [MESSAGE][PASSED] - Call Test Case 'Test Cases/ADDING_A_NEW_EMPLOYEE' successfully

13-08-2024T15:06:51 - [TEST_STEP][PASSED] - rowIndex = sheet.getLastRowNum() + 1: null

13-08-2024T15:06:51 - [TEST_STEP][PASSED] - row = sheet.createRow(rowIndex): null

13-08-2024T15:06:51 - [TEST_STEP][PASSED] - createCell(0).setCellValue(First_name): null

13-08-2024T15:06:51 - [TEST_STEP][PASSED] - createCell(1).setCellValue(Middle_name): null

13-08-2024T15:06:51 - [TEST_STEP][PASSED] - createCell(2).setCellValue(Last_name): null

13-08-2024T15:06:51 - [TEST_STEP][PASSED] - createCell(3).setCellValue(User_name): null

13-08-2024T15:06:51 - [TEST_STEP][PASSED] - createCell(4).setCellValue(Password): null

13-08-2024T15:06:51 - [TEST_STEP][PASSED] - createCell(5).setCellValue(employee_id): null

13-08-2024T15:06:51 - [TEST_STEP][PASSED] - callTestCase(findTestCase("ADDING_A_NEW_EMPLOYEE"), [:], STOP_ON_FAILURE): Call Test Case 'Test Cases/ADDING_A_NEW_EMPLOYEE' successfully

13-08-2024T15:06:51 - [TEST_CASE][PASSED] - Test Cases/ADDING_A_NEW_EMPLOYEE: Test Cases/ADDING_A_NEW_EMPLOYEE

13-08-2024T15:06:51 - [TEST_STEP][PASSED] - verifyElementPresent(findTestObject("ADDING_A_NEW_EMPLOYEE/pim_option_from_side_bar"), 10): Object 'Object Repository/ADDING_A_NEW_EMPLOYEE/pim_option_from_side_bar' is present

13-08-2024T15:06:52 - [MESSAGE][PASSED] - Object 'Object Repository/ADDING_A_NEW_EMPLOYEE/pim_option_from_side_bar' is present

13-08-2024T15:06:52 - [TEST_STEP][PASSED] - click(findTestObject("ADDING_A_NEW_EMPLOYEE/pim_option_from_side_bar")): Object: 'Object Repository/ADDING_A_NEW_EMPLOYEE/pim_option_from_side_bar' is clicked on

13-08-2024T15:06:53 - [MESSAGE][PASSED] - Object: 'Object Repository/ADDING_A_NEW_EMPLOYEE/pim_option_from_side_bar' is clicked on

13-08-2024T15:06:53 - [TEST_STEP][PASSED] - waitForElementPresent(findTestObject("ADDING_A_NEW_EMPLOYEE/adding_new_employee_button_in_pim_page"), 10): Object 'Object Repository/ADDING_A_NEW_EMPLOYEE/adding_new_employee_button_in_pim_page' is present

13-08-2024T15:06:55 - [MESSAGE][PASSED] - Object 'Object Repository/ADDING_A_NEW_EMPLOYEE/adding_new_employee_button_in_pim_page' is present

13-08-2024T15:06:55 - [TEST_STEP][PASSED] - click(findTestObject("ADDING_A_NEW_EMPLOYEE/adding_new_employee_button_in_pim_page")): Object: 'Object Repository/ADDING_A_NEW_EMPLOYEE/adding_new_employee_button_in_pim_page' is clicked on

13-08-2024T15:06:56 - [MESSAGE][PASSED] - Object: 'Object Repository/ADDING_A_NEW_EMPLOYEE/adding_new_employee_button_in_pim_page' is clicked on

13-08-2024T15:06:56 - [TEST_STEP][PASSED] - verifyElementPresent(findTestObject("ADDING_A_NEW_EMPLOYEE/create_login_details_checkbox"), 10): Object 'Object Repository/ADDING_A_NEW_EMPLOYEE/create_login_details_checkbox' is present

13-08-2024T15:06:57 - [MESSAGE][PASSED] - Object 'Object Repository/ADDING_A_NEW_EMPLOYEE/create_login_details_checkbox' is present

13-08-2024T15:06:57 - [TEST_STEP][PASSED] - click(findTestObject("ADDING_A_NEW_EMPLOYEE/create_login_details_checkbox")): Object: 'Object Repository/ADDING_A_NEW_EMPLOYEE/create_login_details_checkbox' is clicked on

13-08-2024T15:06:58 - [MESSAGE][PASSED] - Object: 'Object Repository/ADDING_A_NEW_EMPLOYEE/create_login_details_checkbox' is clicked on

13-08-2024T15:06:58 - [TEST_STEP][PASSED] - verifyElementPresent(findTestObject("Object Repository/ADDING_A_NEW_EMPLOYEE/Add_employee_enabled_radio_button"), 10): Object 'Object Repository/ADDING_A_NEW_EMPLOYEE/Add_employee_enabled_radio_button' is present

13-08-2024T15:06:58 - [MESSAGE][PASSED] - Object 'Object Repository/ADDING_A_NEW_EMPLOYEE/Add_employee_enabled_radio_button' is present

13-08-2024T15:06:58 - [TEST_STEP][PASSED] - click(findTestObject("Object Repository/ADDING_A_NEW_EMPLOYEE/Add_employee_enabled_radio_button")): Object: 'Object Repository/ADDING_A_NEW_EMPLOYEE/Add_employee_enabled_radio_button' is clicked on

13-08-2024T15:06:58 - [MESSAGE][PASSED] - Object: 'Object Repository/ADDING_A_NEW_EMPLOYEE/Add_employee_enabled_radio_button' is clicked on

13-08-2024T15:06:58 - [TEST_STEP][PASSED] - verifyElementPresent(findTestObject("Object Repository/ADDING_A_NEW_EMPLOYEE/Add_Employee_first_name"), 10): Object 'Object Repository/ADDING_A_NEW_EMPLOYEE/Add_Employee_first_name' is present

13-08-2024T15:06:59 - [MESSAGE][PASSED] - Object 'Object Repository/ADDING_A_NEW_EMPLOYEE/Add_Employee_first_name' is present

13-08-2024T15:06:59 - [TEST_STEP][PASSED] - click(findTestObject("Object Repository/ADDING_A_NEW_EMPLOYEE/Add_Employee_first_name")): Object: 'Object Repository/ADDING_A_NEW_EMPLOYEE/Add_Employee_first_name' is clicked on

13-08-2024T15:06:59 - [MESSAGE][PASSED] - Object: 'Object Repository/ADDING_A_NEW_EMPLOYEE/Add_Employee_first_name' is clicked on

13-08-2024T15:06:59 - [TEST_STEP][PASSED] - setText(findTestObject("Object Repository/ADDING_A_NEW_EMPLOYEE/Add_Employee_first_name"), "First_name_" + RandomStringUtils.randomAlphabetic(7)): Text 'First_name_OsBqnaX' is set on object 'Object Repository/ADDING_A_NEW_EMPLOYEE/Add_Employee_first_name'

13-08-2024T15:07:00 - [MESSAGE][PASSED] - Text 'First_name_OsBqnaX' is set on object 'Object Repository/ADDING_A_NEW_EMPLOYEE/Add_Employee_first_name'

13-08-2024T15:07:00 - [TEST_STEP][PASSED] - verifyElementPresent(findTestObject("Object Repository/ADDING_A_NEW_EMPLOYEE/Add_employee_middle_name"), 10): Object 'Object Repository/ADDING_A_NEW_EMPLOYEE/Add_employee_middle_name' is present

13-08-2024T15:07:00 - [MESSAGE][PASSED] - Object 'Object Repository/ADDING_A_NEW_EMPLOYEE/Add_employee_middle_name' is present

13-08-2024T15:07:00 - [TEST_STEP][PASSED] - click(findTestObject("Object Repository/ADDING_A_NEW_EMPLOYEE/Add_employee_middle_name")): Object: 'Object Repository/ADDING_A_NEW_EMPLOYEE/Add_employee_middle_name' is clicked on

13-08-2024T15:07:00 - [MESSAGE][PASSED] - Object: 'Object Repository/ADDING_A_NEW_EMPLOYEE/Add_employee_middle_name' is clicked on

13-08-2024T15:07:00 - [TEST_STEP][PASSED] - setText(findTestObject("Object Repository/ADDING_A_NEW_EMPLOYEE/Add_employee_middle_name"), "Middle_name_" + RandomStringUtils.randomAlphabetic(7)): Text 'Middle_name_FmWIQTz' is set on object 'Object Repository/ADDING_A_NEW_EMPLOYEE/Add_employee_middle_name'

13-08-2024T15:07:01 - [MESSAGE][PASSED] - Text 'Middle_name_FmWIQTz' is set on object 'Object Repository/ADDING_A_NEW_EMPLOYEE/Add_employee_middle_name'

13-08-2024T15:07:01 - [TEST_STEP][PASSED] - verifyElementPresent(findTestObject("Object Repository/ADDING_A_NEW_EMPLOYEE/Add_employee_last_name"), 10): Object 'Object Repository/ADDING_A_NEW_EMPLOYEE/Add_employee_last_name' is present

13-08-2024T15:07:01 - [MESSAGE][PASSED] - Object 'Object Repository/ADDING_A_NEW_EMPLOYEE/Add_employee_last_name' is present

13-08-2024T15:07:01 - [TEST_STEP][PASSED] - click(findTestObject("Object Repository/ADDING_A_NEW_EMPLOYEE/Add_employee_last_name")): Object: 'Object Repository/ADDING_A_NEW_EMPLOYEE/Add_employee_last_name' is clicked on

13-08-2024T15:07:01 - [MESSAGE][PASSED] - Object: 'Object Repository/ADDING_A_NEW_EMPLOYEE/Add_employee_last_name' is clicked on

13-08-2024T15:07:01 - [TEST_STEP][PASSED] - setText(findTestObject("Object Repository/ADDING_A_NEW_EMPLOYEE/Add_employee_last_name"), "Last_name_" + RandomStringUtils.randomAlphabetic(7)): Text 'Last_name_DvWXdie' is set on object 'Object Repository/ADDING_A_NEW_EMPLOYEE/Add_employee_last_name'

13-08-2024T15:07:02 - [MESSAGE][PASSED] - Text 'Last_name_DvWXdie' is set on object 'Object Repository/ADDING_A_NEW_EMPLOYEE/Add_employee_last_name'

13-08-2024T15:07:02 - [TEST_STEP][PASSED] - randomString_001 = RandomStringUtils.randomNumeric(6): null

13-08-2024T15:07:02 - [TEST_STEP][PASSED] - newValue_001 = "333" + randomString_001: null

13-08-2024T15:07:02 - [TEST_STEP][PASSED] - xpath_for_employee_id = "//label[text()='Employee Id']/ancestor::div[@class='oxd-input-group__label-wrapper']/following-sibling::div//input[@class='oxd-input oxd-input--active']": null

13-08-2024T15:07:02 - [TEST_STEP][PASSED] - inputField_001 = TestObject().addProperty("xpath", EQUALS, xpath_for_employee_id): null

13-08-2024T15:07:02 - [TEST_STEP][PASSED] - executeJavaScript(
    var element = document.evaluate("$xpath_for_employee_id", document, null, XPathResult.FIRST_ORDERED_NODE_TYPE, null).singleNodeValue;
    if (element) {
        element.value = '$newValue_001';
        var event = new Event('input', { bubbles: true });
        element.dispatchEvent(event);
    }
    , null): Execute JavaScript '
    var element = document.evaluate("//label[text()='Employee Id']/ancestor::div[@class='oxd-input-group__label-wrapper']/following-sibling::div//input[@class='oxd-input oxd-input--active']", document, null, XPathResult.FIRST_ORDERED_NODE_TYPE, null).singleNodeValue;
    if (element) {
        element.value = '333650244';
        var event = new Event('input', { bubbles: true });
        element.dispatchEvent(event);
    }
    ' successfully

13-08-2024T15:07:02 - [MESSAGE][PASSED] - Execute JavaScript '
    var element = document.evaluate("//label[text()='Employee Id']/ancestor::div[@class='oxd-input-group__label-wrapper']/following-sibling::div//input[@class='oxd-input oxd-input--active']", document, null, XPathResult.FIRST_ORDERED_NODE_TYPE, null).singleNodeValue;
    if (element) {
        element.value = '333650244';
        var event = new Event('input', { bubbles: true });
        element.dispatchEvent(event);
    }
    ' successfully

13-08-2024T15:07:02 - [TEST_STEP][PASSED] - delay(3): Delayed 3 second(s)

13-08-2024T15:07:05 - [MESSAGE][PASSED] - Delayed 3 second(s)

13-08-2024T15:07:05 - [TEST_STEP][PASSED] - randomString_for_password = RandomStringUtils.randomNumeric(6): null

13-08-2024T15:07:05 - [TEST_STEP][PASSED] - new_Value_for_password = "Fiboo" + randomString_for_password + "@@": null

13-08-2024T15:07:05 - [TEST_STEP][PASSED] - xpath_for_password = "//label[text()='Username']/ancestor::div[@class='oxd-input-group__label-wrapper']/following-sibling::div//input[@class='oxd-input oxd-input--active']": null

13-08-2024T15:07:05 - [TEST_STEP][PASSED] - inputField_for_password = TestObject().addProperty("xpath", EQUALS, xpath_for_password): null

13-08-2024T15:07:05 - [TEST_STEP][PASSED] - executeJavaScript(
    var element = document.evaluate("$xpath_for_password", document, null, XPathResult.FIRST_ORDERED_NODE_TYPE, null).singleNodeValue;
    if (element) {
        element.value = '$new_Value_for_password';
        var event = new Event('input', { bubbles: true });
        element.dispatchEvent(event);
    }
    , null): Execute JavaScript '
    var element = document.evaluate("//label[text()='Username']/ancestor::div[@class='oxd-input-group__label-wrapper']/following-sibling::div//input[@class='oxd-input oxd-input--active']", document, null, XPathResult.FIRST_ORDERED_NODE_TYPE, null).singleNodeValue;
    if (element) {
        element.value = 'Fiboo619873@@';
        var event = new Event('input', { bubbles: true });
        element.dispatchEvent(event);
    }
    ' successfully

13-08-2024T15:07:05 - [MESSAGE][PASSED] - Execute JavaScript '
    var element = document.evaluate("//label[text()='Username']/ancestor::div[@class='oxd-input-group__label-wrapper']/following-sibling::div//input[@class='oxd-input oxd-input--active']", document, null, XPathResult.FIRST_ORDERED_NODE_TYPE, null).singleNodeValue;
    if (element) {
        element.value = 'Fiboo619873@@';
        var event = new Event('input', { bubbles: true });
        element.dispatchEvent(event);
    }
    ' successfully

13-08-2024T15:07:05 - [TEST_STEP][PASSED] - delay(1): Delayed 1 second(s)

13-08-2024T15:07:06 - [MESSAGE][PASSED] - Delayed 1 second(s)

13-08-2024T15:07:06 - [TEST_STEP][PASSED] - Password = getAttribute(findTestObject("Object Repository/ADDING_A_NEW_EMPLOYEE/Add_employee_username"), "value"): Attribute 'value' of object 'Object Repository/ADDING_A_NEW_EMPLOYEE/Add_employee_username' is: 'Fiboo619873@@'

13-08-2024T15:07:06 - [MESSAGE][PASSED] - Attribute 'value' of object 'Object Repository/ADDING_A_NEW_EMPLOYEE/Add_employee_username' is: 'Fiboo619873@@'

13-08-2024T15:07:06 - [TEST_STEP][PASSED] - out.println(Password): null

13-08-2024T15:07:06 - [TEST_STEP][PASSED] - new_Value_for_password_001 = Password: null

13-08-2024T15:07:06 - [TEST_STEP][PASSED] - xpath_for_password_001 = "//label[text()='Password']/ancestor::div[@class='oxd-input-group__label-wrapper']/following-sibling::div//input[@class='oxd-input oxd-input--active']": null

13-08-2024T15:07:06 - [TEST_STEP][PASSED] - inputField_for_password_001 = TestObject().addProperty("xpath", EQUALS, xpath_for_password_001): null

13-08-2024T15:07:06 - [TEST_STEP][PASSED] - executeJavaScript(
    var element = document.evaluate("$xpath_for_password_001", document, null, XPathResult.FIRST_ORDERED_NODE_TYPE, null).singleNodeValue;
    if (element) {
        element.value = '$new_Value_for_password_001';
        var event = new Event('input', { bubbles: true });
        element.dispatchEvent(event);
    }
    , null): Execute JavaScript '
    var element = document.evaluate("//label[text()='Password']/ancestor::div[@class='oxd-input-group__label-wrapper']/following-sibling::div//input[@class='oxd-input oxd-input--active']", document, null, XPathResult.FIRST_ORDERED_NODE_TYPE, null).singleNodeValue;
    if (element) {
        element.value = 'Fiboo619873@@';
        var event = new Event('input', { bubbles: true });
        element.dispatchEvent(event);
    }
    ' successfully

13-08-2024T15:07:06 - [MESSAGE][PASSED] - Execute JavaScript '
    var element = document.evaluate("//label[text()='Password']/ancestor::div[@class='oxd-input-group__label-wrapper']/following-sibling::div//input[@class='oxd-input oxd-input--active']", document, null, XPathResult.FIRST_ORDERED_NODE_TYPE, null).singleNodeValue;
    if (element) {
        element.value = 'Fiboo619873@@';
        var event = new Event('input', { bubbles: true });
        element.dispatchEvent(event);
    }
    ' successfully

13-08-2024T15:07:06 - [TEST_STEP][PASSED] - delay(1): Delayed 1 second(s)

13-08-2024T15:07:07 - [MESSAGE][PASSED] - Delayed 1 second(s)

13-08-2024T15:07:07 - [TEST_STEP][PASSED] - new_Value_for_password_002 = Password: null

13-08-2024T15:07:07 - [TEST_STEP][PASSED] - xpath_for_password_002 = "//label[text()='Confirm Password']/ancestor::div[@class='oxd-input-group__label-wrapper']/following-sibling::div//input[@class='oxd-input oxd-input--active']": null

13-08-2024T15:07:07 - [TEST_STEP][PASSED] - inputField_for_password_002 = TestObject().addProperty("xpath", EQUALS, xpath_for_password_002): null

13-08-2024T15:07:07 - [TEST_STEP][PASSED] - executeJavaScript(
    var element = document.evaluate("$xpath_for_password_002", document, null, XPathResult.FIRST_ORDERED_NODE_TYPE, null).singleNodeValue;
    if (element) {
        element.value = '$new_Value_for_password_002';
        var event = new Event('input', { bubbles: true });
        element.dispatchEvent(event);
    }
    , null): Execute JavaScript '
    var element = document.evaluate("//label[text()='Confirm Password']/ancestor::div[@class='oxd-input-group__label-wrapper']/following-sibling::div//input[@class='oxd-input oxd-input--active']", document, null, XPathResult.FIRST_ORDERED_NODE_TYPE, null).singleNodeValue;
    if (element) {
        element.value = 'Fiboo619873@@';
        var event = new Event('input', { bubbles: true });
        element.dispatchEvent(event);
    }
    ' successfully

13-08-2024T15:07:07 - [MESSAGE][PASSED] - Execute JavaScript '
    var element = document.evaluate("//label[text()='Confirm Password']/ancestor::div[@class='oxd-input-group__label-wrapper']/following-sibling::div//input[@class='oxd-input oxd-input--active']", document, null, XPathResult.FIRST_ORDERED_NODE_TYPE, null).singleNodeValue;
    if (element) {
        element.value = 'Fiboo619873@@';
        var event = new Event('input', { bubbles: true });
        element.dispatchEvent(event);
    }
    ' successfully

13-08-2024T15:07:07 - [TEST_STEP][PASSED] - delay(1): Delayed 1 second(s)

13-08-2024T15:07:08 - [MESSAGE][PASSED] - Delayed 1 second(s)

13-08-2024T15:07:08 - [TEST_STEP][PASSED] - randomString = RandomStringUtils.randomAlphabetic(7): null

13-08-2024T15:07:08 - [TEST_STEP][PASSED] - newValue = "User_name_" + randomString: null

13-08-2024T15:07:08 - [TEST_STEP][PASSED] - xpath_for_user_name = "//label[text()='Username']/ancestor::div[@class='oxd-input-group__label-wrapper']/following-sibling::div//input[@class='oxd-input oxd-input--active']": null

13-08-2024T15:07:08 - [TEST_STEP][PASSED] - inputField = TestObject().addProperty("xpath", EQUALS, xpath_for_user_name): null

13-08-2024T15:07:08 - [TEST_STEP][PASSED] - executeJavaScript(
    var element = document.evaluate("$xpath_for_user_name", document, null, XPathResult.FIRST_ORDERED_NODE_TYPE, null).singleNodeValue;
    if (element) {
        element.value = '$newValue';
        var event = new Event('input', { bubbles: true });
        element.dispatchEvent(event);
    }
    , null): Execute JavaScript '
    var element = document.evaluate("//label[text()='Username']/ancestor::div[@class='oxd-input-group__label-wrapper']/following-sibling::div//input[@class='oxd-input oxd-input--active']", document, null, XPathResult.FIRST_ORDERED_NODE_TYPE, null).singleNodeValue;
    if (element) {
        element.value = 'User_name_CCLOuAD';
        var event = new Event('input', { bubbles: true });
        element.dispatchEvent(event);
    }
    ' successfully

13-08-2024T15:07:08 - [MESSAGE][PASSED] - Execute JavaScript '
    var element = document.evaluate("//label[text()='Username']/ancestor::div[@class='oxd-input-group__label-wrapper']/following-sibling::div//input[@class='oxd-input oxd-input--active']", document, null, XPathResult.FIRST_ORDERED_NODE_TYPE, null).singleNodeValue;
    if (element) {
        element.value = 'User_name_CCLOuAD';
        var event = new Event('input', { bubbles: true });
        element.dispatchEvent(event);
    }
    ' successfully

13-08-2024T15:07:08 - [TEST_STEP][PASSED] - delay(1): Delayed 1 second(s)

13-08-2024T15:07:09 - [MESSAGE][PASSED] - Delayed 1 second(s)

13-08-2024T15:07:09 - [TEST_STEP][PASSED] - User_name = getAttribute(findTestObject("Object Repository/ADDING_A_NEW_EMPLOYEE/Add_employee_username"), "value"): Attribute 'value' of object 'Object Repository/ADDING_A_NEW_EMPLOYEE/Add_employee_username' is: 'User_name_CCLOuAD'

13-08-2024T15:07:10 - [MESSAGE][PASSED] - Attribute 'value' of object 'Object Repository/ADDING_A_NEW_EMPLOYEE/Add_employee_username' is: 'User_name_CCLOuAD'

13-08-2024T15:07:10 - [TEST_STEP][PASSED] - out.println(User_name): null

13-08-2024T15:07:10 - [TEST_STEP][PASSED] - out.println(Password): null

13-08-2024T15:07:10 - [TEST_STEP][PASSED] - First_name = getAttribute(findTestObject("Object Repository/ADDING_A_NEW_EMPLOYEE/Add_Employee_first_name"), "value"): Attribute 'value' of object 'Object Repository/ADDING_A_NEW_EMPLOYEE/Add_Employee_first_name' is: 'First_name_OsBqnaX'

13-08-2024T15:07:10 - [MESSAGE][PASSED] - Attribute 'value' of object 'Object Repository/ADDING_A_NEW_EMPLOYEE/Add_Employee_first_name' is: 'First_name_OsBqnaX'

13-08-2024T15:07:10 - [TEST_STEP][PASSED] - out.println(First_name): null

13-08-2024T15:07:10 - [TEST_STEP][PASSED] - Middle_name = getAttribute(findTestObject("Object Repository/ADDING_A_NEW_EMPLOYEE/Add_employee_middle_name"), "value"): Attribute 'value' of object 'Object Repository/ADDING_A_NEW_EMPLOYEE/Add_employee_middle_name' is: 'Middle_name_FmWIQTz'

13-08-2024T15:07:10 - [MESSAGE][PASSED] - Attribute 'value' of object 'Object Repository/ADDING_A_NEW_EMPLOYEE/Add_employee_middle_name' is: 'Middle_name_FmWIQTz'

13-08-2024T15:07:10 - [TEST_STEP][PASSED] - out.println(Middle_name): null

13-08-2024T15:07:10 - [TEST_STEP][PASSED] - Last_name = getAttribute(findTestObject("Object Repository/ADDING_A_NEW_EMPLOYEE/Add_employee_last_name"), "value"): Attribute 'value' of object 'Object Repository/ADDING_A_NEW_EMPLOYEE/Add_employee_last_name' is: 'Last_name_DvWXdie'

13-08-2024T15:07:10 - [MESSAGE][PASSED] - Attribute 'value' of object 'Object Repository/ADDING_A_NEW_EMPLOYEE/Add_employee_last_name' is: 'Last_name_DvWXdie'

13-08-2024T15:07:10 - [TEST_STEP][PASSED] - out.println(Last_name): null

13-08-2024T15:07:10 - [TEST_STEP][PASSED] - employee_id = getAttribute(findTestObject("Object Repository/ADDING_A_NEW_EMPLOYEE/Add_employee_id"), "value"): Attribute 'value' of object 'Object Repository/ADDING_A_NEW_EMPLOYEE/Add_employee_id' is: '333650244'

13-08-2024T15:07:11 - [MESSAGE][PASSED] - Attribute 'value' of object 'Object Repository/ADDING_A_NEW_EMPLOYEE/Add_employee_id' is: '333650244'

13-08-2024T15:07:11 - [TEST_STEP][PASSED] - out.println(employee_id): null

13-08-2024T15:07:11 - [TEST_STEP][PASSED] - delay(3): Delayed 3 second(s)

13-08-2024T15:07:14 - [MESSAGE][PASSED] - Delayed 3 second(s)

13-08-2024T15:07:14 - [TEST_STEP][PASSED] - click(findTestObject("Object Repository/ADDING_A_NEW_EMPLOYEE/Add_employee_save_button")): Object: 'Object Repository/ADDING_A_NEW_EMPLOYEE/Add_employee_save_button' is clicked on

13-08-2024T15:07:14 - [MESSAGE][PASSED] - Object: 'Object Repository/ADDING_A_NEW_EMPLOYEE/Add_employee_save_button' is clicked on

13-08-2024T15:07:14 - [TEST_STEP][PASSED] - delay(2): Delayed 2 second(s)

13-08-2024T15:07:16 - [MESSAGE][PASSED] - Delayed 2 second(s)

13-08-2024T15:07:16 - [MESSAGE][PASSED] - Call Test Case 'Test Cases/ADDING_A_NEW_EMPLOYEE' successfully

13-08-2024T15:07:16 - [TEST_STEP][PASSED] - rowIndex = sheet.getLastRowNum() + 1: null

13-08-2024T15:07:16 - [TEST_STEP][PASSED] - row = sheet.createRow(rowIndex): null

13-08-2024T15:07:16 - [TEST_STEP][PASSED] - createCell(0).setCellValue(First_name): null

13-08-2024T15:07:16 - [TEST_STEP][PASSED] - createCell(1).setCellValue(Middle_name): null

13-08-2024T15:07:16 - [TEST_STEP][PASSED] - createCell(2).setCellValue(Last_name): null

13-08-2024T15:07:16 - [TEST_STEP][PASSED] - createCell(3).setCellValue(User_name): null

13-08-2024T15:07:16 - [TEST_STEP][PASSED] - createCell(4).setCellValue(Password): null

13-08-2024T15:07:16 - [TEST_STEP][PASSED] - createCell(5).setCellValue(employee_id): null

13-08-2024T15:07:16 - [TEST_STEP][PASSED] - callTestCase(findTestCase("ADDING_A_NEW_EMPLOYEE"), [:], STOP_ON_FAILURE): Call Test Case 'Test Cases/ADDING_A_NEW_EMPLOYEE' successfully

13-08-2024T15:07:16 - [TEST_CASE][PASSED] - Test Cases/ADDING_A_NEW_EMPLOYEE: Test Cases/ADDING_A_NEW_EMPLOYEE

13-08-2024T15:07:16 - [TEST_STEP][PASSED] - verifyElementPresent(findTestObject("ADDING_A_NEW_EMPLOYEE/pim_option_from_side_bar"), 10): Object 'Object Repository/ADDING_A_NEW_EMPLOYEE/pim_option_from_side_bar' is present

13-08-2024T15:07:17 - [MESSAGE][PASSED] - Object 'Object Repository/ADDING_A_NEW_EMPLOYEE/pim_option_from_side_bar' is present

13-08-2024T15:07:17 - [TEST_STEP][PASSED] - click(findTestObject("ADDING_A_NEW_EMPLOYEE/pim_option_from_side_bar")): Object: 'Object Repository/ADDING_A_NEW_EMPLOYEE/pim_option_from_side_bar' is clicked on

13-08-2024T15:07:18 - [MESSAGE][PASSED] - Object: 'Object Repository/ADDING_A_NEW_EMPLOYEE/pim_option_from_side_bar' is clicked on

13-08-2024T15:07:18 - [TEST_STEP][PASSED] - waitForElementPresent(findTestObject("ADDING_A_NEW_EMPLOYEE/adding_new_employee_button_in_pim_page"), 10): Object 'Object Repository/ADDING_A_NEW_EMPLOYEE/adding_new_employee_button_in_pim_page' is present

13-08-2024T15:07:19 - [MESSAGE][PASSED] - Object 'Object Repository/ADDING_A_NEW_EMPLOYEE/adding_new_employee_button_in_pim_page' is present

13-08-2024T15:07:19 - [TEST_STEP][PASSED] - click(findTestObject("ADDING_A_NEW_EMPLOYEE/adding_new_employee_button_in_pim_page")): Object: 'Object Repository/ADDING_A_NEW_EMPLOYEE/adding_new_employee_button_in_pim_page' is clicked on

13-08-2024T15:07:21 - [MESSAGE][PASSED] - Object: 'Object Repository/ADDING_A_NEW_EMPLOYEE/adding_new_employee_button_in_pim_page' is clicked on

13-08-2024T15:07:21 - [TEST_STEP][PASSED] - verifyElementPresent(findTestObject("ADDING_A_NEW_EMPLOYEE/create_login_details_checkbox"), 10): Object 'Object Repository/ADDING_A_NEW_EMPLOYEE/create_login_details_checkbox' is present

13-08-2024T15:07:22 - [MESSAGE][PASSED] - Object 'Object Repository/ADDING_A_NEW_EMPLOYEE/create_login_details_checkbox' is present

13-08-2024T15:07:22 - [TEST_STEP][PASSED] - click(findTestObject("ADDING_A_NEW_EMPLOYEE/create_login_details_checkbox")): Object: 'Object Repository/ADDING_A_NEW_EMPLOYEE/create_login_details_checkbox' is clicked on

13-08-2024T15:07:22 - [MESSAGE][PASSED] - Object: 'Object Repository/ADDING_A_NEW_EMPLOYEE/create_login_details_checkbox' is clicked on

13-08-2024T15:07:22 - [TEST_STEP][PASSED] - verifyElementPresent(findTestObject("Object Repository/ADDING_A_NEW_EMPLOYEE/Add_employee_enabled_radio_button"), 10): Object 'Object Repository/ADDING_A_NEW_EMPLOYEE/Add_employee_enabled_radio_button' is present

13-08-2024T15:07:23 - [MESSAGE][PASSED] - Object 'Object Repository/ADDING_A_NEW_EMPLOYEE/Add_employee_enabled_radio_button' is present

13-08-2024T15:07:23 - [TEST_STEP][PASSED] - click(findTestObject("Object Repository/ADDING_A_NEW_EMPLOYEE/Add_employee_enabled_radio_button")): Object: 'Object Repository/ADDING_A_NEW_EMPLOYEE/Add_employee_enabled_radio_button' is clicked on

13-08-2024T15:07:23 - [MESSAGE][PASSED] - Object: 'Object Repository/ADDING_A_NEW_EMPLOYEE/Add_employee_enabled_radio_button' is clicked on

13-08-2024T15:07:23 - [TEST_STEP][PASSED] - verifyElementPresent(findTestObject("Object Repository/ADDING_A_NEW_EMPLOYEE/Add_Employee_first_name"), 10): Object 'Object Repository/ADDING_A_NEW_EMPLOYEE/Add_Employee_first_name' is present

13-08-2024T15:07:23 - [MESSAGE][PASSED] - Object 'Object Repository/ADDING_A_NEW_EMPLOYEE/Add_Employee_first_name' is present

13-08-2024T15:07:23 - [TEST_STEP][PASSED] - click(findTestObject("Object Repository/ADDING_A_NEW_EMPLOYEE/Add_Employee_first_name")): Object: 'Object Repository/ADDING_A_NEW_EMPLOYEE/Add_Employee_first_name' is clicked on

13-08-2024T15:07:24 - [MESSAGE][PASSED] - Object: 'Object Repository/ADDING_A_NEW_EMPLOYEE/Add_Employee_first_name' is clicked on

13-08-2024T15:07:24 - [TEST_STEP][PASSED] - setText(findTestObject("Object Repository/ADDING_A_NEW_EMPLOYEE/Add_Employee_first_name"), "First_name_" + RandomStringUtils.randomAlphabetic(7)): Text 'First_name_SVQheqc' is set on object 'Object Repository/ADDING_A_NEW_EMPLOYEE/Add_Employee_first_name'

13-08-2024T15:07:24 - [MESSAGE][PASSED] - Text 'First_name_SVQheqc' is set on object 'Object Repository/ADDING_A_NEW_EMPLOYEE/Add_Employee_first_name'

13-08-2024T15:07:24 - [TEST_STEP][PASSED] - verifyElementPresent(findTestObject("Object Repository/ADDING_A_NEW_EMPLOYEE/Add_employee_middle_name"), 10): Object 'Object Repository/ADDING_A_NEW_EMPLOYEE/Add_employee_middle_name' is present

13-08-2024T15:07:25 - [MESSAGE][PASSED] - Object 'Object Repository/ADDING_A_NEW_EMPLOYEE/Add_employee_middle_name' is present

13-08-2024T15:07:25 - [TEST_STEP][PASSED] - click(findTestObject("Object Repository/ADDING_A_NEW_EMPLOYEE/Add_employee_middle_name")): Object: 'Object Repository/ADDING_A_NEW_EMPLOYEE/Add_employee_middle_name' is clicked on

13-08-2024T15:07:25 - [MESSAGE][PASSED] - Object: 'Object Repository/ADDING_A_NEW_EMPLOYEE/Add_employee_middle_name' is clicked on

13-08-2024T15:07:25 - [TEST_STEP][PASSED] - setText(findTestObject("Object Repository/ADDING_A_NEW_EMPLOYEE/Add_employee_middle_name"), "Middle_name_" + RandomStringUtils.randomAlphabetic(7)): Text 'Middle_name_IpnWWND' is set on object 'Object Repository/ADDING_A_NEW_EMPLOYEE/Add_employee_middle_name'

13-08-2024T15:07:25 - [MESSAGE][PASSED] - Text 'Middle_name_IpnWWND' is set on object 'Object Repository/ADDING_A_NEW_EMPLOYEE/Add_employee_middle_name'

13-08-2024T15:07:25 - [TEST_STEP][PASSED] - verifyElementPresent(findTestObject("Object Repository/ADDING_A_NEW_EMPLOYEE/Add_employee_last_name"), 10): Object 'Object Repository/ADDING_A_NEW_EMPLOYEE/Add_employee_last_name' is present

13-08-2024T15:07:26 - [MESSAGE][PASSED] - Object 'Object Repository/ADDING_A_NEW_EMPLOYEE/Add_employee_last_name' is present

13-08-2024T15:07:26 - [TEST_STEP][PASSED] - click(findTestObject("Object Repository/ADDING_A_NEW_EMPLOYEE/Add_employee_last_name")): Object: 'Object Repository/ADDING_A_NEW_EMPLOYEE/Add_employee_last_name' is clicked on

13-08-2024T15:07:26 - [MESSAGE][PASSED] - Object: 'Object Repository/ADDING_A_NEW_EMPLOYEE/Add_employee_last_name' is clicked on

13-08-2024T15:07:26 - [TEST_STEP][PASSED] - setText(findTestObject("Object Repository/ADDING_A_NEW_EMPLOYEE/Add_employee_last_name"), "Last_name_" + RandomStringUtils.randomAlphabetic(7)): Text 'Last_name_YLlQXvl' is set on object 'Object Repository/ADDING_A_NEW_EMPLOYEE/Add_employee_last_name'

13-08-2024T15:07:27 - [MESSAGE][PASSED] - Text 'Last_name_YLlQXvl' is set on object 'Object Repository/ADDING_A_NEW_EMPLOYEE/Add_employee_last_name'

13-08-2024T15:07:27 - [TEST_STEP][PASSED] - randomString_001 = RandomStringUtils.randomNumeric(6): null

13-08-2024T15:07:27 - [TEST_STEP][PASSED] - newValue_001 = "333" + randomString_001: null

13-08-2024T15:07:27 - [TEST_STEP][PASSED] - xpath_for_employee_id = "//label[text()='Employee Id']/ancestor::div[@class='oxd-input-group__label-wrapper']/following-sibling::div//input[@class='oxd-input oxd-input--active']": null

13-08-2024T15:07:27 - [TEST_STEP][PASSED] - inputField_001 = TestObject().addProperty("xpath", EQUALS, xpath_for_employee_id): null

13-08-2024T15:07:27 - [TEST_STEP][PASSED] - executeJavaScript(
    var element = document.evaluate("$xpath_for_employee_id", document, null, XPathResult.FIRST_ORDERED_NODE_TYPE, null).singleNodeValue;
    if (element) {
        element.value = '$newValue_001';
        var event = new Event('input', { bubbles: true });
        element.dispatchEvent(event);
    }
    , null): Execute JavaScript '
    var element = document.evaluate("//label[text()='Employee Id']/ancestor::div[@class='oxd-input-group__label-wrapper']/following-sibling::div//input[@class='oxd-input oxd-input--active']", document, null, XPathResult.FIRST_ORDERED_NODE_TYPE, null).singleNodeValue;
    if (element) {
        element.value = '333822757';
        var event = new Event('input', { bubbles: true });
        element.dispatchEvent(event);
    }
    ' successfully

13-08-2024T15:07:27 - [MESSAGE][PASSED] - Execute JavaScript '
    var element = document.evaluate("//label[text()='Employee Id']/ancestor::div[@class='oxd-input-group__label-wrapper']/following-sibling::div//input[@class='oxd-input oxd-input--active']", document, null, XPathResult.FIRST_ORDERED_NODE_TYPE, null).singleNodeValue;
    if (element) {
        element.value = '333822757';
        var event = new Event('input', { bubbles: true });
        element.dispatchEvent(event);
    }
    ' successfully

13-08-2024T15:07:27 - [TEST_STEP][PASSED] - delay(3): Delayed 3 second(s)

13-08-2024T15:07:30 - [MESSAGE][PASSED] - Delayed 3 second(s)

13-08-2024T15:07:30 - [TEST_STEP][PASSED] - randomString_for_password = RandomStringUtils.randomNumeric(6): null

13-08-2024T15:07:30 - [TEST_STEP][PASSED] - new_Value_for_password = "Fiboo" + randomString_for_password + "@@": null

13-08-2024T15:07:30 - [TEST_STEP][PASSED] - xpath_for_password = "//label[text()='Username']/ancestor::div[@class='oxd-input-group__label-wrapper']/following-sibling::div//input[@class='oxd-input oxd-input--active']": null

13-08-2024T15:07:30 - [TEST_STEP][PASSED] - inputField_for_password = TestObject().addProperty("xpath", EQUALS, xpath_for_password): null

13-08-2024T15:07:30 - [TEST_STEP][PASSED] - executeJavaScript(
    var element = document.evaluate("$xpath_for_password", document, null, XPathResult.FIRST_ORDERED_NODE_TYPE, null).singleNodeValue;
    if (element) {
        element.value = '$new_Value_for_password';
        var event = new Event('input', { bubbles: true });
        element.dispatchEvent(event);
    }
    , null): Execute JavaScript '
    var element = document.evaluate("//label[text()='Username']/ancestor::div[@class='oxd-input-group__label-wrapper']/following-sibling::div//input[@class='oxd-input oxd-input--active']", document, null, XPathResult.FIRST_ORDERED_NODE_TYPE, null).singleNodeValue;
    if (element) {
        element.value = 'Fiboo317342@@';
        var event = new Event('input', { bubbles: true });
        element.dispatchEvent(event);
    }
    ' successfully

13-08-2024T15:07:30 - [MESSAGE][PASSED] - Execute JavaScript '
    var element = document.evaluate("//label[text()='Username']/ancestor::div[@class='oxd-input-group__label-wrapper']/following-sibling::div//input[@class='oxd-input oxd-input--active']", document, null, XPathResult.FIRST_ORDERED_NODE_TYPE, null).singleNodeValue;
    if (element) {
        element.value = 'Fiboo317342@@';
        var event = new Event('input', { bubbles: true });
        element.dispatchEvent(event);
    }
    ' successfully

13-08-2024T15:07:30 - [TEST_STEP][PASSED] - delay(1): Delayed 1 second(s)

13-08-2024T15:07:31 - [MESSAGE][PASSED] - Delayed 1 second(s)

13-08-2024T15:07:31 - [TEST_STEP][PASSED] - Password = getAttribute(findTestObject("Object Repository/ADDING_A_NEW_EMPLOYEE/Add_employee_username"), "value"): Attribute 'value' of object 'Object Repository/ADDING_A_NEW_EMPLOYEE/Add_employee_username' is: 'Fiboo317342@@'

13-08-2024T15:07:31 - [MESSAGE][PASSED] - Attribute 'value' of object 'Object Repository/ADDING_A_NEW_EMPLOYEE/Add_employee_username' is: 'Fiboo317342@@'

13-08-2024T15:07:31 - [TEST_STEP][PASSED] - out.println(Password): null

13-08-2024T15:07:31 - [TEST_STEP][PASSED] - new_Value_for_password_001 = Password: null

13-08-2024T15:07:31 - [TEST_STEP][PASSED] - xpath_for_password_001 = "//label[text()='Password']/ancestor::div[@class='oxd-input-group__label-wrapper']/following-sibling::div//input[@class='oxd-input oxd-input--active']": null

13-08-2024T15:07:31 - [TEST_STEP][PASSED] - inputField_for_password_001 = TestObject().addProperty("xpath", EQUALS, xpath_for_password_001): null

13-08-2024T15:07:31 - [TEST_STEP][PASSED] - executeJavaScript(
    var element = document.evaluate("$xpath_for_password_001", document, null, XPathResult.FIRST_ORDERED_NODE_TYPE, null).singleNodeValue;
    if (element) {
        element.value = '$new_Value_for_password_001';
        var event = new Event('input', { bubbles: true });
        element.dispatchEvent(event);
    }
    , null): Execute JavaScript '
    var element = document.evaluate("//label[text()='Password']/ancestor::div[@class='oxd-input-group__label-wrapper']/following-sibling::div//input[@class='oxd-input oxd-input--active']", document, null, XPathResult.FIRST_ORDERED_NODE_TYPE, null).singleNodeValue;
    if (element) {
        element.value = 'Fiboo317342@@';
        var event = new Event('input', { bubbles: true });
        element.dispatchEvent(event);
    }
    ' successfully

13-08-2024T15:07:31 - [MESSAGE][PASSED] - Execute JavaScript '
    var element = document.evaluate("//label[text()='Password']/ancestor::div[@class='oxd-input-group__label-wrapper']/following-sibling::div//input[@class='oxd-input oxd-input--active']", document, null, XPathResult.FIRST_ORDERED_NODE_TYPE, null).singleNodeValue;
    if (element) {
        element.value = 'Fiboo317342@@';
        var event = new Event('input', { bubbles: true });
        element.dispatchEvent(event);
    }
    ' successfully

13-08-2024T15:07:31 - [TEST_STEP][PASSED] - delay(1): Delayed 1 second(s)

13-08-2024T15:07:32 - [MESSAGE][PASSED] - Delayed 1 second(s)

13-08-2024T15:07:32 - [TEST_STEP][PASSED] - new_Value_for_password_002 = Password: null

13-08-2024T15:07:32 - [TEST_STEP][PASSED] - xpath_for_password_002 = "//label[text()='Confirm Password']/ancestor::div[@class='oxd-input-group__label-wrapper']/following-sibling::div//input[@class='oxd-input oxd-input--active']": null

13-08-2024T15:07:32 - [TEST_STEP][PASSED] - inputField_for_password_002 = TestObject().addProperty("xpath", EQUALS, xpath_for_password_002): null

13-08-2024T15:07:32 - [TEST_STEP][PASSED] - executeJavaScript(
    var element = document.evaluate("$xpath_for_password_002", document, null, XPathResult.FIRST_ORDERED_NODE_TYPE, null).singleNodeValue;
    if (element) {
        element.value = '$new_Value_for_password_002';
        var event = new Event('input', { bubbles: true });
        element.dispatchEvent(event);
    }
    , null): Execute JavaScript '
    var element = document.evaluate("//label[text()='Confirm Password']/ancestor::div[@class='oxd-input-group__label-wrapper']/following-sibling::div//input[@class='oxd-input oxd-input--active']", document, null, XPathResult.FIRST_ORDERED_NODE_TYPE, null).singleNodeValue;
    if (element) {
        element.value = 'Fiboo317342@@';
        var event = new Event('input', { bubbles: true });
        element.dispatchEvent(event);
    }
    ' successfully

13-08-2024T15:07:32 - [MESSAGE][PASSED] - Execute JavaScript '
    var element = document.evaluate("//label[text()='Confirm Password']/ancestor::div[@class='oxd-input-group__label-wrapper']/following-sibling::div//input[@class='oxd-input oxd-input--active']", document, null, XPathResult.FIRST_ORDERED_NODE_TYPE, null).singleNodeValue;
    if (element) {
        element.value = 'Fiboo317342@@';
        var event = new Event('input', { bubbles: true });
        element.dispatchEvent(event);
    }
    ' successfully

13-08-2024T15:07:32 - [TEST_STEP][PASSED] - delay(1): Delayed 1 second(s)

13-08-2024T15:07:33 - [MESSAGE][PASSED] - Delayed 1 second(s)

13-08-2024T15:07:33 - [TEST_STEP][PASSED] - randomString = RandomStringUtils.randomAlphabetic(7): null

13-08-2024T15:07:33 - [TEST_STEP][PASSED] - newValue = "User_name_" + randomString: null

13-08-2024T15:07:33 - [TEST_STEP][PASSED] - xpath_for_user_name = "//label[text()='Username']/ancestor::div[@class='oxd-input-group__label-wrapper']/following-sibling::div//input[@class='oxd-input oxd-input--active']": null

13-08-2024T15:07:33 - [TEST_STEP][PASSED] - inputField = TestObject().addProperty("xpath", EQUALS, xpath_for_user_name): null

13-08-2024T15:07:33 - [TEST_STEP][PASSED] - executeJavaScript(
    var element = document.evaluate("$xpath_for_user_name", document, null, XPathResult.FIRST_ORDERED_NODE_TYPE, null).singleNodeValue;
    if (element) {
        element.value = '$newValue';
        var event = new Event('input', { bubbles: true });
        element.dispatchEvent(event);
    }
    , null): Execute JavaScript '
    var element = document.evaluate("//label[text()='Username']/ancestor::div[@class='oxd-input-group__label-wrapper']/following-sibling::div//input[@class='oxd-input oxd-input--active']", document, null, XPathResult.FIRST_ORDERED_NODE_TYPE, null).singleNodeValue;
    if (element) {
        element.value = 'User_name_eAPqEWd';
        var event = new Event('input', { bubbles: true });
        element.dispatchEvent(event);
    }
    ' successfully

13-08-2024T15:07:33 - [MESSAGE][PASSED] - Execute JavaScript '
    var element = document.evaluate("//label[text()='Username']/ancestor::div[@class='oxd-input-group__label-wrapper']/following-sibling::div//input[@class='oxd-input oxd-input--active']", document, null, XPathResult.FIRST_ORDERED_NODE_TYPE, null).singleNodeValue;
    if (element) {
        element.value = 'User_name_eAPqEWd';
        var event = new Event('input', { bubbles: true });
        element.dispatchEvent(event);
    }
    ' successfully

13-08-2024T15:07:33 - [TEST_STEP][PASSED] - delay(1): Delayed 1 second(s)

13-08-2024T15:07:34 - [MESSAGE][PASSED] - Delayed 1 second(s)

13-08-2024T15:07:34 - [TEST_STEP][PASSED] - User_name = getAttribute(findTestObject("Object Repository/ADDING_A_NEW_EMPLOYEE/Add_employee_username"), "value"): Attribute 'value' of object 'Object Repository/ADDING_A_NEW_EMPLOYEE/Add_employee_username' is: 'User_name_eAPqEWd'

13-08-2024T15:07:34 - [MESSAGE][PASSED] - Attribute 'value' of object 'Object Repository/ADDING_A_NEW_EMPLOYEE/Add_employee_username' is: 'User_name_eAPqEWd'

13-08-2024T15:07:34 - [TEST_STEP][PASSED] - out.println(User_name): null

13-08-2024T15:07:34 - [TEST_STEP][PASSED] - out.println(Password): null

13-08-2024T15:07:34 - [TEST_STEP][PASSED] - First_name = getAttribute(findTestObject("Object Repository/ADDING_A_NEW_EMPLOYEE/Add_Employee_first_name"), "value"): Attribute 'value' of object 'Object Repository/ADDING_A_NEW_EMPLOYEE/Add_Employee_first_name' is: 'First_name_SVQheqc'

13-08-2024T15:07:35 - [MESSAGE][PASSED] - Attribute 'value' of object 'Object Repository/ADDING_A_NEW_EMPLOYEE/Add_Employee_first_name' is: 'First_name_SVQheqc'

13-08-2024T15:07:35 - [TEST_STEP][PASSED] - out.println(First_name): null

13-08-2024T15:07:35 - [TEST_STEP][PASSED] - Middle_name = getAttribute(findTestObject("Object Repository/ADDING_A_NEW_EMPLOYEE/Add_employee_middle_name"), "value"): Attribute 'value' of object 'Object Repository/ADDING_A_NEW_EMPLOYEE/Add_employee_middle_name' is: 'Middle_name_IpnWWND'

13-08-2024T15:07:35 - [MESSAGE][PASSED] - Attribute 'value' of object 'Object Repository/ADDING_A_NEW_EMPLOYEE/Add_employee_middle_name' is: 'Middle_name_IpnWWND'

13-08-2024T15:07:35 - [TEST_STEP][PASSED] - out.println(Middle_name): null

13-08-2024T15:07:35 - [TEST_STEP][PASSED] - Last_name = getAttribute(findTestObject("Object Repository/ADDING_A_NEW_EMPLOYEE/Add_employee_last_name"), "value"): Attribute 'value' of object 'Object Repository/ADDING_A_NEW_EMPLOYEE/Add_employee_last_name' is: 'Last_name_YLlQXvl'

13-08-2024T15:07:35 - [MESSAGE][PASSED] - Attribute 'value' of object 'Object Repository/ADDING_A_NEW_EMPLOYEE/Add_employee_last_name' is: 'Last_name_YLlQXvl'

13-08-2024T15:07:35 - [TEST_STEP][PASSED] - out.println(Last_name): null

13-08-2024T15:07:35 - [TEST_STEP][PASSED] - employee_id = getAttribute(findTestObject("Object Repository/ADDING_A_NEW_EMPLOYEE/Add_employee_id"), "value"): Attribute 'value' of object 'Object Repository/ADDING_A_NEW_EMPLOYEE/Add_employee_id' is: '333822757'

13-08-2024T15:07:35 - [MESSAGE][PASSED] - Attribute 'value' of object 'Object Repository/ADDING_A_NEW_EMPLOYEE/Add_employee_id' is: '333822757'

13-08-2024T15:07:35 - [TEST_STEP][PASSED] - out.println(employee_id): null

13-08-2024T15:07:35 - [TEST_STEP][PASSED] - delay(3): Delayed 3 second(s)

13-08-2024T15:07:38 - [MESSAGE][PASSED] - Delayed 3 second(s)

13-08-2024T15:07:38 - [TEST_STEP][PASSED] - click(findTestObject("Object Repository/ADDING_A_NEW_EMPLOYEE/Add_employee_save_button")): Object: 'Object Repository/ADDING_A_NEW_EMPLOYEE/Add_employee_save_button' is clicked on

13-08-2024T15:07:39 - [MESSAGE][PASSED] - Object: 'Object Repository/ADDING_A_NEW_EMPLOYEE/Add_employee_save_button' is clicked on

13-08-2024T15:07:39 - [TEST_STEP][PASSED] - delay(2): Delayed 2 second(s)

13-08-2024T15:07:41 - [MESSAGE][PASSED] - Delayed 2 second(s)

13-08-2024T15:07:41 - [MESSAGE][PASSED] - Call Test Case 'Test Cases/ADDING_A_NEW_EMPLOYEE' successfully

13-08-2024T15:07:41 - [TEST_STEP][PASSED] - rowIndex = sheet.getLastRowNum() + 1: null

13-08-2024T15:07:41 - [TEST_STEP][PASSED] - row = sheet.createRow(rowIndex): null

13-08-2024T15:07:41 - [TEST_STEP][PASSED] - createCell(0).setCellValue(First_name): null

13-08-2024T15:07:41 - [TEST_STEP][PASSED] - createCell(1).setCellValue(Middle_name): null

13-08-2024T15:07:41 - [TEST_STEP][PASSED] - createCell(2).setCellValue(Last_name): null

13-08-2024T15:07:41 - [TEST_STEP][PASSED] - createCell(3).setCellValue(User_name): null

13-08-2024T15:07:41 - [TEST_STEP][PASSED] - createCell(4).setCellValue(Password): null

13-08-2024T15:07:41 - [TEST_STEP][PASSED] - createCell(5).setCellValue(employee_id): null

13-08-2024T15:07:41 - [TEST_STEP][PASSED] - callTestCase(findTestCase("ADDING_A_NEW_EMPLOYEE"), [:], STOP_ON_FAILURE): Call Test Case 'Test Cases/ADDING_A_NEW_EMPLOYEE' successfully

13-08-2024T15:07:41 - [TEST_CASE][PASSED] - Test Cases/ADDING_A_NEW_EMPLOYEE: Test Cases/ADDING_A_NEW_EMPLOYEE

13-08-2024T15:07:41 - [TEST_STEP][PASSED] - verifyElementPresent(findTestObject("ADDING_A_NEW_EMPLOYEE/pim_option_from_side_bar"), 10): Object 'Object Repository/ADDING_A_NEW_EMPLOYEE/pim_option_from_side_bar' is present

13-08-2024T15:07:41 - [MESSAGE][PASSED] - Object 'Object Repository/ADDING_A_NEW_EMPLOYEE/pim_option_from_side_bar' is present

13-08-2024T15:07:41 - [TEST_STEP][PASSED] - click(findTestObject("ADDING_A_NEW_EMPLOYEE/pim_option_from_side_bar")): Object: 'Object Repository/ADDING_A_NEW_EMPLOYEE/pim_option_from_side_bar' is clicked on

13-08-2024T15:07:43 - [MESSAGE][PASSED] - Object: 'Object Repository/ADDING_A_NEW_EMPLOYEE/pim_option_from_side_bar' is clicked on

13-08-2024T15:07:43 - [TEST_STEP][PASSED] - waitForElementPresent(findTestObject("ADDING_A_NEW_EMPLOYEE/adding_new_employee_button_in_pim_page"), 10): Object 'Object Repository/ADDING_A_NEW_EMPLOYEE/adding_new_employee_button_in_pim_page' is present

13-08-2024T15:07:44 - [MESSAGE][PASSED] - Object 'Object Repository/ADDING_A_NEW_EMPLOYEE/adding_new_employee_button_in_pim_page' is present

13-08-2024T15:07:44 - [TEST_STEP][PASSED] - click(findTestObject("ADDING_A_NEW_EMPLOYEE/adding_new_employee_button_in_pim_page")): Object: 'Object Repository/ADDING_A_NEW_EMPLOYEE/adding_new_employee_button_in_pim_page' is clicked on

13-08-2024T15:07:45 - [MESSAGE][PASSED] - Object: 'Object Repository/ADDING_A_NEW_EMPLOYEE/adding_new_employee_button_in_pim_page' is clicked on

13-08-2024T15:07:45 - [TEST_STEP][PASSED] - verifyElementPresent(findTestObject("ADDING_A_NEW_EMPLOYEE/create_login_details_checkbox"), 10): Object 'Object Repository/ADDING_A_NEW_EMPLOYEE/create_login_details_checkbox' is present

13-08-2024T15:07:47 - [MESSAGE][PASSED] - Object 'Object Repository/ADDING_A_NEW_EMPLOYEE/create_login_details_checkbox' is present

13-08-2024T15:07:47 - [TEST_STEP][PASSED] - click(findTestObject("ADDING_A_NEW_EMPLOYEE/create_login_details_checkbox")): Object: 'Object Repository/ADDING_A_NEW_EMPLOYEE/create_login_details_checkbox' is clicked on

13-08-2024T15:07:47 - [MESSAGE][PASSED] - Object: 'Object Repository/ADDING_A_NEW_EMPLOYEE/create_login_details_checkbox' is clicked on

13-08-2024T15:07:47 - [TEST_STEP][PASSED] - verifyElementPresent(findTestObject("Object Repository/ADDING_A_NEW_EMPLOYEE/Add_employee_enabled_radio_button"), 10): Object 'Object Repository/ADDING_A_NEW_EMPLOYEE/Add_employee_enabled_radio_button' is present

13-08-2024T15:07:47 - [MESSAGE][PASSED] - Object 'Object Repository/ADDING_A_NEW_EMPLOYEE/Add_employee_enabled_radio_button' is present

13-08-2024T15:07:47 - [TEST_STEP][PASSED] - click(findTestObject("Object Repository/ADDING_A_NEW_EMPLOYEE/Add_employee_enabled_radio_button")): Object: 'Object Repository/ADDING_A_NEW_EMPLOYEE/Add_employee_enabled_radio_button' is clicked on

13-08-2024T15:07:48 - [MESSAGE][PASSED] - Object: 'Object Repository/ADDING_A_NEW_EMPLOYEE/Add_employee_enabled_radio_button' is clicked on

13-08-2024T15:07:48 - [TEST_STEP][PASSED] - verifyElementPresent(findTestObject("Object Repository/ADDING_A_NEW_EMPLOYEE/Add_Employee_first_name"), 10): Object 'Object Repository/ADDING_A_NEW_EMPLOYEE/Add_Employee_first_name' is present

13-08-2024T15:07:48 - [MESSAGE][PASSED] - Object 'Object Repository/ADDING_A_NEW_EMPLOYEE/Add_Employee_first_name' is present

13-08-2024T15:07:48 - [TEST_STEP][PASSED] - click(findTestObject("Object Repository/ADDING_A_NEW_EMPLOYEE/Add_Employee_first_name")): Object: 'Object Repository/ADDING_A_NEW_EMPLOYEE/Add_Employee_first_name' is clicked on

13-08-2024T15:07:48 - [MESSAGE][PASSED] - Object: 'Object Repository/ADDING_A_NEW_EMPLOYEE/Add_Employee_first_name' is clicked on

13-08-2024T15:07:48 - [TEST_STEP][PASSED] - setText(findTestObject("Object Repository/ADDING_A_NEW_EMPLOYEE/Add_Employee_first_name"), "First_name_" + RandomStringUtils.randomAlphabetic(7)): Text 'First_name_ZnxttZz' is set on object 'Object Repository/ADDING_A_NEW_EMPLOYEE/Add_Employee_first_name'

13-08-2024T15:07:49 - [MESSAGE][PASSED] - Text 'First_name_ZnxttZz' is set on object 'Object Repository/ADDING_A_NEW_EMPLOYEE/Add_Employee_first_name'

13-08-2024T15:07:49 - [TEST_STEP][PASSED] - verifyElementPresent(findTestObject("Object Repository/ADDING_A_NEW_EMPLOYEE/Add_employee_middle_name"), 10): Object 'Object Repository/ADDING_A_NEW_EMPLOYEE/Add_employee_middle_name' is present

13-08-2024T15:07:49 - [MESSAGE][PASSED] - Object 'Object Repository/ADDING_A_NEW_EMPLOYEE/Add_employee_middle_name' is present

13-08-2024T15:07:49 - [TEST_STEP][PASSED] - click(findTestObject("Object Repository/ADDING_A_NEW_EMPLOYEE/Add_employee_middle_name")): Object: 'Object Repository/ADDING_A_NEW_EMPLOYEE/Add_employee_middle_name' is clicked on

13-08-2024T15:07:49 - [MESSAGE][PASSED] - Object: 'Object Repository/ADDING_A_NEW_EMPLOYEE/Add_employee_middle_name' is clicked on

13-08-2024T15:07:49 - [TEST_STEP][PASSED] - setText(findTestObject("Object Repository/ADDING_A_NEW_EMPLOYEE/Add_employee_middle_name"), "Middle_name_" + RandomStringUtils.randomAlphabetic(7)): Text 'Middle_name_HsIQeNB' is set on object 'Object Repository/ADDING_A_NEW_EMPLOYEE/Add_employee_middle_name'

13-08-2024T15:07:50 - [MESSAGE][PASSED] - Text 'Middle_name_HsIQeNB' is set on object 'Object Repository/ADDING_A_NEW_EMPLOYEE/Add_employee_middle_name'

13-08-2024T15:07:50 - [TEST_STEP][PASSED] - verifyElementPresent(findTestObject("Object Repository/ADDING_A_NEW_EMPLOYEE/Add_employee_last_name"), 10): Object 'Object Repository/ADDING_A_NEW_EMPLOYEE/Add_employee_last_name' is present

13-08-2024T15:07:50 - [MESSAGE][PASSED] - Object 'Object Repository/ADDING_A_NEW_EMPLOYEE/Add_employee_last_name' is present

13-08-2024T15:07:50 - [TEST_STEP][PASSED] - click(findTestObject("Object Repository/ADDING_A_NEW_EMPLOYEE/Add_employee_last_name")): Object: 'Object Repository/ADDING_A_NEW_EMPLOYEE/Add_employee_last_name' is clicked on

13-08-2024T15:07:51 - [MESSAGE][PASSED] - Object: 'Object Repository/ADDING_A_NEW_EMPLOYEE/Add_employee_last_name' is clicked on

13-08-2024T15:07:51 - [TEST_STEP][PASSED] - setText(findTestObject("Object Repository/ADDING_A_NEW_EMPLOYEE/Add_employee_last_name"), "Last_name_" + RandomStringUtils.randomAlphabetic(7)): Text 'Last_name_HDwUOje' is set on object 'Object Repository/ADDING_A_NEW_EMPLOYEE/Add_employee_last_name'

13-08-2024T15:07:51 - [MESSAGE][PASSED] - Text 'Last_name_HDwUOje' is set on object 'Object Repository/ADDING_A_NEW_EMPLOYEE/Add_employee_last_name'

13-08-2024T15:07:51 - [TEST_STEP][PASSED] - randomString_001 = RandomStringUtils.randomNumeric(6): null

13-08-2024T15:07:51 - [TEST_STEP][PASSED] - newValue_001 = "333" + randomString_001: null

13-08-2024T15:07:51 - [TEST_STEP][PASSED] - xpath_for_employee_id = "//label[text()='Employee Id']/ancestor::div[@class='oxd-input-group__label-wrapper']/following-sibling::div//input[@class='oxd-input oxd-input--active']": null

13-08-2024T15:07:51 - [TEST_STEP][PASSED] - inputField_001 = TestObject().addProperty("xpath", EQUALS, xpath_for_employee_id): null

13-08-2024T15:07:51 - [TEST_STEP][PASSED] - executeJavaScript(
    var element = document.evaluate("$xpath_for_employee_id", document, null, XPathResult.FIRST_ORDERED_NODE_TYPE, null).singleNodeValue;
    if (element) {
        element.value = '$newValue_001';
        var event = new Event('input', { bubbles: true });
        element.dispatchEvent(event);
    }
    , null): Execute JavaScript '
    var element = document.evaluate("//label[text()='Employee Id']/ancestor::div[@class='oxd-input-group__label-wrapper']/following-sibling::div//input[@class='oxd-input oxd-input--active']", document, null, XPathResult.FIRST_ORDERED_NODE_TYPE, null).singleNodeValue;
    if (element) {
        element.value = '333008816';
        var event = new Event('input', { bubbles: true });
        element.dispatchEvent(event);
    }
    ' successfully

13-08-2024T15:07:51 - [MESSAGE][PASSED] - Execute JavaScript '
    var element = document.evaluate("//label[text()='Employee Id']/ancestor::div[@class='oxd-input-group__label-wrapper']/following-sibling::div//input[@class='oxd-input oxd-input--active']", document, null, XPathResult.FIRST_ORDERED_NODE_TYPE, null).singleNodeValue;
    if (element) {
        element.value = '333008816';
        var event = new Event('input', { bubbles: true });
        element.dispatchEvent(event);
    }
    ' successfully

13-08-2024T15:07:51 - [TEST_STEP][PASSED] - delay(3): Delayed 3 second(s)

13-08-2024T15:07:54 - [MESSAGE][PASSED] - Delayed 3 second(s)

13-08-2024T15:07:54 - [TEST_STEP][PASSED] - randomString_for_password = RandomStringUtils.randomNumeric(6): null

13-08-2024T15:07:54 - [TEST_STEP][PASSED] - new_Value_for_password = "Fiboo" + randomString_for_password + "@@": null

13-08-2024T15:07:54 - [TEST_STEP][PASSED] - xpath_for_password = "//label[text()='Username']/ancestor::div[@class='oxd-input-group__label-wrapper']/following-sibling::div//input[@class='oxd-input oxd-input--active']": null

13-08-2024T15:07:54 - [TEST_STEP][PASSED] - inputField_for_password = TestObject().addProperty("xpath", EQUALS, xpath_for_password): null

13-08-2024T15:07:54 - [TEST_STEP][PASSED] - executeJavaScript(
    var element = document.evaluate("$xpath_for_password", document, null, XPathResult.FIRST_ORDERED_NODE_TYPE, null).singleNodeValue;
    if (element) {
        element.value = '$new_Value_for_password';
        var event = new Event('input', { bubbles: true });
        element.dispatchEvent(event);
    }
    , null): Execute JavaScript '
    var element = document.evaluate("//label[text()='Username']/ancestor::div[@class='oxd-input-group__label-wrapper']/following-sibling::div//input[@class='oxd-input oxd-input--active']", document, null, XPathResult.FIRST_ORDERED_NODE_TYPE, null).singleNodeValue;
    if (element) {
        element.value = 'Fiboo593150@@';
        var event = new Event('input', { bubbles: true });
        element.dispatchEvent(event);
    }
    ' successfully

13-08-2024T15:07:54 - [MESSAGE][PASSED] - Execute JavaScript '
    var element = document.evaluate("//label[text()='Username']/ancestor::div[@class='oxd-input-group__label-wrapper']/following-sibling::div//input[@class='oxd-input oxd-input--active']", document, null, XPathResult.FIRST_ORDERED_NODE_TYPE, null).singleNodeValue;
    if (element) {
        element.value = 'Fiboo593150@@';
        var event = new Event('input', { bubbles: true });
        element.dispatchEvent(event);
    }
    ' successfully

13-08-2024T15:07:54 - [TEST_STEP][PASSED] - delay(1): Delayed 1 second(s)

13-08-2024T15:07:55 - [MESSAGE][PASSED] - Delayed 1 second(s)

13-08-2024T15:07:55 - [TEST_STEP][PASSED] - Password = getAttribute(findTestObject("Object Repository/ADDING_A_NEW_EMPLOYEE/Add_employee_username"), "value"): Attribute 'value' of object 'Object Repository/ADDING_A_NEW_EMPLOYEE/Add_employee_username' is: 'Fiboo593150@@'

13-08-2024T15:07:55 - [MESSAGE][PASSED] - Attribute 'value' of object 'Object Repository/ADDING_A_NEW_EMPLOYEE/Add_employee_username' is: 'Fiboo593150@@'

13-08-2024T15:07:55 - [TEST_STEP][PASSED] - out.println(Password): null

13-08-2024T15:07:55 - [TEST_STEP][PASSED] - new_Value_for_password_001 = Password: null

13-08-2024T15:07:55 - [TEST_STEP][PASSED] - xpath_for_password_001 = "//label[text()='Password']/ancestor::div[@class='oxd-input-group__label-wrapper']/following-sibling::div//input[@class='oxd-input oxd-input--active']": null

13-08-2024T15:07:55 - [TEST_STEP][PASSED] - inputField_for_password_001 = TestObject().addProperty("xpath", EQUALS, xpath_for_password_001): null

13-08-2024T15:07:55 - [TEST_STEP][PASSED] - executeJavaScript(
    var element = document.evaluate("$xpath_for_password_001", document, null, XPathResult.FIRST_ORDERED_NODE_TYPE, null).singleNodeValue;
    if (element) {
        element.value = '$new_Value_for_password_001';
        var event = new Event('input', { bubbles: true });
        element.dispatchEvent(event);
    }
    , null): Execute JavaScript '
    var element = document.evaluate("//label[text()='Password']/ancestor::div[@class='oxd-input-group__label-wrapper']/following-sibling::div//input[@class='oxd-input oxd-input--active']", document, null, XPathResult.FIRST_ORDERED_NODE_TYPE, null).singleNodeValue;
    if (element) {
        element.value = 'Fiboo593150@@';
        var event = new Event('input', { bubbles: true });
        element.dispatchEvent(event);
    }
    ' successfully

13-08-2024T15:07:55 - [MESSAGE][PASSED] - Execute JavaScript '
    var element = document.evaluate("//label[text()='Password']/ancestor::div[@class='oxd-input-group__label-wrapper']/following-sibling::div//input[@class='oxd-input oxd-input--active']", document, null, XPathResult.FIRST_ORDERED_NODE_TYPE, null).singleNodeValue;
    if (element) {
        element.value = 'Fiboo593150@@';
        var event = new Event('input', { bubbles: true });
        element.dispatchEvent(event);
    }
    ' successfully

13-08-2024T15:07:55 - [TEST_STEP][PASSED] - delay(1): Delayed 1 second(s)

13-08-2024T15:07:56 - [MESSAGE][PASSED] - Delayed 1 second(s)

13-08-2024T15:07:56 - [TEST_STEP][PASSED] - new_Value_for_password_002 = Password: null

13-08-2024T15:07:56 - [TEST_STEP][PASSED] - xpath_for_password_002 = "//label[text()='Confirm Password']/ancestor::div[@class='oxd-input-group__label-wrapper']/following-sibling::div//input[@class='oxd-input oxd-input--active']": null

13-08-2024T15:07:56 - [TEST_STEP][PASSED] - inputField_for_password_002 = TestObject().addProperty("xpath", EQUALS, xpath_for_password_002): null

13-08-2024T15:07:56 - [TEST_STEP][PASSED] - executeJavaScript(
    var element = document.evaluate("$xpath_for_password_002", document, null, XPathResult.FIRST_ORDERED_NODE_TYPE, null).singleNodeValue;
    if (element) {
        element.value = '$new_Value_for_password_002';
        var event = new Event('input', { bubbles: true });
        element.dispatchEvent(event);
    }
    , null): Execute JavaScript '
    var element = document.evaluate("//label[text()='Confirm Password']/ancestor::div[@class='oxd-input-group__label-wrapper']/following-sibling::div//input[@class='oxd-input oxd-input--active']", document, null, XPathResult.FIRST_ORDERED_NODE_TYPE, null).singleNodeValue;
    if (element) {
        element.value = 'Fiboo593150@@';
        var event = new Event('input', { bubbles: true });
        element.dispatchEvent(event);
    }
    ' successfully

13-08-2024T15:07:56 - [MESSAGE][PASSED] - Execute JavaScript '
    var element = document.evaluate("//label[text()='Confirm Password']/ancestor::div[@class='oxd-input-group__label-wrapper']/following-sibling::div//input[@class='oxd-input oxd-input--active']", document, null, XPathResult.FIRST_ORDERED_NODE_TYPE, null).singleNodeValue;
    if (element) {
        element.value = 'Fiboo593150@@';
        var event = new Event('input', { bubbles: true });
        element.dispatchEvent(event);
    }
    ' successfully

13-08-2024T15:07:56 - [TEST_STEP][PASSED] - delay(1): Delayed 1 second(s)

13-08-2024T15:07:57 - [MESSAGE][PASSED] - Delayed 1 second(s)

13-08-2024T15:07:57 - [TEST_STEP][PASSED] - randomString = RandomStringUtils.randomAlphabetic(7): null

13-08-2024T15:07:57 - [TEST_STEP][PASSED] - newValue = "User_name_" + randomString: null

13-08-2024T15:07:57 - [TEST_STEP][PASSED] - xpath_for_user_name = "//label[text()='Username']/ancestor::div[@class='oxd-input-group__label-wrapper']/following-sibling::div//input[@class='oxd-input oxd-input--active']": null

13-08-2024T15:07:57 - [TEST_STEP][PASSED] - inputField = TestObject().addProperty("xpath", EQUALS, xpath_for_user_name): null

13-08-2024T15:07:57 - [TEST_STEP][PASSED] - executeJavaScript(
    var element = document.evaluate("$xpath_for_user_name", document, null, XPathResult.FIRST_ORDERED_NODE_TYPE, null).singleNodeValue;
    if (element) {
        element.value = '$newValue';
        var event = new Event('input', { bubbles: true });
        element.dispatchEvent(event);
    }
    , null): Execute JavaScript '
    var element = document.evaluate("//label[text()='Username']/ancestor::div[@class='oxd-input-group__label-wrapper']/following-sibling::div//input[@class='oxd-input oxd-input--active']", document, null, XPathResult.FIRST_ORDERED_NODE_TYPE, null).singleNodeValue;
    if (element) {
        element.value = 'User_name_SLpkNpz';
        var event = new Event('input', { bubbles: true });
        element.dispatchEvent(event);
    }
    ' successfully

13-08-2024T15:07:58 - [MESSAGE][PASSED] - Execute JavaScript '
    var element = document.evaluate("//label[text()='Username']/ancestor::div[@class='oxd-input-group__label-wrapper']/following-sibling::div//input[@class='oxd-input oxd-input--active']", document, null, XPathResult.FIRST_ORDERED_NODE_TYPE, null).singleNodeValue;
    if (element) {
        element.value = 'User_name_SLpkNpz';
        var event = new Event('input', { bubbles: true });
        element.dispatchEvent(event);
    }
    ' successfully

13-08-2024T15:07:58 - [TEST_STEP][PASSED] - delay(1): Delayed 1 second(s)

13-08-2024T15:07:59 - [MESSAGE][PASSED] - Delayed 1 second(s)

13-08-2024T15:07:59 - [TEST_STEP][PASSED] - User_name = getAttribute(findTestObject("Object Repository/ADDING_A_NEW_EMPLOYEE/Add_employee_username"), "value"): Attribute 'value' of object 'Object Repository/ADDING_A_NEW_EMPLOYEE/Add_employee_username' is: 'User_name_SLpkNpz'

13-08-2024T15:07:59 - [MESSAGE][PASSED] - Attribute 'value' of object 'Object Repository/ADDING_A_NEW_EMPLOYEE/Add_employee_username' is: 'User_name_SLpkNpz'

13-08-2024T15:07:59 - [TEST_STEP][PASSED] - out.println(User_name): null

13-08-2024T15:07:59 - [TEST_STEP][PASSED] - out.println(Password): null

13-08-2024T15:07:59 - [TEST_STEP][PASSED] - First_name = getAttribute(findTestObject("Object Repository/ADDING_A_NEW_EMPLOYEE/Add_Employee_first_name"), "value"): Attribute 'value' of object 'Object Repository/ADDING_A_NEW_EMPLOYEE/Add_Employee_first_name' is: 'First_name_ZnxttZz'

13-08-2024T15:07:59 - [MESSAGE][PASSED] - Attribute 'value' of object 'Object Repository/ADDING_A_NEW_EMPLOYEE/Add_Employee_first_name' is: 'First_name_ZnxttZz'

13-08-2024T15:07:59 - [TEST_STEP][PASSED] - out.println(First_name): null

13-08-2024T15:07:59 - [TEST_STEP][PASSED] - Middle_name = getAttribute(findTestObject("Object Repository/ADDING_A_NEW_EMPLOYEE/Add_employee_middle_name"), "value"): Attribute 'value' of object 'Object Repository/ADDING_A_NEW_EMPLOYEE/Add_employee_middle_name' is: 'Middle_name_HsIQeNB'

13-08-2024T15:07:59 - [MESSAGE][PASSED] - Attribute 'value' of object 'Object Repository/ADDING_A_NEW_EMPLOYEE/Add_employee_middle_name' is: 'Middle_name_HsIQeNB'

13-08-2024T15:07:59 - [TEST_STEP][PASSED] - out.println(Middle_name): null

13-08-2024T15:07:59 - [TEST_STEP][PASSED] - Last_name = getAttribute(findTestObject("Object Repository/ADDING_A_NEW_EMPLOYEE/Add_employee_last_name"), "value"): Attribute 'value' of object 'Object Repository/ADDING_A_NEW_EMPLOYEE/Add_employee_last_name' is: 'Last_name_HDwUOje'

13-08-2024T15:08:00 - [MESSAGE][PASSED] - Attribute 'value' of object 'Object Repository/ADDING_A_NEW_EMPLOYEE/Add_employee_last_name' is: 'Last_name_HDwUOje'

13-08-2024T15:08:00 - [TEST_STEP][PASSED] - out.println(Last_name): null

13-08-2024T15:08:00 - [TEST_STEP][PASSED] - employee_id = getAttribute(findTestObject("Object Repository/ADDING_A_NEW_EMPLOYEE/Add_employee_id"), "value"): Attribute 'value' of object 'Object Repository/ADDING_A_NEW_EMPLOYEE/Add_employee_id' is: '333008816'

13-08-2024T15:08:00 - [MESSAGE][PASSED] - Attribute 'value' of object 'Object Repository/ADDING_A_NEW_EMPLOYEE/Add_employee_id' is: '333008816'

13-08-2024T15:08:00 - [TEST_STEP][PASSED] - out.println(employee_id): null

13-08-2024T15:08:00 - [TEST_STEP][PASSED] - delay(3): Delayed 3 second(s)

13-08-2024T15:08:03 - [MESSAGE][PASSED] - Delayed 3 second(s)

13-08-2024T15:08:03 - [TEST_STEP][PASSED] - click(findTestObject("Object Repository/ADDING_A_NEW_EMPLOYEE/Add_employee_save_button")): Object: 'Object Repository/ADDING_A_NEW_EMPLOYEE/Add_employee_save_button' is clicked on

13-08-2024T15:08:03 - [MESSAGE][PASSED] - Object: 'Object Repository/ADDING_A_NEW_EMPLOYEE/Add_employee_save_button' is clicked on

13-08-2024T15:08:03 - [TEST_STEP][PASSED] - delay(2): Delayed 2 second(s)

13-08-2024T15:08:05 - [MESSAGE][PASSED] - Delayed 2 second(s)

13-08-2024T15:08:05 - [MESSAGE][PASSED] - Call Test Case 'Test Cases/ADDING_A_NEW_EMPLOYEE' successfully

13-08-2024T15:08:05 - [TEST_STEP][PASSED] - rowIndex = sheet.getLastRowNum() + 1: null

13-08-2024T15:08:05 - [TEST_STEP][PASSED] - row = sheet.createRow(rowIndex): null

13-08-2024T15:08:05 - [TEST_STEP][PASSED] - createCell(0).setCellValue(First_name): null

13-08-2024T15:08:05 - [TEST_STEP][PASSED] - createCell(1).setCellValue(Middle_name): null

13-08-2024T15:08:05 - [TEST_STEP][PASSED] - createCell(2).setCellValue(Last_name): null

13-08-2024T15:08:05 - [TEST_STEP][PASSED] - createCell(3).setCellValue(User_name): null

13-08-2024T15:08:05 - [TEST_STEP][PASSED] - createCell(4).setCellValue(Password): null

13-08-2024T15:08:05 - [TEST_STEP][PASSED] - createCell(5).setCellValue(employee_id): null

13-08-2024T15:08:05 - [TEST_STEP][PASSED] - callTestCase(findTestCase("ADDING_A_NEW_EMPLOYEE"), [:], STOP_ON_FAILURE): Call Test Case 'Test Cases/ADDING_A_NEW_EMPLOYEE' successfully

13-08-2024T15:08:05 - [TEST_CASE][PASSED] - Test Cases/ADDING_A_NEW_EMPLOYEE: Test Cases/ADDING_A_NEW_EMPLOYEE

13-08-2024T15:08:05 - [TEST_STEP][PASSED] - verifyElementPresent(findTestObject("ADDING_A_NEW_EMPLOYEE/pim_option_from_side_bar"), 10): Object 'Object Repository/ADDING_A_NEW_EMPLOYEE/pim_option_from_side_bar' is present

13-08-2024T15:08:06 - [MESSAGE][PASSED] - Object 'Object Repository/ADDING_A_NEW_EMPLOYEE/pim_option_from_side_bar' is present

13-08-2024T15:08:06 - [TEST_STEP][PASSED] - click(findTestObject("ADDING_A_NEW_EMPLOYEE/pim_option_from_side_bar")): Object: 'Object Repository/ADDING_A_NEW_EMPLOYEE/pim_option_from_side_bar' is clicked on

13-08-2024T15:08:08 - [MESSAGE][PASSED] - Object: 'Object Repository/ADDING_A_NEW_EMPLOYEE/pim_option_from_side_bar' is clicked on

13-08-2024T15:08:08 - [TEST_STEP][PASSED] - waitForElementPresent(findTestObject("ADDING_A_NEW_EMPLOYEE/adding_new_employee_button_in_pim_page"), 10): Object 'Object Repository/ADDING_A_NEW_EMPLOYEE/adding_new_employee_button_in_pim_page' is present

13-08-2024T15:08:10 - [MESSAGE][PASSED] - Object 'Object Repository/ADDING_A_NEW_EMPLOYEE/adding_new_employee_button_in_pim_page' is present

13-08-2024T15:08:10 - [TEST_STEP][PASSED] - click(findTestObject("ADDING_A_NEW_EMPLOYEE/adding_new_employee_button_in_pim_page")): Object: 'Object Repository/ADDING_A_NEW_EMPLOYEE/adding_new_employee_button_in_pim_page' is clicked on

13-08-2024T15:08:11 - [MESSAGE][PASSED] - Object: 'Object Repository/ADDING_A_NEW_EMPLOYEE/adding_new_employee_button_in_pim_page' is clicked on

13-08-2024T15:08:11 - [TEST_STEP][PASSED] - verifyElementPresent(findTestObject("ADDING_A_NEW_EMPLOYEE/create_login_details_checkbox"), 10): Object 'Object Repository/ADDING_A_NEW_EMPLOYEE/create_login_details_checkbox' is present

13-08-2024T15:08:12 - [MESSAGE][PASSED] - Object 'Object Repository/ADDING_A_NEW_EMPLOYEE/create_login_details_checkbox' is present

13-08-2024T15:08:12 - [TEST_STEP][PASSED] - click(findTestObject("ADDING_A_NEW_EMPLOYEE/create_login_details_checkbox")): Object: 'Object Repository/ADDING_A_NEW_EMPLOYEE/create_login_details_checkbox' is clicked on

13-08-2024T15:08:12 - [MESSAGE][PASSED] - Object: 'Object Repository/ADDING_A_NEW_EMPLOYEE/create_login_details_checkbox' is clicked on

13-08-2024T15:08:12 - [TEST_STEP][PASSED] - verifyElementPresent(findTestObject("Object Repository/ADDING_A_NEW_EMPLOYEE/Add_employee_enabled_radio_button"), 10): Object 'Object Repository/ADDING_A_NEW_EMPLOYEE/Add_employee_enabled_radio_button' is present

13-08-2024T15:08:13 - [MESSAGE][PASSED] - Object 'Object Repository/ADDING_A_NEW_EMPLOYEE/Add_employee_enabled_radio_button' is present

13-08-2024T15:08:13 - [TEST_STEP][PASSED] - click(findTestObject("Object Repository/ADDING_A_NEW_EMPLOYEE/Add_employee_enabled_radio_button")): Object: 'Object Repository/ADDING_A_NEW_EMPLOYEE/Add_employee_enabled_radio_button' is clicked on

13-08-2024T15:08:13 - [MESSAGE][PASSED] - Object: 'Object Repository/ADDING_A_NEW_EMPLOYEE/Add_employee_enabled_radio_button' is clicked on

13-08-2024T15:08:13 - [TEST_STEP][PASSED] - verifyElementPresent(findTestObject("Object Repository/ADDING_A_NEW_EMPLOYEE/Add_Employee_first_name"), 10): Object 'Object Repository/ADDING_A_NEW_EMPLOYEE/Add_Employee_first_name' is present

13-08-2024T15:08:13 - [MESSAGE][PASSED] - Object 'Object Repository/ADDING_A_NEW_EMPLOYEE/Add_Employee_first_name' is present

13-08-2024T15:08:13 - [TEST_STEP][PASSED] - click(findTestObject("Object Repository/ADDING_A_NEW_EMPLOYEE/Add_Employee_first_name")): Object: 'Object Repository/ADDING_A_NEW_EMPLOYEE/Add_Employee_first_name' is clicked on

13-08-2024T15:08:14 - [MESSAGE][PASSED] - Object: 'Object Repository/ADDING_A_NEW_EMPLOYEE/Add_Employee_first_name' is clicked on

13-08-2024T15:08:14 - [TEST_STEP][PASSED] - setText(findTestObject("Object Repository/ADDING_A_NEW_EMPLOYEE/Add_Employee_first_name"), "First_name_" + RandomStringUtils.randomAlphabetic(7)): Text 'First_name_ABbkNnY' is set on object 'Object Repository/ADDING_A_NEW_EMPLOYEE/Add_Employee_first_name'

13-08-2024T15:08:14 - [MESSAGE][PASSED] - Text 'First_name_ABbkNnY' is set on object 'Object Repository/ADDING_A_NEW_EMPLOYEE/Add_Employee_first_name'

13-08-2024T15:08:14 - [TEST_STEP][PASSED] - verifyElementPresent(findTestObject("Object Repository/ADDING_A_NEW_EMPLOYEE/Add_employee_middle_name"), 10): Object 'Object Repository/ADDING_A_NEW_EMPLOYEE/Add_employee_middle_name' is present

13-08-2024T15:08:14 - [MESSAGE][PASSED] - Object 'Object Repository/ADDING_A_NEW_EMPLOYEE/Add_employee_middle_name' is present

13-08-2024T15:08:14 - [TEST_STEP][PASSED] - click(findTestObject("Object Repository/ADDING_A_NEW_EMPLOYEE/Add_employee_middle_name")): Object: 'Object Repository/ADDING_A_NEW_EMPLOYEE/Add_employee_middle_name' is clicked on

13-08-2024T15:08:15 - [MESSAGE][PASSED] - Object: 'Object Repository/ADDING_A_NEW_EMPLOYEE/Add_employee_middle_name' is clicked on

13-08-2024T15:08:15 - [TEST_STEP][PASSED] - setText(findTestObject("Object Repository/ADDING_A_NEW_EMPLOYEE/Add_employee_middle_name"), "Middle_name_" + RandomStringUtils.randomAlphabetic(7)): Text 'Middle_name_avCIpEu' is set on object 'Object Repository/ADDING_A_NEW_EMPLOYEE/Add_employee_middle_name'

13-08-2024T15:08:15 - [MESSAGE][PASSED] - Text 'Middle_name_avCIpEu' is set on object 'Object Repository/ADDING_A_NEW_EMPLOYEE/Add_employee_middle_name'

13-08-2024T15:08:15 - [TEST_STEP][PASSED] - verifyElementPresent(findTestObject("Object Repository/ADDING_A_NEW_EMPLOYEE/Add_employee_last_name"), 10): Object 'Object Repository/ADDING_A_NEW_EMPLOYEE/Add_employee_last_name' is present

13-08-2024T15:08:16 - [MESSAGE][PASSED] - Object 'Object Repository/ADDING_A_NEW_EMPLOYEE/Add_employee_last_name' is present

13-08-2024T15:08:16 - [TEST_STEP][PASSED] - click(findTestObject("Object Repository/ADDING_A_NEW_EMPLOYEE/Add_employee_last_name")): Object: 'Object Repository/ADDING_A_NEW_EMPLOYEE/Add_employee_last_name' is clicked on

13-08-2024T15:08:16 - [MESSAGE][PASSED] - Object: 'Object Repository/ADDING_A_NEW_EMPLOYEE/Add_employee_last_name' is clicked on

13-08-2024T15:08:16 - [TEST_STEP][PASSED] - setText(findTestObject("Object Repository/ADDING_A_NEW_EMPLOYEE/Add_employee_last_name"), "Last_name_" + RandomStringUtils.randomAlphabetic(7)): Text 'Last_name_hiyVJDS' is set on object 'Object Repository/ADDING_A_NEW_EMPLOYEE/Add_employee_last_name'

13-08-2024T15:08:16 - [MESSAGE][PASSED] - Text 'Last_name_hiyVJDS' is set on object 'Object Repository/ADDING_A_NEW_EMPLOYEE/Add_employee_last_name'

13-08-2024T15:08:16 - [TEST_STEP][PASSED] - randomString_001 = RandomStringUtils.randomNumeric(6): null

13-08-2024T15:08:16 - [TEST_STEP][PASSED] - newValue_001 = "333" + randomString_001: null

13-08-2024T15:08:16 - [TEST_STEP][PASSED] - xpath_for_employee_id = "//label[text()='Employee Id']/ancestor::div[@class='oxd-input-group__label-wrapper']/following-sibling::div//input[@class='oxd-input oxd-input--active']": null

13-08-2024T15:08:16 - [TEST_STEP][PASSED] - inputField_001 = TestObject().addProperty("xpath", EQUALS, xpath_for_employee_id): null

13-08-2024T15:08:16 - [TEST_STEP][PASSED] - executeJavaScript(
    var element = document.evaluate("$xpath_for_employee_id", document, null, XPathResult.FIRST_ORDERED_NODE_TYPE, null).singleNodeValue;
    if (element) {
        element.value = '$newValue_001';
        var event = new Event('input', { bubbles: true });
        element.dispatchEvent(event);
    }
    , null): Execute JavaScript '
    var element = document.evaluate("//label[text()='Employee Id']/ancestor::div[@class='oxd-input-group__label-wrapper']/following-sibling::div//input[@class='oxd-input oxd-input--active']", document, null, XPathResult.FIRST_ORDERED_NODE_TYPE, null).singleNodeValue;
    if (element) {
        element.value = '333331603';
        var event = new Event('input', { bubbles: true });
        element.dispatchEvent(event);
    }
    ' successfully

13-08-2024T15:08:16 - [MESSAGE][PASSED] - Execute JavaScript '
    var element = document.evaluate("//label[text()='Employee Id']/ancestor::div[@class='oxd-input-group__label-wrapper']/following-sibling::div//input[@class='oxd-input oxd-input--active']", document, null, XPathResult.FIRST_ORDERED_NODE_TYPE, null).singleNodeValue;
    if (element) {
        element.value = '333331603';
        var event = new Event('input', { bubbles: true });
        element.dispatchEvent(event);
    }
    ' successfully

13-08-2024T15:08:16 - [TEST_STEP][PASSED] - delay(3): Delayed 3 second(s)

13-08-2024T15:08:19 - [MESSAGE][PASSED] - Delayed 3 second(s)

13-08-2024T15:08:19 - [TEST_STEP][PASSED] - randomString_for_password = RandomStringUtils.randomNumeric(6): null

13-08-2024T15:08:19 - [TEST_STEP][PASSED] - new_Value_for_password = "Fiboo" + randomString_for_password + "@@": null

13-08-2024T15:08:19 - [TEST_STEP][PASSED] - xpath_for_password = "//label[text()='Username']/ancestor::div[@class='oxd-input-group__label-wrapper']/following-sibling::div//input[@class='oxd-input oxd-input--active']": null

13-08-2024T15:08:19 - [TEST_STEP][PASSED] - inputField_for_password = TestObject().addProperty("xpath", EQUALS, xpath_for_password): null

13-08-2024T15:08:19 - [TEST_STEP][PASSED] - executeJavaScript(
    var element = document.evaluate("$xpath_for_password", document, null, XPathResult.FIRST_ORDERED_NODE_TYPE, null).singleNodeValue;
    if (element) {
        element.value = '$new_Value_for_password';
        var event = new Event('input', { bubbles: true });
        element.dispatchEvent(event);
    }
    , null): Execute JavaScript '
    var element = document.evaluate("//label[text()='Username']/ancestor::div[@class='oxd-input-group__label-wrapper']/following-sibling::div//input[@class='oxd-input oxd-input--active']", document, null, XPathResult.FIRST_ORDERED_NODE_TYPE, null).singleNodeValue;
    if (element) {
        element.value = 'Fiboo858594@@';
        var event = new Event('input', { bubbles: true });
        element.dispatchEvent(event);
    }
    ' successfully

13-08-2024T15:08:19 - [MESSAGE][PASSED] - Execute JavaScript '
    var element = document.evaluate("//label[text()='Username']/ancestor::div[@class='oxd-input-group__label-wrapper']/following-sibling::div//input[@class='oxd-input oxd-input--active']", document, null, XPathResult.FIRST_ORDERED_NODE_TYPE, null).singleNodeValue;
    if (element) {
        element.value = 'Fiboo858594@@';
        var event = new Event('input', { bubbles: true });
        element.dispatchEvent(event);
    }
    ' successfully

13-08-2024T15:08:19 - [TEST_STEP][PASSED] - delay(1): Delayed 1 second(s)

13-08-2024T15:08:20 - [MESSAGE][PASSED] - Delayed 1 second(s)

13-08-2024T15:08:20 - [TEST_STEP][PASSED] - Password = getAttribute(findTestObject("Object Repository/ADDING_A_NEW_EMPLOYEE/Add_employee_username"), "value"): Attribute 'value' of object 'Object Repository/ADDING_A_NEW_EMPLOYEE/Add_employee_username' is: 'Fiboo858594@@'

13-08-2024T15:08:21 - [MESSAGE][PASSED] - Attribute 'value' of object 'Object Repository/ADDING_A_NEW_EMPLOYEE/Add_employee_username' is: 'Fiboo858594@@'

13-08-2024T15:08:21 - [TEST_STEP][PASSED] - out.println(Password): null

13-08-2024T15:08:21 - [TEST_STEP][PASSED] - new_Value_for_password_001 = Password: null

13-08-2024T15:08:21 - [TEST_STEP][PASSED] - xpath_for_password_001 = "//label[text()='Password']/ancestor::div[@class='oxd-input-group__label-wrapper']/following-sibling::div//input[@class='oxd-input oxd-input--active']": null

13-08-2024T15:08:21 - [TEST_STEP][PASSED] - inputField_for_password_001 = TestObject().addProperty("xpath", EQUALS, xpath_for_password_001): null

13-08-2024T15:08:21 - [TEST_STEP][PASSED] - executeJavaScript(
    var element = document.evaluate("$xpath_for_password_001", document, null, XPathResult.FIRST_ORDERED_NODE_TYPE, null).singleNodeValue;
    if (element) {
        element.value = '$new_Value_for_password_001';
        var event = new Event('input', { bubbles: true });
        element.dispatchEvent(event);
    }
    , null): Execute JavaScript '
    var element = document.evaluate("//label[text()='Password']/ancestor::div[@class='oxd-input-group__label-wrapper']/following-sibling::div//input[@class='oxd-input oxd-input--active']", document, null, XPathResult.FIRST_ORDERED_NODE_TYPE, null).singleNodeValue;
    if (element) {
        element.value = 'Fiboo858594@@';
        var event = new Event('input', { bubbles: true });
        element.dispatchEvent(event);
    }
    ' successfully

13-08-2024T15:08:21 - [MESSAGE][PASSED] - Execute JavaScript '
    var element = document.evaluate("//label[text()='Password']/ancestor::div[@class='oxd-input-group__label-wrapper']/following-sibling::div//input[@class='oxd-input oxd-input--active']", document, null, XPathResult.FIRST_ORDERED_NODE_TYPE, null).singleNodeValue;
    if (element) {
        element.value = 'Fiboo858594@@';
        var event = new Event('input', { bubbles: true });
        element.dispatchEvent(event);
    }
    ' successfully

13-08-2024T15:08:21 - [TEST_STEP][PASSED] - delay(1): Delayed 1 second(s)

13-08-2024T15:08:22 - [MESSAGE][PASSED] - Delayed 1 second(s)

13-08-2024T15:08:22 - [TEST_STEP][PASSED] - new_Value_for_password_002 = Password: null

13-08-2024T15:08:22 - [TEST_STEP][PASSED] - xpath_for_password_002 = "//label[text()='Confirm Password']/ancestor::div[@class='oxd-input-group__label-wrapper']/following-sibling::div//input[@class='oxd-input oxd-input--active']": null

13-08-2024T15:08:22 - [TEST_STEP][PASSED] - inputField_for_password_002 = TestObject().addProperty("xpath", EQUALS, xpath_for_password_002): null

13-08-2024T15:08:22 - [TEST_STEP][PASSED] - executeJavaScript(
    var element = document.evaluate("$xpath_for_password_002", document, null, XPathResult.FIRST_ORDERED_NODE_TYPE, null).singleNodeValue;
    if (element) {
        element.value = '$new_Value_for_password_002';
        var event = new Event('input', { bubbles: true });
        element.dispatchEvent(event);
    }
    , null): Execute JavaScript '
    var element = document.evaluate("//label[text()='Confirm Password']/ancestor::div[@class='oxd-input-group__label-wrapper']/following-sibling::div//input[@class='oxd-input oxd-input--active']", document, null, XPathResult.FIRST_ORDERED_NODE_TYPE, null).singleNodeValue;
    if (element) {
        element.value = 'Fiboo858594@@';
        var event = new Event('input', { bubbles: true });
        element.dispatchEvent(event);
    }
    ' successfully

13-08-2024T15:08:22 - [MESSAGE][PASSED] - Execute JavaScript '
    var element = document.evaluate("//label[text()='Confirm Password']/ancestor::div[@class='oxd-input-group__label-wrapper']/following-sibling::div//input[@class='oxd-input oxd-input--active']", document, null, XPathResult.FIRST_ORDERED_NODE_TYPE, null).singleNodeValue;
    if (element) {
        element.value = 'Fiboo858594@@';
        var event = new Event('input', { bubbles: true });
        element.dispatchEvent(event);
    }
    ' successfully

13-08-2024T15:08:22 - [TEST_STEP][PASSED] - delay(1): Delayed 1 second(s)

13-08-2024T15:08:23 - [MESSAGE][PASSED] - Delayed 1 second(s)

13-08-2024T15:08:23 - [TEST_STEP][PASSED] - randomString = RandomStringUtils.randomAlphabetic(7): null

13-08-2024T15:08:23 - [TEST_STEP][PASSED] - newValue = "User_name_" + randomString: null

13-08-2024T15:08:23 - [TEST_STEP][PASSED] - xpath_for_user_name = "//label[text()='Username']/ancestor::div[@class='oxd-input-group__label-wrapper']/following-sibling::div//input[@class='oxd-input oxd-input--active']": null

13-08-2024T15:08:23 - [TEST_STEP][PASSED] - inputField = TestObject().addProperty("xpath", EQUALS, xpath_for_user_name): null

13-08-2024T15:08:23 - [TEST_STEP][PASSED] - executeJavaScript(
    var element = document.evaluate("$xpath_for_user_name", document, null, XPathResult.FIRST_ORDERED_NODE_TYPE, null).singleNodeValue;
    if (element) {
        element.value = '$newValue';
        var event = new Event('input', { bubbles: true });
        element.dispatchEvent(event);
    }
    , null): Execute JavaScript '
    var element = document.evaluate("//label[text()='Username']/ancestor::div[@class='oxd-input-group__label-wrapper']/following-sibling::div//input[@class='oxd-input oxd-input--active']", document, null, XPathResult.FIRST_ORDERED_NODE_TYPE, null).singleNodeValue;
    if (element) {
        element.value = 'User_name_MAbepBA';
        var event = new Event('input', { bubbles: true });
        element.dispatchEvent(event);
    }
    ' successfully

13-08-2024T15:08:23 - [MESSAGE][PASSED] - Execute JavaScript '
    var element = document.evaluate("//label[text()='Username']/ancestor::div[@class='oxd-input-group__label-wrapper']/following-sibling::div//input[@class='oxd-input oxd-input--active']", document, null, XPathResult.FIRST_ORDERED_NODE_TYPE, null).singleNodeValue;
    if (element) {
        element.value = 'User_name_MAbepBA';
        var event = new Event('input', { bubbles: true });
        element.dispatchEvent(event);
    }
    ' successfully

13-08-2024T15:08:23 - [TEST_STEP][PASSED] - delay(1): Delayed 1 second(s)

13-08-2024T15:08:24 - [MESSAGE][PASSED] - Delayed 1 second(s)

13-08-2024T15:08:24 - [TEST_STEP][PASSED] - User_name = getAttribute(findTestObject("Object Repository/ADDING_A_NEW_EMPLOYEE/Add_employee_username"), "value"): Attribute 'value' of object 'Object Repository/ADDING_A_NEW_EMPLOYEE/Add_employee_username' is: 'User_name_MAbepBA'

13-08-2024T15:08:24 - [MESSAGE][PASSED] - Attribute 'value' of object 'Object Repository/ADDING_A_NEW_EMPLOYEE/Add_employee_username' is: 'User_name_MAbepBA'

13-08-2024T15:08:24 - [TEST_STEP][PASSED] - out.println(User_name): null

13-08-2024T15:08:24 - [TEST_STEP][PASSED] - out.println(Password): null

13-08-2024T15:08:24 - [TEST_STEP][PASSED] - First_name = getAttribute(findTestObject("Object Repository/ADDING_A_NEW_EMPLOYEE/Add_Employee_first_name"), "value"): Attribute 'value' of object 'Object Repository/ADDING_A_NEW_EMPLOYEE/Add_Employee_first_name' is: 'First_name_ABbkNnY'

13-08-2024T15:08:24 - [MESSAGE][PASSED] - Attribute 'value' of object 'Object Repository/ADDING_A_NEW_EMPLOYEE/Add_Employee_first_name' is: 'First_name_ABbkNnY'

13-08-2024T15:08:24 - [TEST_STEP][PASSED] - out.println(First_name): null

13-08-2024T15:08:24 - [TEST_STEP][PASSED] - Middle_name = getAttribute(findTestObject("Object Repository/ADDING_A_NEW_EMPLOYEE/Add_employee_middle_name"), "value"): Attribute 'value' of object 'Object Repository/ADDING_A_NEW_EMPLOYEE/Add_employee_middle_name' is: 'Middle_name_avCIpEu'

13-08-2024T15:08:25 - [MESSAGE][PASSED] - Attribute 'value' of object 'Object Repository/ADDING_A_NEW_EMPLOYEE/Add_employee_middle_name' is: 'Middle_name_avCIpEu'

13-08-2024T15:08:25 - [TEST_STEP][PASSED] - out.println(Middle_name): null

13-08-2024T15:08:25 - [TEST_STEP][PASSED] - Last_name = getAttribute(findTestObject("Object Repository/ADDING_A_NEW_EMPLOYEE/Add_employee_last_name"), "value"): Attribute 'value' of object 'Object Repository/ADDING_A_NEW_EMPLOYEE/Add_employee_last_name' is: 'Last_name_hiyVJDS'

13-08-2024T15:08:25 - [MESSAGE][PASSED] - Attribute 'value' of object 'Object Repository/ADDING_A_NEW_EMPLOYEE/Add_employee_last_name' is: 'Last_name_hiyVJDS'

13-08-2024T15:08:25 - [TEST_STEP][PASSED] - out.println(Last_name): null

13-08-2024T15:08:25 - [TEST_STEP][PASSED] - employee_id = getAttribute(findTestObject("Object Repository/ADDING_A_NEW_EMPLOYEE/Add_employee_id"), "value"): Attribute 'value' of object 'Object Repository/ADDING_A_NEW_EMPLOYEE/Add_employee_id' is: '333331603'

13-08-2024T15:08:25 - [MESSAGE][PASSED] - Attribute 'value' of object 'Object Repository/ADDING_A_NEW_EMPLOYEE/Add_employee_id' is: '333331603'

13-08-2024T15:08:25 - [TEST_STEP][PASSED] - out.println(employee_id): null

13-08-2024T15:08:25 - [TEST_STEP][PASSED] - delay(3): Delayed 3 second(s)

13-08-2024T15:08:28 - [MESSAGE][PASSED] - Delayed 3 second(s)

13-08-2024T15:08:28 - [TEST_STEP][PASSED] - click(findTestObject("Object Repository/ADDING_A_NEW_EMPLOYEE/Add_employee_save_button")): Object: 'Object Repository/ADDING_A_NEW_EMPLOYEE/Add_employee_save_button' is clicked on

13-08-2024T15:08:28 - [MESSAGE][PASSED] - Object: 'Object Repository/ADDING_A_NEW_EMPLOYEE/Add_employee_save_button' is clicked on

13-08-2024T15:08:28 - [TEST_STEP][PASSED] - delay(2): Delayed 2 second(s)

13-08-2024T15:08:30 - [MESSAGE][PASSED] - Delayed 2 second(s)

13-08-2024T15:08:30 - [MESSAGE][PASSED] - Call Test Case 'Test Cases/ADDING_A_NEW_EMPLOYEE' successfully

13-08-2024T15:08:30 - [TEST_STEP][PASSED] - rowIndex = sheet.getLastRowNum() + 1: null

13-08-2024T15:08:30 - [TEST_STEP][PASSED] - row = sheet.createRow(rowIndex): null

13-08-2024T15:08:30 - [TEST_STEP][PASSED] - createCell(0).setCellValue(First_name): null

13-08-2024T15:08:30 - [TEST_STEP][PASSED] - createCell(1).setCellValue(Middle_name): null

13-08-2024T15:08:30 - [TEST_STEP][PASSED] - createCell(2).setCellValue(Last_name): null

13-08-2024T15:08:30 - [TEST_STEP][PASSED] - createCell(3).setCellValue(User_name): null

13-08-2024T15:08:30 - [TEST_STEP][PASSED] - createCell(4).setCellValue(Password): null

13-08-2024T15:08:30 - [TEST_STEP][PASSED] - createCell(5).setCellValue(employee_id): null

13-08-2024T15:08:30 - [TEST_STEP][PASSED] - callTestCase(findTestCase("ADDING_A_NEW_EMPLOYEE"), [:], STOP_ON_FAILURE): Call Test Case 'Test Cases/ADDING_A_NEW_EMPLOYEE' successfully

13-08-2024T15:08:31 - [TEST_CASE][PASSED] - Test Cases/ADDING_A_NEW_EMPLOYEE: Test Cases/ADDING_A_NEW_EMPLOYEE

13-08-2024T15:08:31 - [TEST_STEP][PASSED] - verifyElementPresent(findTestObject("ADDING_A_NEW_EMPLOYEE/pim_option_from_side_bar"), 10): Object 'Object Repository/ADDING_A_NEW_EMPLOYEE/pim_option_from_side_bar' is present

13-08-2024T15:08:31 - [MESSAGE][PASSED] - Object 'Object Repository/ADDING_A_NEW_EMPLOYEE/pim_option_from_side_bar' is present

13-08-2024T15:08:31 - [TEST_STEP][PASSED] - click(findTestObject("ADDING_A_NEW_EMPLOYEE/pim_option_from_side_bar")): Object: 'Object Repository/ADDING_A_NEW_EMPLOYEE/pim_option_from_side_bar' is clicked on

13-08-2024T15:08:33 - [MESSAGE][PASSED] - Object: 'Object Repository/ADDING_A_NEW_EMPLOYEE/pim_option_from_side_bar' is clicked on

13-08-2024T15:08:33 - [TEST_STEP][PASSED] - waitForElementPresent(findTestObject("ADDING_A_NEW_EMPLOYEE/adding_new_employee_button_in_pim_page"), 10): Object 'Object Repository/ADDING_A_NEW_EMPLOYEE/adding_new_employee_button_in_pim_page' is present

13-08-2024T15:08:33 - [MESSAGE][PASSED] - Object 'Object Repository/ADDING_A_NEW_EMPLOYEE/adding_new_employee_button_in_pim_page' is present

13-08-2024T15:08:33 - [TEST_STEP][PASSED] - click(findTestObject("ADDING_A_NEW_EMPLOYEE/adding_new_employee_button_in_pim_page")): Object: 'Object Repository/ADDING_A_NEW_EMPLOYEE/adding_new_employee_button_in_pim_page' is clicked on

13-08-2024T15:08:35 - [MESSAGE][PASSED] - Object: 'Object Repository/ADDING_A_NEW_EMPLOYEE/adding_new_employee_button_in_pim_page' is clicked on

13-08-2024T15:08:35 - [TEST_STEP][PASSED] - verifyElementPresent(findTestObject("ADDING_A_NEW_EMPLOYEE/create_login_details_checkbox"), 10): Object 'Object Repository/ADDING_A_NEW_EMPLOYEE/create_login_details_checkbox' is present

13-08-2024T15:08:36 - [MESSAGE][PASSED] - Object 'Object Repository/ADDING_A_NEW_EMPLOYEE/create_login_details_checkbox' is present

13-08-2024T15:08:36 - [TEST_STEP][PASSED] - click(findTestObject("ADDING_A_NEW_EMPLOYEE/create_login_details_checkbox")): Object: 'Object Repository/ADDING_A_NEW_EMPLOYEE/create_login_details_checkbox' is clicked on

13-08-2024T15:08:38 - [MESSAGE][PASSED] - Object: 'Object Repository/ADDING_A_NEW_EMPLOYEE/create_login_details_checkbox' is clicked on

13-08-2024T15:08:38 - [TEST_STEP][PASSED] - verifyElementPresent(findTestObject("Object Repository/ADDING_A_NEW_EMPLOYEE/Add_employee_enabled_radio_button"), 10): Object 'Object Repository/ADDING_A_NEW_EMPLOYEE/Add_employee_enabled_radio_button' is present

13-08-2024T15:08:38 - [MESSAGE][PASSED] - Object 'Object Repository/ADDING_A_NEW_EMPLOYEE/Add_employee_enabled_radio_button' is present

13-08-2024T15:08:38 - [TEST_STEP][PASSED] - click(findTestObject("Object Repository/ADDING_A_NEW_EMPLOYEE/Add_employee_enabled_radio_button")): Object: 'Object Repository/ADDING_A_NEW_EMPLOYEE/Add_employee_enabled_radio_button' is clicked on

13-08-2024T15:08:38 - [MESSAGE][PASSED] - Object: 'Object Repository/ADDING_A_NEW_EMPLOYEE/Add_employee_enabled_radio_button' is clicked on

13-08-2024T15:08:38 - [TEST_STEP][PASSED] - verifyElementPresent(findTestObject("Object Repository/ADDING_A_NEW_EMPLOYEE/Add_Employee_first_name"), 10): Object 'Object Repository/ADDING_A_NEW_EMPLOYEE/Add_Employee_first_name' is present

13-08-2024T15:08:39 - [MESSAGE][PASSED] - Object 'Object Repository/ADDING_A_NEW_EMPLOYEE/Add_Employee_first_name' is present

13-08-2024T15:08:39 - [TEST_STEP][PASSED] - click(findTestObject("Object Repository/ADDING_A_NEW_EMPLOYEE/Add_Employee_first_name")): Object: 'Object Repository/ADDING_A_NEW_EMPLOYEE/Add_Employee_first_name' is clicked on

13-08-2024T15:08:39 - [MESSAGE][PASSED] - Object: 'Object Repository/ADDING_A_NEW_EMPLOYEE/Add_Employee_first_name' is clicked on

13-08-2024T15:08:39 - [TEST_STEP][PASSED] - setText(findTestObject("Object Repository/ADDING_A_NEW_EMPLOYEE/Add_Employee_first_name"), "First_name_" + RandomStringUtils.randomAlphabetic(7)): Text 'First_name_FUbJIJn' is set on object 'Object Repository/ADDING_A_NEW_EMPLOYEE/Add_Employee_first_name'

13-08-2024T15:08:40 - [MESSAGE][PASSED] - Text 'First_name_FUbJIJn' is set on object 'Object Repository/ADDING_A_NEW_EMPLOYEE/Add_Employee_first_name'

13-08-2024T15:08:40 - [TEST_STEP][PASSED] - verifyElementPresent(findTestObject("Object Repository/ADDING_A_NEW_EMPLOYEE/Add_employee_middle_name"), 10): Object 'Object Repository/ADDING_A_NEW_EMPLOYEE/Add_employee_middle_name' is present

13-08-2024T15:08:40 - [MESSAGE][PASSED] - Object 'Object Repository/ADDING_A_NEW_EMPLOYEE/Add_employee_middle_name' is present

13-08-2024T15:08:40 - [TEST_STEP][PASSED] - click(findTestObject("Object Repository/ADDING_A_NEW_EMPLOYEE/Add_employee_middle_name")): Object: 'Object Repository/ADDING_A_NEW_EMPLOYEE/Add_employee_middle_name' is clicked on

13-08-2024T15:08:40 - [MESSAGE][PASSED] - Object: 'Object Repository/ADDING_A_NEW_EMPLOYEE/Add_employee_middle_name' is clicked on

13-08-2024T15:08:40 - [TEST_STEP][PASSED] - setText(findTestObject("Object Repository/ADDING_A_NEW_EMPLOYEE/Add_employee_middle_name"), "Middle_name_" + RandomStringUtils.randomAlphabetic(7)): Text 'Middle_name_VnvUTtL' is set on object 'Object Repository/ADDING_A_NEW_EMPLOYEE/Add_employee_middle_name'

13-08-2024T15:08:41 - [MESSAGE][PASSED] - Text 'Middle_name_VnvUTtL' is set on object 'Object Repository/ADDING_A_NEW_EMPLOYEE/Add_employee_middle_name'

13-08-2024T15:08:41 - [TEST_STEP][PASSED] - verifyElementPresent(findTestObject("Object Repository/ADDING_A_NEW_EMPLOYEE/Add_employee_last_name"), 10): Object 'Object Repository/ADDING_A_NEW_EMPLOYEE/Add_employee_last_name' is present

13-08-2024T15:08:41 - [MESSAGE][PASSED] - Object 'Object Repository/ADDING_A_NEW_EMPLOYEE/Add_employee_last_name' is present

13-08-2024T15:08:41 - [TEST_STEP][PASSED] - click(findTestObject("Object Repository/ADDING_A_NEW_EMPLOYEE/Add_employee_last_name")): Object: 'Object Repository/ADDING_A_NEW_EMPLOYEE/Add_employee_last_name' is clicked on

13-08-2024T15:08:41 - [MESSAGE][PASSED] - Object: 'Object Repository/ADDING_A_NEW_EMPLOYEE/Add_employee_last_name' is clicked on

13-08-2024T15:08:41 - [TEST_STEP][PASSED] - setText(findTestObject("Object Repository/ADDING_A_NEW_EMPLOYEE/Add_employee_last_name"), "Last_name_" + RandomStringUtils.randomAlphabetic(7)): Text 'Last_name_zjgiuvd' is set on object 'Object Repository/ADDING_A_NEW_EMPLOYEE/Add_employee_last_name'

13-08-2024T15:08:42 - [MESSAGE][PASSED] - Text 'Last_name_zjgiuvd' is set on object 'Object Repository/ADDING_A_NEW_EMPLOYEE/Add_employee_last_name'

13-08-2024T15:08:42 - [TEST_STEP][PASSED] - randomString_001 = RandomStringUtils.randomNumeric(6): null

13-08-2024T15:08:42 - [TEST_STEP][PASSED] - newValue_001 = "333" + randomString_001: null

13-08-2024T15:08:42 - [TEST_STEP][PASSED] - xpath_for_employee_id = "//label[text()='Employee Id']/ancestor::div[@class='oxd-input-group__label-wrapper']/following-sibling::div//input[@class='oxd-input oxd-input--active']": null

13-08-2024T15:08:42 - [TEST_STEP][PASSED] - inputField_001 = TestObject().addProperty("xpath", EQUALS, xpath_for_employee_id): null

13-08-2024T15:08:42 - [TEST_STEP][PASSED] - executeJavaScript(
    var element = document.evaluate("$xpath_for_employee_id", document, null, XPathResult.FIRST_ORDERED_NODE_TYPE, null).singleNodeValue;
    if (element) {
        element.value = '$newValue_001';
        var event = new Event('input', { bubbles: true });
        element.dispatchEvent(event);
    }
    , null): Execute JavaScript '
    var element = document.evaluate("//label[text()='Employee Id']/ancestor::div[@class='oxd-input-group__label-wrapper']/following-sibling::div//input[@class='oxd-input oxd-input--active']", document, null, XPathResult.FIRST_ORDERED_NODE_TYPE, null).singleNodeValue;
    if (element) {
        element.value = '333896815';
        var event = new Event('input', { bubbles: true });
        element.dispatchEvent(event);
    }
    ' successfully

13-08-2024T15:08:42 - [MESSAGE][PASSED] - Execute JavaScript '
    var element = document.evaluate("//label[text()='Employee Id']/ancestor::div[@class='oxd-input-group__label-wrapper']/following-sibling::div//input[@class='oxd-input oxd-input--active']", document, null, XPathResult.FIRST_ORDERED_NODE_TYPE, null).singleNodeValue;
    if (element) {
        element.value = '333896815';
        var event = new Event('input', { bubbles: true });
        element.dispatchEvent(event);
    }
    ' successfully

13-08-2024T15:08:42 - [TEST_STEP][PASSED] - delay(3): Delayed 3 second(s)

13-08-2024T15:08:45 - [MESSAGE][PASSED] - Delayed 3 second(s)

13-08-2024T15:08:45 - [TEST_STEP][PASSED] - randomString_for_password = RandomStringUtils.randomNumeric(6): null

13-08-2024T15:08:45 - [TEST_STEP][PASSED] - new_Value_for_password = "Fiboo" + randomString_for_password + "@@": null

13-08-2024T15:08:45 - [TEST_STEP][PASSED] - xpath_for_password = "//label[text()='Username']/ancestor::div[@class='oxd-input-group__label-wrapper']/following-sibling::div//input[@class='oxd-input oxd-input--active']": null

13-08-2024T15:08:45 - [TEST_STEP][PASSED] - inputField_for_password = TestObject().addProperty("xpath", EQUALS, xpath_for_password): null

13-08-2024T15:08:45 - [TEST_STEP][PASSED] - executeJavaScript(
    var element = document.evaluate("$xpath_for_password", document, null, XPathResult.FIRST_ORDERED_NODE_TYPE, null).singleNodeValue;
    if (element) {
        element.value = '$new_Value_for_password';
        var event = new Event('input', { bubbles: true });
        element.dispatchEvent(event);
    }
    , null): Execute JavaScript '
    var element = document.evaluate("//label[text()='Username']/ancestor::div[@class='oxd-input-group__label-wrapper']/following-sibling::div//input[@class='oxd-input oxd-input--active']", document, null, XPathResult.FIRST_ORDERED_NODE_TYPE, null).singleNodeValue;
    if (element) {
        element.value = 'Fiboo904268@@';
        var event = new Event('input', { bubbles: true });
        element.dispatchEvent(event);
    }
    ' successfully

13-08-2024T15:08:45 - [MESSAGE][PASSED] - Execute JavaScript '
    var element = document.evaluate("//label[text()='Username']/ancestor::div[@class='oxd-input-group__label-wrapper']/following-sibling::div//input[@class='oxd-input oxd-input--active']", document, null, XPathResult.FIRST_ORDERED_NODE_TYPE, null).singleNodeValue;
    if (element) {
        element.value = 'Fiboo904268@@';
        var event = new Event('input', { bubbles: true });
        element.dispatchEvent(event);
    }
    ' successfully

13-08-2024T15:08:45 - [TEST_STEP][PASSED] - delay(1): Delayed 1 second(s)

13-08-2024T15:08:46 - [MESSAGE][PASSED] - Delayed 1 second(s)

13-08-2024T15:08:46 - [TEST_STEP][PASSED] - Password = getAttribute(findTestObject("Object Repository/ADDING_A_NEW_EMPLOYEE/Add_employee_username"), "value"): Attribute 'value' of object 'Object Repository/ADDING_A_NEW_EMPLOYEE/Add_employee_username' is: 'Fiboo904268@@'

13-08-2024T15:08:46 - [MESSAGE][PASSED] - Attribute 'value' of object 'Object Repository/ADDING_A_NEW_EMPLOYEE/Add_employee_username' is: 'Fiboo904268@@'

13-08-2024T15:08:46 - [TEST_STEP][PASSED] - out.println(Password): null

13-08-2024T15:08:46 - [TEST_STEP][PASSED] - new_Value_for_password_001 = Password: null

13-08-2024T15:08:46 - [TEST_STEP][PASSED] - xpath_for_password_001 = "//label[text()='Password']/ancestor::div[@class='oxd-input-group__label-wrapper']/following-sibling::div//input[@class='oxd-input oxd-input--active']": null

13-08-2024T15:08:46 - [TEST_STEP][PASSED] - inputField_for_password_001 = TestObject().addProperty("xpath", EQUALS, xpath_for_password_001): null

13-08-2024T15:08:46 - [TEST_STEP][PASSED] - executeJavaScript(
    var element = document.evaluate("$xpath_for_password_001", document, null, XPathResult.FIRST_ORDERED_NODE_TYPE, null).singleNodeValue;
    if (element) {
        element.value = '$new_Value_for_password_001';
        var event = new Event('input', { bubbles: true });
        element.dispatchEvent(event);
    }
    , null): Execute JavaScript '
    var element = document.evaluate("//label[text()='Password']/ancestor::div[@class='oxd-input-group__label-wrapper']/following-sibling::div//input[@class='oxd-input oxd-input--active']", document, null, XPathResult.FIRST_ORDERED_NODE_TYPE, null).singleNodeValue;
    if (element) {
        element.value = 'Fiboo904268@@';
        var event = new Event('input', { bubbles: true });
        element.dispatchEvent(event);
    }
    ' successfully

13-08-2024T15:08:46 - [MESSAGE][PASSED] - Execute JavaScript '
    var element = document.evaluate("//label[text()='Password']/ancestor::div[@class='oxd-input-group__label-wrapper']/following-sibling::div//input[@class='oxd-input oxd-input--active']", document, null, XPathResult.FIRST_ORDERED_NODE_TYPE, null).singleNodeValue;
    if (element) {
        element.value = 'Fiboo904268@@';
        var event = new Event('input', { bubbles: true });
        element.dispatchEvent(event);
    }
    ' successfully

13-08-2024T15:08:46 - [TEST_STEP][PASSED] - delay(1): Delayed 1 second(s)

13-08-2024T15:08:47 - [MESSAGE][PASSED] - Delayed 1 second(s)

13-08-2024T15:08:47 - [TEST_STEP][PASSED] - new_Value_for_password_002 = Password: null

13-08-2024T15:08:47 - [TEST_STEP][PASSED] - xpath_for_password_002 = "//label[text()='Confirm Password']/ancestor::div[@class='oxd-input-group__label-wrapper']/following-sibling::div//input[@class='oxd-input oxd-input--active']": null

13-08-2024T15:08:47 - [TEST_STEP][PASSED] - inputField_for_password_002 = TestObject().addProperty("xpath", EQUALS, xpath_for_password_002): null

13-08-2024T15:08:47 - [TEST_STEP][PASSED] - executeJavaScript(
    var element = document.evaluate("$xpath_for_password_002", document, null, XPathResult.FIRST_ORDERED_NODE_TYPE, null).singleNodeValue;
    if (element) {
        element.value = '$new_Value_for_password_002';
        var event = new Event('input', { bubbles: true });
        element.dispatchEvent(event);
    }
    , null): Execute JavaScript '
    var element = document.evaluate("//label[text()='Confirm Password']/ancestor::div[@class='oxd-input-group__label-wrapper']/following-sibling::div//input[@class='oxd-input oxd-input--active']", document, null, XPathResult.FIRST_ORDERED_NODE_TYPE, null).singleNodeValue;
    if (element) {
        element.value = 'Fiboo904268@@';
        var event = new Event('input', { bubbles: true });
        element.dispatchEvent(event);
    }
    ' successfully

13-08-2024T15:08:47 - [MESSAGE][PASSED] - Execute JavaScript '
    var element = document.evaluate("//label[text()='Confirm Password']/ancestor::div[@class='oxd-input-group__label-wrapper']/following-sibling::div//input[@class='oxd-input oxd-input--active']", document, null, XPathResult.FIRST_ORDERED_NODE_TYPE, null).singleNodeValue;
    if (element) {
        element.value = 'Fiboo904268@@';
        var event = new Event('input', { bubbles: true });
        element.dispatchEvent(event);
    }
    ' successfully

13-08-2024T15:08:47 - [TEST_STEP][PASSED] - delay(1): Delayed 1 second(s)

13-08-2024T15:08:48 - [MESSAGE][PASSED] - Delayed 1 second(s)

13-08-2024T15:08:48 - [TEST_STEP][PASSED] - randomString = RandomStringUtils.randomAlphabetic(7): null

13-08-2024T15:08:48 - [TEST_STEP][PASSED] - newValue = "User_name_" + randomString: null

13-08-2024T15:08:48 - [TEST_STEP][PASSED] - xpath_for_user_name = "//label[text()='Username']/ancestor::div[@class='oxd-input-group__label-wrapper']/following-sibling::div//input[@class='oxd-input oxd-input--active']": null

13-08-2024T15:08:48 - [TEST_STEP][PASSED] - inputField = TestObject().addProperty("xpath", EQUALS, xpath_for_user_name): null

13-08-2024T15:08:48 - [TEST_STEP][PASSED] - executeJavaScript(
    var element = document.evaluate("$xpath_for_user_name", document, null, XPathResult.FIRST_ORDERED_NODE_TYPE, null).singleNodeValue;
    if (element) {
        element.value = '$newValue';
        var event = new Event('input', { bubbles: true });
        element.dispatchEvent(event);
    }
    , null): Execute JavaScript '
    var element = document.evaluate("//label[text()='Username']/ancestor::div[@class='oxd-input-group__label-wrapper']/following-sibling::div//input[@class='oxd-input oxd-input--active']", document, null, XPathResult.FIRST_ORDERED_NODE_TYPE, null).singleNodeValue;
    if (element) {
        element.value = 'User_name_yFNtjwh';
        var event = new Event('input', { bubbles: true });
        element.dispatchEvent(event);
    }
    ' successfully

13-08-2024T15:08:48 - [MESSAGE][PASSED] - Execute JavaScript '
    var element = document.evaluate("//label[text()='Username']/ancestor::div[@class='oxd-input-group__label-wrapper']/following-sibling::div//input[@class='oxd-input oxd-input--active']", document, null, XPathResult.FIRST_ORDERED_NODE_TYPE, null).singleNodeValue;
    if (element) {
        element.value = 'User_name_yFNtjwh';
        var event = new Event('input', { bubbles: true });
        element.dispatchEvent(event);
    }
    ' successfully

13-08-2024T15:08:48 - [TEST_STEP][PASSED] - delay(1): Delayed 1 second(s)

13-08-2024T15:08:49 - [MESSAGE][PASSED] - Delayed 1 second(s)

13-08-2024T15:08:49 - [TEST_STEP][PASSED] - User_name = getAttribute(findTestObject("Object Repository/ADDING_A_NEW_EMPLOYEE/Add_employee_username"), "value"): Attribute 'value' of object 'Object Repository/ADDING_A_NEW_EMPLOYEE/Add_employee_username' is: 'User_name_yFNtjwh'

13-08-2024T15:08:50 - [MESSAGE][PASSED] - Attribute 'value' of object 'Object Repository/ADDING_A_NEW_EMPLOYEE/Add_employee_username' is: 'User_name_yFNtjwh'

13-08-2024T15:08:50 - [TEST_STEP][PASSED] - out.println(User_name): null

13-08-2024T15:08:50 - [TEST_STEP][PASSED] - out.println(Password): null

13-08-2024T15:08:50 - [TEST_STEP][PASSED] - First_name = getAttribute(findTestObject("Object Repository/ADDING_A_NEW_EMPLOYEE/Add_Employee_first_name"), "value"): Attribute 'value' of object 'Object Repository/ADDING_A_NEW_EMPLOYEE/Add_Employee_first_name' is: 'First_name_FUbJIJn'

13-08-2024T15:08:50 - [MESSAGE][PASSED] - Attribute 'value' of object 'Object Repository/ADDING_A_NEW_EMPLOYEE/Add_Employee_first_name' is: 'First_name_FUbJIJn'

13-08-2024T15:08:50 - [TEST_STEP][PASSED] - out.println(First_name): null

13-08-2024T15:08:50 - [TEST_STEP][PASSED] - Middle_name = getAttribute(findTestObject("Object Repository/ADDING_A_NEW_EMPLOYEE/Add_employee_middle_name"), "value"): Attribute 'value' of object 'Object Repository/ADDING_A_NEW_EMPLOYEE/Add_employee_middle_name' is: 'Middle_name_VnvUTtL'

13-08-2024T15:08:50 - [MESSAGE][PASSED] - Attribute 'value' of object 'Object Repository/ADDING_A_NEW_EMPLOYEE/Add_employee_middle_name' is: 'Middle_name_VnvUTtL'

13-08-2024T15:08:50 - [TEST_STEP][PASSED] - out.println(Middle_name): null

13-08-2024T15:08:50 - [TEST_STEP][PASSED] - Last_name = getAttribute(findTestObject("Object Repository/ADDING_A_NEW_EMPLOYEE/Add_employee_last_name"), "value"): Attribute 'value' of object 'Object Repository/ADDING_A_NEW_EMPLOYEE/Add_employee_last_name' is: 'Last_name_zjgiuvd'

13-08-2024T15:08:50 - [MESSAGE][PASSED] - Attribute 'value' of object 'Object Repository/ADDING_A_NEW_EMPLOYEE/Add_employee_last_name' is: 'Last_name_zjgiuvd'

13-08-2024T15:08:50 - [TEST_STEP][PASSED] - out.println(Last_name): null

13-08-2024T15:08:50 - [TEST_STEP][PASSED] - employee_id = getAttribute(findTestObject("Object Repository/ADDING_A_NEW_EMPLOYEE/Add_employee_id"), "value"): Attribute 'value' of object 'Object Repository/ADDING_A_NEW_EMPLOYEE/Add_employee_id' is: '333896815'

13-08-2024T15:08:51 - [MESSAGE][PASSED] - Attribute 'value' of object 'Object Repository/ADDING_A_NEW_EMPLOYEE/Add_employee_id' is: '333896815'

13-08-2024T15:08:51 - [TEST_STEP][PASSED] - out.println(employee_id): null

13-08-2024T15:08:51 - [TEST_STEP][PASSED] - delay(3): Delayed 3 second(s)

13-08-2024T15:08:54 - [MESSAGE][PASSED] - Delayed 3 second(s)

13-08-2024T15:08:54 - [TEST_STEP][PASSED] - click(findTestObject("Object Repository/ADDING_A_NEW_EMPLOYEE/Add_employee_save_button")): Object: 'Object Repository/ADDING_A_NEW_EMPLOYEE/Add_employee_save_button' is clicked on

13-08-2024T15:08:54 - [MESSAGE][PASSED] - Object: 'Object Repository/ADDING_A_NEW_EMPLOYEE/Add_employee_save_button' is clicked on

13-08-2024T15:08:54 - [TEST_STEP][PASSED] - delay(2): Delayed 2 second(s)

13-08-2024T15:08:56 - [MESSAGE][PASSED] - Delayed 2 second(s)

13-08-2024T15:08:56 - [MESSAGE][PASSED] - Call Test Case 'Test Cases/ADDING_A_NEW_EMPLOYEE' successfully

13-08-2024T15:08:56 - [TEST_STEP][PASSED] - rowIndex = sheet.getLastRowNum() + 1: null

13-08-2024T15:08:56 - [TEST_STEP][PASSED] - row = sheet.createRow(rowIndex): null

13-08-2024T15:08:56 - [TEST_STEP][PASSED] - createCell(0).setCellValue(First_name): null

13-08-2024T15:08:56 - [TEST_STEP][PASSED] - createCell(1).setCellValue(Middle_name): null

13-08-2024T15:08:56 - [TEST_STEP][PASSED] - createCell(2).setCellValue(Last_name): null

13-08-2024T15:08:56 - [TEST_STEP][PASSED] - createCell(3).setCellValue(User_name): null

13-08-2024T15:08:56 - [TEST_STEP][PASSED] - createCell(4).setCellValue(Password): null

13-08-2024T15:08:56 - [TEST_STEP][PASSED] - createCell(5).setCellValue(employee_id): null

13-08-2024T15:08:56 - [TEST_STEP][PASSED] - callTestCase(findTestCase("ADDING_A_NEW_EMPLOYEE"), [:], STOP_ON_FAILURE): Call Test Case 'Test Cases/ADDING_A_NEW_EMPLOYEE' successfully

13-08-2024T15:08:56 - [TEST_CASE][PASSED] - Test Cases/ADDING_A_NEW_EMPLOYEE: Test Cases/ADDING_A_NEW_EMPLOYEE

13-08-2024T15:08:56 - [TEST_STEP][PASSED] - verifyElementPresent(findTestObject("ADDING_A_NEW_EMPLOYEE/pim_option_from_side_bar"), 10): Object 'Object Repository/ADDING_A_NEW_EMPLOYEE/pim_option_from_side_bar' is present

13-08-2024T15:08:57 - [MESSAGE][PASSED] - Object 'Object Repository/ADDING_A_NEW_EMPLOYEE/pim_option_from_side_bar' is present

13-08-2024T15:08:57 - [TEST_STEP][PASSED] - click(findTestObject("ADDING_A_NEW_EMPLOYEE/pim_option_from_side_bar")): Object: 'Object Repository/ADDING_A_NEW_EMPLOYEE/pim_option_from_side_bar' is clicked on

13-08-2024T15:08:59 - [MESSAGE][PASSED] - Object: 'Object Repository/ADDING_A_NEW_EMPLOYEE/pim_option_from_side_bar' is clicked on

13-08-2024T15:08:59 - [TEST_STEP][PASSED] - waitForElementPresent(findTestObject("ADDING_A_NEW_EMPLOYEE/adding_new_employee_button_in_pim_page"), 10): Object 'Object Repository/ADDING_A_NEW_EMPLOYEE/adding_new_employee_button_in_pim_page' is present

13-08-2024T15:09:00 - [MESSAGE][PASSED] - Object 'Object Repository/ADDING_A_NEW_EMPLOYEE/adding_new_employee_button_in_pim_page' is present

13-08-2024T15:09:00 - [TEST_STEP][PASSED] - click(findTestObject("ADDING_A_NEW_EMPLOYEE/adding_new_employee_button_in_pim_page")): Object: 'Object Repository/ADDING_A_NEW_EMPLOYEE/adding_new_employee_button_in_pim_page' is clicked on

13-08-2024T15:09:02 - [MESSAGE][PASSED] - Object: 'Object Repository/ADDING_A_NEW_EMPLOYEE/adding_new_employee_button_in_pim_page' is clicked on

13-08-2024T15:09:02 - [TEST_STEP][PASSED] - verifyElementPresent(findTestObject("ADDING_A_NEW_EMPLOYEE/create_login_details_checkbox"), 10): Object 'Object Repository/ADDING_A_NEW_EMPLOYEE/create_login_details_checkbox' is present

13-08-2024T15:09:02 - [MESSAGE][PASSED] - Object 'Object Repository/ADDING_A_NEW_EMPLOYEE/create_login_details_checkbox' is present

13-08-2024T15:09:02 - [TEST_STEP][PASSED] - click(findTestObject("ADDING_A_NEW_EMPLOYEE/create_login_details_checkbox")): Object: 'Object Repository/ADDING_A_NEW_EMPLOYEE/create_login_details_checkbox' is clicked on

13-08-2024T15:09:03 - [MESSAGE][PASSED] - Object: 'Object Repository/ADDING_A_NEW_EMPLOYEE/create_login_details_checkbox' is clicked on

13-08-2024T15:09:03 - [TEST_STEP][PASSED] - verifyElementPresent(findTestObject("Object Repository/ADDING_A_NEW_EMPLOYEE/Add_employee_enabled_radio_button"), 10): Object 'Object Repository/ADDING_A_NEW_EMPLOYEE/Add_employee_enabled_radio_button' is present

13-08-2024T15:09:03 - [MESSAGE][PASSED] - Object 'Object Repository/ADDING_A_NEW_EMPLOYEE/Add_employee_enabled_radio_button' is present

13-08-2024T15:09:03 - [TEST_STEP][PASSED] - click(findTestObject("Object Repository/ADDING_A_NEW_EMPLOYEE/Add_employee_enabled_radio_button")): Object: 'Object Repository/ADDING_A_NEW_EMPLOYEE/Add_employee_enabled_radio_button' is clicked on

13-08-2024T15:09:04 - [MESSAGE][PASSED] - Object: 'Object Repository/ADDING_A_NEW_EMPLOYEE/Add_employee_enabled_radio_button' is clicked on

13-08-2024T15:09:04 - [TEST_STEP][PASSED] - verifyElementPresent(findTestObject("Object Repository/ADDING_A_NEW_EMPLOYEE/Add_Employee_first_name"), 10): Object 'Object Repository/ADDING_A_NEW_EMPLOYEE/Add_Employee_first_name' is present

13-08-2024T15:09:04 - [MESSAGE][PASSED] - Object 'Object Repository/ADDING_A_NEW_EMPLOYEE/Add_Employee_first_name' is present

13-08-2024T15:09:04 - [TEST_STEP][PASSED] - click(findTestObject("Object Repository/ADDING_A_NEW_EMPLOYEE/Add_Employee_first_name")): Object: 'Object Repository/ADDING_A_NEW_EMPLOYEE/Add_Employee_first_name' is clicked on

13-08-2024T15:09:04 - [MESSAGE][PASSED] - Object: 'Object Repository/ADDING_A_NEW_EMPLOYEE/Add_Employee_first_name' is clicked on

13-08-2024T15:09:04 - [TEST_STEP][PASSED] - setText(findTestObject("Object Repository/ADDING_A_NEW_EMPLOYEE/Add_Employee_first_name"), "First_name_" + RandomStringUtils.randomAlphabetic(7)): Text 'First_name_CZyBUIe' is set on object 'Object Repository/ADDING_A_NEW_EMPLOYEE/Add_Employee_first_name'

13-08-2024T15:09:05 - [MESSAGE][PASSED] - Text 'First_name_CZyBUIe' is set on object 'Object Repository/ADDING_A_NEW_EMPLOYEE/Add_Employee_first_name'

13-08-2024T15:09:05 - [TEST_STEP][PASSED] - verifyElementPresent(findTestObject("Object Repository/ADDING_A_NEW_EMPLOYEE/Add_employee_middle_name"), 10): Object 'Object Repository/ADDING_A_NEW_EMPLOYEE/Add_employee_middle_name' is present

13-08-2024T15:09:05 - [MESSAGE][PASSED] - Object 'Object Repository/ADDING_A_NEW_EMPLOYEE/Add_employee_middle_name' is present

13-08-2024T15:09:05 - [TEST_STEP][PASSED] - click(findTestObject("Object Repository/ADDING_A_NEW_EMPLOYEE/Add_employee_middle_name")): Object: 'Object Repository/ADDING_A_NEW_EMPLOYEE/Add_employee_middle_name' is clicked on

13-08-2024T15:09:05 - [MESSAGE][PASSED] - Object: 'Object Repository/ADDING_A_NEW_EMPLOYEE/Add_employee_middle_name' is clicked on

13-08-2024T15:09:05 - [TEST_STEP][PASSED] - setText(findTestObject("Object Repository/ADDING_A_NEW_EMPLOYEE/Add_employee_middle_name"), "Middle_name_" + RandomStringUtils.randomAlphabetic(7)): Text 'Middle_name_lueAjtE' is set on object 'Object Repository/ADDING_A_NEW_EMPLOYEE/Add_employee_middle_name'

13-08-2024T15:09:06 - [MESSAGE][PASSED] - Text 'Middle_name_lueAjtE' is set on object 'Object Repository/ADDING_A_NEW_EMPLOYEE/Add_employee_middle_name'

13-08-2024T15:09:06 - [TEST_STEP][PASSED] - verifyElementPresent(findTestObject("Object Repository/ADDING_A_NEW_EMPLOYEE/Add_employee_last_name"), 10): Object 'Object Repository/ADDING_A_NEW_EMPLOYEE/Add_employee_last_name' is present

13-08-2024T15:09:06 - [MESSAGE][PASSED] - Object 'Object Repository/ADDING_A_NEW_EMPLOYEE/Add_employee_last_name' is present

13-08-2024T15:09:06 - [TEST_STEP][PASSED] - click(findTestObject("Object Repository/ADDING_A_NEW_EMPLOYEE/Add_employee_last_name")): Object: 'Object Repository/ADDING_A_NEW_EMPLOYEE/Add_employee_last_name' is clicked on

13-08-2024T15:09:07 - [MESSAGE][PASSED] - Object: 'Object Repository/ADDING_A_NEW_EMPLOYEE/Add_employee_last_name' is clicked on

13-08-2024T15:09:07 - [TEST_STEP][PASSED] - setText(findTestObject("Object Repository/ADDING_A_NEW_EMPLOYEE/Add_employee_last_name"), "Last_name_" + RandomStringUtils.randomAlphabetic(7)): Text 'Last_name_PqlyVOP' is set on object 'Object Repository/ADDING_A_NEW_EMPLOYEE/Add_employee_last_name'

13-08-2024T15:09:07 - [MESSAGE][PASSED] - Text 'Last_name_PqlyVOP' is set on object 'Object Repository/ADDING_A_NEW_EMPLOYEE/Add_employee_last_name'

13-08-2024T15:09:07 - [TEST_STEP][PASSED] - randomString_001 = RandomStringUtils.randomNumeric(6): null

13-08-2024T15:09:07 - [TEST_STEP][PASSED] - newValue_001 = "333" + randomString_001: null

13-08-2024T15:09:07 - [TEST_STEP][PASSED] - xpath_for_employee_id = "//label[text()='Employee Id']/ancestor::div[@class='oxd-input-group__label-wrapper']/following-sibling::div//input[@class='oxd-input oxd-input--active']": null

13-08-2024T15:09:07 - [TEST_STEP][PASSED] - inputField_001 = TestObject().addProperty("xpath", EQUALS, xpath_for_employee_id): null

13-08-2024T15:09:07 - [TEST_STEP][PASSED] - executeJavaScript(
    var element = document.evaluate("$xpath_for_employee_id", document, null, XPathResult.FIRST_ORDERED_NODE_TYPE, null).singleNodeValue;
    if (element) {
        element.value = '$newValue_001';
        var event = new Event('input', { bubbles: true });
        element.dispatchEvent(event);
    }
    , null): Execute JavaScript '
    var element = document.evaluate("//label[text()='Employee Id']/ancestor::div[@class='oxd-input-group__label-wrapper']/following-sibling::div//input[@class='oxd-input oxd-input--active']", document, null, XPathResult.FIRST_ORDERED_NODE_TYPE, null).singleNodeValue;
    if (element) {
        element.value = '333673618';
        var event = new Event('input', { bubbles: true });
        element.dispatchEvent(event);
    }
    ' successfully

13-08-2024T15:09:07 - [MESSAGE][PASSED] - Execute JavaScript '
    var element = document.evaluate("//label[text()='Employee Id']/ancestor::div[@class='oxd-input-group__label-wrapper']/following-sibling::div//input[@class='oxd-input oxd-input--active']", document, null, XPathResult.FIRST_ORDERED_NODE_TYPE, null).singleNodeValue;
    if (element) {
        element.value = '333673618';
        var event = new Event('input', { bubbles: true });
        element.dispatchEvent(event);
    }
    ' successfully

13-08-2024T15:09:07 - [TEST_STEP][PASSED] - delay(3): Delayed 3 second(s)

13-08-2024T15:09:10 - [MESSAGE][PASSED] - Delayed 3 second(s)

13-08-2024T15:09:10 - [TEST_STEP][PASSED] - randomString_for_password = RandomStringUtils.randomNumeric(6): null

13-08-2024T15:09:10 - [TEST_STEP][PASSED] - new_Value_for_password = "Fiboo" + randomString_for_password + "@@": null

13-08-2024T15:09:10 - [TEST_STEP][PASSED] - xpath_for_password = "//label[text()='Username']/ancestor::div[@class='oxd-input-group__label-wrapper']/following-sibling::div//input[@class='oxd-input oxd-input--active']": null

13-08-2024T15:09:10 - [TEST_STEP][PASSED] - inputField_for_password = TestObject().addProperty("xpath", EQUALS, xpath_for_password): null

13-08-2024T15:09:10 - [TEST_STEP][PASSED] - executeJavaScript(
    var element = document.evaluate("$xpath_for_password", document, null, XPathResult.FIRST_ORDERED_NODE_TYPE, null).singleNodeValue;
    if (element) {
        element.value = '$new_Value_for_password';
        var event = new Event('input', { bubbles: true });
        element.dispatchEvent(event);
    }
    , null): Execute JavaScript '
    var element = document.evaluate("//label[text()='Username']/ancestor::div[@class='oxd-input-group__label-wrapper']/following-sibling::div//input[@class='oxd-input oxd-input--active']", document, null, XPathResult.FIRST_ORDERED_NODE_TYPE, null).singleNodeValue;
    if (element) {
        element.value = 'Fiboo870352@@';
        var event = new Event('input', { bubbles: true });
        element.dispatchEvent(event);
    }
    ' successfully

13-08-2024T15:09:10 - [MESSAGE][PASSED] - Execute JavaScript '
    var element = document.evaluate("//label[text()='Username']/ancestor::div[@class='oxd-input-group__label-wrapper']/following-sibling::div//input[@class='oxd-input oxd-input--active']", document, null, XPathResult.FIRST_ORDERED_NODE_TYPE, null).singleNodeValue;
    if (element) {
        element.value = 'Fiboo870352@@';
        var event = new Event('input', { bubbles: true });
        element.dispatchEvent(event);
    }
    ' successfully

13-08-2024T15:09:10 - [TEST_STEP][PASSED] - delay(1): Delayed 1 second(s)

13-08-2024T15:09:11 - [MESSAGE][PASSED] - Delayed 1 second(s)

13-08-2024T15:09:11 - [TEST_STEP][PASSED] - Password = getAttribute(findTestObject("Object Repository/ADDING_A_NEW_EMPLOYEE/Add_employee_username"), "value"): Attribute 'value' of object 'Object Repository/ADDING_A_NEW_EMPLOYEE/Add_employee_username' is: 'Fiboo870352@@'

13-08-2024T15:09:12 - [MESSAGE][PASSED] - Attribute 'value' of object 'Object Repository/ADDING_A_NEW_EMPLOYEE/Add_employee_username' is: 'Fiboo870352@@'

13-08-2024T15:09:12 - [TEST_STEP][PASSED] - out.println(Password): null

13-08-2024T15:09:12 - [TEST_STEP][PASSED] - new_Value_for_password_001 = Password: null

13-08-2024T15:09:12 - [TEST_STEP][PASSED] - xpath_for_password_001 = "//label[text()='Password']/ancestor::div[@class='oxd-input-group__label-wrapper']/following-sibling::div//input[@class='oxd-input oxd-input--active']": null

13-08-2024T15:09:12 - [TEST_STEP][PASSED] - inputField_for_password_001 = TestObject().addProperty("xpath", EQUALS, xpath_for_password_001): null

13-08-2024T15:09:12 - [TEST_STEP][PASSED] - executeJavaScript(
    var element = document.evaluate("$xpath_for_password_001", document, null, XPathResult.FIRST_ORDERED_NODE_TYPE, null).singleNodeValue;
    if (element) {
        element.value = '$new_Value_for_password_001';
        var event = new Event('input', { bubbles: true });
        element.dispatchEvent(event);
    }
    , null): Execute JavaScript '
    var element = document.evaluate("//label[text()='Password']/ancestor::div[@class='oxd-input-group__label-wrapper']/following-sibling::div//input[@class='oxd-input oxd-input--active']", document, null, XPathResult.FIRST_ORDERED_NODE_TYPE, null).singleNodeValue;
    if (element) {
        element.value = 'Fiboo870352@@';
        var event = new Event('input', { bubbles: true });
        element.dispatchEvent(event);
    }
    ' successfully

13-08-2024T15:09:12 - [MESSAGE][PASSED] - Execute JavaScript '
    var element = document.evaluate("//label[text()='Password']/ancestor::div[@class='oxd-input-group__label-wrapper']/following-sibling::div//input[@class='oxd-input oxd-input--active']", document, null, XPathResult.FIRST_ORDERED_NODE_TYPE, null).singleNodeValue;
    if (element) {
        element.value = 'Fiboo870352@@';
        var event = new Event('input', { bubbles: true });
        element.dispatchEvent(event);
    }
    ' successfully

13-08-2024T15:09:12 - [TEST_STEP][PASSED] - delay(1): Delayed 1 second(s)

13-08-2024T15:09:13 - [MESSAGE][PASSED] - Delayed 1 second(s)

13-08-2024T15:09:13 - [TEST_STEP][PASSED] - new_Value_for_password_002 = Password: null

13-08-2024T15:09:13 - [TEST_STEP][PASSED] - xpath_for_password_002 = "//label[text()='Confirm Password']/ancestor::div[@class='oxd-input-group__label-wrapper']/following-sibling::div//input[@class='oxd-input oxd-input--active']": null

13-08-2024T15:09:13 - [TEST_STEP][PASSED] - inputField_for_password_002 = TestObject().addProperty("xpath", EQUALS, xpath_for_password_002): null

13-08-2024T15:09:13 - [TEST_STEP][PASSED] - executeJavaScript(
    var element = document.evaluate("$xpath_for_password_002", document, null, XPathResult.FIRST_ORDERED_NODE_TYPE, null).singleNodeValue;
    if (element) {
        element.value = '$new_Value_for_password_002';
        var event = new Event('input', { bubbles: true });
        element.dispatchEvent(event);
    }
    , null): Execute JavaScript '
    var element = document.evaluate("//label[text()='Confirm Password']/ancestor::div[@class='oxd-input-group__label-wrapper']/following-sibling::div//input[@class='oxd-input oxd-input--active']", document, null, XPathResult.FIRST_ORDERED_NODE_TYPE, null).singleNodeValue;
    if (element) {
        element.value = 'Fiboo870352@@';
        var event = new Event('input', { bubbles: true });
        element.dispatchEvent(event);
    }
    ' successfully

13-08-2024T15:09:13 - [MESSAGE][PASSED] - Execute JavaScript '
    var element = document.evaluate("//label[text()='Confirm Password']/ancestor::div[@class='oxd-input-group__label-wrapper']/following-sibling::div//input[@class='oxd-input oxd-input--active']", document, null, XPathResult.FIRST_ORDERED_NODE_TYPE, null).singleNodeValue;
    if (element) {
        element.value = 'Fiboo870352@@';
        var event = new Event('input', { bubbles: true });
        element.dispatchEvent(event);
    }
    ' successfully

13-08-2024T15:09:13 - [TEST_STEP][PASSED] - delay(1): Delayed 1 second(s)

13-08-2024T15:09:14 - [MESSAGE][PASSED] - Delayed 1 second(s)

13-08-2024T15:09:14 - [TEST_STEP][PASSED] - randomString = RandomStringUtils.randomAlphabetic(7): null

13-08-2024T15:09:14 - [TEST_STEP][PASSED] - newValue = "User_name_" + randomString: null

13-08-2024T15:09:14 - [TEST_STEP][PASSED] - xpath_for_user_name = "//label[text()='Username']/ancestor::div[@class='oxd-input-group__label-wrapper']/following-sibling::div//input[@class='oxd-input oxd-input--active']": null

13-08-2024T15:09:14 - [TEST_STEP][PASSED] - inputField = TestObject().addProperty("xpath", EQUALS, xpath_for_user_name): null

13-08-2024T15:09:14 - [TEST_STEP][PASSED] - executeJavaScript(
    var element = document.evaluate("$xpath_for_user_name", document, null, XPathResult.FIRST_ORDERED_NODE_TYPE, null).singleNodeValue;
    if (element) {
        element.value = '$newValue';
        var event = new Event('input', { bubbles: true });
        element.dispatchEvent(event);
    }
    , null): Execute JavaScript '
    var element = document.evaluate("//label[text()='Username']/ancestor::div[@class='oxd-input-group__label-wrapper']/following-sibling::div//input[@class='oxd-input oxd-input--active']", document, null, XPathResult.FIRST_ORDERED_NODE_TYPE, null).singleNodeValue;
    if (element) {
        element.value = 'User_name_AQTeKaG';
        var event = new Event('input', { bubbles: true });
        element.dispatchEvent(event);
    }
    ' successfully

13-08-2024T15:09:14 - [MESSAGE][PASSED] - Execute JavaScript '
    var element = document.evaluate("//label[text()='Username']/ancestor::div[@class='oxd-input-group__label-wrapper']/following-sibling::div//input[@class='oxd-input oxd-input--active']", document, null, XPathResult.FIRST_ORDERED_NODE_TYPE, null).singleNodeValue;
    if (element) {
        element.value = 'User_name_AQTeKaG';
        var event = new Event('input', { bubbles: true });
        element.dispatchEvent(event);
    }
    ' successfully

13-08-2024T15:09:14 - [TEST_STEP][PASSED] - delay(1): Delayed 1 second(s)

13-08-2024T15:09:15 - [MESSAGE][PASSED] - Delayed 1 second(s)

13-08-2024T15:09:15 - [TEST_STEP][PASSED] - User_name = getAttribute(findTestObject("Object Repository/ADDING_A_NEW_EMPLOYEE/Add_employee_username"), "value"): Attribute 'value' of object 'Object Repository/ADDING_A_NEW_EMPLOYEE/Add_employee_username' is: 'User_name_AQTeKaG'

13-08-2024T15:09:15 - [MESSAGE][PASSED] - Attribute 'value' of object 'Object Repository/ADDING_A_NEW_EMPLOYEE/Add_employee_username' is: 'User_name_AQTeKaG'

13-08-2024T15:09:15 - [TEST_STEP][PASSED] - out.println(User_name): null

13-08-2024T15:09:15 - [TEST_STEP][PASSED] - out.println(Password): null

13-08-2024T15:09:15 - [TEST_STEP][PASSED] - First_name = getAttribute(findTestObject("Object Repository/ADDING_A_NEW_EMPLOYEE/Add_Employee_first_name"), "value"): Attribute 'value' of object 'Object Repository/ADDING_A_NEW_EMPLOYEE/Add_Employee_first_name' is: 'First_name_CZyBUIe'

13-08-2024T15:09:15 - [MESSAGE][PASSED] - Attribute 'value' of object 'Object Repository/ADDING_A_NEW_EMPLOYEE/Add_Employee_first_name' is: 'First_name_CZyBUIe'

13-08-2024T15:09:15 - [TEST_STEP][PASSED] - out.println(First_name): null

13-08-2024T15:09:15 - [TEST_STEP][PASSED] - Middle_name = getAttribute(findTestObject("Object Repository/ADDING_A_NEW_EMPLOYEE/Add_employee_middle_name"), "value"): Attribute 'value' of object 'Object Repository/ADDING_A_NEW_EMPLOYEE/Add_employee_middle_name' is: 'Middle_name_lueAjtE'

13-08-2024T15:09:15 - [MESSAGE][PASSED] - Attribute 'value' of object 'Object Repository/ADDING_A_NEW_EMPLOYEE/Add_employee_middle_name' is: 'Middle_name_lueAjtE'

13-08-2024T15:09:15 - [TEST_STEP][PASSED] - out.println(Middle_name): null

13-08-2024T15:09:15 - [TEST_STEP][PASSED] - Last_name = getAttribute(findTestObject("Object Repository/ADDING_A_NEW_EMPLOYEE/Add_employee_last_name"), "value"): Attribute 'value' of object 'Object Repository/ADDING_A_NEW_EMPLOYEE/Add_employee_last_name' is: 'Last_name_PqlyVOP'

13-08-2024T15:09:16 - [MESSAGE][PASSED] - Attribute 'value' of object 'Object Repository/ADDING_A_NEW_EMPLOYEE/Add_employee_last_name' is: 'Last_name_PqlyVOP'

13-08-2024T15:09:16 - [TEST_STEP][PASSED] - out.println(Last_name): null

13-08-2024T15:09:16 - [TEST_STEP][PASSED] - employee_id = getAttribute(findTestObject("Object Repository/ADDING_A_NEW_EMPLOYEE/Add_employee_id"), "value"): Attribute 'value' of object 'Object Repository/ADDING_A_NEW_EMPLOYEE/Add_employee_id' is: '333673618'

13-08-2024T15:09:16 - [MESSAGE][PASSED] - Attribute 'value' of object 'Object Repository/ADDING_A_NEW_EMPLOYEE/Add_employee_id' is: '333673618'

13-08-2024T15:09:16 - [TEST_STEP][PASSED] - out.println(employee_id): null

13-08-2024T15:09:16 - [TEST_STEP][PASSED] - delay(3): Delayed 3 second(s)

13-08-2024T15:09:19 - [MESSAGE][PASSED] - Delayed 3 second(s)

13-08-2024T15:09:19 - [TEST_STEP][PASSED] - click(findTestObject("Object Repository/ADDING_A_NEW_EMPLOYEE/Add_employee_save_button")): Object: 'Object Repository/ADDING_A_NEW_EMPLOYEE/Add_employee_save_button' is clicked on

13-08-2024T15:09:19 - [MESSAGE][PASSED] - Object: 'Object Repository/ADDING_A_NEW_EMPLOYEE/Add_employee_save_button' is clicked on

13-08-2024T15:09:19 - [TEST_STEP][PASSED] - delay(2): Delayed 2 second(s)

13-08-2024T15:09:21 - [MESSAGE][PASSED] - Delayed 2 second(s)

13-08-2024T15:09:21 - [MESSAGE][PASSED] - Call Test Case 'Test Cases/ADDING_A_NEW_EMPLOYEE' successfully

13-08-2024T15:09:21 - [TEST_STEP][PASSED] - rowIndex = sheet.getLastRowNum() + 1: null

13-08-2024T15:09:21 - [TEST_STEP][PASSED] - row = sheet.createRow(rowIndex): null

13-08-2024T15:09:21 - [TEST_STEP][PASSED] - createCell(0).setCellValue(First_name): null

13-08-2024T15:09:21 - [TEST_STEP][PASSED] - createCell(1).setCellValue(Middle_name): null

13-08-2024T15:09:21 - [TEST_STEP][PASSED] - createCell(2).setCellValue(Last_name): null

13-08-2024T15:09:21 - [TEST_STEP][PASSED] - createCell(3).setCellValue(User_name): null

13-08-2024T15:09:21 - [TEST_STEP][PASSED] - createCell(4).setCellValue(Password): null

13-08-2024T15:09:21 - [TEST_STEP][PASSED] - createCell(5).setCellValue(employee_id): null

13-08-2024T15:09:21 - [TEST_STEP][PASSED] - callTestCase(findTestCase("ADDING_A_NEW_EMPLOYEE"), [:], STOP_ON_FAILURE): Call Test Case 'Test Cases/ADDING_A_NEW_EMPLOYEE' successfully

13-08-2024T15:09:21 - [TEST_CASE][PASSED] - Test Cases/ADDING_A_NEW_EMPLOYEE: Test Cases/ADDING_A_NEW_EMPLOYEE

13-08-2024T15:09:21 - [TEST_STEP][PASSED] - verifyElementPresent(findTestObject("ADDING_A_NEW_EMPLOYEE/pim_option_from_side_bar"), 10): Object 'Object Repository/ADDING_A_NEW_EMPLOYEE/pim_option_from_side_bar' is present

13-08-2024T15:09:22 - [MESSAGE][PASSED] - Object 'Object Repository/ADDING_A_NEW_EMPLOYEE/pim_option_from_side_bar' is present

13-08-2024T15:09:22 - [TEST_STEP][PASSED] - click(findTestObject("ADDING_A_NEW_EMPLOYEE/pim_option_from_side_bar")): Object: 'Object Repository/ADDING_A_NEW_EMPLOYEE/pim_option_from_side_bar' is clicked on

13-08-2024T15:09:24 - [MESSAGE][PASSED] - Object: 'Object Repository/ADDING_A_NEW_EMPLOYEE/pim_option_from_side_bar' is clicked on

13-08-2024T15:09:24 - [TEST_STEP][PASSED] - waitForElementPresent(findTestObject("ADDING_A_NEW_EMPLOYEE/adding_new_employee_button_in_pim_page"), 10): Object 'Object Repository/ADDING_A_NEW_EMPLOYEE/adding_new_employee_button_in_pim_page' is present

13-08-2024T15:09:24 - [MESSAGE][PASSED] - Object 'Object Repository/ADDING_A_NEW_EMPLOYEE/adding_new_employee_button_in_pim_page' is present

13-08-2024T15:09:24 - [TEST_STEP][PASSED] - click(findTestObject("ADDING_A_NEW_EMPLOYEE/adding_new_employee_button_in_pim_page")): Object: 'Object Repository/ADDING_A_NEW_EMPLOYEE/adding_new_employee_button_in_pim_page' is clicked on

13-08-2024T15:09:26 - [MESSAGE][PASSED] - Object: 'Object Repository/ADDING_A_NEW_EMPLOYEE/adding_new_employee_button_in_pim_page' is clicked on

13-08-2024T15:09:26 - [TEST_STEP][PASSED] - verifyElementPresent(findTestObject("ADDING_A_NEW_EMPLOYEE/create_login_details_checkbox"), 10): Object 'Object Repository/ADDING_A_NEW_EMPLOYEE/create_login_details_checkbox' is present

13-08-2024T15:09:28 - [MESSAGE][PASSED] - Object 'Object Repository/ADDING_A_NEW_EMPLOYEE/create_login_details_checkbox' is present

13-08-2024T15:09:28 - [TEST_STEP][PASSED] - click(findTestObject("ADDING_A_NEW_EMPLOYEE/create_login_details_checkbox")): Object: 'Object Repository/ADDING_A_NEW_EMPLOYEE/create_login_details_checkbox' is clicked on

13-08-2024T15:09:28 - [MESSAGE][PASSED] - Object: 'Object Repository/ADDING_A_NEW_EMPLOYEE/create_login_details_checkbox' is clicked on

13-08-2024T15:09:28 - [TEST_STEP][PASSED] - verifyElementPresent(findTestObject("Object Repository/ADDING_A_NEW_EMPLOYEE/Add_employee_enabled_radio_button"), 10): Object 'Object Repository/ADDING_A_NEW_EMPLOYEE/Add_employee_enabled_radio_button' is present

13-08-2024T15:09:29 - [MESSAGE][PASSED] - Object 'Object Repository/ADDING_A_NEW_EMPLOYEE/Add_employee_enabled_radio_button' is present

13-08-2024T15:09:29 - [TEST_STEP][PASSED] - click(findTestObject("Object Repository/ADDING_A_NEW_EMPLOYEE/Add_employee_enabled_radio_button")): Object: 'Object Repository/ADDING_A_NEW_EMPLOYEE/Add_employee_enabled_radio_button' is clicked on

13-08-2024T15:09:29 - [MESSAGE][PASSED] - Object: 'Object Repository/ADDING_A_NEW_EMPLOYEE/Add_employee_enabled_radio_button' is clicked on

13-08-2024T15:09:29 - [TEST_STEP][PASSED] - verifyElementPresent(findTestObject("Object Repository/ADDING_A_NEW_EMPLOYEE/Add_Employee_first_name"), 10): Object 'Object Repository/ADDING_A_NEW_EMPLOYEE/Add_Employee_first_name' is present

13-08-2024T15:09:29 - [MESSAGE][PASSED] - Object 'Object Repository/ADDING_A_NEW_EMPLOYEE/Add_Employee_first_name' is present

13-08-2024T15:09:29 - [TEST_STEP][PASSED] - click(findTestObject("Object Repository/ADDING_A_NEW_EMPLOYEE/Add_Employee_first_name")): Object: 'Object Repository/ADDING_A_NEW_EMPLOYEE/Add_Employee_first_name' is clicked on

13-08-2024T15:09:30 - [MESSAGE][PASSED] - Object: 'Object Repository/ADDING_A_NEW_EMPLOYEE/Add_Employee_first_name' is clicked on

13-08-2024T15:09:30 - [TEST_STEP][PASSED] - setText(findTestObject("Object Repository/ADDING_A_NEW_EMPLOYEE/Add_Employee_first_name"), "First_name_" + RandomStringUtils.randomAlphabetic(7)): Text 'First_name_eJQEZLH' is set on object 'Object Repository/ADDING_A_NEW_EMPLOYEE/Add_Employee_first_name'

13-08-2024T15:09:30 - [MESSAGE][PASSED] - Text 'First_name_eJQEZLH' is set on object 'Object Repository/ADDING_A_NEW_EMPLOYEE/Add_Employee_first_name'

13-08-2024T15:09:30 - [TEST_STEP][PASSED] - verifyElementPresent(findTestObject("Object Repository/ADDING_A_NEW_EMPLOYEE/Add_employee_middle_name"), 10): Object 'Object Repository/ADDING_A_NEW_EMPLOYEE/Add_employee_middle_name' is present

13-08-2024T15:09:31 - [MESSAGE][PASSED] - Object 'Object Repository/ADDING_A_NEW_EMPLOYEE/Add_employee_middle_name' is present

13-08-2024T15:09:31 - [TEST_STEP][PASSED] - click(findTestObject("Object Repository/ADDING_A_NEW_EMPLOYEE/Add_employee_middle_name")): Object: 'Object Repository/ADDING_A_NEW_EMPLOYEE/Add_employee_middle_name' is clicked on

13-08-2024T15:09:31 - [MESSAGE][PASSED] - Object: 'Object Repository/ADDING_A_NEW_EMPLOYEE/Add_employee_middle_name' is clicked on

13-08-2024T15:09:31 - [TEST_STEP][PASSED] - setText(findTestObject("Object Repository/ADDING_A_NEW_EMPLOYEE/Add_employee_middle_name"), "Middle_name_" + RandomStringUtils.randomAlphabetic(7)): Text 'Middle_name_ZyNglKL' is set on object 'Object Repository/ADDING_A_NEW_EMPLOYEE/Add_employee_middle_name'

13-08-2024T15:09:31 - [MESSAGE][PASSED] - Text 'Middle_name_ZyNglKL' is set on object 'Object Repository/ADDING_A_NEW_EMPLOYEE/Add_employee_middle_name'

13-08-2024T15:09:31 - [TEST_STEP][PASSED] - verifyElementPresent(findTestObject("Object Repository/ADDING_A_NEW_EMPLOYEE/Add_employee_last_name"), 10): Object 'Object Repository/ADDING_A_NEW_EMPLOYEE/Add_employee_last_name' is present

13-08-2024T15:09:32 - [MESSAGE][PASSED] - Object 'Object Repository/ADDING_A_NEW_EMPLOYEE/Add_employee_last_name' is present

13-08-2024T15:09:32 - [TEST_STEP][PASSED] - click(findTestObject("Object Repository/ADDING_A_NEW_EMPLOYEE/Add_employee_last_name")): Object: 'Object Repository/ADDING_A_NEW_EMPLOYEE/Add_employee_last_name' is clicked on

13-08-2024T15:09:32 - [MESSAGE][PASSED] - Object: 'Object Repository/ADDING_A_NEW_EMPLOYEE/Add_employee_last_name' is clicked on

13-08-2024T15:09:32 - [TEST_STEP][PASSED] - setText(findTestObject("Object Repository/ADDING_A_NEW_EMPLOYEE/Add_employee_last_name"), "Last_name_" + RandomStringUtils.randomAlphabetic(7)): Text 'Last_name_IkVbPIP' is set on object 'Object Repository/ADDING_A_NEW_EMPLOYEE/Add_employee_last_name'

13-08-2024T15:09:33 - [MESSAGE][PASSED] - Text 'Last_name_IkVbPIP' is set on object 'Object Repository/ADDING_A_NEW_EMPLOYEE/Add_employee_last_name'

13-08-2024T15:09:33 - [TEST_STEP][PASSED] - randomString_001 = RandomStringUtils.randomNumeric(6): null

13-08-2024T15:09:33 - [TEST_STEP][PASSED] - newValue_001 = "333" + randomString_001: null

13-08-2024T15:09:33 - [TEST_STEP][PASSED] - xpath_for_employee_id = "//label[text()='Employee Id']/ancestor::div[@class='oxd-input-group__label-wrapper']/following-sibling::div//input[@class='oxd-input oxd-input--active']": null

13-08-2024T15:09:33 - [TEST_STEP][PASSED] - inputField_001 = TestObject().addProperty("xpath", EQUALS, xpath_for_employee_id): null

13-08-2024T15:09:33 - [TEST_STEP][PASSED] - executeJavaScript(
    var element = document.evaluate("$xpath_for_employee_id", document, null, XPathResult.FIRST_ORDERED_NODE_TYPE, null).singleNodeValue;
    if (element) {
        element.value = '$newValue_001';
        var event = new Event('input', { bubbles: true });
        element.dispatchEvent(event);
    }
    , null): Execute JavaScript '
    var element = document.evaluate("//label[text()='Employee Id']/ancestor::div[@class='oxd-input-group__label-wrapper']/following-sibling::div//input[@class='oxd-input oxd-input--active']", document, null, XPathResult.FIRST_ORDERED_NODE_TYPE, null).singleNodeValue;
    if (element) {
        element.value = '333945698';
        var event = new Event('input', { bubbles: true });
        element.dispatchEvent(event);
    }
    ' successfully

13-08-2024T15:09:33 - [MESSAGE][PASSED] - Execute JavaScript '
    var element = document.evaluate("//label[text()='Employee Id']/ancestor::div[@class='oxd-input-group__label-wrapper']/following-sibling::div//input[@class='oxd-input oxd-input--active']", document, null, XPathResult.FIRST_ORDERED_NODE_TYPE, null).singleNodeValue;
    if (element) {
        element.value = '333945698';
        var event = new Event('input', { bubbles: true });
        element.dispatchEvent(event);
    }
    ' successfully

13-08-2024T15:09:33 - [TEST_STEP][PASSED] - delay(3): Delayed 3 second(s)

13-08-2024T15:09:36 - [MESSAGE][PASSED] - Delayed 3 second(s)

13-08-2024T15:09:36 - [TEST_STEP][PASSED] - randomString_for_password = RandomStringUtils.randomNumeric(6): null

13-08-2024T15:09:36 - [TEST_STEP][PASSED] - new_Value_for_password = "Fiboo" + randomString_for_password + "@@": null

13-08-2024T15:09:36 - [TEST_STEP][PASSED] - xpath_for_password = "//label[text()='Username']/ancestor::div[@class='oxd-input-group__label-wrapper']/following-sibling::div//input[@class='oxd-input oxd-input--active']": null

13-08-2024T15:09:36 - [TEST_STEP][PASSED] - inputField_for_password = TestObject().addProperty("xpath", EQUALS, xpath_for_password): null

13-08-2024T15:09:36 - [TEST_STEP][PASSED] - executeJavaScript(
    var element = document.evaluate("$xpath_for_password", document, null, XPathResult.FIRST_ORDERED_NODE_TYPE, null).singleNodeValue;
    if (element) {
        element.value = '$new_Value_for_password';
        var event = new Event('input', { bubbles: true });
        element.dispatchEvent(event);
    }
    , null): Execute JavaScript '
    var element = document.evaluate("//label[text()='Username']/ancestor::div[@class='oxd-input-group__label-wrapper']/following-sibling::div//input[@class='oxd-input oxd-input--active']", document, null, XPathResult.FIRST_ORDERED_NODE_TYPE, null).singleNodeValue;
    if (element) {
        element.value = 'Fiboo051711@@';
        var event = new Event('input', { bubbles: true });
        element.dispatchEvent(event);
    }
    ' successfully

13-08-2024T15:09:36 - [MESSAGE][PASSED] - Execute JavaScript '
    var element = document.evaluate("//label[text()='Username']/ancestor::div[@class='oxd-input-group__label-wrapper']/following-sibling::div//input[@class='oxd-input oxd-input--active']", document, null, XPathResult.FIRST_ORDERED_NODE_TYPE, null).singleNodeValue;
    if (element) {
        element.value = 'Fiboo051711@@';
        var event = new Event('input', { bubbles: true });
        element.dispatchEvent(event);
    }
    ' successfully

13-08-2024T15:09:36 - [TEST_STEP][PASSED] - delay(1): Delayed 1 second(s)

13-08-2024T15:09:37 - [MESSAGE][PASSED] - Delayed 1 second(s)

13-08-2024T15:09:37 - [TEST_STEP][PASSED] - Password = getAttribute(findTestObject("Object Repository/ADDING_A_NEW_EMPLOYEE/Add_employee_username"), "value"): Attribute 'value' of object 'Object Repository/ADDING_A_NEW_EMPLOYEE/Add_employee_username' is: 'Fiboo051711@@'

13-08-2024T15:09:37 - [MESSAGE][PASSED] - Attribute 'value' of object 'Object Repository/ADDING_A_NEW_EMPLOYEE/Add_employee_username' is: 'Fiboo051711@@'

13-08-2024T15:09:37 - [TEST_STEP][PASSED] - out.println(Password): null

13-08-2024T15:09:37 - [TEST_STEP][PASSED] - new_Value_for_password_001 = Password: null

13-08-2024T15:09:37 - [TEST_STEP][PASSED] - xpath_for_password_001 = "//label[text()='Password']/ancestor::div[@class='oxd-input-group__label-wrapper']/following-sibling::div//input[@class='oxd-input oxd-input--active']": null

13-08-2024T15:09:37 - [TEST_STEP][PASSED] - inputField_for_password_001 = TestObject().addProperty("xpath", EQUALS, xpath_for_password_001): null

13-08-2024T15:09:37 - [TEST_STEP][PASSED] - executeJavaScript(
    var element = document.evaluate("$xpath_for_password_001", document, null, XPathResult.FIRST_ORDERED_NODE_TYPE, null).singleNodeValue;
    if (element) {
        element.value = '$new_Value_for_password_001';
        var event = new Event('input', { bubbles: true });
        element.dispatchEvent(event);
    }
    , null): Execute JavaScript '
    var element = document.evaluate("//label[text()='Password']/ancestor::div[@class='oxd-input-group__label-wrapper']/following-sibling::div//input[@class='oxd-input oxd-input--active']", document, null, XPathResult.FIRST_ORDERED_NODE_TYPE, null).singleNodeValue;
    if (element) {
        element.value = 'Fiboo051711@@';
        var event = new Event('input', { bubbles: true });
        element.dispatchEvent(event);
    }
    ' successfully

13-08-2024T15:09:37 - [MESSAGE][PASSED] - Execute JavaScript '
    var element = document.evaluate("//label[text()='Password']/ancestor::div[@class='oxd-input-group__label-wrapper']/following-sibling::div//input[@class='oxd-input oxd-input--active']", document, null, XPathResult.FIRST_ORDERED_NODE_TYPE, null).singleNodeValue;
    if (element) {
        element.value = 'Fiboo051711@@';
        var event = new Event('input', { bubbles: true });
        element.dispatchEvent(event);
    }
    ' successfully

13-08-2024T15:09:37 - [TEST_STEP][PASSED] - delay(1): Delayed 1 second(s)

13-08-2024T15:09:38 - [MESSAGE][PASSED] - Delayed 1 second(s)

13-08-2024T15:09:38 - [TEST_STEP][PASSED] - new_Value_for_password_002 = Password: null

13-08-2024T15:09:38 - [TEST_STEP][PASSED] - xpath_for_password_002 = "//label[text()='Confirm Password']/ancestor::div[@class='oxd-input-group__label-wrapper']/following-sibling::div//input[@class='oxd-input oxd-input--active']": null

13-08-2024T15:09:38 - [TEST_STEP][PASSED] - inputField_for_password_002 = TestObject().addProperty("xpath", EQUALS, xpath_for_password_002): null

13-08-2024T15:09:38 - [TEST_STEP][PASSED] - executeJavaScript(
    var element = document.evaluate("$xpath_for_password_002", document, null, XPathResult.FIRST_ORDERED_NODE_TYPE, null).singleNodeValue;
    if (element) {
        element.value = '$new_Value_for_password_002';
        var event = new Event('input', { bubbles: true });
        element.dispatchEvent(event);
    }
    , null): Execute JavaScript '
    var element = document.evaluate("//label[text()='Confirm Password']/ancestor::div[@class='oxd-input-group__label-wrapper']/following-sibling::div//input[@class='oxd-input oxd-input--active']", document, null, XPathResult.FIRST_ORDERED_NODE_TYPE, null).singleNodeValue;
    if (element) {
        element.value = 'Fiboo051711@@';
        var event = new Event('input', { bubbles: true });
        element.dispatchEvent(event);
    }
    ' successfully

13-08-2024T15:09:38 - [MESSAGE][PASSED] - Execute JavaScript '
    var element = document.evaluate("//label[text()='Confirm Password']/ancestor::div[@class='oxd-input-group__label-wrapper']/following-sibling::div//input[@class='oxd-input oxd-input--active']", document, null, XPathResult.FIRST_ORDERED_NODE_TYPE, null).singleNodeValue;
    if (element) {
        element.value = 'Fiboo051711@@';
        var event = new Event('input', { bubbles: true });
        element.dispatchEvent(event);
    }
    ' successfully

13-08-2024T15:09:38 - [TEST_STEP][PASSED] - delay(1): Delayed 1 second(s)

13-08-2024T15:09:39 - [MESSAGE][PASSED] - Delayed 1 second(s)

13-08-2024T15:09:39 - [TEST_STEP][PASSED] - randomString = RandomStringUtils.randomAlphabetic(7): null

13-08-2024T15:09:39 - [TEST_STEP][PASSED] - newValue = "User_name_" + randomString: null

13-08-2024T15:09:39 - [TEST_STEP][PASSED] - xpath_for_user_name = "//label[text()='Username']/ancestor::div[@class='oxd-input-group__label-wrapper']/following-sibling::div//input[@class='oxd-input oxd-input--active']": null

13-08-2024T15:09:39 - [TEST_STEP][PASSED] - inputField = TestObject().addProperty("xpath", EQUALS, xpath_for_user_name): null

13-08-2024T15:09:39 - [TEST_STEP][PASSED] - executeJavaScript(
    var element = document.evaluate("$xpath_for_user_name", document, null, XPathResult.FIRST_ORDERED_NODE_TYPE, null).singleNodeValue;
    if (element) {
        element.value = '$newValue';
        var event = new Event('input', { bubbles: true });
        element.dispatchEvent(event);
    }
    , null): Execute JavaScript '
    var element = document.evaluate("//label[text()='Username']/ancestor::div[@class='oxd-input-group__label-wrapper']/following-sibling::div//input[@class='oxd-input oxd-input--active']", document, null, XPathResult.FIRST_ORDERED_NODE_TYPE, null).singleNodeValue;
    if (element) {
        element.value = 'User_name_dzFAoGn';
        var event = new Event('input', { bubbles: true });
        element.dispatchEvent(event);
    }
    ' successfully

13-08-2024T15:09:39 - [MESSAGE][PASSED] - Execute JavaScript '
    var element = document.evaluate("//label[text()='Username']/ancestor::div[@class='oxd-input-group__label-wrapper']/following-sibling::div//input[@class='oxd-input oxd-input--active']", document, null, XPathResult.FIRST_ORDERED_NODE_TYPE, null).singleNodeValue;
    if (element) {
        element.value = 'User_name_dzFAoGn';
        var event = new Event('input', { bubbles: true });
        element.dispatchEvent(event);
    }
    ' successfully

13-08-2024T15:09:39 - [TEST_STEP][PASSED] - delay(1): Delayed 1 second(s)

13-08-2024T15:09:40 - [MESSAGE][PASSED] - Delayed 1 second(s)

13-08-2024T15:09:40 - [TEST_STEP][PASSED] - User_name = getAttribute(findTestObject("Object Repository/ADDING_A_NEW_EMPLOYEE/Add_employee_username"), "value"): Attribute 'value' of object 'Object Repository/ADDING_A_NEW_EMPLOYEE/Add_employee_username' is: 'User_name_dzFAoGn'

13-08-2024T15:09:41 - [MESSAGE][PASSED] - Attribute 'value' of object 'Object Repository/ADDING_A_NEW_EMPLOYEE/Add_employee_username' is: 'User_name_dzFAoGn'

13-08-2024T15:09:41 - [TEST_STEP][PASSED] - out.println(User_name): null

13-08-2024T15:09:41 - [TEST_STEP][PASSED] - out.println(Password): null

13-08-2024T15:09:41 - [TEST_STEP][PASSED] - First_name = getAttribute(findTestObject("Object Repository/ADDING_A_NEW_EMPLOYEE/Add_Employee_first_name"), "value"): Attribute 'value' of object 'Object Repository/ADDING_A_NEW_EMPLOYEE/Add_Employee_first_name' is: 'First_name_eJQEZLH'

13-08-2024T15:09:41 - [MESSAGE][PASSED] - Attribute 'value' of object 'Object Repository/ADDING_A_NEW_EMPLOYEE/Add_Employee_first_name' is: 'First_name_eJQEZLH'

13-08-2024T15:09:41 - [TEST_STEP][PASSED] - out.println(First_name): null

13-08-2024T15:09:41 - [TEST_STEP][PASSED] - Middle_name = getAttribute(findTestObject("Object Repository/ADDING_A_NEW_EMPLOYEE/Add_employee_middle_name"), "value"): Attribute 'value' of object 'Object Repository/ADDING_A_NEW_EMPLOYEE/Add_employee_middle_name' is: 'Middle_name_ZyNglKL'

13-08-2024T15:09:41 - [MESSAGE][PASSED] - Attribute 'value' of object 'Object Repository/ADDING_A_NEW_EMPLOYEE/Add_employee_middle_name' is: 'Middle_name_ZyNglKL'

13-08-2024T15:09:41 - [TEST_STEP][PASSED] - out.println(Middle_name): null

13-08-2024T15:09:41 - [TEST_STEP][PASSED] - Last_name = getAttribute(findTestObject("Object Repository/ADDING_A_NEW_EMPLOYEE/Add_employee_last_name"), "value"): Attribute 'value' of object 'Object Repository/ADDING_A_NEW_EMPLOYEE/Add_employee_last_name' is: 'Last_name_IkVbPIP'

13-08-2024T15:09:42 - [MESSAGE][PASSED] - Attribute 'value' of object 'Object Repository/ADDING_A_NEW_EMPLOYEE/Add_employee_last_name' is: 'Last_name_IkVbPIP'

13-08-2024T15:09:42 - [TEST_STEP][PASSED] - out.println(Last_name): null

13-08-2024T15:09:42 - [TEST_STEP][PASSED] - employee_id = getAttribute(findTestObject("Object Repository/ADDING_A_NEW_EMPLOYEE/Add_employee_id"), "value"): Attribute 'value' of object 'Object Repository/ADDING_A_NEW_EMPLOYEE/Add_employee_id' is: '333945698'

13-08-2024T15:09:42 - [MESSAGE][PASSED] - Attribute 'value' of object 'Object Repository/ADDING_A_NEW_EMPLOYEE/Add_employee_id' is: '333945698'

13-08-2024T15:09:42 - [TEST_STEP][PASSED] - out.println(employee_id): null

13-08-2024T15:09:42 - [TEST_STEP][PASSED] - delay(3): Delayed 3 second(s)

13-08-2024T15:09:45 - [MESSAGE][PASSED] - Delayed 3 second(s)

13-08-2024T15:09:45 - [TEST_STEP][PASSED] - click(findTestObject("Object Repository/ADDING_A_NEW_EMPLOYEE/Add_employee_save_button")): Object: 'Object Repository/ADDING_A_NEW_EMPLOYEE/Add_employee_save_button' is clicked on

13-08-2024T15:09:45 - [MESSAGE][PASSED] - Object: 'Object Repository/ADDING_A_NEW_EMPLOYEE/Add_employee_save_button' is clicked on

13-08-2024T15:09:45 - [TEST_STEP][PASSED] - delay(2): Delayed 2 second(s)

13-08-2024T15:09:47 - [MESSAGE][PASSED] - Delayed 2 second(s)

13-08-2024T15:09:47 - [MESSAGE][PASSED] - Call Test Case 'Test Cases/ADDING_A_NEW_EMPLOYEE' successfully

13-08-2024T15:09:47 - [TEST_STEP][PASSED] - rowIndex = sheet.getLastRowNum() + 1: null

13-08-2024T15:09:47 - [TEST_STEP][PASSED] - row = sheet.createRow(rowIndex): null

13-08-2024T15:09:47 - [TEST_STEP][PASSED] - createCell(0).setCellValue(First_name): null

13-08-2024T15:09:47 - [TEST_STEP][PASSED] - createCell(1).setCellValue(Middle_name): null

13-08-2024T15:09:47 - [TEST_STEP][PASSED] - createCell(2).setCellValue(Last_name): null

13-08-2024T15:09:47 - [TEST_STEP][PASSED] - createCell(3).setCellValue(User_name): null

13-08-2024T15:09:47 - [TEST_STEP][PASSED] - createCell(4).setCellValue(Password): null

13-08-2024T15:09:47 - [TEST_STEP][PASSED] - createCell(5).setCellValue(employee_id): null

13-08-2024T15:09:47 - [TEST_STEP][PASSED] - callTestCase(findTestCase("ADDING_A_NEW_EMPLOYEE"), [:], STOP_ON_FAILURE): Call Test Case 'Test Cases/ADDING_A_NEW_EMPLOYEE' successfully

13-08-2024T15:09:47 - [TEST_CASE][PASSED] - Test Cases/ADDING_A_NEW_EMPLOYEE: Test Cases/ADDING_A_NEW_EMPLOYEE

13-08-2024T15:09:47 - [TEST_STEP][PASSED] - verifyElementPresent(findTestObject("ADDING_A_NEW_EMPLOYEE/pim_option_from_side_bar"), 10): Object 'Object Repository/ADDING_A_NEW_EMPLOYEE/pim_option_from_side_bar' is present

13-08-2024T15:09:49 - [MESSAGE][PASSED] - Object 'Object Repository/ADDING_A_NEW_EMPLOYEE/pim_option_from_side_bar' is present

13-08-2024T15:09:49 - [TEST_STEP][PASSED] - click(findTestObject("ADDING_A_NEW_EMPLOYEE/pim_option_from_side_bar")): Object: 'Object Repository/ADDING_A_NEW_EMPLOYEE/pim_option_from_side_bar' is clicked on

13-08-2024T15:09:50 - [MESSAGE][PASSED] - Object: 'Object Repository/ADDING_A_NEW_EMPLOYEE/pim_option_from_side_bar' is clicked on

13-08-2024T15:09:50 - [TEST_STEP][PASSED] - waitForElementPresent(findTestObject("ADDING_A_NEW_EMPLOYEE/adding_new_employee_button_in_pim_page"), 10): Object 'Object Repository/ADDING_A_NEW_EMPLOYEE/adding_new_employee_button_in_pim_page' is present

13-08-2024T15:09:52 - [MESSAGE][PASSED] - Object 'Object Repository/ADDING_A_NEW_EMPLOYEE/adding_new_employee_button_in_pim_page' is present

13-08-2024T15:09:52 - [TEST_STEP][PASSED] - click(findTestObject("ADDING_A_NEW_EMPLOYEE/adding_new_employee_button_in_pim_page")): Object: 'Object Repository/ADDING_A_NEW_EMPLOYEE/adding_new_employee_button_in_pim_page' is clicked on

13-08-2024T15:09:53 - [MESSAGE][PASSED] - Object: 'Object Repository/ADDING_A_NEW_EMPLOYEE/adding_new_employee_button_in_pim_page' is clicked on

13-08-2024T15:09:53 - [TEST_STEP][PASSED] - verifyElementPresent(findTestObject("ADDING_A_NEW_EMPLOYEE/create_login_details_checkbox"), 10): Object 'Object Repository/ADDING_A_NEW_EMPLOYEE/create_login_details_checkbox' is present

13-08-2024T15:09:55 - [MESSAGE][PASSED] - Object 'Object Repository/ADDING_A_NEW_EMPLOYEE/create_login_details_checkbox' is present

13-08-2024T15:09:55 - [TEST_STEP][PASSED] - click(findTestObject("ADDING_A_NEW_EMPLOYEE/create_login_details_checkbox")): Object: 'Object Repository/ADDING_A_NEW_EMPLOYEE/create_login_details_checkbox' is clicked on

13-08-2024T15:09:55 - [MESSAGE][PASSED] - Object: 'Object Repository/ADDING_A_NEW_EMPLOYEE/create_login_details_checkbox' is clicked on

13-08-2024T15:09:55 - [TEST_STEP][PASSED] - verifyElementPresent(findTestObject("Object Repository/ADDING_A_NEW_EMPLOYEE/Add_employee_enabled_radio_button"), 10): Object 'Object Repository/ADDING_A_NEW_EMPLOYEE/Add_employee_enabled_radio_button' is present

13-08-2024T15:09:55 - [MESSAGE][PASSED] - Object 'Object Repository/ADDING_A_NEW_EMPLOYEE/Add_employee_enabled_radio_button' is present

13-08-2024T15:09:55 - [TEST_STEP][PASSED] - click(findTestObject("Object Repository/ADDING_A_NEW_EMPLOYEE/Add_employee_enabled_radio_button")): Object: 'Object Repository/ADDING_A_NEW_EMPLOYEE/Add_employee_enabled_radio_button' is clicked on

13-08-2024T15:09:56 - [MESSAGE][PASSED] - Object: 'Object Repository/ADDING_A_NEW_EMPLOYEE/Add_employee_enabled_radio_button' is clicked on

13-08-2024T15:09:56 - [TEST_STEP][PASSED] - verifyElementPresent(findTestObject("Object Repository/ADDING_A_NEW_EMPLOYEE/Add_Employee_first_name"), 10): Object 'Object Repository/ADDING_A_NEW_EMPLOYEE/Add_Employee_first_name' is present

13-08-2024T15:09:56 - [MESSAGE][PASSED] - Object 'Object Repository/ADDING_A_NEW_EMPLOYEE/Add_Employee_first_name' is present

13-08-2024T15:09:56 - [TEST_STEP][PASSED] - click(findTestObject("Object Repository/ADDING_A_NEW_EMPLOYEE/Add_Employee_first_name")): Object: 'Object Repository/ADDING_A_NEW_EMPLOYEE/Add_Employee_first_name' is clicked on

13-08-2024T15:09:56 - [MESSAGE][PASSED] - Object: 'Object Repository/ADDING_A_NEW_EMPLOYEE/Add_Employee_first_name' is clicked on

13-08-2024T15:09:56 - [TEST_STEP][PASSED] - setText(findTestObject("Object Repository/ADDING_A_NEW_EMPLOYEE/Add_Employee_first_name"), "First_name_" + RandomStringUtils.randomAlphabetic(7)): Text 'First_name_YbuBmzi' is set on object 'Object Repository/ADDING_A_NEW_EMPLOYEE/Add_Employee_first_name'

13-08-2024T15:09:57 - [MESSAGE][PASSED] - Text 'First_name_YbuBmzi' is set on object 'Object Repository/ADDING_A_NEW_EMPLOYEE/Add_Employee_first_name'

13-08-2024T15:09:57 - [TEST_STEP][PASSED] - verifyElementPresent(findTestObject("Object Repository/ADDING_A_NEW_EMPLOYEE/Add_employee_middle_name"), 10): Object 'Object Repository/ADDING_A_NEW_EMPLOYEE/Add_employee_middle_name' is present

13-08-2024T15:09:57 - [MESSAGE][PASSED] - Object 'Object Repository/ADDING_A_NEW_EMPLOYEE/Add_employee_middle_name' is present

13-08-2024T15:09:57 - [TEST_STEP][PASSED] - click(findTestObject("Object Repository/ADDING_A_NEW_EMPLOYEE/Add_employee_middle_name")): Object: 'Object Repository/ADDING_A_NEW_EMPLOYEE/Add_employee_middle_name' is clicked on

13-08-2024T15:09:57 - [MESSAGE][PASSED] - Object: 'Object Repository/ADDING_A_NEW_EMPLOYEE/Add_employee_middle_name' is clicked on

13-08-2024T15:09:57 - [TEST_STEP][PASSED] - setText(findTestObject("Object Repository/ADDING_A_NEW_EMPLOYEE/Add_employee_middle_name"), "Middle_name_" + RandomStringUtils.randomAlphabetic(7)): Text 'Middle_name_suntUXQ' is set on object 'Object Repository/ADDING_A_NEW_EMPLOYEE/Add_employee_middle_name'

13-08-2024T15:09:58 - [MESSAGE][PASSED] - Text 'Middle_name_suntUXQ' is set on object 'Object Repository/ADDING_A_NEW_EMPLOYEE/Add_employee_middle_name'

13-08-2024T15:09:58 - [TEST_STEP][PASSED] - verifyElementPresent(findTestObject("Object Repository/ADDING_A_NEW_EMPLOYEE/Add_employee_last_name"), 10): Object 'Object Repository/ADDING_A_NEW_EMPLOYEE/Add_employee_last_name' is present

13-08-2024T15:09:58 - [MESSAGE][PASSED] - Object 'Object Repository/ADDING_A_NEW_EMPLOYEE/Add_employee_last_name' is present

13-08-2024T15:09:58 - [TEST_STEP][PASSED] - click(findTestObject("Object Repository/ADDING_A_NEW_EMPLOYEE/Add_employee_last_name")): Object: 'Object Repository/ADDING_A_NEW_EMPLOYEE/Add_employee_last_name' is clicked on

13-08-2024T15:09:59 - [MESSAGE][PASSED] - Object: 'Object Repository/ADDING_A_NEW_EMPLOYEE/Add_employee_last_name' is clicked on

13-08-2024T15:09:59 - [TEST_STEP][PASSED] - setText(findTestObject("Object Repository/ADDING_A_NEW_EMPLOYEE/Add_employee_last_name"), "Last_name_" + RandomStringUtils.randomAlphabetic(7)): Text 'Last_name_llZowhl' is set on object 'Object Repository/ADDING_A_NEW_EMPLOYEE/Add_employee_last_name'

13-08-2024T15:09:59 - [MESSAGE][PASSED] - Text 'Last_name_llZowhl' is set on object 'Object Repository/ADDING_A_NEW_EMPLOYEE/Add_employee_last_name'

13-08-2024T15:09:59 - [TEST_STEP][PASSED] - randomString_001 = RandomStringUtils.randomNumeric(6): null

13-08-2024T15:09:59 - [TEST_STEP][PASSED] - newValue_001 = "333" + randomString_001: null

13-08-2024T15:09:59 - [TEST_STEP][PASSED] - xpath_for_employee_id = "//label[text()='Employee Id']/ancestor::div[@class='oxd-input-group__label-wrapper']/following-sibling::div//input[@class='oxd-input oxd-input--active']": null

13-08-2024T15:09:59 - [TEST_STEP][PASSED] - inputField_001 = TestObject().addProperty("xpath", EQUALS, xpath_for_employee_id): null

13-08-2024T15:09:59 - [TEST_STEP][PASSED] - executeJavaScript(
    var element = document.evaluate("$xpath_for_employee_id", document, null, XPathResult.FIRST_ORDERED_NODE_TYPE, null).singleNodeValue;
    if (element) {
        element.value = '$newValue_001';
        var event = new Event('input', { bubbles: true });
        element.dispatchEvent(event);
    }
    , null): Execute JavaScript '
    var element = document.evaluate("//label[text()='Employee Id']/ancestor::div[@class='oxd-input-group__label-wrapper']/following-sibling::div//input[@class='oxd-input oxd-input--active']", document, null, XPathResult.FIRST_ORDERED_NODE_TYPE, null).singleNodeValue;
    if (element) {
        element.value = '333688035';
        var event = new Event('input', { bubbles: true });
        element.dispatchEvent(event);
    }
    ' successfully

13-08-2024T15:09:59 - [MESSAGE][PASSED] - Execute JavaScript '
    var element = document.evaluate("//label[text()='Employee Id']/ancestor::div[@class='oxd-input-group__label-wrapper']/following-sibling::div//input[@class='oxd-input oxd-input--active']", document, null, XPathResult.FIRST_ORDERED_NODE_TYPE, null).singleNodeValue;
    if (element) {
        element.value = '333688035';
        var event = new Event('input', { bubbles: true });
        element.dispatchEvent(event);
    }
    ' successfully

13-08-2024T15:09:59 - [TEST_STEP][PASSED] - delay(3): Delayed 3 second(s)

13-08-2024T15:10:02 - [MESSAGE][PASSED] - Delayed 3 second(s)

13-08-2024T15:10:02 - [TEST_STEP][PASSED] - randomString_for_password = RandomStringUtils.randomNumeric(6): null

13-08-2024T15:10:02 - [TEST_STEP][PASSED] - new_Value_for_password = "Fiboo" + randomString_for_password + "@@": null

13-08-2024T15:10:02 - [TEST_STEP][PASSED] - xpath_for_password = "//label[text()='Username']/ancestor::div[@class='oxd-input-group__label-wrapper']/following-sibling::div//input[@class='oxd-input oxd-input--active']": null

13-08-2024T15:10:02 - [TEST_STEP][PASSED] - inputField_for_password = TestObject().addProperty("xpath", EQUALS, xpath_for_password): null

13-08-2024T15:10:02 - [TEST_STEP][PASSED] - executeJavaScript(
    var element = document.evaluate("$xpath_for_password", document, null, XPathResult.FIRST_ORDERED_NODE_TYPE, null).singleNodeValue;
    if (element) {
        element.value = '$new_Value_for_password';
        var event = new Event('input', { bubbles: true });
        element.dispatchEvent(event);
    }
    , null): Execute JavaScript '
    var element = document.evaluate("//label[text()='Username']/ancestor::div[@class='oxd-input-group__label-wrapper']/following-sibling::div//input[@class='oxd-input oxd-input--active']", document, null, XPathResult.FIRST_ORDERED_NODE_TYPE, null).singleNodeValue;
    if (element) {
        element.value = 'Fiboo462319@@';
        var event = new Event('input', { bubbles: true });
        element.dispatchEvent(event);
    }
    ' successfully

13-08-2024T15:10:02 - [MESSAGE][PASSED] - Execute JavaScript '
    var element = document.evaluate("//label[text()='Username']/ancestor::div[@class='oxd-input-group__label-wrapper']/following-sibling::div//input[@class='oxd-input oxd-input--active']", document, null, XPathResult.FIRST_ORDERED_NODE_TYPE, null).singleNodeValue;
    if (element) {
        element.value = 'Fiboo462319@@';
        var event = new Event('input', { bubbles: true });
        element.dispatchEvent(event);
    }
    ' successfully

13-08-2024T15:10:02 - [TEST_STEP][PASSED] - delay(1): Delayed 1 second(s)

13-08-2024T15:10:03 - [MESSAGE][PASSED] - Delayed 1 second(s)

13-08-2024T15:10:03 - [TEST_STEP][PASSED] - Password = getAttribute(findTestObject("Object Repository/ADDING_A_NEW_EMPLOYEE/Add_employee_username"), "value"): Attribute 'value' of object 'Object Repository/ADDING_A_NEW_EMPLOYEE/Add_employee_username' is: 'Fiboo462319@@'

13-08-2024T15:10:04 - [MESSAGE][PASSED] - Attribute 'value' of object 'Object Repository/ADDING_A_NEW_EMPLOYEE/Add_employee_username' is: 'Fiboo462319@@'

13-08-2024T15:10:04 - [TEST_STEP][PASSED] - out.println(Password): null

13-08-2024T15:10:04 - [TEST_STEP][PASSED] - new_Value_for_password_001 = Password: null

13-08-2024T15:10:04 - [TEST_STEP][PASSED] - xpath_for_password_001 = "//label[text()='Password']/ancestor::div[@class='oxd-input-group__label-wrapper']/following-sibling::div//input[@class='oxd-input oxd-input--active']": null

13-08-2024T15:10:04 - [TEST_STEP][PASSED] - inputField_for_password_001 = TestObject().addProperty("xpath", EQUALS, xpath_for_password_001): null

13-08-2024T15:10:04 - [TEST_STEP][PASSED] - executeJavaScript(
    var element = document.evaluate("$xpath_for_password_001", document, null, XPathResult.FIRST_ORDERED_NODE_TYPE, null).singleNodeValue;
    if (element) {
        element.value = '$new_Value_for_password_001';
        var event = new Event('input', { bubbles: true });
        element.dispatchEvent(event);
    }
    , null): Execute JavaScript '
    var element = document.evaluate("//label[text()='Password']/ancestor::div[@class='oxd-input-group__label-wrapper']/following-sibling::div//input[@class='oxd-input oxd-input--active']", document, null, XPathResult.FIRST_ORDERED_NODE_TYPE, null).singleNodeValue;
    if (element) {
        element.value = 'Fiboo462319@@';
        var event = new Event('input', { bubbles: true });
        element.dispatchEvent(event);
    }
    ' successfully

13-08-2024T15:10:04 - [MESSAGE][PASSED] - Execute JavaScript '
    var element = document.evaluate("//label[text()='Password']/ancestor::div[@class='oxd-input-group__label-wrapper']/following-sibling::div//input[@class='oxd-input oxd-input--active']", document, null, XPathResult.FIRST_ORDERED_NODE_TYPE, null).singleNodeValue;
    if (element) {
        element.value = 'Fiboo462319@@';
        var event = new Event('input', { bubbles: true });
        element.dispatchEvent(event);
    }
    ' successfully

13-08-2024T15:10:04 - [TEST_STEP][PASSED] - delay(1): Delayed 1 second(s)

13-08-2024T15:10:05 - [MESSAGE][PASSED] - Delayed 1 second(s)

13-08-2024T15:10:05 - [TEST_STEP][PASSED] - new_Value_for_password_002 = Password: null

13-08-2024T15:10:05 - [TEST_STEP][PASSED] - xpath_for_password_002 = "//label[text()='Confirm Password']/ancestor::div[@class='oxd-input-group__label-wrapper']/following-sibling::div//input[@class='oxd-input oxd-input--active']": null

13-08-2024T15:10:05 - [TEST_STEP][PASSED] - inputField_for_password_002 = TestObject().addProperty("xpath", EQUALS, xpath_for_password_002): null

13-08-2024T15:10:05 - [TEST_STEP][PASSED] - executeJavaScript(
    var element = document.evaluate("$xpath_for_password_002", document, null, XPathResult.FIRST_ORDERED_NODE_TYPE, null).singleNodeValue;
    if (element) {
        element.value = '$new_Value_for_password_002';
        var event = new Event('input', { bubbles: true });
        element.dispatchEvent(event);
    }
    , null): Execute JavaScript '
    var element = document.evaluate("//label[text()='Confirm Password']/ancestor::div[@class='oxd-input-group__label-wrapper']/following-sibling::div//input[@class='oxd-input oxd-input--active']", document, null, XPathResult.FIRST_ORDERED_NODE_TYPE, null).singleNodeValue;
    if (element) {
        element.value = 'Fiboo462319@@';
        var event = new Event('input', { bubbles: true });
        element.dispatchEvent(event);
    }
    ' successfully

13-08-2024T15:10:05 - [MESSAGE][PASSED] - Execute JavaScript '
    var element = document.evaluate("//label[text()='Confirm Password']/ancestor::div[@class='oxd-input-group__label-wrapper']/following-sibling::div//input[@class='oxd-input oxd-input--active']", document, null, XPathResult.FIRST_ORDERED_NODE_TYPE, null).singleNodeValue;
    if (element) {
        element.value = 'Fiboo462319@@';
        var event = new Event('input', { bubbles: true });
        element.dispatchEvent(event);
    }
    ' successfully

13-08-2024T15:10:05 - [TEST_STEP][PASSED] - delay(1): Delayed 1 second(s)

13-08-2024T15:10:06 - [MESSAGE][PASSED] - Delayed 1 second(s)

13-08-2024T15:10:06 - [TEST_STEP][PASSED] - randomString = RandomStringUtils.randomAlphabetic(7): null

13-08-2024T15:10:06 - [TEST_STEP][PASSED] - newValue = "User_name_" + randomString: null

13-08-2024T15:10:06 - [TEST_STEP][PASSED] - xpath_for_user_name = "//label[text()='Username']/ancestor::div[@class='oxd-input-group__label-wrapper']/following-sibling::div//input[@class='oxd-input oxd-input--active']": null

13-08-2024T15:10:06 - [TEST_STEP][PASSED] - inputField = TestObject().addProperty("xpath", EQUALS, xpath_for_user_name): null

13-08-2024T15:10:06 - [TEST_STEP][PASSED] - executeJavaScript(
    var element = document.evaluate("$xpath_for_user_name", document, null, XPathResult.FIRST_ORDERED_NODE_TYPE, null).singleNodeValue;
    if (element) {
        element.value = '$newValue';
        var event = new Event('input', { bubbles: true });
        element.dispatchEvent(event);
    }
    , null): Execute JavaScript '
    var element = document.evaluate("//label[text()='Username']/ancestor::div[@class='oxd-input-group__label-wrapper']/following-sibling::div//input[@class='oxd-input oxd-input--active']", document, null, XPathResult.FIRST_ORDERED_NODE_TYPE, null).singleNodeValue;
    if (element) {
        element.value = 'User_name_sOvGXtz';
        var event = new Event('input', { bubbles: true });
        element.dispatchEvent(event);
    }
    ' successfully

13-08-2024T15:10:06 - [MESSAGE][PASSED] - Execute JavaScript '
    var element = document.evaluate("//label[text()='Username']/ancestor::div[@class='oxd-input-group__label-wrapper']/following-sibling::div//input[@class='oxd-input oxd-input--active']", document, null, XPathResult.FIRST_ORDERED_NODE_TYPE, null).singleNodeValue;
    if (element) {
        element.value = 'User_name_sOvGXtz';
        var event = new Event('input', { bubbles: true });
        element.dispatchEvent(event);
    }
    ' successfully

13-08-2024T15:10:06 - [TEST_STEP][PASSED] - delay(1): Delayed 1 second(s)

13-08-2024T15:10:07 - [MESSAGE][PASSED] - Delayed 1 second(s)

13-08-2024T15:10:07 - [TEST_STEP][PASSED] - User_name = getAttribute(findTestObject("Object Repository/ADDING_A_NEW_EMPLOYEE/Add_employee_username"), "value"): Attribute 'value' of object 'Object Repository/ADDING_A_NEW_EMPLOYEE/Add_employee_username' is: 'User_name_sOvGXtz'

13-08-2024T15:10:07 - [MESSAGE][PASSED] - Attribute 'value' of object 'Object Repository/ADDING_A_NEW_EMPLOYEE/Add_employee_username' is: 'User_name_sOvGXtz'

13-08-2024T15:10:07 - [TEST_STEP][PASSED] - out.println(User_name): null

13-08-2024T15:10:07 - [TEST_STEP][PASSED] - out.println(Password): null

13-08-2024T15:10:07 - [TEST_STEP][PASSED] - First_name = getAttribute(findTestObject("Object Repository/ADDING_A_NEW_EMPLOYEE/Add_Employee_first_name"), "value"): Attribute 'value' of object 'Object Repository/ADDING_A_NEW_EMPLOYEE/Add_Employee_first_name' is: 'First_name_YbuBmzi'

13-08-2024T15:10:07 - [MESSAGE][PASSED] - Attribute 'value' of object 'Object Repository/ADDING_A_NEW_EMPLOYEE/Add_Employee_first_name' is: 'First_name_YbuBmzi'

13-08-2024T15:10:07 - [TEST_STEP][PASSED] - out.println(First_name): null

13-08-2024T15:10:07 - [TEST_STEP][PASSED] - Middle_name = getAttribute(findTestObject("Object Repository/ADDING_A_NEW_EMPLOYEE/Add_employee_middle_name"), "value"): Attribute 'value' of object 'Object Repository/ADDING_A_NEW_EMPLOYEE/Add_employee_middle_name' is: 'Middle_name_suntUXQ'

13-08-2024T15:10:08 - [MESSAGE][PASSED] - Attribute 'value' of object 'Object Repository/ADDING_A_NEW_EMPLOYEE/Add_employee_middle_name' is: 'Middle_name_suntUXQ'

13-08-2024T15:10:08 - [TEST_STEP][PASSED] - out.println(Middle_name): null

13-08-2024T15:10:08 - [TEST_STEP][PASSED] - Last_name = getAttribute(findTestObject("Object Repository/ADDING_A_NEW_EMPLOYEE/Add_employee_last_name"), "value"): Attribute 'value' of object 'Object Repository/ADDING_A_NEW_EMPLOYEE/Add_employee_last_name' is: 'Last_name_llZowhl'

13-08-2024T15:10:08 - [MESSAGE][PASSED] - Attribute 'value' of object 'Object Repository/ADDING_A_NEW_EMPLOYEE/Add_employee_last_name' is: 'Last_name_llZowhl'

13-08-2024T15:10:08 - [TEST_STEP][PASSED] - out.println(Last_name): null

13-08-2024T15:10:08 - [TEST_STEP][PASSED] - employee_id = getAttribute(findTestObject("Object Repository/ADDING_A_NEW_EMPLOYEE/Add_employee_id"), "value"): Attribute 'value' of object 'Object Repository/ADDING_A_NEW_EMPLOYEE/Add_employee_id' is: '333688035'

13-08-2024T15:10:08 - [MESSAGE][PASSED] - Attribute 'value' of object 'Object Repository/ADDING_A_NEW_EMPLOYEE/Add_employee_id' is: '333688035'

13-08-2024T15:10:08 - [TEST_STEP][PASSED] - out.println(employee_id): null

13-08-2024T15:10:08 - [TEST_STEP][PASSED] - delay(3): Delayed 3 second(s)

13-08-2024T15:10:11 - [MESSAGE][PASSED] - Delayed 3 second(s)

13-08-2024T15:10:11 - [TEST_STEP][PASSED] - click(findTestObject("Object Repository/ADDING_A_NEW_EMPLOYEE/Add_employee_save_button")): Object: 'Object Repository/ADDING_A_NEW_EMPLOYEE/Add_employee_save_button' is clicked on

13-08-2024T15:10:12 - [MESSAGE][PASSED] - Object: 'Object Repository/ADDING_A_NEW_EMPLOYEE/Add_employee_save_button' is clicked on

13-08-2024T15:10:12 - [TEST_STEP][PASSED] - delay(2): Delayed 2 second(s)

13-08-2024T15:10:14 - [MESSAGE][PASSED] - Delayed 2 second(s)

13-08-2024T15:10:14 - [MESSAGE][PASSED] - Call Test Case 'Test Cases/ADDING_A_NEW_EMPLOYEE' successfully

13-08-2024T15:10:14 - [TEST_STEP][PASSED] - rowIndex = sheet.getLastRowNum() + 1: null

13-08-2024T15:10:14 - [TEST_STEP][PASSED] - row = sheet.createRow(rowIndex): null

13-08-2024T15:10:14 - [TEST_STEP][PASSED] - createCell(0).setCellValue(First_name): null

13-08-2024T15:10:14 - [TEST_STEP][PASSED] - createCell(1).setCellValue(Middle_name): null

13-08-2024T15:10:14 - [TEST_STEP][PASSED] - createCell(2).setCellValue(Last_name): null

13-08-2024T15:10:14 - [TEST_STEP][PASSED] - createCell(3).setCellValue(User_name): null

13-08-2024T15:10:14 - [TEST_STEP][PASSED] - createCell(4).setCellValue(Password): null

13-08-2024T15:10:14 - [TEST_STEP][PASSED] - createCell(5).setCellValue(employee_id): null

13-08-2024T15:10:14 - [TEST_STEP][PASSED] - callTestCase(findTestCase("ADDING_A_NEW_EMPLOYEE"), [:], STOP_ON_FAILURE): Call Test Case 'Test Cases/ADDING_A_NEW_EMPLOYEE' successfully

13-08-2024T15:10:14 - [TEST_CASE][PASSED] - Test Cases/ADDING_A_NEW_EMPLOYEE: Test Cases/ADDING_A_NEW_EMPLOYEE

13-08-2024T15:10:14 - [TEST_STEP][PASSED] - verifyElementPresent(findTestObject("ADDING_A_NEW_EMPLOYEE/pim_option_from_side_bar"), 10): Object 'Object Repository/ADDING_A_NEW_EMPLOYEE/pim_option_from_side_bar' is present

13-08-2024T15:10:14 - [MESSAGE][PASSED] - Object 'Object Repository/ADDING_A_NEW_EMPLOYEE/pim_option_from_side_bar' is present

13-08-2024T15:10:14 - [TEST_STEP][PASSED] - click(findTestObject("ADDING_A_NEW_EMPLOYEE/pim_option_from_side_bar")): Object: 'Object Repository/ADDING_A_NEW_EMPLOYEE/pim_option_from_side_bar' is clicked on

13-08-2024T15:10:15 - [MESSAGE][PASSED] - Object: 'Object Repository/ADDING_A_NEW_EMPLOYEE/pim_option_from_side_bar' is clicked on

13-08-2024T15:10:15 - [TEST_STEP][PASSED] - waitForElementPresent(findTestObject("ADDING_A_NEW_EMPLOYEE/adding_new_employee_button_in_pim_page"), 10): Object 'Object Repository/ADDING_A_NEW_EMPLOYEE/adding_new_employee_button_in_pim_page' is present

13-08-2024T15:10:19 - [MESSAGE][PASSED] - Object 'Object Repository/ADDING_A_NEW_EMPLOYEE/adding_new_employee_button_in_pim_page' is present

13-08-2024T15:10:19 - [TEST_STEP][PASSED] - click(findTestObject("ADDING_A_NEW_EMPLOYEE/adding_new_employee_button_in_pim_page")): Object: 'Object Repository/ADDING_A_NEW_EMPLOYEE/adding_new_employee_button_in_pim_page' is clicked on

13-08-2024T15:10:20 - [MESSAGE][PASSED] - Object: 'Object Repository/ADDING_A_NEW_EMPLOYEE/adding_new_employee_button_in_pim_page' is clicked on

13-08-2024T15:10:20 - [TEST_STEP][PASSED] - verifyElementPresent(findTestObject("ADDING_A_NEW_EMPLOYEE/create_login_details_checkbox"), 10): Object 'Object Repository/ADDING_A_NEW_EMPLOYEE/create_login_details_checkbox' is present

13-08-2024T15:10:21 - [MESSAGE][PASSED] - Object 'Object Repository/ADDING_A_NEW_EMPLOYEE/create_login_details_checkbox' is present

13-08-2024T15:10:21 - [TEST_STEP][PASSED] - click(findTestObject("ADDING_A_NEW_EMPLOYEE/create_login_details_checkbox")): Object: 'Object Repository/ADDING_A_NEW_EMPLOYEE/create_login_details_checkbox' is clicked on

13-08-2024T15:10:22 - [MESSAGE][PASSED] - Object: 'Object Repository/ADDING_A_NEW_EMPLOYEE/create_login_details_checkbox' is clicked on

13-08-2024T15:10:22 - [TEST_STEP][PASSED] - verifyElementPresent(findTestObject("Object Repository/ADDING_A_NEW_EMPLOYEE/Add_employee_enabled_radio_button"), 10): Object 'Object Repository/ADDING_A_NEW_EMPLOYEE/Add_employee_enabled_radio_button' is present

13-08-2024T15:10:22 - [MESSAGE][PASSED] - Object 'Object Repository/ADDING_A_NEW_EMPLOYEE/Add_employee_enabled_radio_button' is present

13-08-2024T15:10:22 - [TEST_STEP][PASSED] - click(findTestObject("Object Repository/ADDING_A_NEW_EMPLOYEE/Add_employee_enabled_radio_button")): Object: 'Object Repository/ADDING_A_NEW_EMPLOYEE/Add_employee_enabled_radio_button' is clicked on

13-08-2024T15:10:22 - [MESSAGE][PASSED] - Object: 'Object Repository/ADDING_A_NEW_EMPLOYEE/Add_employee_enabled_radio_button' is clicked on

13-08-2024T15:10:22 - [TEST_STEP][PASSED] - verifyElementPresent(findTestObject("Object Repository/ADDING_A_NEW_EMPLOYEE/Add_Employee_first_name"), 10): Object 'Object Repository/ADDING_A_NEW_EMPLOYEE/Add_Employee_first_name' is present

13-08-2024T15:10:23 - [MESSAGE][PASSED] - Object 'Object Repository/ADDING_A_NEW_EMPLOYEE/Add_Employee_first_name' is present

13-08-2024T15:10:23 - [TEST_STEP][PASSED] - click(findTestObject("Object Repository/ADDING_A_NEW_EMPLOYEE/Add_Employee_first_name")): Object: 'Object Repository/ADDING_A_NEW_EMPLOYEE/Add_Employee_first_name' is clicked on

13-08-2024T15:10:23 - [MESSAGE][PASSED] - Object: 'Object Repository/ADDING_A_NEW_EMPLOYEE/Add_Employee_first_name' is clicked on

13-08-2024T15:10:23 - [TEST_STEP][PASSED] - setText(findTestObject("Object Repository/ADDING_A_NEW_EMPLOYEE/Add_Employee_first_name"), "First_name_" + RandomStringUtils.randomAlphabetic(7)): Text 'First_name_NsqiCgs' is set on object 'Object Repository/ADDING_A_NEW_EMPLOYEE/Add_Employee_first_name'

13-08-2024T15:10:24 - [MESSAGE][PASSED] - Text 'First_name_NsqiCgs' is set on object 'Object Repository/ADDING_A_NEW_EMPLOYEE/Add_Employee_first_name'

13-08-2024T15:10:24 - [TEST_STEP][PASSED] - verifyElementPresent(findTestObject("Object Repository/ADDING_A_NEW_EMPLOYEE/Add_employee_middle_name"), 10): Object 'Object Repository/ADDING_A_NEW_EMPLOYEE/Add_employee_middle_name' is present

13-08-2024T15:10:24 - [MESSAGE][PASSED] - Object 'Object Repository/ADDING_A_NEW_EMPLOYEE/Add_employee_middle_name' is present

13-08-2024T15:10:24 - [TEST_STEP][PASSED] - click(findTestObject("Object Repository/ADDING_A_NEW_EMPLOYEE/Add_employee_middle_name")): Object: 'Object Repository/ADDING_A_NEW_EMPLOYEE/Add_employee_middle_name' is clicked on

13-08-2024T15:10:24 - [MESSAGE][PASSED] - Object: 'Object Repository/ADDING_A_NEW_EMPLOYEE/Add_employee_middle_name' is clicked on

13-08-2024T15:10:24 - [TEST_STEP][PASSED] - setText(findTestObject("Object Repository/ADDING_A_NEW_EMPLOYEE/Add_employee_middle_name"), "Middle_name_" + RandomStringUtils.randomAlphabetic(7)): Text 'Middle_name_YDekTOs' is set on object 'Object Repository/ADDING_A_NEW_EMPLOYEE/Add_employee_middle_name'

13-08-2024T15:10:25 - [MESSAGE][PASSED] - Text 'Middle_name_YDekTOs' is set on object 'Object Repository/ADDING_A_NEW_EMPLOYEE/Add_employee_middle_name'

13-08-2024T15:10:25 - [TEST_STEP][PASSED] - verifyElementPresent(findTestObject("Object Repository/ADDING_A_NEW_EMPLOYEE/Add_employee_last_name"), 10): Object 'Object Repository/ADDING_A_NEW_EMPLOYEE/Add_employee_last_name' is present

13-08-2024T15:10:25 - [MESSAGE][PASSED] - Object 'Object Repository/ADDING_A_NEW_EMPLOYEE/Add_employee_last_name' is present

13-08-2024T15:10:25 - [TEST_STEP][PASSED] - click(findTestObject("Object Repository/ADDING_A_NEW_EMPLOYEE/Add_employee_last_name")): Object: 'Object Repository/ADDING_A_NEW_EMPLOYEE/Add_employee_last_name' is clicked on

13-08-2024T15:10:25 - [MESSAGE][PASSED] - Object: 'Object Repository/ADDING_A_NEW_EMPLOYEE/Add_employee_last_name' is clicked on

13-08-2024T15:10:25 - [TEST_STEP][PASSED] - setText(findTestObject("Object Repository/ADDING_A_NEW_EMPLOYEE/Add_employee_last_name"), "Last_name_" + RandomStringUtils.randomAlphabetic(7)): Text 'Last_name_xRozoSA' is set on object 'Object Repository/ADDING_A_NEW_EMPLOYEE/Add_employee_last_name'

13-08-2024T15:10:26 - [MESSAGE][PASSED] - Text 'Last_name_xRozoSA' is set on object 'Object Repository/ADDING_A_NEW_EMPLOYEE/Add_employee_last_name'

13-08-2024T15:10:26 - [TEST_STEP][PASSED] - randomString_001 = RandomStringUtils.randomNumeric(6): null

13-08-2024T15:10:26 - [TEST_STEP][PASSED] - newValue_001 = "333" + randomString_001: null

13-08-2024T15:10:26 - [TEST_STEP][PASSED] - xpath_for_employee_id = "//label[text()='Employee Id']/ancestor::div[@class='oxd-input-group__label-wrapper']/following-sibling::div//input[@class='oxd-input oxd-input--active']": null

13-08-2024T15:10:26 - [TEST_STEP][PASSED] - inputField_001 = TestObject().addProperty("xpath", EQUALS, xpath_for_employee_id): null

13-08-2024T15:10:26 - [TEST_STEP][PASSED] - executeJavaScript(
    var element = document.evaluate("$xpath_for_employee_id", document, null, XPathResult.FIRST_ORDERED_NODE_TYPE, null).singleNodeValue;
    if (element) {
        element.value = '$newValue_001';
        var event = new Event('input', { bubbles: true });
        element.dispatchEvent(event);
    }
    , null): Execute JavaScript '
    var element = document.evaluate("//label[text()='Employee Id']/ancestor::div[@class='oxd-input-group__label-wrapper']/following-sibling::div//input[@class='oxd-input oxd-input--active']", document, null, XPathResult.FIRST_ORDERED_NODE_TYPE, null).singleNodeValue;
    if (element) {
        element.value = '333315064';
        var event = new Event('input', { bubbles: true });
        element.dispatchEvent(event);
    }
    ' successfully

13-08-2024T15:10:26 - [MESSAGE][PASSED] - Execute JavaScript '
    var element = document.evaluate("//label[text()='Employee Id']/ancestor::div[@class='oxd-input-group__label-wrapper']/following-sibling::div//input[@class='oxd-input oxd-input--active']", document, null, XPathResult.FIRST_ORDERED_NODE_TYPE, null).singleNodeValue;
    if (element) {
        element.value = '333315064';
        var event = new Event('input', { bubbles: true });
        element.dispatchEvent(event);
    }
    ' successfully

13-08-2024T15:10:26 - [TEST_STEP][PASSED] - delay(3): Delayed 3 second(s)

13-08-2024T15:10:29 - [MESSAGE][PASSED] - Delayed 3 second(s)

13-08-2024T15:10:29 - [TEST_STEP][PASSED] - randomString_for_password = RandomStringUtils.randomNumeric(6): null

13-08-2024T15:10:29 - [TEST_STEP][PASSED] - new_Value_for_password = "Fiboo" + randomString_for_password + "@@": null

13-08-2024T15:10:29 - [TEST_STEP][PASSED] - xpath_for_password = "//label[text()='Username']/ancestor::div[@class='oxd-input-group__label-wrapper']/following-sibling::div//input[@class='oxd-input oxd-input--active']": null

13-08-2024T15:10:29 - [TEST_STEP][PASSED] - inputField_for_password = TestObject().addProperty("xpath", EQUALS, xpath_for_password): null

13-08-2024T15:10:29 - [TEST_STEP][PASSED] - executeJavaScript(
    var element = document.evaluate("$xpath_for_password", document, null, XPathResult.FIRST_ORDERED_NODE_TYPE, null).singleNodeValue;
    if (element) {
        element.value = '$new_Value_for_password';
        var event = new Event('input', { bubbles: true });
        element.dispatchEvent(event);
    }
    , null): Execute JavaScript '
    var element = document.evaluate("//label[text()='Username']/ancestor::div[@class='oxd-input-group__label-wrapper']/following-sibling::div//input[@class='oxd-input oxd-input--active']", document, null, XPathResult.FIRST_ORDERED_NODE_TYPE, null).singleNodeValue;
    if (element) {
        element.value = 'Fiboo811361@@';
        var event = new Event('input', { bubbles: true });
        element.dispatchEvent(event);
    }
    ' successfully

13-08-2024T15:10:29 - [MESSAGE][PASSED] - Execute JavaScript '
    var element = document.evaluate("//label[text()='Username']/ancestor::div[@class='oxd-input-group__label-wrapper']/following-sibling::div//input[@class='oxd-input oxd-input--active']", document, null, XPathResult.FIRST_ORDERED_NODE_TYPE, null).singleNodeValue;
    if (element) {
        element.value = 'Fiboo811361@@';
        var event = new Event('input', { bubbles: true });
        element.dispatchEvent(event);
    }
    ' successfully

13-08-2024T15:10:29 - [TEST_STEP][PASSED] - delay(1): Delayed 1 second(s)

13-08-2024T15:10:30 - [MESSAGE][PASSED] - Delayed 1 second(s)

13-08-2024T15:10:30 - [TEST_STEP][PASSED] - Password = getAttribute(findTestObject("Object Repository/ADDING_A_NEW_EMPLOYEE/Add_employee_username"), "value"): Attribute 'value' of object 'Object Repository/ADDING_A_NEW_EMPLOYEE/Add_employee_username' is: 'Fiboo811361@@'

13-08-2024T15:10:30 - [MESSAGE][PASSED] - Attribute 'value' of object 'Object Repository/ADDING_A_NEW_EMPLOYEE/Add_employee_username' is: 'Fiboo811361@@'

13-08-2024T15:10:30 - [TEST_STEP][PASSED] - out.println(Password): null

13-08-2024T15:10:30 - [TEST_STEP][PASSED] - new_Value_for_password_001 = Password: null

13-08-2024T15:10:30 - [TEST_STEP][PASSED] - xpath_for_password_001 = "//label[text()='Password']/ancestor::div[@class='oxd-input-group__label-wrapper']/following-sibling::div//input[@class='oxd-input oxd-input--active']": null

13-08-2024T15:10:30 - [TEST_STEP][PASSED] - inputField_for_password_001 = TestObject().addProperty("xpath", EQUALS, xpath_for_password_001): null

13-08-2024T15:10:30 - [TEST_STEP][PASSED] - executeJavaScript(
    var element = document.evaluate("$xpath_for_password_001", document, null, XPathResult.FIRST_ORDERED_NODE_TYPE, null).singleNodeValue;
    if (element) {
        element.value = '$new_Value_for_password_001';
        var event = new Event('input', { bubbles: true });
        element.dispatchEvent(event);
    }
    , null): Execute JavaScript '
    var element = document.evaluate("//label[text()='Password']/ancestor::div[@class='oxd-input-group__label-wrapper']/following-sibling::div//input[@class='oxd-input oxd-input--active']", document, null, XPathResult.FIRST_ORDERED_NODE_TYPE, null).singleNodeValue;
    if (element) {
        element.value = 'Fiboo811361@@';
        var event = new Event('input', { bubbles: true });
        element.dispatchEvent(event);
    }
    ' successfully

13-08-2024T15:10:30 - [MESSAGE][PASSED] - Execute JavaScript '
    var element = document.evaluate("//label[text()='Password']/ancestor::div[@class='oxd-input-group__label-wrapper']/following-sibling::div//input[@class='oxd-input oxd-input--active']", document, null, XPathResult.FIRST_ORDERED_NODE_TYPE, null).singleNodeValue;
    if (element) {
        element.value = 'Fiboo811361@@';
        var event = new Event('input', { bubbles: true });
        element.dispatchEvent(event);
    }
    ' successfully

13-08-2024T15:10:30 - [TEST_STEP][PASSED] - delay(1): Delayed 1 second(s)

13-08-2024T15:10:31 - [MESSAGE][PASSED] - Delayed 1 second(s)

13-08-2024T15:10:31 - [TEST_STEP][PASSED] - new_Value_for_password_002 = Password: null

13-08-2024T15:10:31 - [TEST_STEP][PASSED] - xpath_for_password_002 = "//label[text()='Confirm Password']/ancestor::div[@class='oxd-input-group__label-wrapper']/following-sibling::div//input[@class='oxd-input oxd-input--active']": null

13-08-2024T15:10:31 - [TEST_STEP][PASSED] - inputField_for_password_002 = TestObject().addProperty("xpath", EQUALS, xpath_for_password_002): null

13-08-2024T15:10:31 - [TEST_STEP][PASSED] - executeJavaScript(
    var element = document.evaluate("$xpath_for_password_002", document, null, XPathResult.FIRST_ORDERED_NODE_TYPE, null).singleNodeValue;
    if (element) {
        element.value = '$new_Value_for_password_002';
        var event = new Event('input', { bubbles: true });
        element.dispatchEvent(event);
    }
    , null): Execute JavaScript '
    var element = document.evaluate("//label[text()='Confirm Password']/ancestor::div[@class='oxd-input-group__label-wrapper']/following-sibling::div//input[@class='oxd-input oxd-input--active']", document, null, XPathResult.FIRST_ORDERED_NODE_TYPE, null).singleNodeValue;
    if (element) {
        element.value = 'Fiboo811361@@';
        var event = new Event('input', { bubbles: true });
        element.dispatchEvent(event);
    }
    ' successfully

13-08-2024T15:10:31 - [MESSAGE][PASSED] - Execute JavaScript '
    var element = document.evaluate("//label[text()='Confirm Password']/ancestor::div[@class='oxd-input-group__label-wrapper']/following-sibling::div//input[@class='oxd-input oxd-input--active']", document, null, XPathResult.FIRST_ORDERED_NODE_TYPE, null).singleNodeValue;
    if (element) {
        element.value = 'Fiboo811361@@';
        var event = new Event('input', { bubbles: true });
        element.dispatchEvent(event);
    }
    ' successfully

13-08-2024T15:10:31 - [TEST_STEP][PASSED] - delay(1): Delayed 1 second(s)

13-08-2024T15:10:32 - [MESSAGE][PASSED] - Delayed 1 second(s)

13-08-2024T15:10:32 - [TEST_STEP][PASSED] - randomString = RandomStringUtils.randomAlphabetic(7): null

13-08-2024T15:10:32 - [TEST_STEP][PASSED] - newValue = "User_name_" + randomString: null

13-08-2024T15:10:32 - [TEST_STEP][PASSED] - xpath_for_user_name = "//label[text()='Username']/ancestor::div[@class='oxd-input-group__label-wrapper']/following-sibling::div//input[@class='oxd-input oxd-input--active']": null

13-08-2024T15:10:32 - [TEST_STEP][PASSED] - inputField = TestObject().addProperty("xpath", EQUALS, xpath_for_user_name): null

13-08-2024T15:10:32 - [TEST_STEP][PASSED] - executeJavaScript(
    var element = document.evaluate("$xpath_for_user_name", document, null, XPathResult.FIRST_ORDERED_NODE_TYPE, null).singleNodeValue;
    if (element) {
        element.value = '$newValue';
        var event = new Event('input', { bubbles: true });
        element.dispatchEvent(event);
    }
    , null): Execute JavaScript '
    var element = document.evaluate("//label[text()='Username']/ancestor::div[@class='oxd-input-group__label-wrapper']/following-sibling::div//input[@class='oxd-input oxd-input--active']", document, null, XPathResult.FIRST_ORDERED_NODE_TYPE, null).singleNodeValue;
    if (element) {
        element.value = 'User_name_zmSmZLh';
        var event = new Event('input', { bubbles: true });
        element.dispatchEvent(event);
    }
    ' successfully

13-08-2024T15:10:32 - [MESSAGE][PASSED] - Execute JavaScript '
    var element = document.evaluate("//label[text()='Username']/ancestor::div[@class='oxd-input-group__label-wrapper']/following-sibling::div//input[@class='oxd-input oxd-input--active']", document, null, XPathResult.FIRST_ORDERED_NODE_TYPE, null).singleNodeValue;
    if (element) {
        element.value = 'User_name_zmSmZLh';
        var event = new Event('input', { bubbles: true });
        element.dispatchEvent(event);
    }
    ' successfully

13-08-2024T15:10:32 - [TEST_STEP][PASSED] - delay(1): Delayed 1 second(s)

13-08-2024T15:10:33 - [MESSAGE][PASSED] - Delayed 1 second(s)

13-08-2024T15:10:33 - [TEST_STEP][PASSED] - User_name = getAttribute(findTestObject("Object Repository/ADDING_A_NEW_EMPLOYEE/Add_employee_username"), "value"): Attribute 'value' of object 'Object Repository/ADDING_A_NEW_EMPLOYEE/Add_employee_username' is: 'User_name_zmSmZLh'

13-08-2024T15:10:34 - [MESSAGE][PASSED] - Attribute 'value' of object 'Object Repository/ADDING_A_NEW_EMPLOYEE/Add_employee_username' is: 'User_name_zmSmZLh'

13-08-2024T15:10:34 - [TEST_STEP][PASSED] - out.println(User_name): null

13-08-2024T15:10:34 - [TEST_STEP][PASSED] - out.println(Password): null

13-08-2024T15:10:34 - [TEST_STEP][PASSED] - First_name = getAttribute(findTestObject("Object Repository/ADDING_A_NEW_EMPLOYEE/Add_Employee_first_name"), "value"): Attribute 'value' of object 'Object Repository/ADDING_A_NEW_EMPLOYEE/Add_Employee_first_name' is: 'First_name_NsqiCgs'

13-08-2024T15:10:34 - [MESSAGE][PASSED] - Attribute 'value' of object 'Object Repository/ADDING_A_NEW_EMPLOYEE/Add_Employee_first_name' is: 'First_name_NsqiCgs'

13-08-2024T15:10:34 - [TEST_STEP][PASSED] - out.println(First_name): null

13-08-2024T15:10:34 - [TEST_STEP][PASSED] - Middle_name = getAttribute(findTestObject("Object Repository/ADDING_A_NEW_EMPLOYEE/Add_employee_middle_name"), "value"): Attribute 'value' of object 'Object Repository/ADDING_A_NEW_EMPLOYEE/Add_employee_middle_name' is: 'Middle_name_YDekTOs'

13-08-2024T15:10:34 - [MESSAGE][PASSED] - Attribute 'value' of object 'Object Repository/ADDING_A_NEW_EMPLOYEE/Add_employee_middle_name' is: 'Middle_name_YDekTOs'

13-08-2024T15:10:34 - [TEST_STEP][PASSED] - out.println(Middle_name): null

13-08-2024T15:10:34 - [TEST_STEP][PASSED] - Last_name = getAttribute(findTestObject("Object Repository/ADDING_A_NEW_EMPLOYEE/Add_employee_last_name"), "value"): Attribute 'value' of object 'Object Repository/ADDING_A_NEW_EMPLOYEE/Add_employee_last_name' is: 'Last_name_xRozoSA'

13-08-2024T15:10:35 - [MESSAGE][PASSED] - Attribute 'value' of object 'Object Repository/ADDING_A_NEW_EMPLOYEE/Add_employee_last_name' is: 'Last_name_xRozoSA'

13-08-2024T15:10:35 - [TEST_STEP][PASSED] - out.println(Last_name): null

13-08-2024T15:10:35 - [TEST_STEP][PASSED] - employee_id = getAttribute(findTestObject("Object Repository/ADDING_A_NEW_EMPLOYEE/Add_employee_id"), "value"): Attribute 'value' of object 'Object Repository/ADDING_A_NEW_EMPLOYEE/Add_employee_id' is: '333315064'

13-08-2024T15:10:35 - [MESSAGE][PASSED] - Attribute 'value' of object 'Object Repository/ADDING_A_NEW_EMPLOYEE/Add_employee_id' is: '333315064'

13-08-2024T15:10:35 - [TEST_STEP][PASSED] - out.println(employee_id): null

13-08-2024T15:10:35 - [TEST_STEP][PASSED] - delay(3): Delayed 3 second(s)

13-08-2024T15:10:38 - [MESSAGE][PASSED] - Delayed 3 second(s)

13-08-2024T15:10:38 - [TEST_STEP][PASSED] - click(findTestObject("Object Repository/ADDING_A_NEW_EMPLOYEE/Add_employee_save_button")): Object: 'Object Repository/ADDING_A_NEW_EMPLOYEE/Add_employee_save_button' is clicked on

13-08-2024T15:10:38 - [MESSAGE][PASSED] - Object: 'Object Repository/ADDING_A_NEW_EMPLOYEE/Add_employee_save_button' is clicked on

13-08-2024T15:10:38 - [TEST_STEP][PASSED] - delay(2): Delayed 2 second(s)

13-08-2024T15:10:40 - [MESSAGE][PASSED] - Delayed 2 second(s)

13-08-2024T15:10:40 - [MESSAGE][PASSED] - Call Test Case 'Test Cases/ADDING_A_NEW_EMPLOYEE' successfully

13-08-2024T15:10:40 - [TEST_STEP][PASSED] - rowIndex = sheet.getLastRowNum() + 1: null

13-08-2024T15:10:40 - [TEST_STEP][PASSED] - row = sheet.createRow(rowIndex): null

13-08-2024T15:10:40 - [TEST_STEP][PASSED] - createCell(0).setCellValue(First_name): null

13-08-2024T15:10:40 - [TEST_STEP][PASSED] - createCell(1).setCellValue(Middle_name): null

13-08-2024T15:10:40 - [TEST_STEP][PASSED] - createCell(2).setCellValue(Last_name): null

13-08-2024T15:10:40 - [TEST_STEP][PASSED] - createCell(3).setCellValue(User_name): null

13-08-2024T15:10:40 - [TEST_STEP][PASSED] - createCell(4).setCellValue(Password): null

13-08-2024T15:10:40 - [TEST_STEP][PASSED] - createCell(5).setCellValue(employee_id): null

13-08-2024T15:10:40 - [TEST_STEP][PASSED] - callTestCase(findTestCase("ADDING_A_NEW_EMPLOYEE"), [:], STOP_ON_FAILURE): Call Test Case 'Test Cases/ADDING_A_NEW_EMPLOYEE' successfully

13-08-2024T15:10:40 - [TEST_CASE][PASSED] - Test Cases/ADDING_A_NEW_EMPLOYEE: Test Cases/ADDING_A_NEW_EMPLOYEE

13-08-2024T15:10:40 - [TEST_STEP][PASSED] - verifyElementPresent(findTestObject("ADDING_A_NEW_EMPLOYEE/pim_option_from_side_bar"), 10): Object 'Object Repository/ADDING_A_NEW_EMPLOYEE/pim_option_from_side_bar' is present

13-08-2024T15:10:41 - [MESSAGE][PASSED] - Object 'Object Repository/ADDING_A_NEW_EMPLOYEE/pim_option_from_side_bar' is present

13-08-2024T15:10:41 - [TEST_STEP][PASSED] - click(findTestObject("ADDING_A_NEW_EMPLOYEE/pim_option_from_side_bar")): Object: 'Object Repository/ADDING_A_NEW_EMPLOYEE/pim_option_from_side_bar' is clicked on

13-08-2024T15:10:42 - [MESSAGE][PASSED] - Object: 'Object Repository/ADDING_A_NEW_EMPLOYEE/pim_option_from_side_bar' is clicked on

13-08-2024T15:10:42 - [TEST_STEP][PASSED] - waitForElementPresent(findTestObject("ADDING_A_NEW_EMPLOYEE/adding_new_employee_button_in_pim_page"), 10): Object 'Object Repository/ADDING_A_NEW_EMPLOYEE/adding_new_employee_button_in_pim_page' is present

13-08-2024T15:10:44 - [MESSAGE][PASSED] - Object 'Object Repository/ADDING_A_NEW_EMPLOYEE/adding_new_employee_button_in_pim_page' is present

13-08-2024T15:10:44 - [TEST_STEP][PASSED] - click(findTestObject("ADDING_A_NEW_EMPLOYEE/adding_new_employee_button_in_pim_page")): Object: 'Object Repository/ADDING_A_NEW_EMPLOYEE/adding_new_employee_button_in_pim_page' is clicked on

13-08-2024T15:10:45 - [MESSAGE][PASSED] - Object: 'Object Repository/ADDING_A_NEW_EMPLOYEE/adding_new_employee_button_in_pim_page' is clicked on

13-08-2024T15:10:45 - [TEST_STEP][PASSED] - verifyElementPresent(findTestObject("ADDING_A_NEW_EMPLOYEE/create_login_details_checkbox"), 10): Object 'Object Repository/ADDING_A_NEW_EMPLOYEE/create_login_details_checkbox' is present

13-08-2024T15:10:46 - [MESSAGE][PASSED] - Object 'Object Repository/ADDING_A_NEW_EMPLOYEE/create_login_details_checkbox' is present

13-08-2024T15:10:46 - [TEST_STEP][PASSED] - click(findTestObject("ADDING_A_NEW_EMPLOYEE/create_login_details_checkbox")): Object: 'Object Repository/ADDING_A_NEW_EMPLOYEE/create_login_details_checkbox' is clicked on

13-08-2024T15:10:46 - [MESSAGE][PASSED] - Object: 'Object Repository/ADDING_A_NEW_EMPLOYEE/create_login_details_checkbox' is clicked on

13-08-2024T15:10:46 - [TEST_STEP][PASSED] - verifyElementPresent(findTestObject("Object Repository/ADDING_A_NEW_EMPLOYEE/Add_employee_enabled_radio_button"), 10): Object 'Object Repository/ADDING_A_NEW_EMPLOYEE/Add_employee_enabled_radio_button' is present

13-08-2024T15:10:47 - [MESSAGE][PASSED] - Object 'Object Repository/ADDING_A_NEW_EMPLOYEE/Add_employee_enabled_radio_button' is present

13-08-2024T15:10:47 - [TEST_STEP][PASSED] - click(findTestObject("Object Repository/ADDING_A_NEW_EMPLOYEE/Add_employee_enabled_radio_button")): Object: 'Object Repository/ADDING_A_NEW_EMPLOYEE/Add_employee_enabled_radio_button' is clicked on

13-08-2024T15:10:47 - [MESSAGE][PASSED] - Object: 'Object Repository/ADDING_A_NEW_EMPLOYEE/Add_employee_enabled_radio_button' is clicked on

13-08-2024T15:10:47 - [TEST_STEP][PASSED] - verifyElementPresent(findTestObject("Object Repository/ADDING_A_NEW_EMPLOYEE/Add_Employee_first_name"), 10): Object 'Object Repository/ADDING_A_NEW_EMPLOYEE/Add_Employee_first_name' is present

13-08-2024T15:10:47 - [MESSAGE][PASSED] - Object 'Object Repository/ADDING_A_NEW_EMPLOYEE/Add_Employee_first_name' is present

13-08-2024T15:10:47 - [TEST_STEP][PASSED] - click(findTestObject("Object Repository/ADDING_A_NEW_EMPLOYEE/Add_Employee_first_name")): Object: 'Object Repository/ADDING_A_NEW_EMPLOYEE/Add_Employee_first_name' is clicked on

13-08-2024T15:10:48 - [MESSAGE][PASSED] - Object: 'Object Repository/ADDING_A_NEW_EMPLOYEE/Add_Employee_first_name' is clicked on

13-08-2024T15:10:48 - [TEST_STEP][PASSED] - setText(findTestObject("Object Repository/ADDING_A_NEW_EMPLOYEE/Add_Employee_first_name"), "First_name_" + RandomStringUtils.randomAlphabetic(7)): Text 'First_name_NthSPlL' is set on object 'Object Repository/ADDING_A_NEW_EMPLOYEE/Add_Employee_first_name'

13-08-2024T15:10:48 - [MESSAGE][PASSED] - Text 'First_name_NthSPlL' is set on object 'Object Repository/ADDING_A_NEW_EMPLOYEE/Add_Employee_first_name'

13-08-2024T15:10:48 - [TEST_STEP][PASSED] - verifyElementPresent(findTestObject("Object Repository/ADDING_A_NEW_EMPLOYEE/Add_employee_middle_name"), 10): Object 'Object Repository/ADDING_A_NEW_EMPLOYEE/Add_employee_middle_name' is present

13-08-2024T15:10:49 - [MESSAGE][PASSED] - Object 'Object Repository/ADDING_A_NEW_EMPLOYEE/Add_employee_middle_name' is present

13-08-2024T15:10:49 - [TEST_STEP][PASSED] - click(findTestObject("Object Repository/ADDING_A_NEW_EMPLOYEE/Add_employee_middle_name")): Object: 'Object Repository/ADDING_A_NEW_EMPLOYEE/Add_employee_middle_name' is clicked on

13-08-2024T15:10:49 - [MESSAGE][PASSED] - Object: 'Object Repository/ADDING_A_NEW_EMPLOYEE/Add_employee_middle_name' is clicked on

13-08-2024T15:10:49 - [TEST_STEP][PASSED] - setText(findTestObject("Object Repository/ADDING_A_NEW_EMPLOYEE/Add_employee_middle_name"), "Middle_name_" + RandomStringUtils.randomAlphabetic(7)): Text 'Middle_name_SyNWxTE' is set on object 'Object Repository/ADDING_A_NEW_EMPLOYEE/Add_employee_middle_name'

13-08-2024T15:10:50 - [MESSAGE][PASSED] - Text 'Middle_name_SyNWxTE' is set on object 'Object Repository/ADDING_A_NEW_EMPLOYEE/Add_employee_middle_name'

13-08-2024T15:10:50 - [TEST_STEP][PASSED] - verifyElementPresent(findTestObject("Object Repository/ADDING_A_NEW_EMPLOYEE/Add_employee_last_name"), 10): Object 'Object Repository/ADDING_A_NEW_EMPLOYEE/Add_employee_last_name' is present

13-08-2024T15:10:50 - [MESSAGE][PASSED] - Object 'Object Repository/ADDING_A_NEW_EMPLOYEE/Add_employee_last_name' is present

13-08-2024T15:10:50 - [TEST_STEP][PASSED] - click(findTestObject("Object Repository/ADDING_A_NEW_EMPLOYEE/Add_employee_last_name")): Object: 'Object Repository/ADDING_A_NEW_EMPLOYEE/Add_employee_last_name' is clicked on

13-08-2024T15:10:50 - [MESSAGE][PASSED] - Object: 'Object Repository/ADDING_A_NEW_EMPLOYEE/Add_employee_last_name' is clicked on

13-08-2024T15:10:50 - [TEST_STEP][PASSED] - setText(findTestObject("Object Repository/ADDING_A_NEW_EMPLOYEE/Add_employee_last_name"), "Last_name_" + RandomStringUtils.randomAlphabetic(7)): Text 'Last_name_NUwwRin' is set on object 'Object Repository/ADDING_A_NEW_EMPLOYEE/Add_employee_last_name'

13-08-2024T15:10:51 - [MESSAGE][PASSED] - Text 'Last_name_NUwwRin' is set on object 'Object Repository/ADDING_A_NEW_EMPLOYEE/Add_employee_last_name'

13-08-2024T15:10:51 - [TEST_STEP][PASSED] - randomString_001 = RandomStringUtils.randomNumeric(6): null

13-08-2024T15:10:51 - [TEST_STEP][PASSED] - newValue_001 = "333" + randomString_001: null

13-08-2024T15:10:51 - [TEST_STEP][PASSED] - xpath_for_employee_id = "//label[text()='Employee Id']/ancestor::div[@class='oxd-input-group__label-wrapper']/following-sibling::div//input[@class='oxd-input oxd-input--active']": null

13-08-2024T15:10:51 - [TEST_STEP][PASSED] - inputField_001 = TestObject().addProperty("xpath", EQUALS, xpath_for_employee_id): null

13-08-2024T15:10:51 - [TEST_STEP][PASSED] - executeJavaScript(
    var element = document.evaluate("$xpath_for_employee_id", document, null, XPathResult.FIRST_ORDERED_NODE_TYPE, null).singleNodeValue;
    if (element) {
        element.value = '$newValue_001';
        var event = new Event('input', { bubbles: true });
        element.dispatchEvent(event);
    }
    , null): Execute JavaScript '
    var element = document.evaluate("//label[text()='Employee Id']/ancestor::div[@class='oxd-input-group__label-wrapper']/following-sibling::div//input[@class='oxd-input oxd-input--active']", document, null, XPathResult.FIRST_ORDERED_NODE_TYPE, null).singleNodeValue;
    if (element) {
        element.value = '333261449';
        var event = new Event('input', { bubbles: true });
        element.dispatchEvent(event);
    }
    ' successfully

13-08-2024T15:10:51 - [MESSAGE][PASSED] - Execute JavaScript '
    var element = document.evaluate("//label[text()='Employee Id']/ancestor::div[@class='oxd-input-group__label-wrapper']/following-sibling::div//input[@class='oxd-input oxd-input--active']", document, null, XPathResult.FIRST_ORDERED_NODE_TYPE, null).singleNodeValue;
    if (element) {
        element.value = '333261449';
        var event = new Event('input', { bubbles: true });
        element.dispatchEvent(event);
    }
    ' successfully

13-08-2024T15:10:51 - [TEST_STEP][PASSED] - delay(3): Delayed 3 second(s)

13-08-2024T15:10:54 - [MESSAGE][PASSED] - Delayed 3 second(s)

13-08-2024T15:10:54 - [TEST_STEP][PASSED] - randomString_for_password = RandomStringUtils.randomNumeric(6): null

13-08-2024T15:10:54 - [TEST_STEP][PASSED] - new_Value_for_password = "Fiboo" + randomString_for_password + "@@": null

13-08-2024T15:10:54 - [TEST_STEP][PASSED] - xpath_for_password = "//label[text()='Username']/ancestor::div[@class='oxd-input-group__label-wrapper']/following-sibling::div//input[@class='oxd-input oxd-input--active']": null

13-08-2024T15:10:54 - [TEST_STEP][PASSED] - inputField_for_password = TestObject().addProperty("xpath", EQUALS, xpath_for_password): null

13-08-2024T15:10:54 - [TEST_STEP][PASSED] - executeJavaScript(
    var element = document.evaluate("$xpath_for_password", document, null, XPathResult.FIRST_ORDERED_NODE_TYPE, null).singleNodeValue;
    if (element) {
        element.value = '$new_Value_for_password';
        var event = new Event('input', { bubbles: true });
        element.dispatchEvent(event);
    }
    , null): Execute JavaScript '
    var element = document.evaluate("//label[text()='Username']/ancestor::div[@class='oxd-input-group__label-wrapper']/following-sibling::div//input[@class='oxd-input oxd-input--active']", document, null, XPathResult.FIRST_ORDERED_NODE_TYPE, null).singleNodeValue;
    if (element) {
        element.value = 'Fiboo019000@@';
        var event = new Event('input', { bubbles: true });
        element.dispatchEvent(event);
    }
    ' successfully

13-08-2024T15:10:54 - [MESSAGE][PASSED] - Execute JavaScript '
    var element = document.evaluate("//label[text()='Username']/ancestor::div[@class='oxd-input-group__label-wrapper']/following-sibling::div//input[@class='oxd-input oxd-input--active']", document, null, XPathResult.FIRST_ORDERED_NODE_TYPE, null).singleNodeValue;
    if (element) {
        element.value = 'Fiboo019000@@';
        var event = new Event('input', { bubbles: true });
        element.dispatchEvent(event);
    }
    ' successfully

13-08-2024T15:10:54 - [TEST_STEP][PASSED] - delay(1): Delayed 1 second(s)

13-08-2024T15:10:55 - [MESSAGE][PASSED] - Delayed 1 second(s)

13-08-2024T15:10:55 - [TEST_STEP][PASSED] - Password = getAttribute(findTestObject("Object Repository/ADDING_A_NEW_EMPLOYEE/Add_employee_username"), "value"): Attribute 'value' of object 'Object Repository/ADDING_A_NEW_EMPLOYEE/Add_employee_username' is: 'Fiboo019000@@'

13-08-2024T15:10:55 - [MESSAGE][PASSED] - Attribute 'value' of object 'Object Repository/ADDING_A_NEW_EMPLOYEE/Add_employee_username' is: 'Fiboo019000@@'

13-08-2024T15:10:55 - [TEST_STEP][PASSED] - out.println(Password): null

13-08-2024T15:10:55 - [TEST_STEP][PASSED] - new_Value_for_password_001 = Password: null

13-08-2024T15:10:55 - [TEST_STEP][PASSED] - xpath_for_password_001 = "//label[text()='Password']/ancestor::div[@class='oxd-input-group__label-wrapper']/following-sibling::div//input[@class='oxd-input oxd-input--active']": null

13-08-2024T15:10:55 - [TEST_STEP][PASSED] - inputField_for_password_001 = TestObject().addProperty("xpath", EQUALS, xpath_for_password_001): null

13-08-2024T15:10:55 - [TEST_STEP][PASSED] - executeJavaScript(
    var element = document.evaluate("$xpath_for_password_001", document, null, XPathResult.FIRST_ORDERED_NODE_TYPE, null).singleNodeValue;
    if (element) {
        element.value = '$new_Value_for_password_001';
        var event = new Event('input', { bubbles: true });
        element.dispatchEvent(event);
    }
    , null): Execute JavaScript '
    var element = document.evaluate("//label[text()='Password']/ancestor::div[@class='oxd-input-group__label-wrapper']/following-sibling::div//input[@class='oxd-input oxd-input--active']", document, null, XPathResult.FIRST_ORDERED_NODE_TYPE, null).singleNodeValue;
    if (element) {
        element.value = 'Fiboo019000@@';
        var event = new Event('input', { bubbles: true });
        element.dispatchEvent(event);
    }
    ' successfully

13-08-2024T15:10:55 - [MESSAGE][PASSED] - Execute JavaScript '
    var element = document.evaluate("//label[text()='Password']/ancestor::div[@class='oxd-input-group__label-wrapper']/following-sibling::div//input[@class='oxd-input oxd-input--active']", document, null, XPathResult.FIRST_ORDERED_NODE_TYPE, null).singleNodeValue;
    if (element) {
        element.value = 'Fiboo019000@@';
        var event = new Event('input', { bubbles: true });
        element.dispatchEvent(event);
    }
    ' successfully

13-08-2024T15:10:55 - [TEST_STEP][PASSED] - delay(1): Delayed 1 second(s)

13-08-2024T15:10:56 - [MESSAGE][PASSED] - Delayed 1 second(s)

13-08-2024T15:10:56 - [TEST_STEP][PASSED] - new_Value_for_password_002 = Password: null

13-08-2024T15:10:56 - [TEST_STEP][PASSED] - xpath_for_password_002 = "//label[text()='Confirm Password']/ancestor::div[@class='oxd-input-group__label-wrapper']/following-sibling::div//input[@class='oxd-input oxd-input--active']": null

13-08-2024T15:10:56 - [TEST_STEP][PASSED] - inputField_for_password_002 = TestObject().addProperty("xpath", EQUALS, xpath_for_password_002): null

13-08-2024T15:10:56 - [TEST_STEP][PASSED] - executeJavaScript(
    var element = document.evaluate("$xpath_for_password_002", document, null, XPathResult.FIRST_ORDERED_NODE_TYPE, null).singleNodeValue;
    if (element) {
        element.value = '$new_Value_for_password_002';
        var event = new Event('input', { bubbles: true });
        element.dispatchEvent(event);
    }
    , null): Execute JavaScript '
    var element = document.evaluate("//label[text()='Confirm Password']/ancestor::div[@class='oxd-input-group__label-wrapper']/following-sibling::div//input[@class='oxd-input oxd-input--active']", document, null, XPathResult.FIRST_ORDERED_NODE_TYPE, null).singleNodeValue;
    if (element) {
        element.value = 'Fiboo019000@@';
        var event = new Event('input', { bubbles: true });
        element.dispatchEvent(event);
    }
    ' successfully

13-08-2024T15:10:56 - [MESSAGE][PASSED] - Execute JavaScript '
    var element = document.evaluate("//label[text()='Confirm Password']/ancestor::div[@class='oxd-input-group__label-wrapper']/following-sibling::div//input[@class='oxd-input oxd-input--active']", document, null, XPathResult.FIRST_ORDERED_NODE_TYPE, null).singleNodeValue;
    if (element) {
        element.value = 'Fiboo019000@@';
        var event = new Event('input', { bubbles: true });
        element.dispatchEvent(event);
    }
    ' successfully

13-08-2024T15:10:56 - [TEST_STEP][PASSED] - delay(1): Delayed 1 second(s)

13-08-2024T15:10:57 - [MESSAGE][PASSED] - Delayed 1 second(s)

13-08-2024T15:10:57 - [TEST_STEP][PASSED] - randomString = RandomStringUtils.randomAlphabetic(7): null

13-08-2024T15:10:57 - [TEST_STEP][PASSED] - newValue = "User_name_" + randomString: null

13-08-2024T15:10:57 - [TEST_STEP][PASSED] - xpath_for_user_name = "//label[text()='Username']/ancestor::div[@class='oxd-input-group__label-wrapper']/following-sibling::div//input[@class='oxd-input oxd-input--active']": null

13-08-2024T15:10:57 - [TEST_STEP][PASSED] - inputField = TestObject().addProperty("xpath", EQUALS, xpath_for_user_name): null

13-08-2024T15:10:57 - [TEST_STEP][PASSED] - executeJavaScript(
    var element = document.evaluate("$xpath_for_user_name", document, null, XPathResult.FIRST_ORDERED_NODE_TYPE, null).singleNodeValue;
    if (element) {
        element.value = '$newValue';
        var event = new Event('input', { bubbles: true });
        element.dispatchEvent(event);
    }
    , null): Execute JavaScript '
    var element = document.evaluate("//label[text()='Username']/ancestor::div[@class='oxd-input-group__label-wrapper']/following-sibling::div//input[@class='oxd-input oxd-input--active']", document, null, XPathResult.FIRST_ORDERED_NODE_TYPE, null).singleNodeValue;
    if (element) {
        element.value = 'User_name_OXNbVch';
        var event = new Event('input', { bubbles: true });
        element.dispatchEvent(event);
    }
    ' successfully

13-08-2024T15:10:57 - [MESSAGE][PASSED] - Execute JavaScript '
    var element = document.evaluate("//label[text()='Username']/ancestor::div[@class='oxd-input-group__label-wrapper']/following-sibling::div//input[@class='oxd-input oxd-input--active']", document, null, XPathResult.FIRST_ORDERED_NODE_TYPE, null).singleNodeValue;
    if (element) {
        element.value = 'User_name_OXNbVch';
        var event = new Event('input', { bubbles: true });
        element.dispatchEvent(event);
    }
    ' successfully

13-08-2024T15:10:57 - [TEST_STEP][PASSED] - delay(1): Delayed 1 second(s)

13-08-2024T15:10:58 - [MESSAGE][PASSED] - Delayed 1 second(s)

13-08-2024T15:10:58 - [TEST_STEP][PASSED] - User_name = getAttribute(findTestObject("Object Repository/ADDING_A_NEW_EMPLOYEE/Add_employee_username"), "value"): Attribute 'value' of object 'Object Repository/ADDING_A_NEW_EMPLOYEE/Add_employee_username' is: 'User_name_OXNbVch'

13-08-2024T15:10:58 - [MESSAGE][PASSED] - Attribute 'value' of object 'Object Repository/ADDING_A_NEW_EMPLOYEE/Add_employee_username' is: 'User_name_OXNbVch'

13-08-2024T15:10:58 - [TEST_STEP][PASSED] - out.println(User_name): null

13-08-2024T15:10:58 - [TEST_STEP][PASSED] - out.println(Password): null

13-08-2024T15:10:58 - [TEST_STEP][PASSED] - First_name = getAttribute(findTestObject("Object Repository/ADDING_A_NEW_EMPLOYEE/Add_Employee_first_name"), "value"): Attribute 'value' of object 'Object Repository/ADDING_A_NEW_EMPLOYEE/Add_Employee_first_name' is: 'First_name_NthSPlL'

13-08-2024T15:10:59 - [MESSAGE][PASSED] - Attribute 'value' of object 'Object Repository/ADDING_A_NEW_EMPLOYEE/Add_Employee_first_name' is: 'First_name_NthSPlL'

13-08-2024T15:10:59 - [TEST_STEP][PASSED] - out.println(First_name): null

13-08-2024T15:10:59 - [TEST_STEP][PASSED] - Middle_name = getAttribute(findTestObject("Object Repository/ADDING_A_NEW_EMPLOYEE/Add_employee_middle_name"), "value"): Attribute 'value' of object 'Object Repository/ADDING_A_NEW_EMPLOYEE/Add_employee_middle_name' is: 'Middle_name_SyNWxTE'

13-08-2024T15:10:59 - [MESSAGE][PASSED] - Attribute 'value' of object 'Object Repository/ADDING_A_NEW_EMPLOYEE/Add_employee_middle_name' is: 'Middle_name_SyNWxTE'

13-08-2024T15:10:59 - [TEST_STEP][PASSED] - out.println(Middle_name): null

13-08-2024T15:10:59 - [TEST_STEP][PASSED] - Last_name = getAttribute(findTestObject("Object Repository/ADDING_A_NEW_EMPLOYEE/Add_employee_last_name"), "value"): Attribute 'value' of object 'Object Repository/ADDING_A_NEW_EMPLOYEE/Add_employee_last_name' is: 'Last_name_NUwwRin'

13-08-2024T15:10:59 - [MESSAGE][PASSED] - Attribute 'value' of object 'Object Repository/ADDING_A_NEW_EMPLOYEE/Add_employee_last_name' is: 'Last_name_NUwwRin'

13-08-2024T15:10:59 - [TEST_STEP][PASSED] - out.println(Last_name): null

13-08-2024T15:10:59 - [TEST_STEP][PASSED] - employee_id = getAttribute(findTestObject("Object Repository/ADDING_A_NEW_EMPLOYEE/Add_employee_id"), "value"): Attribute 'value' of object 'Object Repository/ADDING_A_NEW_EMPLOYEE/Add_employee_id' is: '333261449'

13-08-2024T15:10:59 - [MESSAGE][PASSED] - Attribute 'value' of object 'Object Repository/ADDING_A_NEW_EMPLOYEE/Add_employee_id' is: '333261449'

13-08-2024T15:10:59 - [TEST_STEP][PASSED] - out.println(employee_id): null

13-08-2024T15:10:59 - [TEST_STEP][PASSED] - delay(3): Delayed 3 second(s)

13-08-2024T15:11:02 - [MESSAGE][PASSED] - Delayed 3 second(s)

13-08-2024T15:11:02 - [TEST_STEP][PASSED] - click(findTestObject("Object Repository/ADDING_A_NEW_EMPLOYEE/Add_employee_save_button")): Object: 'Object Repository/ADDING_A_NEW_EMPLOYEE/Add_employee_save_button' is clicked on

13-08-2024T15:11:03 - [MESSAGE][PASSED] - Object: 'Object Repository/ADDING_A_NEW_EMPLOYEE/Add_employee_save_button' is clicked on

13-08-2024T15:11:03 - [TEST_STEP][PASSED] - delay(2): Delayed 2 second(s)

13-08-2024T15:11:05 - [MESSAGE][PASSED] - Delayed 2 second(s)

13-08-2024T15:11:05 - [MESSAGE][PASSED] - Call Test Case 'Test Cases/ADDING_A_NEW_EMPLOYEE' successfully

13-08-2024T15:11:05 - [TEST_STEP][PASSED] - rowIndex = sheet.getLastRowNum() + 1: null

13-08-2024T15:11:05 - [TEST_STEP][PASSED] - row = sheet.createRow(rowIndex): null

13-08-2024T15:11:05 - [TEST_STEP][PASSED] - createCell(0).setCellValue(First_name): null

13-08-2024T15:11:05 - [TEST_STEP][PASSED] - createCell(1).setCellValue(Middle_name): null

13-08-2024T15:11:05 - [TEST_STEP][PASSED] - createCell(2).setCellValue(Last_name): null

13-08-2024T15:11:05 - [TEST_STEP][PASSED] - createCell(3).setCellValue(User_name): null

13-08-2024T15:11:05 - [TEST_STEP][PASSED] - createCell(4).setCellValue(Password): null

13-08-2024T15:11:05 - [TEST_STEP][PASSED] - createCell(5).setCellValue(employee_id): null

13-08-2024T15:11:05 - [TEST_STEP][PASSED] - callTestCase(findTestCase("ADDING_A_NEW_EMPLOYEE"), [:], STOP_ON_FAILURE): Call Test Case 'Test Cases/ADDING_A_NEW_EMPLOYEE' successfully

13-08-2024T15:11:05 - [TEST_CASE][PASSED] - Test Cases/ADDING_A_NEW_EMPLOYEE: Test Cases/ADDING_A_NEW_EMPLOYEE

13-08-2024T15:11:05 - [TEST_STEP][PASSED] - verifyElementPresent(findTestObject("ADDING_A_NEW_EMPLOYEE/pim_option_from_side_bar"), 10): Object 'Object Repository/ADDING_A_NEW_EMPLOYEE/pim_option_from_side_bar' is present

13-08-2024T15:11:05 - [MESSAGE][PASSED] - Object 'Object Repository/ADDING_A_NEW_EMPLOYEE/pim_option_from_side_bar' is present

13-08-2024T15:11:05 - [TEST_STEP][PASSED] - click(findTestObject("ADDING_A_NEW_EMPLOYEE/pim_option_from_side_bar")): Object: 'Object Repository/ADDING_A_NEW_EMPLOYEE/pim_option_from_side_bar' is clicked on

13-08-2024T15:11:07 - [MESSAGE][PASSED] - Object: 'Object Repository/ADDING_A_NEW_EMPLOYEE/pim_option_from_side_bar' is clicked on

13-08-2024T15:11:07 - [TEST_STEP][PASSED] - waitForElementPresent(findTestObject("ADDING_A_NEW_EMPLOYEE/adding_new_employee_button_in_pim_page"), 10): Object 'Object Repository/ADDING_A_NEW_EMPLOYEE/adding_new_employee_button_in_pim_page' is present

13-08-2024T15:11:09 - [MESSAGE][PASSED] - Object 'Object Repository/ADDING_A_NEW_EMPLOYEE/adding_new_employee_button_in_pim_page' is present

13-08-2024T15:11:09 - [TEST_STEP][PASSED] - click(findTestObject("ADDING_A_NEW_EMPLOYEE/adding_new_employee_button_in_pim_page")): Object: 'Object Repository/ADDING_A_NEW_EMPLOYEE/adding_new_employee_button_in_pim_page' is clicked on

13-08-2024T15:11:10 - [MESSAGE][PASSED] - Object: 'Object Repository/ADDING_A_NEW_EMPLOYEE/adding_new_employee_button_in_pim_page' is clicked on

13-08-2024T15:11:10 - [TEST_STEP][PASSED] - verifyElementPresent(findTestObject("ADDING_A_NEW_EMPLOYEE/create_login_details_checkbox"), 10): Object 'Object Repository/ADDING_A_NEW_EMPLOYEE/create_login_details_checkbox' is present

13-08-2024T15:11:11 - [MESSAGE][PASSED] - Object 'Object Repository/ADDING_A_NEW_EMPLOYEE/create_login_details_checkbox' is present

13-08-2024T15:11:11 - [TEST_STEP][PASSED] - click(findTestObject("ADDING_A_NEW_EMPLOYEE/create_login_details_checkbox")): Object: 'Object Repository/ADDING_A_NEW_EMPLOYEE/create_login_details_checkbox' is clicked on

13-08-2024T15:11:11 - [MESSAGE][PASSED] - Object: 'Object Repository/ADDING_A_NEW_EMPLOYEE/create_login_details_checkbox' is clicked on

13-08-2024T15:11:11 - [TEST_STEP][PASSED] - verifyElementPresent(findTestObject("Object Repository/ADDING_A_NEW_EMPLOYEE/Add_employee_enabled_radio_button"), 10): Object 'Object Repository/ADDING_A_NEW_EMPLOYEE/Add_employee_enabled_radio_button' is present

13-08-2024T15:11:12 - [MESSAGE][PASSED] - Object 'Object Repository/ADDING_A_NEW_EMPLOYEE/Add_employee_enabled_radio_button' is present

13-08-2024T15:11:12 - [TEST_STEP][PASSED] - click(findTestObject("Object Repository/ADDING_A_NEW_EMPLOYEE/Add_employee_enabled_radio_button")): Object: 'Object Repository/ADDING_A_NEW_EMPLOYEE/Add_employee_enabled_radio_button' is clicked on

13-08-2024T15:11:12 - [MESSAGE][PASSED] - Object: 'Object Repository/ADDING_A_NEW_EMPLOYEE/Add_employee_enabled_radio_button' is clicked on

13-08-2024T15:11:12 - [TEST_STEP][PASSED] - verifyElementPresent(findTestObject("Object Repository/ADDING_A_NEW_EMPLOYEE/Add_Employee_first_name"), 10): Object 'Object Repository/ADDING_A_NEW_EMPLOYEE/Add_Employee_first_name' is present

13-08-2024T15:11:12 - [MESSAGE][PASSED] - Object 'Object Repository/ADDING_A_NEW_EMPLOYEE/Add_Employee_first_name' is present

13-08-2024T15:11:12 - [TEST_STEP][PASSED] - click(findTestObject("Object Repository/ADDING_A_NEW_EMPLOYEE/Add_Employee_first_name")): Object: 'Object Repository/ADDING_A_NEW_EMPLOYEE/Add_Employee_first_name' is clicked on

13-08-2024T15:11:13 - [MESSAGE][PASSED] - Object: 'Object Repository/ADDING_A_NEW_EMPLOYEE/Add_Employee_first_name' is clicked on

13-08-2024T15:11:13 - [TEST_STEP][PASSED] - setText(findTestObject("Object Repository/ADDING_A_NEW_EMPLOYEE/Add_Employee_first_name"), "First_name_" + RandomStringUtils.randomAlphabetic(7)): Text 'First_name_pmQftjU' is set on object 'Object Repository/ADDING_A_NEW_EMPLOYEE/Add_Employee_first_name'

13-08-2024T15:11:13 - [MESSAGE][PASSED] - Text 'First_name_pmQftjU' is set on object 'Object Repository/ADDING_A_NEW_EMPLOYEE/Add_Employee_first_name'

13-08-2024T15:11:13 - [TEST_STEP][PASSED] - verifyElementPresent(findTestObject("Object Repository/ADDING_A_NEW_EMPLOYEE/Add_employee_middle_name"), 10): Object 'Object Repository/ADDING_A_NEW_EMPLOYEE/Add_employee_middle_name' is present

13-08-2024T15:11:13 - [MESSAGE][PASSED] - Object 'Object Repository/ADDING_A_NEW_EMPLOYEE/Add_employee_middle_name' is present

13-08-2024T15:11:13 - [TEST_STEP][PASSED] - click(findTestObject("Object Repository/ADDING_A_NEW_EMPLOYEE/Add_employee_middle_name")): Object: 'Object Repository/ADDING_A_NEW_EMPLOYEE/Add_employee_middle_name' is clicked on

13-08-2024T15:11:14 - [MESSAGE][PASSED] - Object: 'Object Repository/ADDING_A_NEW_EMPLOYEE/Add_employee_middle_name' is clicked on

13-08-2024T15:11:14 - [TEST_STEP][PASSED] - setText(findTestObject("Object Repository/ADDING_A_NEW_EMPLOYEE/Add_employee_middle_name"), "Middle_name_" + RandomStringUtils.randomAlphabetic(7)): Text 'Middle_name_pyJdnCu' is set on object 'Object Repository/ADDING_A_NEW_EMPLOYEE/Add_employee_middle_name'

13-08-2024T15:11:14 - [MESSAGE][PASSED] - Text 'Middle_name_pyJdnCu' is set on object 'Object Repository/ADDING_A_NEW_EMPLOYEE/Add_employee_middle_name'

13-08-2024T15:11:14 - [TEST_STEP][PASSED] - verifyElementPresent(findTestObject("Object Repository/ADDING_A_NEW_EMPLOYEE/Add_employee_last_name"), 10): Object 'Object Repository/ADDING_A_NEW_EMPLOYEE/Add_employee_last_name' is present

13-08-2024T15:11:15 - [MESSAGE][PASSED] - Object 'Object Repository/ADDING_A_NEW_EMPLOYEE/Add_employee_last_name' is present

13-08-2024T15:11:15 - [TEST_STEP][PASSED] - click(findTestObject("Object Repository/ADDING_A_NEW_EMPLOYEE/Add_employee_last_name")): Object: 'Object Repository/ADDING_A_NEW_EMPLOYEE/Add_employee_last_name' is clicked on

13-08-2024T15:11:15 - [MESSAGE][PASSED] - Object: 'Object Repository/ADDING_A_NEW_EMPLOYEE/Add_employee_last_name' is clicked on

13-08-2024T15:11:15 - [TEST_STEP][PASSED] - setText(findTestObject("Object Repository/ADDING_A_NEW_EMPLOYEE/Add_employee_last_name"), "Last_name_" + RandomStringUtils.randomAlphabetic(7)): Text 'Last_name_LFnItcf' is set on object 'Object Repository/ADDING_A_NEW_EMPLOYEE/Add_employee_last_name'

13-08-2024T15:11:16 - [MESSAGE][PASSED] - Text 'Last_name_LFnItcf' is set on object 'Object Repository/ADDING_A_NEW_EMPLOYEE/Add_employee_last_name'

13-08-2024T15:11:16 - [TEST_STEP][PASSED] - randomString_001 = RandomStringUtils.randomNumeric(6): null

13-08-2024T15:11:16 - [TEST_STEP][PASSED] - newValue_001 = "333" + randomString_001: null

13-08-2024T15:11:16 - [TEST_STEP][PASSED] - xpath_for_employee_id = "//label[text()='Employee Id']/ancestor::div[@class='oxd-input-group__label-wrapper']/following-sibling::div//input[@class='oxd-input oxd-input--active']": null

13-08-2024T15:11:16 - [TEST_STEP][PASSED] - inputField_001 = TestObject().addProperty("xpath", EQUALS, xpath_for_employee_id): null

13-08-2024T15:11:16 - [TEST_STEP][PASSED] - executeJavaScript(
    var element = document.evaluate("$xpath_for_employee_id", document, null, XPathResult.FIRST_ORDERED_NODE_TYPE, null).singleNodeValue;
    if (element) {
        element.value = '$newValue_001';
        var event = new Event('input', { bubbles: true });
        element.dispatchEvent(event);
    }
    , null): Execute JavaScript '
    var element = document.evaluate("//label[text()='Employee Id']/ancestor::div[@class='oxd-input-group__label-wrapper']/following-sibling::div//input[@class='oxd-input oxd-input--active']", document, null, XPathResult.FIRST_ORDERED_NODE_TYPE, null).singleNodeValue;
    if (element) {
        element.value = '333524969';
        var event = new Event('input', { bubbles: true });
        element.dispatchEvent(event);
    }
    ' successfully

13-08-2024T15:11:16 - [MESSAGE][PASSED] - Execute JavaScript '
    var element = document.evaluate("//label[text()='Employee Id']/ancestor::div[@class='oxd-input-group__label-wrapper']/following-sibling::div//input[@class='oxd-input oxd-input--active']", document, null, XPathResult.FIRST_ORDERED_NODE_TYPE, null).singleNodeValue;
    if (element) {
        element.value = '333524969';
        var event = new Event('input', { bubbles: true });
        element.dispatchEvent(event);
    }
    ' successfully

13-08-2024T15:11:16 - [TEST_STEP][PASSED] - delay(3): Delayed 3 second(s)

13-08-2024T15:11:19 - [MESSAGE][PASSED] - Delayed 3 second(s)

13-08-2024T15:11:19 - [TEST_STEP][PASSED] - randomString_for_password = RandomStringUtils.randomNumeric(6): null

13-08-2024T15:11:19 - [TEST_STEP][PASSED] - new_Value_for_password = "Fiboo" + randomString_for_password + "@@": null

13-08-2024T15:11:19 - [TEST_STEP][PASSED] - xpath_for_password = "//label[text()='Username']/ancestor::div[@class='oxd-input-group__label-wrapper']/following-sibling::div//input[@class='oxd-input oxd-input--active']": null

13-08-2024T15:11:19 - [TEST_STEP][PASSED] - inputField_for_password = TestObject().addProperty("xpath", EQUALS, xpath_for_password): null

13-08-2024T15:11:19 - [TEST_STEP][PASSED] - executeJavaScript(
    var element = document.evaluate("$xpath_for_password", document, null, XPathResult.FIRST_ORDERED_NODE_TYPE, null).singleNodeValue;
    if (element) {
        element.value = '$new_Value_for_password';
        var event = new Event('input', { bubbles: true });
        element.dispatchEvent(event);
    }
    , null): Execute JavaScript '
    var element = document.evaluate("//label[text()='Username']/ancestor::div[@class='oxd-input-group__label-wrapper']/following-sibling::div//input[@class='oxd-input oxd-input--active']", document, null, XPathResult.FIRST_ORDERED_NODE_TYPE, null).singleNodeValue;
    if (element) {
        element.value = 'Fiboo413719@@';
        var event = new Event('input', { bubbles: true });
        element.dispatchEvent(event);
    }
    ' successfully

13-08-2024T15:11:19 - [MESSAGE][PASSED] - Execute JavaScript '
    var element = document.evaluate("//label[text()='Username']/ancestor::div[@class='oxd-input-group__label-wrapper']/following-sibling::div//input[@class='oxd-input oxd-input--active']", document, null, XPathResult.FIRST_ORDERED_NODE_TYPE, null).singleNodeValue;
    if (element) {
        element.value = 'Fiboo413719@@';
        var event = new Event('input', { bubbles: true });
        element.dispatchEvent(event);
    }
    ' successfully

13-08-2024T15:11:19 - [TEST_STEP][PASSED] - delay(1): Delayed 1 second(s)

13-08-2024T15:11:20 - [MESSAGE][PASSED] - Delayed 1 second(s)

13-08-2024T15:11:20 - [TEST_STEP][PASSED] - Password = getAttribute(findTestObject("Object Repository/ADDING_A_NEW_EMPLOYEE/Add_employee_username"), "value"): Attribute 'value' of object 'Object Repository/ADDING_A_NEW_EMPLOYEE/Add_employee_username' is: 'Fiboo413719@@'

13-08-2024T15:11:20 - [MESSAGE][PASSED] - Attribute 'value' of object 'Object Repository/ADDING_A_NEW_EMPLOYEE/Add_employee_username' is: 'Fiboo413719@@'

13-08-2024T15:11:20 - [TEST_STEP][PASSED] - out.println(Password): null

13-08-2024T15:11:20 - [TEST_STEP][PASSED] - new_Value_for_password_001 = Password: null

13-08-2024T15:11:20 - [TEST_STEP][PASSED] - xpath_for_password_001 = "//label[text()='Password']/ancestor::div[@class='oxd-input-group__label-wrapper']/following-sibling::div//input[@class='oxd-input oxd-input--active']": null

13-08-2024T15:11:20 - [TEST_STEP][PASSED] - inputField_for_password_001 = TestObject().addProperty("xpath", EQUALS, xpath_for_password_001): null

13-08-2024T15:11:20 - [TEST_STEP][PASSED] - executeJavaScript(
    var element = document.evaluate("$xpath_for_password_001", document, null, XPathResult.FIRST_ORDERED_NODE_TYPE, null).singleNodeValue;
    if (element) {
        element.value = '$new_Value_for_password_001';
        var event = new Event('input', { bubbles: true });
        element.dispatchEvent(event);
    }
    , null): Execute JavaScript '
    var element = document.evaluate("//label[text()='Password']/ancestor::div[@class='oxd-input-group__label-wrapper']/following-sibling::div//input[@class='oxd-input oxd-input--active']", document, null, XPathResult.FIRST_ORDERED_NODE_TYPE, null).singleNodeValue;
    if (element) {
        element.value = 'Fiboo413719@@';
        var event = new Event('input', { bubbles: true });
        element.dispatchEvent(event);
    }
    ' successfully

13-08-2024T15:11:20 - [MESSAGE][PASSED] - Execute JavaScript '
    var element = document.evaluate("//label[text()='Password']/ancestor::div[@class='oxd-input-group__label-wrapper']/following-sibling::div//input[@class='oxd-input oxd-input--active']", document, null, XPathResult.FIRST_ORDERED_NODE_TYPE, null).singleNodeValue;
    if (element) {
        element.value = 'Fiboo413719@@';
        var event = new Event('input', { bubbles: true });
        element.dispatchEvent(event);
    }
    ' successfully

13-08-2024T15:11:20 - [TEST_STEP][PASSED] - delay(1): Delayed 1 second(s)

13-08-2024T15:11:21 - [MESSAGE][PASSED] - Delayed 1 second(s)

13-08-2024T15:11:21 - [TEST_STEP][PASSED] - new_Value_for_password_002 = Password: null

13-08-2024T15:11:21 - [TEST_STEP][PASSED] - xpath_for_password_002 = "//label[text()='Confirm Password']/ancestor::div[@class='oxd-input-group__label-wrapper']/following-sibling::div//input[@class='oxd-input oxd-input--active']": null

13-08-2024T15:11:21 - [TEST_STEP][PASSED] - inputField_for_password_002 = TestObject().addProperty("xpath", EQUALS, xpath_for_password_002): null

13-08-2024T15:11:21 - [TEST_STEP][PASSED] - executeJavaScript(
    var element = document.evaluate("$xpath_for_password_002", document, null, XPathResult.FIRST_ORDERED_NODE_TYPE, null).singleNodeValue;
    if (element) {
        element.value = '$new_Value_for_password_002';
        var event = new Event('input', { bubbles: true });
        element.dispatchEvent(event);
    }
    , null): Execute JavaScript '
    var element = document.evaluate("//label[text()='Confirm Password']/ancestor::div[@class='oxd-input-group__label-wrapper']/following-sibling::div//input[@class='oxd-input oxd-input--active']", document, null, XPathResult.FIRST_ORDERED_NODE_TYPE, null).singleNodeValue;
    if (element) {
        element.value = 'Fiboo413719@@';
        var event = new Event('input', { bubbles: true });
        element.dispatchEvent(event);
    }
    ' successfully

13-08-2024T15:11:21 - [MESSAGE][PASSED] - Execute JavaScript '
    var element = document.evaluate("//label[text()='Confirm Password']/ancestor::div[@class='oxd-input-group__label-wrapper']/following-sibling::div//input[@class='oxd-input oxd-input--active']", document, null, XPathResult.FIRST_ORDERED_NODE_TYPE, null).singleNodeValue;
    if (element) {
        element.value = 'Fiboo413719@@';
        var event = new Event('input', { bubbles: true });
        element.dispatchEvent(event);
    }
    ' successfully

13-08-2024T15:11:21 - [TEST_STEP][PASSED] - delay(1): Delayed 1 second(s)

13-08-2024T15:11:22 - [MESSAGE][PASSED] - Delayed 1 second(s)

13-08-2024T15:11:22 - [TEST_STEP][PASSED] - randomString = RandomStringUtils.randomAlphabetic(7): null

13-08-2024T15:11:22 - [TEST_STEP][PASSED] - newValue = "User_name_" + randomString: null

13-08-2024T15:11:22 - [TEST_STEP][PASSED] - xpath_for_user_name = "//label[text()='Username']/ancestor::div[@class='oxd-input-group__label-wrapper']/following-sibling::div//input[@class='oxd-input oxd-input--active']": null

13-08-2024T15:11:22 - [TEST_STEP][PASSED] - inputField = TestObject().addProperty("xpath", EQUALS, xpath_for_user_name): null

13-08-2024T15:11:22 - [TEST_STEP][PASSED] - executeJavaScript(
    var element = document.evaluate("$xpath_for_user_name", document, null, XPathResult.FIRST_ORDERED_NODE_TYPE, null).singleNodeValue;
    if (element) {
        element.value = '$newValue';
        var event = new Event('input', { bubbles: true });
        element.dispatchEvent(event);
    }
    , null): Execute JavaScript '
    var element = document.evaluate("//label[text()='Username']/ancestor::div[@class='oxd-input-group__label-wrapper']/following-sibling::div//input[@class='oxd-input oxd-input--active']", document, null, XPathResult.FIRST_ORDERED_NODE_TYPE, null).singleNodeValue;
    if (element) {
        element.value = 'User_name_eJAGmAX';
        var event = new Event('input', { bubbles: true });
        element.dispatchEvent(event);
    }
    ' successfully

13-08-2024T15:11:22 - [MESSAGE][PASSED] - Execute JavaScript '
    var element = document.evaluate("//label[text()='Username']/ancestor::div[@class='oxd-input-group__label-wrapper']/following-sibling::div//input[@class='oxd-input oxd-input--active']", document, null, XPathResult.FIRST_ORDERED_NODE_TYPE, null).singleNodeValue;
    if (element) {
        element.value = 'User_name_eJAGmAX';
        var event = new Event('input', { bubbles: true });
        element.dispatchEvent(event);
    }
    ' successfully

13-08-2024T15:11:22 - [TEST_STEP][PASSED] - delay(1): Delayed 1 second(s)

13-08-2024T15:11:23 - [MESSAGE][PASSED] - Delayed 1 second(s)

13-08-2024T15:11:23 - [TEST_STEP][PASSED] - User_name = getAttribute(findTestObject("Object Repository/ADDING_A_NEW_EMPLOYEE/Add_employee_username"), "value"): Attribute 'value' of object 'Object Repository/ADDING_A_NEW_EMPLOYEE/Add_employee_username' is: 'User_name_eJAGmAX'

13-08-2024T15:11:23 - [MESSAGE][PASSED] - Attribute 'value' of object 'Object Repository/ADDING_A_NEW_EMPLOYEE/Add_employee_username' is: 'User_name_eJAGmAX'

13-08-2024T15:11:23 - [TEST_STEP][PASSED] - out.println(User_name): null

13-08-2024T15:11:23 - [TEST_STEP][PASSED] - out.println(Password): null

13-08-2024T15:11:23 - [TEST_STEP][PASSED] - First_name = getAttribute(findTestObject("Object Repository/ADDING_A_NEW_EMPLOYEE/Add_Employee_first_name"), "value"): Attribute 'value' of object 'Object Repository/ADDING_A_NEW_EMPLOYEE/Add_Employee_first_name' is: 'First_name_pmQftjU'

13-08-2024T15:11:24 - [MESSAGE][PASSED] - Attribute 'value' of object 'Object Repository/ADDING_A_NEW_EMPLOYEE/Add_Employee_first_name' is: 'First_name_pmQftjU'

13-08-2024T15:11:24 - [TEST_STEP][PASSED] - out.println(First_name): null

13-08-2024T15:11:24 - [TEST_STEP][PASSED] - Middle_name = getAttribute(findTestObject("Object Repository/ADDING_A_NEW_EMPLOYEE/Add_employee_middle_name"), "value"): Attribute 'value' of object 'Object Repository/ADDING_A_NEW_EMPLOYEE/Add_employee_middle_name' is: 'Middle_name_pyJdnCu'

13-08-2024T15:11:24 - [MESSAGE][PASSED] - Attribute 'value' of object 'Object Repository/ADDING_A_NEW_EMPLOYEE/Add_employee_middle_name' is: 'Middle_name_pyJdnCu'

13-08-2024T15:11:24 - [TEST_STEP][PASSED] - out.println(Middle_name): null

13-08-2024T15:11:24 - [TEST_STEP][PASSED] - Last_name = getAttribute(findTestObject("Object Repository/ADDING_A_NEW_EMPLOYEE/Add_employee_last_name"), "value"): Attribute 'value' of object 'Object Repository/ADDING_A_NEW_EMPLOYEE/Add_employee_last_name' is: 'Last_name_LFnItcf'

13-08-2024T15:11:24 - [MESSAGE][PASSED] - Attribute 'value' of object 'Object Repository/ADDING_A_NEW_EMPLOYEE/Add_employee_last_name' is: 'Last_name_LFnItcf'

13-08-2024T15:11:24 - [TEST_STEP][PASSED] - out.println(Last_name): null

13-08-2024T15:11:24 - [TEST_STEP][PASSED] - employee_id = getAttribute(findTestObject("Object Repository/ADDING_A_NEW_EMPLOYEE/Add_employee_id"), "value"): Attribute 'value' of object 'Object Repository/ADDING_A_NEW_EMPLOYEE/Add_employee_id' is: '333524969'

13-08-2024T15:11:24 - [MESSAGE][PASSED] - Attribute 'value' of object 'Object Repository/ADDING_A_NEW_EMPLOYEE/Add_employee_id' is: '333524969'

13-08-2024T15:11:24 - [TEST_STEP][PASSED] - out.println(employee_id): null

13-08-2024T15:11:24 - [TEST_STEP][PASSED] - delay(3): Delayed 3 second(s)

13-08-2024T15:11:27 - [MESSAGE][PASSED] - Delayed 3 second(s)

13-08-2024T15:11:27 - [TEST_STEP][PASSED] - click(findTestObject("Object Repository/ADDING_A_NEW_EMPLOYEE/Add_employee_save_button")): Object: 'Object Repository/ADDING_A_NEW_EMPLOYEE/Add_employee_save_button' is clicked on

13-08-2024T15:11:28 - [MESSAGE][PASSED] - Object: 'Object Repository/ADDING_A_NEW_EMPLOYEE/Add_employee_save_button' is clicked on

13-08-2024T15:11:28 - [TEST_STEP][PASSED] - delay(2): Delayed 2 second(s)

13-08-2024T15:11:30 - [MESSAGE][PASSED] - Delayed 2 second(s)

13-08-2024T15:11:30 - [MESSAGE][PASSED] - Call Test Case 'Test Cases/ADDING_A_NEW_EMPLOYEE' successfully

13-08-2024T15:11:30 - [TEST_STEP][PASSED] - rowIndex = sheet.getLastRowNum() + 1: null

13-08-2024T15:11:30 - [TEST_STEP][PASSED] - row = sheet.createRow(rowIndex): null

13-08-2024T15:11:30 - [TEST_STEP][PASSED] - createCell(0).setCellValue(First_name): null

13-08-2024T15:11:30 - [TEST_STEP][PASSED] - createCell(1).setCellValue(Middle_name): null

13-08-2024T15:11:30 - [TEST_STEP][PASSED] - createCell(2).setCellValue(Last_name): null

13-08-2024T15:11:30 - [TEST_STEP][PASSED] - createCell(3).setCellValue(User_name): null

13-08-2024T15:11:30 - [TEST_STEP][PASSED] - createCell(4).setCellValue(Password): null

13-08-2024T15:11:30 - [TEST_STEP][PASSED] - createCell(5).setCellValue(employee_id): null

13-08-2024T15:11:30 - [TEST_STEP][PASSED] - callTestCase(findTestCase("ADDING_A_NEW_EMPLOYEE"), [:], STOP_ON_FAILURE): Call Test Case 'Test Cases/ADDING_A_NEW_EMPLOYEE' successfully

13-08-2024T15:11:30 - [TEST_CASE][PASSED] - Test Cases/ADDING_A_NEW_EMPLOYEE: Test Cases/ADDING_A_NEW_EMPLOYEE

13-08-2024T15:11:30 - [TEST_STEP][PASSED] - verifyElementPresent(findTestObject("ADDING_A_NEW_EMPLOYEE/pim_option_from_side_bar"), 10): Object 'Object Repository/ADDING_A_NEW_EMPLOYEE/pim_option_from_side_bar' is present

13-08-2024T15:11:30 - [MESSAGE][PASSED] - Object 'Object Repository/ADDING_A_NEW_EMPLOYEE/pim_option_from_side_bar' is present

13-08-2024T15:11:30 - [TEST_STEP][PASSED] - click(findTestObject("ADDING_A_NEW_EMPLOYEE/pim_option_from_side_bar")): Object: 'Object Repository/ADDING_A_NEW_EMPLOYEE/pim_option_from_side_bar' is clicked on

13-08-2024T15:11:32 - [MESSAGE][PASSED] - Object: 'Object Repository/ADDING_A_NEW_EMPLOYEE/pim_option_from_side_bar' is clicked on

13-08-2024T15:11:32 - [TEST_STEP][PASSED] - waitForElementPresent(findTestObject("ADDING_A_NEW_EMPLOYEE/adding_new_employee_button_in_pim_page"), 10): Object 'Object Repository/ADDING_A_NEW_EMPLOYEE/adding_new_employee_button_in_pim_page' is present

13-08-2024T15:11:33 - [MESSAGE][PASSED] - Object 'Object Repository/ADDING_A_NEW_EMPLOYEE/adding_new_employee_button_in_pim_page' is present

13-08-2024T15:11:33 - [TEST_STEP][PASSED] - click(findTestObject("ADDING_A_NEW_EMPLOYEE/adding_new_employee_button_in_pim_page")): Object: 'Object Repository/ADDING_A_NEW_EMPLOYEE/adding_new_employee_button_in_pim_page' is clicked on

13-08-2024T15:11:34 - [MESSAGE][PASSED] - Object: 'Object Repository/ADDING_A_NEW_EMPLOYEE/adding_new_employee_button_in_pim_page' is clicked on

13-08-2024T15:11:34 - [TEST_STEP][PASSED] - verifyElementPresent(findTestObject("ADDING_A_NEW_EMPLOYEE/create_login_details_checkbox"), 10): Object 'Object Repository/ADDING_A_NEW_EMPLOYEE/create_login_details_checkbox' is present

13-08-2024T15:11:35 - [MESSAGE][PASSED] - Object 'Object Repository/ADDING_A_NEW_EMPLOYEE/create_login_details_checkbox' is present

13-08-2024T15:11:35 - [TEST_STEP][PASSED] - click(findTestObject("ADDING_A_NEW_EMPLOYEE/create_login_details_checkbox")): Object: 'Object Repository/ADDING_A_NEW_EMPLOYEE/create_login_details_checkbox' is clicked on

13-08-2024T15:11:36 - [MESSAGE][PASSED] - Object: 'Object Repository/ADDING_A_NEW_EMPLOYEE/create_login_details_checkbox' is clicked on

13-08-2024T15:11:36 - [TEST_STEP][PASSED] - verifyElementPresent(findTestObject("Object Repository/ADDING_A_NEW_EMPLOYEE/Add_employee_enabled_radio_button"), 10): Object 'Object Repository/ADDING_A_NEW_EMPLOYEE/Add_employee_enabled_radio_button' is present

13-08-2024T15:11:36 - [MESSAGE][PASSED] - Object 'Object Repository/ADDING_A_NEW_EMPLOYEE/Add_employee_enabled_radio_button' is present

13-08-2024T15:11:36 - [TEST_STEP][PASSED] - click(findTestObject("Object Repository/ADDING_A_NEW_EMPLOYEE/Add_employee_enabled_radio_button")): Object: 'Object Repository/ADDING_A_NEW_EMPLOYEE/Add_employee_enabled_radio_button' is clicked on

13-08-2024T15:11:36 - [MESSAGE][PASSED] - Object: 'Object Repository/ADDING_A_NEW_EMPLOYEE/Add_employee_enabled_radio_button' is clicked on

13-08-2024T15:11:36 - [TEST_STEP][PASSED] - verifyElementPresent(findTestObject("Object Repository/ADDING_A_NEW_EMPLOYEE/Add_Employee_first_name"), 10): Object 'Object Repository/ADDING_A_NEW_EMPLOYEE/Add_Employee_first_name' is present

13-08-2024T15:11:37 - [MESSAGE][PASSED] - Object 'Object Repository/ADDING_A_NEW_EMPLOYEE/Add_Employee_first_name' is present

13-08-2024T15:11:37 - [TEST_STEP][PASSED] - click(findTestObject("Object Repository/ADDING_A_NEW_EMPLOYEE/Add_Employee_first_name")): Object: 'Object Repository/ADDING_A_NEW_EMPLOYEE/Add_Employee_first_name' is clicked on

13-08-2024T15:11:37 - [MESSAGE][PASSED] - Object: 'Object Repository/ADDING_A_NEW_EMPLOYEE/Add_Employee_first_name' is clicked on

13-08-2024T15:11:37 - [TEST_STEP][PASSED] - setText(findTestObject("Object Repository/ADDING_A_NEW_EMPLOYEE/Add_Employee_first_name"), "First_name_" + RandomStringUtils.randomAlphabetic(7)): Text 'First_name_wDodVgA' is set on object 'Object Repository/ADDING_A_NEW_EMPLOYEE/Add_Employee_first_name'

13-08-2024T15:11:38 - [MESSAGE][PASSED] - Text 'First_name_wDodVgA' is set on object 'Object Repository/ADDING_A_NEW_EMPLOYEE/Add_Employee_first_name'

13-08-2024T15:11:38 - [TEST_STEP][PASSED] - verifyElementPresent(findTestObject("Object Repository/ADDING_A_NEW_EMPLOYEE/Add_employee_middle_name"), 10): Object 'Object Repository/ADDING_A_NEW_EMPLOYEE/Add_employee_middle_name' is present

13-08-2024T15:11:38 - [MESSAGE][PASSED] - Object 'Object Repository/ADDING_A_NEW_EMPLOYEE/Add_employee_middle_name' is present

13-08-2024T15:11:38 - [TEST_STEP][PASSED] - click(findTestObject("Object Repository/ADDING_A_NEW_EMPLOYEE/Add_employee_middle_name")): Object: 'Object Repository/ADDING_A_NEW_EMPLOYEE/Add_employee_middle_name' is clicked on

13-08-2024T15:11:38 - [MESSAGE][PASSED] - Object: 'Object Repository/ADDING_A_NEW_EMPLOYEE/Add_employee_middle_name' is clicked on

13-08-2024T15:11:38 - [TEST_STEP][PASSED] - setText(findTestObject("Object Repository/ADDING_A_NEW_EMPLOYEE/Add_employee_middle_name"), "Middle_name_" + RandomStringUtils.randomAlphabetic(7)): Text 'Middle_name_VkYhbFa' is set on object 'Object Repository/ADDING_A_NEW_EMPLOYEE/Add_employee_middle_name'

13-08-2024T15:11:39 - [MESSAGE][PASSED] - Text 'Middle_name_VkYhbFa' is set on object 'Object Repository/ADDING_A_NEW_EMPLOYEE/Add_employee_middle_name'

13-08-2024T15:11:39 - [TEST_STEP][PASSED] - verifyElementPresent(findTestObject("Object Repository/ADDING_A_NEW_EMPLOYEE/Add_employee_last_name"), 10): Object 'Object Repository/ADDING_A_NEW_EMPLOYEE/Add_employee_last_name' is present

13-08-2024T15:11:39 - [MESSAGE][PASSED] - Object 'Object Repository/ADDING_A_NEW_EMPLOYEE/Add_employee_last_name' is present

13-08-2024T15:11:39 - [TEST_STEP][PASSED] - click(findTestObject("Object Repository/ADDING_A_NEW_EMPLOYEE/Add_employee_last_name")): Object: 'Object Repository/ADDING_A_NEW_EMPLOYEE/Add_employee_last_name' is clicked on

13-08-2024T15:11:39 - [MESSAGE][PASSED] - Object: 'Object Repository/ADDING_A_NEW_EMPLOYEE/Add_employee_last_name' is clicked on

13-08-2024T15:11:39 - [TEST_STEP][PASSED] - setText(findTestObject("Object Repository/ADDING_A_NEW_EMPLOYEE/Add_employee_last_name"), "Last_name_" + RandomStringUtils.randomAlphabetic(7)): Text 'Last_name_VAfRyeT' is set on object 'Object Repository/ADDING_A_NEW_EMPLOYEE/Add_employee_last_name'

13-08-2024T15:11:40 - [MESSAGE][PASSED] - Text 'Last_name_VAfRyeT' is set on object 'Object Repository/ADDING_A_NEW_EMPLOYEE/Add_employee_last_name'

13-08-2024T15:11:40 - [TEST_STEP][PASSED] - randomString_001 = RandomStringUtils.randomNumeric(6): null

13-08-2024T15:11:40 - [TEST_STEP][PASSED] - newValue_001 = "333" + randomString_001: null

13-08-2024T15:11:40 - [TEST_STEP][PASSED] - xpath_for_employee_id = "//label[text()='Employee Id']/ancestor::div[@class='oxd-input-group__label-wrapper']/following-sibling::div//input[@class='oxd-input oxd-input--active']": null

13-08-2024T15:11:40 - [TEST_STEP][PASSED] - inputField_001 = TestObject().addProperty("xpath", EQUALS, xpath_for_employee_id): null

13-08-2024T15:11:40 - [TEST_STEP][PASSED] - executeJavaScript(
    var element = document.evaluate("$xpath_for_employee_id", document, null, XPathResult.FIRST_ORDERED_NODE_TYPE, null).singleNodeValue;
    if (element) {
        element.value = '$newValue_001';
        var event = new Event('input', { bubbles: true });
        element.dispatchEvent(event);
    }
    , null): Execute JavaScript '
    var element = document.evaluate("//label[text()='Employee Id']/ancestor::div[@class='oxd-input-group__label-wrapper']/following-sibling::div//input[@class='oxd-input oxd-input--active']", document, null, XPathResult.FIRST_ORDERED_NODE_TYPE, null).singleNodeValue;
    if (element) {
        element.value = '333898597';
        var event = new Event('input', { bubbles: true });
        element.dispatchEvent(event);
    }
    ' successfully

13-08-2024T15:11:40 - [MESSAGE][PASSED] - Execute JavaScript '
    var element = document.evaluate("//label[text()='Employee Id']/ancestor::div[@class='oxd-input-group__label-wrapper']/following-sibling::div//input[@class='oxd-input oxd-input--active']", document, null, XPathResult.FIRST_ORDERED_NODE_TYPE, null).singleNodeValue;
    if (element) {
        element.value = '333898597';
        var event = new Event('input', { bubbles: true });
        element.dispatchEvent(event);
    }
    ' successfully

13-08-2024T15:11:40 - [TEST_STEP][PASSED] - delay(3): Delayed 3 second(s)

13-08-2024T15:11:43 - [MESSAGE][PASSED] - Delayed 3 second(s)

13-08-2024T15:11:43 - [TEST_STEP][PASSED] - randomString_for_password = RandomStringUtils.randomNumeric(6): null

13-08-2024T15:11:43 - [TEST_STEP][PASSED] - new_Value_for_password = "Fiboo" + randomString_for_password + "@@": null

13-08-2024T15:11:43 - [TEST_STEP][PASSED] - xpath_for_password = "//label[text()='Username']/ancestor::div[@class='oxd-input-group__label-wrapper']/following-sibling::div//input[@class='oxd-input oxd-input--active']": null

13-08-2024T15:11:43 - [TEST_STEP][PASSED] - inputField_for_password = TestObject().addProperty("xpath", EQUALS, xpath_for_password): null

13-08-2024T15:11:43 - [TEST_STEP][PASSED] - executeJavaScript(
    var element = document.evaluate("$xpath_for_password", document, null, XPathResult.FIRST_ORDERED_NODE_TYPE, null).singleNodeValue;
    if (element) {
        element.value = '$new_Value_for_password';
        var event = new Event('input', { bubbles: true });
        element.dispatchEvent(event);
    }
    , null): Execute JavaScript '
    var element = document.evaluate("//label[text()='Username']/ancestor::div[@class='oxd-input-group__label-wrapper']/following-sibling::div//input[@class='oxd-input oxd-input--active']", document, null, XPathResult.FIRST_ORDERED_NODE_TYPE, null).singleNodeValue;
    if (element) {
        element.value = 'Fiboo886586@@';
        var event = new Event('input', { bubbles: true });
        element.dispatchEvent(event);
    }
    ' successfully

13-08-2024T15:11:43 - [MESSAGE][PASSED] - Execute JavaScript '
    var element = document.evaluate("//label[text()='Username']/ancestor::div[@class='oxd-input-group__label-wrapper']/following-sibling::div//input[@class='oxd-input oxd-input--active']", document, null, XPathResult.FIRST_ORDERED_NODE_TYPE, null).singleNodeValue;
    if (element) {
        element.value = 'Fiboo886586@@';
        var event = new Event('input', { bubbles: true });
        element.dispatchEvent(event);
    }
    ' successfully

13-08-2024T15:11:43 - [TEST_STEP][PASSED] - delay(1): Delayed 1 second(s)

13-08-2024T15:11:44 - [MESSAGE][PASSED] - Delayed 1 second(s)

13-08-2024T15:11:44 - [TEST_STEP][PASSED] - Password = getAttribute(findTestObject("Object Repository/ADDING_A_NEW_EMPLOYEE/Add_employee_username"), "value"): Attribute 'value' of object 'Object Repository/ADDING_A_NEW_EMPLOYEE/Add_employee_username' is: 'Fiboo886586@@'

13-08-2024T15:11:44 - [MESSAGE][PASSED] - Attribute 'value' of object 'Object Repository/ADDING_A_NEW_EMPLOYEE/Add_employee_username' is: 'Fiboo886586@@'

13-08-2024T15:11:44 - [TEST_STEP][PASSED] - out.println(Password): null

13-08-2024T15:11:44 - [TEST_STEP][PASSED] - new_Value_for_password_001 = Password: null

13-08-2024T15:11:44 - [TEST_STEP][PASSED] - xpath_for_password_001 = "//label[text()='Password']/ancestor::div[@class='oxd-input-group__label-wrapper']/following-sibling::div//input[@class='oxd-input oxd-input--active']": null

13-08-2024T15:11:44 - [TEST_STEP][PASSED] - inputField_for_password_001 = TestObject().addProperty("xpath", EQUALS, xpath_for_password_001): null

13-08-2024T15:11:44 - [TEST_STEP][PASSED] - executeJavaScript(
    var element = document.evaluate("$xpath_for_password_001", document, null, XPathResult.FIRST_ORDERED_NODE_TYPE, null).singleNodeValue;
    if (element) {
        element.value = '$new_Value_for_password_001';
        var event = new Event('input', { bubbles: true });
        element.dispatchEvent(event);
    }
    , null): Execute JavaScript '
    var element = document.evaluate("//label[text()='Password']/ancestor::div[@class='oxd-input-group__label-wrapper']/following-sibling::div//input[@class='oxd-input oxd-input--active']", document, null, XPathResult.FIRST_ORDERED_NODE_TYPE, null).singleNodeValue;
    if (element) {
        element.value = 'Fiboo886586@@';
        var event = new Event('input', { bubbles: true });
        element.dispatchEvent(event);
    }
    ' successfully

13-08-2024T15:11:44 - [MESSAGE][PASSED] - Execute JavaScript '
    var element = document.evaluate("//label[text()='Password']/ancestor::div[@class='oxd-input-group__label-wrapper']/following-sibling::div//input[@class='oxd-input oxd-input--active']", document, null, XPathResult.FIRST_ORDERED_NODE_TYPE, null).singleNodeValue;
    if (element) {
        element.value = 'Fiboo886586@@';
        var event = new Event('input', { bubbles: true });
        element.dispatchEvent(event);
    }
    ' successfully

13-08-2024T15:11:44 - [TEST_STEP][PASSED] - delay(1): Delayed 1 second(s)

13-08-2024T15:11:45 - [MESSAGE][PASSED] - Delayed 1 second(s)

13-08-2024T15:11:45 - [TEST_STEP][PASSED] - new_Value_for_password_002 = Password: null

13-08-2024T15:11:45 - [TEST_STEP][PASSED] - xpath_for_password_002 = "//label[text()='Confirm Password']/ancestor::div[@class='oxd-input-group__label-wrapper']/following-sibling::div//input[@class='oxd-input oxd-input--active']": null

13-08-2024T15:11:45 - [TEST_STEP][PASSED] - inputField_for_password_002 = TestObject().addProperty("xpath", EQUALS, xpath_for_password_002): null

13-08-2024T15:11:45 - [TEST_STEP][PASSED] - executeJavaScript(
    var element = document.evaluate("$xpath_for_password_002", document, null, XPathResult.FIRST_ORDERED_NODE_TYPE, null).singleNodeValue;
    if (element) {
        element.value = '$new_Value_for_password_002';
        var event = new Event('input', { bubbles: true });
        element.dispatchEvent(event);
    }
    , null): Execute JavaScript '
    var element = document.evaluate("//label[text()='Confirm Password']/ancestor::div[@class='oxd-input-group__label-wrapper']/following-sibling::div//input[@class='oxd-input oxd-input--active']", document, null, XPathResult.FIRST_ORDERED_NODE_TYPE, null).singleNodeValue;
    if (element) {
        element.value = 'Fiboo886586@@';
        var event = new Event('input', { bubbles: true });
        element.dispatchEvent(event);
    }
    ' successfully

13-08-2024T15:11:45 - [MESSAGE][PASSED] - Execute JavaScript '
    var element = document.evaluate("//label[text()='Confirm Password']/ancestor::div[@class='oxd-input-group__label-wrapper']/following-sibling::div//input[@class='oxd-input oxd-input--active']", document, null, XPathResult.FIRST_ORDERED_NODE_TYPE, null).singleNodeValue;
    if (element) {
        element.value = 'Fiboo886586@@';
        var event = new Event('input', { bubbles: true });
        element.dispatchEvent(event);
    }
    ' successfully

13-08-2024T15:11:45 - [TEST_STEP][PASSED] - delay(1): Delayed 1 second(s)

13-08-2024T15:11:46 - [MESSAGE][PASSED] - Delayed 1 second(s)

13-08-2024T15:11:46 - [TEST_STEP][PASSED] - randomString = RandomStringUtils.randomAlphabetic(7): null

13-08-2024T15:11:46 - [TEST_STEP][PASSED] - newValue = "User_name_" + randomString: null

13-08-2024T15:11:46 - [TEST_STEP][PASSED] - xpath_for_user_name = "//label[text()='Username']/ancestor::div[@class='oxd-input-group__label-wrapper']/following-sibling::div//input[@class='oxd-input oxd-input--active']": null

13-08-2024T15:11:46 - [TEST_STEP][PASSED] - inputField = TestObject().addProperty("xpath", EQUALS, xpath_for_user_name): null

13-08-2024T15:11:46 - [TEST_STEP][PASSED] - executeJavaScript(
    var element = document.evaluate("$xpath_for_user_name", document, null, XPathResult.FIRST_ORDERED_NODE_TYPE, null).singleNodeValue;
    if (element) {
        element.value = '$newValue';
        var event = new Event('input', { bubbles: true });
        element.dispatchEvent(event);
    }
    , null): Execute JavaScript '
    var element = document.evaluate("//label[text()='Username']/ancestor::div[@class='oxd-input-group__label-wrapper']/following-sibling::div//input[@class='oxd-input oxd-input--active']", document, null, XPathResult.FIRST_ORDERED_NODE_TYPE, null).singleNodeValue;
    if (element) {
        element.value = 'User_name_eiEEVEd';
        var event = new Event('input', { bubbles: true });
        element.dispatchEvent(event);
    }
    ' successfully

13-08-2024T15:11:46 - [MESSAGE][PASSED] - Execute JavaScript '
    var element = document.evaluate("//label[text()='Username']/ancestor::div[@class='oxd-input-group__label-wrapper']/following-sibling::div//input[@class='oxd-input oxd-input--active']", document, null, XPathResult.FIRST_ORDERED_NODE_TYPE, null).singleNodeValue;
    if (element) {
        element.value = 'User_name_eiEEVEd';
        var event = new Event('input', { bubbles: true });
        element.dispatchEvent(event);
    }
    ' successfully

13-08-2024T15:11:46 - [TEST_STEP][PASSED] - delay(1): Delayed 1 second(s)

13-08-2024T15:11:47 - [MESSAGE][PASSED] - Delayed 1 second(s)

13-08-2024T15:11:47 - [TEST_STEP][PASSED] - User_name = getAttribute(findTestObject("Object Repository/ADDING_A_NEW_EMPLOYEE/Add_employee_username"), "value"): Attribute 'value' of object 'Object Repository/ADDING_A_NEW_EMPLOYEE/Add_employee_username' is: 'User_name_eiEEVEd'

13-08-2024T15:11:48 - [MESSAGE][PASSED] - Attribute 'value' of object 'Object Repository/ADDING_A_NEW_EMPLOYEE/Add_employee_username' is: 'User_name_eiEEVEd'

13-08-2024T15:11:48 - [TEST_STEP][PASSED] - out.println(User_name): null

13-08-2024T15:11:48 - [TEST_STEP][PASSED] - out.println(Password): null

13-08-2024T15:11:48 - [TEST_STEP][PASSED] - First_name = getAttribute(findTestObject("Object Repository/ADDING_A_NEW_EMPLOYEE/Add_Employee_first_name"), "value"): Attribute 'value' of object 'Object Repository/ADDING_A_NEW_EMPLOYEE/Add_Employee_first_name' is: 'First_name_wDodVgA'

13-08-2024T15:11:48 - [MESSAGE][PASSED] - Attribute 'value' of object 'Object Repository/ADDING_A_NEW_EMPLOYEE/Add_Employee_first_name' is: 'First_name_wDodVgA'

13-08-2024T15:11:48 - [TEST_STEP][PASSED] - out.println(First_name): null

13-08-2024T15:11:48 - [TEST_STEP][PASSED] - Middle_name = getAttribute(findTestObject("Object Repository/ADDING_A_NEW_EMPLOYEE/Add_employee_middle_name"), "value"): Attribute 'value' of object 'Object Repository/ADDING_A_NEW_EMPLOYEE/Add_employee_middle_name' is: 'Middle_name_VkYhbFa'

13-08-2024T15:11:48 - [MESSAGE][PASSED] - Attribute 'value' of object 'Object Repository/ADDING_A_NEW_EMPLOYEE/Add_employee_middle_name' is: 'Middle_name_VkYhbFa'

13-08-2024T15:11:48 - [TEST_STEP][PASSED] - out.println(Middle_name): null

13-08-2024T15:11:48 - [TEST_STEP][PASSED] - Last_name = getAttribute(findTestObject("Object Repository/ADDING_A_NEW_EMPLOYEE/Add_employee_last_name"), "value"): Attribute 'value' of object 'Object Repository/ADDING_A_NEW_EMPLOYEE/Add_employee_last_name' is: 'Last_name_VAfRyeT'

13-08-2024T15:11:48 - [MESSAGE][PASSED] - Attribute 'value' of object 'Object Repository/ADDING_A_NEW_EMPLOYEE/Add_employee_last_name' is: 'Last_name_VAfRyeT'

13-08-2024T15:11:48 - [TEST_STEP][PASSED] - out.println(Last_name): null

13-08-2024T15:11:48 - [TEST_STEP][PASSED] - employee_id = getAttribute(findTestObject("Object Repository/ADDING_A_NEW_EMPLOYEE/Add_employee_id"), "value"): Attribute 'value' of object 'Object Repository/ADDING_A_NEW_EMPLOYEE/Add_employee_id' is: '333898597'

13-08-2024T15:11:49 - [MESSAGE][PASSED] - Attribute 'value' of object 'Object Repository/ADDING_A_NEW_EMPLOYEE/Add_employee_id' is: '333898597'

13-08-2024T15:11:49 - [TEST_STEP][PASSED] - out.println(employee_id): null

13-08-2024T15:11:49 - [TEST_STEP][PASSED] - delay(3): Delayed 3 second(s)

13-08-2024T15:11:52 - [MESSAGE][PASSED] - Delayed 3 second(s)

13-08-2024T15:11:52 - [TEST_STEP][PASSED] - click(findTestObject("Object Repository/ADDING_A_NEW_EMPLOYEE/Add_employee_save_button")): Object: 'Object Repository/ADDING_A_NEW_EMPLOYEE/Add_employee_save_button' is clicked on

13-08-2024T15:11:52 - [MESSAGE][PASSED] - Object: 'Object Repository/ADDING_A_NEW_EMPLOYEE/Add_employee_save_button' is clicked on

13-08-2024T15:11:52 - [TEST_STEP][PASSED] - delay(2): Delayed 2 second(s)

13-08-2024T15:11:54 - [MESSAGE][PASSED] - Delayed 2 second(s)

13-08-2024T15:11:54 - [MESSAGE][PASSED] - Call Test Case 'Test Cases/ADDING_A_NEW_EMPLOYEE' successfully

13-08-2024T15:11:54 - [TEST_STEP][PASSED] - rowIndex = sheet.getLastRowNum() + 1: null

13-08-2024T15:11:54 - [TEST_STEP][PASSED] - row = sheet.createRow(rowIndex): null

13-08-2024T15:11:54 - [TEST_STEP][PASSED] - createCell(0).setCellValue(First_name): null

13-08-2024T15:11:54 - [TEST_STEP][PASSED] - createCell(1).setCellValue(Middle_name): null

13-08-2024T15:11:54 - [TEST_STEP][PASSED] - createCell(2).setCellValue(Last_name): null

13-08-2024T15:11:54 - [TEST_STEP][PASSED] - createCell(3).setCellValue(User_name): null

13-08-2024T15:11:54 - [TEST_STEP][PASSED] - createCell(4).setCellValue(Password): null

13-08-2024T15:11:54 - [TEST_STEP][PASSED] - createCell(5).setCellValue(employee_id): null

13-08-2024T15:11:54 - [TEST_STEP][PASSED] - callTestCase(findTestCase("ADDING_A_NEW_EMPLOYEE"), [:], STOP_ON_FAILURE): Call Test Case 'Test Cases/ADDING_A_NEW_EMPLOYEE' successfully

13-08-2024T15:11:54 - [TEST_CASE][PASSED] - Test Cases/ADDING_A_NEW_EMPLOYEE: Test Cases/ADDING_A_NEW_EMPLOYEE

13-08-2024T15:11:54 - [TEST_STEP][PASSED] - verifyElementPresent(findTestObject("ADDING_A_NEW_EMPLOYEE/pim_option_from_side_bar"), 10): Object 'Object Repository/ADDING_A_NEW_EMPLOYEE/pim_option_from_side_bar' is present

13-08-2024T15:11:55 - [MESSAGE][PASSED] - Object 'Object Repository/ADDING_A_NEW_EMPLOYEE/pim_option_from_side_bar' is present

13-08-2024T15:11:55 - [TEST_STEP][PASSED] - click(findTestObject("ADDING_A_NEW_EMPLOYEE/pim_option_from_side_bar")): Object: 'Object Repository/ADDING_A_NEW_EMPLOYEE/pim_option_from_side_bar' is clicked on

13-08-2024T15:11:56 - [MESSAGE][PASSED] - Object: 'Object Repository/ADDING_A_NEW_EMPLOYEE/pim_option_from_side_bar' is clicked on

13-08-2024T15:11:56 - [TEST_STEP][PASSED] - waitForElementPresent(findTestObject("ADDING_A_NEW_EMPLOYEE/adding_new_employee_button_in_pim_page"), 10): Object 'Object Repository/ADDING_A_NEW_EMPLOYEE/adding_new_employee_button_in_pim_page' is present

13-08-2024T15:11:59 - [MESSAGE][PASSED] - Object 'Object Repository/ADDING_A_NEW_EMPLOYEE/adding_new_employee_button_in_pim_page' is present

13-08-2024T15:11:59 - [TEST_STEP][PASSED] - click(findTestObject("ADDING_A_NEW_EMPLOYEE/adding_new_employee_button_in_pim_page")): Object: 'Object Repository/ADDING_A_NEW_EMPLOYEE/adding_new_employee_button_in_pim_page' is clicked on

13-08-2024T15:12:00 - [MESSAGE][PASSED] - Object: 'Object Repository/ADDING_A_NEW_EMPLOYEE/adding_new_employee_button_in_pim_page' is clicked on

13-08-2024T15:12:00 - [TEST_STEP][PASSED] - verifyElementPresent(findTestObject("ADDING_A_NEW_EMPLOYEE/create_login_details_checkbox"), 10): Object 'Object Repository/ADDING_A_NEW_EMPLOYEE/create_login_details_checkbox' is present

13-08-2024T15:12:01 - [MESSAGE][PASSED] - Object 'Object Repository/ADDING_A_NEW_EMPLOYEE/create_login_details_checkbox' is present

13-08-2024T15:12:01 - [TEST_STEP][PASSED] - click(findTestObject("ADDING_A_NEW_EMPLOYEE/create_login_details_checkbox")): Object: 'Object Repository/ADDING_A_NEW_EMPLOYEE/create_login_details_checkbox' is clicked on

13-08-2024T15:12:01 - [MESSAGE][PASSED] - Object: 'Object Repository/ADDING_A_NEW_EMPLOYEE/create_login_details_checkbox' is clicked on

13-08-2024T15:12:01 - [TEST_STEP][PASSED] - verifyElementPresent(findTestObject("Object Repository/ADDING_A_NEW_EMPLOYEE/Add_employee_enabled_radio_button"), 10): Object 'Object Repository/ADDING_A_NEW_EMPLOYEE/Add_employee_enabled_radio_button' is present

13-08-2024T15:12:02 - [MESSAGE][PASSED] - Object 'Object Repository/ADDING_A_NEW_EMPLOYEE/Add_employee_enabled_radio_button' is present

13-08-2024T15:12:02 - [TEST_STEP][PASSED] - click(findTestObject("Object Repository/ADDING_A_NEW_EMPLOYEE/Add_employee_enabled_radio_button")): Object: 'Object Repository/ADDING_A_NEW_EMPLOYEE/Add_employee_enabled_radio_button' is clicked on

13-08-2024T15:12:02 - [MESSAGE][PASSED] - Object: 'Object Repository/ADDING_A_NEW_EMPLOYEE/Add_employee_enabled_radio_button' is clicked on

13-08-2024T15:12:02 - [TEST_STEP][PASSED] - verifyElementPresent(findTestObject("Object Repository/ADDING_A_NEW_EMPLOYEE/Add_Employee_first_name"), 10): Object 'Object Repository/ADDING_A_NEW_EMPLOYEE/Add_Employee_first_name' is present

13-08-2024T15:12:02 - [MESSAGE][PASSED] - Object 'Object Repository/ADDING_A_NEW_EMPLOYEE/Add_Employee_first_name' is present

13-08-2024T15:12:02 - [TEST_STEP][PASSED] - click(findTestObject("Object Repository/ADDING_A_NEW_EMPLOYEE/Add_Employee_first_name")): Object: 'Object Repository/ADDING_A_NEW_EMPLOYEE/Add_Employee_first_name' is clicked on

13-08-2024T15:12:03 - [MESSAGE][PASSED] - Object: 'Object Repository/ADDING_A_NEW_EMPLOYEE/Add_Employee_first_name' is clicked on

13-08-2024T15:12:03 - [TEST_STEP][PASSED] - setText(findTestObject("Object Repository/ADDING_A_NEW_EMPLOYEE/Add_Employee_first_name"), "First_name_" + RandomStringUtils.randomAlphabetic(7)): Text 'First_name_jMQEtXt' is set on object 'Object Repository/ADDING_A_NEW_EMPLOYEE/Add_Employee_first_name'

13-08-2024T15:12:03 - [MESSAGE][PASSED] - Text 'First_name_jMQEtXt' is set on object 'Object Repository/ADDING_A_NEW_EMPLOYEE/Add_Employee_first_name'

13-08-2024T15:12:03 - [TEST_STEP][PASSED] - verifyElementPresent(findTestObject("Object Repository/ADDING_A_NEW_EMPLOYEE/Add_employee_middle_name"), 10): Object 'Object Repository/ADDING_A_NEW_EMPLOYEE/Add_employee_middle_name' is present

13-08-2024T15:12:03 - [MESSAGE][PASSED] - Object 'Object Repository/ADDING_A_NEW_EMPLOYEE/Add_employee_middle_name' is present

13-08-2024T15:12:03 - [TEST_STEP][PASSED] - click(findTestObject("Object Repository/ADDING_A_NEW_EMPLOYEE/Add_employee_middle_name")): Object: 'Object Repository/ADDING_A_NEW_EMPLOYEE/Add_employee_middle_name' is clicked on

13-08-2024T15:12:04 - [MESSAGE][PASSED] - Object: 'Object Repository/ADDING_A_NEW_EMPLOYEE/Add_employee_middle_name' is clicked on

13-08-2024T15:12:04 - [TEST_STEP][PASSED] - setText(findTestObject("Object Repository/ADDING_A_NEW_EMPLOYEE/Add_employee_middle_name"), "Middle_name_" + RandomStringUtils.randomAlphabetic(7)): Text 'Middle_name_DWthilI' is set on object 'Object Repository/ADDING_A_NEW_EMPLOYEE/Add_employee_middle_name'

13-08-2024T15:12:04 - [MESSAGE][PASSED] - Text 'Middle_name_DWthilI' is set on object 'Object Repository/ADDING_A_NEW_EMPLOYEE/Add_employee_middle_name'

13-08-2024T15:12:04 - [TEST_STEP][PASSED] - verifyElementPresent(findTestObject("Object Repository/ADDING_A_NEW_EMPLOYEE/Add_employee_last_name"), 10): Object 'Object Repository/ADDING_A_NEW_EMPLOYEE/Add_employee_last_name' is present

13-08-2024T15:12:05 - [MESSAGE][PASSED] - Object 'Object Repository/ADDING_A_NEW_EMPLOYEE/Add_employee_last_name' is present

13-08-2024T15:12:05 - [TEST_STEP][PASSED] - click(findTestObject("Object Repository/ADDING_A_NEW_EMPLOYEE/Add_employee_last_name")): Object: 'Object Repository/ADDING_A_NEW_EMPLOYEE/Add_employee_last_name' is clicked on

13-08-2024T15:12:05 - [MESSAGE][PASSED] - Object: 'Object Repository/ADDING_A_NEW_EMPLOYEE/Add_employee_last_name' is clicked on

13-08-2024T15:12:05 - [TEST_STEP][PASSED] - setText(findTestObject("Object Repository/ADDING_A_NEW_EMPLOYEE/Add_employee_last_name"), "Last_name_" + RandomStringUtils.randomAlphabetic(7)): Text 'Last_name_VdKnWPo' is set on object 'Object Repository/ADDING_A_NEW_EMPLOYEE/Add_employee_last_name'

13-08-2024T15:12:06 - [MESSAGE][PASSED] - Text 'Last_name_VdKnWPo' is set on object 'Object Repository/ADDING_A_NEW_EMPLOYEE/Add_employee_last_name'

13-08-2024T15:12:06 - [TEST_STEP][PASSED] - randomString_001 = RandomStringUtils.randomNumeric(6): null

13-08-2024T15:12:06 - [TEST_STEP][PASSED] - newValue_001 = "333" + randomString_001: null

13-08-2024T15:12:06 - [TEST_STEP][PASSED] - xpath_for_employee_id = "//label[text()='Employee Id']/ancestor::div[@class='oxd-input-group__label-wrapper']/following-sibling::div//input[@class='oxd-input oxd-input--active']": null

13-08-2024T15:12:06 - [TEST_STEP][PASSED] - inputField_001 = TestObject().addProperty("xpath", EQUALS, xpath_for_employee_id): null

13-08-2024T15:12:06 - [TEST_STEP][PASSED] - executeJavaScript(
    var element = document.evaluate("$xpath_for_employee_id", document, null, XPathResult.FIRST_ORDERED_NODE_TYPE, null).singleNodeValue;
    if (element) {
        element.value = '$newValue_001';
        var event = new Event('input', { bubbles: true });
        element.dispatchEvent(event);
    }
    , null): Execute JavaScript '
    var element = document.evaluate("//label[text()='Employee Id']/ancestor::div[@class='oxd-input-group__label-wrapper']/following-sibling::div//input[@class='oxd-input oxd-input--active']", document, null, XPathResult.FIRST_ORDERED_NODE_TYPE, null).singleNodeValue;
    if (element) {
        element.value = '333279866';
        var event = new Event('input', { bubbles: true });
        element.dispatchEvent(event);
    }
    ' successfully

13-08-2024T15:12:06 - [MESSAGE][PASSED] - Execute JavaScript '
    var element = document.evaluate("//label[text()='Employee Id']/ancestor::div[@class='oxd-input-group__label-wrapper']/following-sibling::div//input[@class='oxd-input oxd-input--active']", document, null, XPathResult.FIRST_ORDERED_NODE_TYPE, null).singleNodeValue;
    if (element) {
        element.value = '333279866';
        var event = new Event('input', { bubbles: true });
        element.dispatchEvent(event);
    }
    ' successfully

13-08-2024T15:12:06 - [TEST_STEP][PASSED] - delay(3): Delayed 3 second(s)

13-08-2024T15:12:09 - [MESSAGE][PASSED] - Delayed 3 second(s)

13-08-2024T15:12:09 - [TEST_STEP][PASSED] - randomString_for_password = RandomStringUtils.randomNumeric(6): null

13-08-2024T15:12:09 - [TEST_STEP][PASSED] - new_Value_for_password = "Fiboo" + randomString_for_password + "@@": null

13-08-2024T15:12:09 - [TEST_STEP][PASSED] - xpath_for_password = "//label[text()='Username']/ancestor::div[@class='oxd-input-group__label-wrapper']/following-sibling::div//input[@class='oxd-input oxd-input--active']": null

13-08-2024T15:12:09 - [TEST_STEP][PASSED] - inputField_for_password = TestObject().addProperty("xpath", EQUALS, xpath_for_password): null

13-08-2024T15:12:09 - [TEST_STEP][PASSED] - executeJavaScript(
    var element = document.evaluate("$xpath_for_password", document, null, XPathResult.FIRST_ORDERED_NODE_TYPE, null).singleNodeValue;
    if (element) {
        element.value = '$new_Value_for_password';
        var event = new Event('input', { bubbles: true });
        element.dispatchEvent(event);
    }
    , null): Execute JavaScript '
    var element = document.evaluate("//label[text()='Username']/ancestor::div[@class='oxd-input-group__label-wrapper']/following-sibling::div//input[@class='oxd-input oxd-input--active']", document, null, XPathResult.FIRST_ORDERED_NODE_TYPE, null).singleNodeValue;
    if (element) {
        element.value = 'Fiboo407116@@';
        var event = new Event('input', { bubbles: true });
        element.dispatchEvent(event);
    }
    ' successfully

13-08-2024T15:12:09 - [MESSAGE][PASSED] - Execute JavaScript '
    var element = document.evaluate("//label[text()='Username']/ancestor::div[@class='oxd-input-group__label-wrapper']/following-sibling::div//input[@class='oxd-input oxd-input--active']", document, null, XPathResult.FIRST_ORDERED_NODE_TYPE, null).singleNodeValue;
    if (element) {
        element.value = 'Fiboo407116@@';
        var event = new Event('input', { bubbles: true });
        element.dispatchEvent(event);
    }
    ' successfully

13-08-2024T15:12:09 - [TEST_STEP][PASSED] - delay(1): Delayed 1 second(s)

13-08-2024T15:12:10 - [MESSAGE][PASSED] - Delayed 1 second(s)

13-08-2024T15:12:10 - [TEST_STEP][PASSED] - Password = getAttribute(findTestObject("Object Repository/ADDING_A_NEW_EMPLOYEE/Add_employee_username"), "value"): Attribute 'value' of object 'Object Repository/ADDING_A_NEW_EMPLOYEE/Add_employee_username' is: 'Fiboo407116@@'

13-08-2024T15:12:10 - [MESSAGE][PASSED] - Attribute 'value' of object 'Object Repository/ADDING_A_NEW_EMPLOYEE/Add_employee_username' is: 'Fiboo407116@@'

13-08-2024T15:12:10 - [TEST_STEP][PASSED] - out.println(Password): null

13-08-2024T15:12:10 - [TEST_STEP][PASSED] - new_Value_for_password_001 = Password: null

13-08-2024T15:12:10 - [TEST_STEP][PASSED] - xpath_for_password_001 = "//label[text()='Password']/ancestor::div[@class='oxd-input-group__label-wrapper']/following-sibling::div//input[@class='oxd-input oxd-input--active']": null

13-08-2024T15:12:10 - [TEST_STEP][PASSED] - inputField_for_password_001 = TestObject().addProperty("xpath", EQUALS, xpath_for_password_001): null

13-08-2024T15:12:10 - [TEST_STEP][PASSED] - executeJavaScript(
    var element = document.evaluate("$xpath_for_password_001", document, null, XPathResult.FIRST_ORDERED_NODE_TYPE, null).singleNodeValue;
    if (element) {
        element.value = '$new_Value_for_password_001';
        var event = new Event('input', { bubbles: true });
        element.dispatchEvent(event);
    }
    , null): Execute JavaScript '
    var element = document.evaluate("//label[text()='Password']/ancestor::div[@class='oxd-input-group__label-wrapper']/following-sibling::div//input[@class='oxd-input oxd-input--active']", document, null, XPathResult.FIRST_ORDERED_NODE_TYPE, null).singleNodeValue;
    if (element) {
        element.value = 'Fiboo407116@@';
        var event = new Event('input', { bubbles: true });
        element.dispatchEvent(event);
    }
    ' successfully

13-08-2024T15:12:10 - [MESSAGE][PASSED] - Execute JavaScript '
    var element = document.evaluate("//label[text()='Password']/ancestor::div[@class='oxd-input-group__label-wrapper']/following-sibling::div//input[@class='oxd-input oxd-input--active']", document, null, XPathResult.FIRST_ORDERED_NODE_TYPE, null).singleNodeValue;
    if (element) {
        element.value = 'Fiboo407116@@';
        var event = new Event('input', { bubbles: true });
        element.dispatchEvent(event);
    }
    ' successfully

13-08-2024T15:12:10 - [TEST_STEP][PASSED] - delay(1): Delayed 1 second(s)

13-08-2024T15:12:11 - [MESSAGE][PASSED] - Delayed 1 second(s)

13-08-2024T15:12:11 - [TEST_STEP][PASSED] - new_Value_for_password_002 = Password: null

13-08-2024T15:12:11 - [TEST_STEP][PASSED] - xpath_for_password_002 = "//label[text()='Confirm Password']/ancestor::div[@class='oxd-input-group__label-wrapper']/following-sibling::div//input[@class='oxd-input oxd-input--active']": null

13-08-2024T15:12:11 - [TEST_STEP][PASSED] - inputField_for_password_002 = TestObject().addProperty("xpath", EQUALS, xpath_for_password_002): null

13-08-2024T15:12:11 - [TEST_STEP][PASSED] - executeJavaScript(
    var element = document.evaluate("$xpath_for_password_002", document, null, XPathResult.FIRST_ORDERED_NODE_TYPE, null).singleNodeValue;
    if (element) {
        element.value = '$new_Value_for_password_002';
        var event = new Event('input', { bubbles: true });
        element.dispatchEvent(event);
    }
    , null): Execute JavaScript '
    var element = document.evaluate("//label[text()='Confirm Password']/ancestor::div[@class='oxd-input-group__label-wrapper']/following-sibling::div//input[@class='oxd-input oxd-input--active']", document, null, XPathResult.FIRST_ORDERED_NODE_TYPE, null).singleNodeValue;
    if (element) {
        element.value = 'Fiboo407116@@';
        var event = new Event('input', { bubbles: true });
        element.dispatchEvent(event);
    }
    ' successfully

13-08-2024T15:12:11 - [MESSAGE][PASSED] - Execute JavaScript '
    var element = document.evaluate("//label[text()='Confirm Password']/ancestor::div[@class='oxd-input-group__label-wrapper']/following-sibling::div//input[@class='oxd-input oxd-input--active']", document, null, XPathResult.FIRST_ORDERED_NODE_TYPE, null).singleNodeValue;
    if (element) {
        element.value = 'Fiboo407116@@';
        var event = new Event('input', { bubbles: true });
        element.dispatchEvent(event);
    }
    ' successfully

13-08-2024T15:12:11 - [TEST_STEP][PASSED] - delay(1): Delayed 1 second(s)

13-08-2024T15:12:12 - [MESSAGE][PASSED] - Delayed 1 second(s)

13-08-2024T15:12:12 - [TEST_STEP][PASSED] - randomString = RandomStringUtils.randomAlphabetic(7): null

13-08-2024T15:12:12 - [TEST_STEP][PASSED] - newValue = "User_name_" + randomString: null

13-08-2024T15:12:12 - [TEST_STEP][PASSED] - xpath_for_user_name = "//label[text()='Username']/ancestor::div[@class='oxd-input-group__label-wrapper']/following-sibling::div//input[@class='oxd-input oxd-input--active']": null

13-08-2024T15:12:12 - [TEST_STEP][PASSED] - inputField = TestObject().addProperty("xpath", EQUALS, xpath_for_user_name): null

13-08-2024T15:12:12 - [TEST_STEP][PASSED] - executeJavaScript(
    var element = document.evaluate("$xpath_for_user_name", document, null, XPathResult.FIRST_ORDERED_NODE_TYPE, null).singleNodeValue;
    if (element) {
        element.value = '$newValue';
        var event = new Event('input', { bubbles: true });
        element.dispatchEvent(event);
    }
    , null): Execute JavaScript '
    var element = document.evaluate("//label[text()='Username']/ancestor::div[@class='oxd-input-group__label-wrapper']/following-sibling::div//input[@class='oxd-input oxd-input--active']", document, null, XPathResult.FIRST_ORDERED_NODE_TYPE, null).singleNodeValue;
    if (element) {
        element.value = 'User_name_exGudFu';
        var event = new Event('input', { bubbles: true });
        element.dispatchEvent(event);
    }
    ' successfully

13-08-2024T15:12:12 - [MESSAGE][PASSED] - Execute JavaScript '
    var element = document.evaluate("//label[text()='Username']/ancestor::div[@class='oxd-input-group__label-wrapper']/following-sibling::div//input[@class='oxd-input oxd-input--active']", document, null, XPathResult.FIRST_ORDERED_NODE_TYPE, null).singleNodeValue;
    if (element) {
        element.value = 'User_name_exGudFu';
        var event = new Event('input', { bubbles: true });
        element.dispatchEvent(event);
    }
    ' successfully

13-08-2024T15:12:12 - [TEST_STEP][PASSED] - delay(1): Delayed 1 second(s)

13-08-2024T15:12:13 - [MESSAGE][PASSED] - Delayed 1 second(s)

13-08-2024T15:12:13 - [TEST_STEP][PASSED] - User_name = getAttribute(findTestObject("Object Repository/ADDING_A_NEW_EMPLOYEE/Add_employee_username"), "value"): Attribute 'value' of object 'Object Repository/ADDING_A_NEW_EMPLOYEE/Add_employee_username' is: 'User_name_exGudFu'

13-08-2024T15:12:13 - [MESSAGE][PASSED] - Attribute 'value' of object 'Object Repository/ADDING_A_NEW_EMPLOYEE/Add_employee_username' is: 'User_name_exGudFu'

13-08-2024T15:12:13 - [TEST_STEP][PASSED] - out.println(User_name): null

13-08-2024T15:12:13 - [TEST_STEP][PASSED] - out.println(Password): null

13-08-2024T15:12:13 - [TEST_STEP][PASSED] - First_name = getAttribute(findTestObject("Object Repository/ADDING_A_NEW_EMPLOYEE/Add_Employee_first_name"), "value"): Attribute 'value' of object 'Object Repository/ADDING_A_NEW_EMPLOYEE/Add_Employee_first_name' is: 'First_name_jMQEtXt'

13-08-2024T15:12:14 - [MESSAGE][PASSED] - Attribute 'value' of object 'Object Repository/ADDING_A_NEW_EMPLOYEE/Add_Employee_first_name' is: 'First_name_jMQEtXt'

13-08-2024T15:12:14 - [TEST_STEP][PASSED] - out.println(First_name): null

13-08-2024T15:12:14 - [TEST_STEP][PASSED] - Middle_name = getAttribute(findTestObject("Object Repository/ADDING_A_NEW_EMPLOYEE/Add_employee_middle_name"), "value"): Attribute 'value' of object 'Object Repository/ADDING_A_NEW_EMPLOYEE/Add_employee_middle_name' is: 'Middle_name_DWthilI'

13-08-2024T15:12:14 - [MESSAGE][PASSED] - Attribute 'value' of object 'Object Repository/ADDING_A_NEW_EMPLOYEE/Add_employee_middle_name' is: 'Middle_name_DWthilI'

13-08-2024T15:12:14 - [TEST_STEP][PASSED] - out.println(Middle_name): null

13-08-2024T15:12:14 - [TEST_STEP][PASSED] - Last_name = getAttribute(findTestObject("Object Repository/ADDING_A_NEW_EMPLOYEE/Add_employee_last_name"), "value"): Attribute 'value' of object 'Object Repository/ADDING_A_NEW_EMPLOYEE/Add_employee_last_name' is: 'Last_name_VdKnWPo'

13-08-2024T15:12:14 - [MESSAGE][PASSED] - Attribute 'value' of object 'Object Repository/ADDING_A_NEW_EMPLOYEE/Add_employee_last_name' is: 'Last_name_VdKnWPo'

13-08-2024T15:12:14 - [TEST_STEP][PASSED] - out.println(Last_name): null

13-08-2024T15:12:14 - [TEST_STEP][PASSED] - employee_id = getAttribute(findTestObject("Object Repository/ADDING_A_NEW_EMPLOYEE/Add_employee_id"), "value"): Attribute 'value' of object 'Object Repository/ADDING_A_NEW_EMPLOYEE/Add_employee_id' is: '333279866'

13-08-2024T15:12:14 - [MESSAGE][PASSED] - Attribute 'value' of object 'Object Repository/ADDING_A_NEW_EMPLOYEE/Add_employee_id' is: '333279866'

13-08-2024T15:12:14 - [TEST_STEP][PASSED] - out.println(employee_id): null

13-08-2024T15:12:14 - [TEST_STEP][PASSED] - delay(3): Delayed 3 second(s)

13-08-2024T15:12:17 - [MESSAGE][PASSED] - Delayed 3 second(s)

13-08-2024T15:12:17 - [TEST_STEP][PASSED] - click(findTestObject("Object Repository/ADDING_A_NEW_EMPLOYEE/Add_employee_save_button")): Object: 'Object Repository/ADDING_A_NEW_EMPLOYEE/Add_employee_save_button' is clicked on

13-08-2024T15:12:18 - [MESSAGE][PASSED] - Object: 'Object Repository/ADDING_A_NEW_EMPLOYEE/Add_employee_save_button' is clicked on

13-08-2024T15:12:18 - [TEST_STEP][PASSED] - delay(2): Delayed 2 second(s)

13-08-2024T15:12:20 - [MESSAGE][PASSED] - Delayed 2 second(s)

13-08-2024T15:12:20 - [MESSAGE][PASSED] - Call Test Case 'Test Cases/ADDING_A_NEW_EMPLOYEE' successfully

13-08-2024T15:12:20 - [TEST_STEP][PASSED] - rowIndex = sheet.getLastRowNum() + 1: null

13-08-2024T15:12:20 - [TEST_STEP][PASSED] - row = sheet.createRow(rowIndex): null

13-08-2024T15:12:20 - [TEST_STEP][PASSED] - createCell(0).setCellValue(First_name): null

13-08-2024T15:12:20 - [TEST_STEP][PASSED] - createCell(1).setCellValue(Middle_name): null

13-08-2024T15:12:20 - [TEST_STEP][PASSED] - createCell(2).setCellValue(Last_name): null

13-08-2024T15:12:20 - [TEST_STEP][PASSED] - createCell(3).setCellValue(User_name): null

13-08-2024T15:12:20 - [TEST_STEP][PASSED] - createCell(4).setCellValue(Password): null

13-08-2024T15:12:20 - [TEST_STEP][PASSED] - createCell(5).setCellValue(employee_id): null

13-08-2024T15:12:20 - [TEST_STEP][PASSED] - callTestCase(findTestCase("ADDING_A_NEW_EMPLOYEE"), [:], STOP_ON_FAILURE): Call Test Case 'Test Cases/ADDING_A_NEW_EMPLOYEE' successfully

13-08-2024T15:12:20 - [TEST_CASE][PASSED] - Test Cases/ADDING_A_NEW_EMPLOYEE: Test Cases/ADDING_A_NEW_EMPLOYEE

13-08-2024T15:12:20 - [TEST_STEP][PASSED] - verifyElementPresent(findTestObject("ADDING_A_NEW_EMPLOYEE/pim_option_from_side_bar"), 10): Object 'Object Repository/ADDING_A_NEW_EMPLOYEE/pim_option_from_side_bar' is present

13-08-2024T15:12:20 - [MESSAGE][PASSED] - Object 'Object Repository/ADDING_A_NEW_EMPLOYEE/pim_option_from_side_bar' is present

13-08-2024T15:12:20 - [TEST_STEP][PASSED] - click(findTestObject("ADDING_A_NEW_EMPLOYEE/pim_option_from_side_bar")): Object: 'Object Repository/ADDING_A_NEW_EMPLOYEE/pim_option_from_side_bar' is clicked on

13-08-2024T15:12:22 - [MESSAGE][PASSED] - Object: 'Object Repository/ADDING_A_NEW_EMPLOYEE/pim_option_from_side_bar' is clicked on

13-08-2024T15:12:22 - [TEST_STEP][PASSED] - waitForElementPresent(findTestObject("ADDING_A_NEW_EMPLOYEE/adding_new_employee_button_in_pim_page"), 10): Object 'Object Repository/ADDING_A_NEW_EMPLOYEE/adding_new_employee_button_in_pim_page' is present

13-08-2024T15:12:24 - [MESSAGE][PASSED] - Object 'Object Repository/ADDING_A_NEW_EMPLOYEE/adding_new_employee_button_in_pim_page' is present

13-08-2024T15:12:24 - [TEST_STEP][PASSED] - click(findTestObject("ADDING_A_NEW_EMPLOYEE/adding_new_employee_button_in_pim_page")): Object: 'Object Repository/ADDING_A_NEW_EMPLOYEE/adding_new_employee_button_in_pim_page' is clicked on

13-08-2024T15:12:25 - [MESSAGE][PASSED] - Object: 'Object Repository/ADDING_A_NEW_EMPLOYEE/adding_new_employee_button_in_pim_page' is clicked on

13-08-2024T15:12:25 - [TEST_STEP][PASSED] - verifyElementPresent(findTestObject("ADDING_A_NEW_EMPLOYEE/create_login_details_checkbox"), 10): Object 'Object Repository/ADDING_A_NEW_EMPLOYEE/create_login_details_checkbox' is present

13-08-2024T15:12:26 - [MESSAGE][PASSED] - Object 'Object Repository/ADDING_A_NEW_EMPLOYEE/create_login_details_checkbox' is present

13-08-2024T15:12:26 - [TEST_STEP][PASSED] - click(findTestObject("ADDING_A_NEW_EMPLOYEE/create_login_details_checkbox")): Object: 'Object Repository/ADDING_A_NEW_EMPLOYEE/create_login_details_checkbox' is clicked on

13-08-2024T15:12:26 - [MESSAGE][PASSED] - Object: 'Object Repository/ADDING_A_NEW_EMPLOYEE/create_login_details_checkbox' is clicked on

13-08-2024T15:12:26 - [TEST_STEP][PASSED] - verifyElementPresent(findTestObject("Object Repository/ADDING_A_NEW_EMPLOYEE/Add_employee_enabled_radio_button"), 10): Object 'Object Repository/ADDING_A_NEW_EMPLOYEE/Add_employee_enabled_radio_button' is present

13-08-2024T15:12:27 - [MESSAGE][PASSED] - Object 'Object Repository/ADDING_A_NEW_EMPLOYEE/Add_employee_enabled_radio_button' is present

13-08-2024T15:12:27 - [TEST_STEP][PASSED] - click(findTestObject("Object Repository/ADDING_A_NEW_EMPLOYEE/Add_employee_enabled_radio_button")): Object: 'Object Repository/ADDING_A_NEW_EMPLOYEE/Add_employee_enabled_radio_button' is clicked on

13-08-2024T15:12:27 - [MESSAGE][PASSED] - Object: 'Object Repository/ADDING_A_NEW_EMPLOYEE/Add_employee_enabled_radio_button' is clicked on

13-08-2024T15:12:27 - [TEST_STEP][PASSED] - verifyElementPresent(findTestObject("Object Repository/ADDING_A_NEW_EMPLOYEE/Add_Employee_first_name"), 10): Object 'Object Repository/ADDING_A_NEW_EMPLOYEE/Add_Employee_first_name' is present

13-08-2024T15:12:27 - [MESSAGE][PASSED] - Object 'Object Repository/ADDING_A_NEW_EMPLOYEE/Add_Employee_first_name' is present

13-08-2024T15:12:27 - [TEST_STEP][PASSED] - click(findTestObject("Object Repository/ADDING_A_NEW_EMPLOYEE/Add_Employee_first_name")): Object: 'Object Repository/ADDING_A_NEW_EMPLOYEE/Add_Employee_first_name' is clicked on

13-08-2024T15:12:28 - [MESSAGE][PASSED] - Object: 'Object Repository/ADDING_A_NEW_EMPLOYEE/Add_Employee_first_name' is clicked on

13-08-2024T15:12:28 - [TEST_STEP][PASSED] - setText(findTestObject("Object Repository/ADDING_A_NEW_EMPLOYEE/Add_Employee_first_name"), "First_name_" + RandomStringUtils.randomAlphabetic(7)): Text 'First_name_TeNYEdz' is set on object 'Object Repository/ADDING_A_NEW_EMPLOYEE/Add_Employee_first_name'

13-08-2024T15:12:28 - [MESSAGE][PASSED] - Text 'First_name_TeNYEdz' is set on object 'Object Repository/ADDING_A_NEW_EMPLOYEE/Add_Employee_first_name'

13-08-2024T15:12:28 - [TEST_STEP][PASSED] - verifyElementPresent(findTestObject("Object Repository/ADDING_A_NEW_EMPLOYEE/Add_employee_middle_name"), 10): Object 'Object Repository/ADDING_A_NEW_EMPLOYEE/Add_employee_middle_name' is present

13-08-2024T15:12:28 - [MESSAGE][PASSED] - Object 'Object Repository/ADDING_A_NEW_EMPLOYEE/Add_employee_middle_name' is present

13-08-2024T15:12:28 - [TEST_STEP][PASSED] - click(findTestObject("Object Repository/ADDING_A_NEW_EMPLOYEE/Add_employee_middle_name")): Object: 'Object Repository/ADDING_A_NEW_EMPLOYEE/Add_employee_middle_name' is clicked on

13-08-2024T15:12:29 - [MESSAGE][PASSED] - Object: 'Object Repository/ADDING_A_NEW_EMPLOYEE/Add_employee_middle_name' is clicked on

13-08-2024T15:12:29 - [TEST_STEP][PASSED] - setText(findTestObject("Object Repository/ADDING_A_NEW_EMPLOYEE/Add_employee_middle_name"), "Middle_name_" + RandomStringUtils.randomAlphabetic(7)): Text 'Middle_name_tefkNgv' is set on object 'Object Repository/ADDING_A_NEW_EMPLOYEE/Add_employee_middle_name'

13-08-2024T15:12:29 - [MESSAGE][PASSED] - Text 'Middle_name_tefkNgv' is set on object 'Object Repository/ADDING_A_NEW_EMPLOYEE/Add_employee_middle_name'

13-08-2024T15:12:29 - [TEST_STEP][PASSED] - verifyElementPresent(findTestObject("Object Repository/ADDING_A_NEW_EMPLOYEE/Add_employee_last_name"), 10): Object 'Object Repository/ADDING_A_NEW_EMPLOYEE/Add_employee_last_name' is present

13-08-2024T15:12:30 - [MESSAGE][PASSED] - Object 'Object Repository/ADDING_A_NEW_EMPLOYEE/Add_employee_last_name' is present

13-08-2024T15:12:30 - [TEST_STEP][PASSED] - click(findTestObject("Object Repository/ADDING_A_NEW_EMPLOYEE/Add_employee_last_name")): Object: 'Object Repository/ADDING_A_NEW_EMPLOYEE/Add_employee_last_name' is clicked on

13-08-2024T15:12:30 - [MESSAGE][PASSED] - Object: 'Object Repository/ADDING_A_NEW_EMPLOYEE/Add_employee_last_name' is clicked on

13-08-2024T15:12:30 - [TEST_STEP][PASSED] - setText(findTestObject("Object Repository/ADDING_A_NEW_EMPLOYEE/Add_employee_last_name"), "Last_name_" + RandomStringUtils.randomAlphabetic(7)): Text 'Last_name_TRLFxnQ' is set on object 'Object Repository/ADDING_A_NEW_EMPLOYEE/Add_employee_last_name'

13-08-2024T15:12:30 - [MESSAGE][PASSED] - Text 'Last_name_TRLFxnQ' is set on object 'Object Repository/ADDING_A_NEW_EMPLOYEE/Add_employee_last_name'

13-08-2024T15:12:30 - [TEST_STEP][PASSED] - randomString_001 = RandomStringUtils.randomNumeric(6): null

13-08-2024T15:12:30 - [TEST_STEP][PASSED] - newValue_001 = "333" + randomString_001: null

13-08-2024T15:12:30 - [TEST_STEP][PASSED] - xpath_for_employee_id = "//label[text()='Employee Id']/ancestor::div[@class='oxd-input-group__label-wrapper']/following-sibling::div//input[@class='oxd-input oxd-input--active']": null

13-08-2024T15:12:30 - [TEST_STEP][PASSED] - inputField_001 = TestObject().addProperty("xpath", EQUALS, xpath_for_employee_id): null

13-08-2024T15:12:30 - [TEST_STEP][PASSED] - executeJavaScript(
    var element = document.evaluate("$xpath_for_employee_id", document, null, XPathResult.FIRST_ORDERED_NODE_TYPE, null).singleNodeValue;
    if (element) {
        element.value = '$newValue_001';
        var event = new Event('input', { bubbles: true });
        element.dispatchEvent(event);
    }
    , null): Execute JavaScript '
    var element = document.evaluate("//label[text()='Employee Id']/ancestor::div[@class='oxd-input-group__label-wrapper']/following-sibling::div//input[@class='oxd-input oxd-input--active']", document, null, XPathResult.FIRST_ORDERED_NODE_TYPE, null).singleNodeValue;
    if (element) {
        element.value = '333886809';
        var event = new Event('input', { bubbles: true });
        element.dispatchEvent(event);
    }
    ' successfully

13-08-2024T15:12:30 - [MESSAGE][PASSED] - Execute JavaScript '
    var element = document.evaluate("//label[text()='Employee Id']/ancestor::div[@class='oxd-input-group__label-wrapper']/following-sibling::div//input[@class='oxd-input oxd-input--active']", document, null, XPathResult.FIRST_ORDERED_NODE_TYPE, null).singleNodeValue;
    if (element) {
        element.value = '333886809';
        var event = new Event('input', { bubbles: true });
        element.dispatchEvent(event);
    }
    ' successfully

13-08-2024T15:12:30 - [TEST_STEP][PASSED] - delay(3): Delayed 3 second(s)

13-08-2024T15:12:33 - [MESSAGE][PASSED] - Delayed 3 second(s)

13-08-2024T15:12:33 - [TEST_STEP][PASSED] - randomString_for_password = RandomStringUtils.randomNumeric(6): null

13-08-2024T15:12:33 - [TEST_STEP][PASSED] - new_Value_for_password = "Fiboo" + randomString_for_password + "@@": null

13-08-2024T15:12:33 - [TEST_STEP][PASSED] - xpath_for_password = "//label[text()='Username']/ancestor::div[@class='oxd-input-group__label-wrapper']/following-sibling::div//input[@class='oxd-input oxd-input--active']": null

13-08-2024T15:12:33 - [TEST_STEP][PASSED] - inputField_for_password = TestObject().addProperty("xpath", EQUALS, xpath_for_password): null

13-08-2024T15:12:33 - [TEST_STEP][PASSED] - executeJavaScript(
    var element = document.evaluate("$xpath_for_password", document, null, XPathResult.FIRST_ORDERED_NODE_TYPE, null).singleNodeValue;
    if (element) {
        element.value = '$new_Value_for_password';
        var event = new Event('input', { bubbles: true });
        element.dispatchEvent(event);
    }
    , null): Execute JavaScript '
    var element = document.evaluate("//label[text()='Username']/ancestor::div[@class='oxd-input-group__label-wrapper']/following-sibling::div//input[@class='oxd-input oxd-input--active']", document, null, XPathResult.FIRST_ORDERED_NODE_TYPE, null).singleNodeValue;
    if (element) {
        element.value = 'Fiboo576230@@';
        var event = new Event('input', { bubbles: true });
        element.dispatchEvent(event);
    }
    ' successfully

13-08-2024T15:12:34 - [MESSAGE][PASSED] - Execute JavaScript '
    var element = document.evaluate("//label[text()='Username']/ancestor::div[@class='oxd-input-group__label-wrapper']/following-sibling::div//input[@class='oxd-input oxd-input--active']", document, null, XPathResult.FIRST_ORDERED_NODE_TYPE, null).singleNodeValue;
    if (element) {
        element.value = 'Fiboo576230@@';
        var event = new Event('input', { bubbles: true });
        element.dispatchEvent(event);
    }
    ' successfully

13-08-2024T15:12:34 - [TEST_STEP][PASSED] - delay(1): Delayed 1 second(s)

13-08-2024T15:12:35 - [MESSAGE][PASSED] - Delayed 1 second(s)

13-08-2024T15:12:35 - [TEST_STEP][PASSED] - Password = getAttribute(findTestObject("Object Repository/ADDING_A_NEW_EMPLOYEE/Add_employee_username"), "value"): Attribute 'value' of object 'Object Repository/ADDING_A_NEW_EMPLOYEE/Add_employee_username' is: 'Fiboo576230@@'

13-08-2024T15:12:35 - [MESSAGE][PASSED] - Attribute 'value' of object 'Object Repository/ADDING_A_NEW_EMPLOYEE/Add_employee_username' is: 'Fiboo576230@@'

13-08-2024T15:12:35 - [TEST_STEP][PASSED] - out.println(Password): null

13-08-2024T15:12:35 - [TEST_STEP][PASSED] - new_Value_for_password_001 = Password: null

13-08-2024T15:12:35 - [TEST_STEP][PASSED] - xpath_for_password_001 = "//label[text()='Password']/ancestor::div[@class='oxd-input-group__label-wrapper']/following-sibling::div//input[@class='oxd-input oxd-input--active']": null

13-08-2024T15:12:35 - [TEST_STEP][PASSED] - inputField_for_password_001 = TestObject().addProperty("xpath", EQUALS, xpath_for_password_001): null

13-08-2024T15:12:35 - [TEST_STEP][PASSED] - executeJavaScript(
    var element = document.evaluate("$xpath_for_password_001", document, null, XPathResult.FIRST_ORDERED_NODE_TYPE, null).singleNodeValue;
    if (element) {
        element.value = '$new_Value_for_password_001';
        var event = new Event('input', { bubbles: true });
        element.dispatchEvent(event);
    }
    , null): Execute JavaScript '
    var element = document.evaluate("//label[text()='Password']/ancestor::div[@class='oxd-input-group__label-wrapper']/following-sibling::div//input[@class='oxd-input oxd-input--active']", document, null, XPathResult.FIRST_ORDERED_NODE_TYPE, null).singleNodeValue;
    if (element) {
        element.value = 'Fiboo576230@@';
        var event = new Event('input', { bubbles: true });
        element.dispatchEvent(event);
    }
    ' successfully

13-08-2024T15:12:35 - [MESSAGE][PASSED] - Execute JavaScript '
    var element = document.evaluate("//label[text()='Password']/ancestor::div[@class='oxd-input-group__label-wrapper']/following-sibling::div//input[@class='oxd-input oxd-input--active']", document, null, XPathResult.FIRST_ORDERED_NODE_TYPE, null).singleNodeValue;
    if (element) {
        element.value = 'Fiboo576230@@';
        var event = new Event('input', { bubbles: true });
        element.dispatchEvent(event);
    }
    ' successfully

13-08-2024T15:12:35 - [TEST_STEP][PASSED] - delay(1): Delayed 1 second(s)

13-08-2024T15:12:36 - [MESSAGE][PASSED] - Delayed 1 second(s)

13-08-2024T15:12:36 - [TEST_STEP][PASSED] - new_Value_for_password_002 = Password: null

13-08-2024T15:12:36 - [TEST_STEP][PASSED] - xpath_for_password_002 = "//label[text()='Confirm Password']/ancestor::div[@class='oxd-input-group__label-wrapper']/following-sibling::div//input[@class='oxd-input oxd-input--active']": null

13-08-2024T15:12:36 - [TEST_STEP][PASSED] - inputField_for_password_002 = TestObject().addProperty("xpath", EQUALS, xpath_for_password_002): null

13-08-2024T15:12:36 - [TEST_STEP][PASSED] - executeJavaScript(
    var element = document.evaluate("$xpath_for_password_002", document, null, XPathResult.FIRST_ORDERED_NODE_TYPE, null).singleNodeValue;
    if (element) {
        element.value = '$new_Value_for_password_002';
        var event = new Event('input', { bubbles: true });
        element.dispatchEvent(event);
    }
    , null): Execute JavaScript '
    var element = document.evaluate("//label[text()='Confirm Password']/ancestor::div[@class='oxd-input-group__label-wrapper']/following-sibling::div//input[@class='oxd-input oxd-input--active']", document, null, XPathResult.FIRST_ORDERED_NODE_TYPE, null).singleNodeValue;
    if (element) {
        element.value = 'Fiboo576230@@';
        var event = new Event('input', { bubbles: true });
        element.dispatchEvent(event);
    }
    ' successfully

13-08-2024T15:12:36 - [MESSAGE][PASSED] - Execute JavaScript '
    var element = document.evaluate("//label[text()='Confirm Password']/ancestor::div[@class='oxd-input-group__label-wrapper']/following-sibling::div//input[@class='oxd-input oxd-input--active']", document, null, XPathResult.FIRST_ORDERED_NODE_TYPE, null).singleNodeValue;
    if (element) {
        element.value = 'Fiboo576230@@';
        var event = new Event('input', { bubbles: true });
        element.dispatchEvent(event);
    }
    ' successfully

13-08-2024T15:12:36 - [TEST_STEP][PASSED] - delay(1): Delayed 1 second(s)

13-08-2024T15:12:37 - [MESSAGE][PASSED] - Delayed 1 second(s)

13-08-2024T15:12:37 - [TEST_STEP][PASSED] - randomString = RandomStringUtils.randomAlphabetic(7): null

13-08-2024T15:12:37 - [TEST_STEP][PASSED] - newValue = "User_name_" + randomString: null

13-08-2024T15:12:37 - [TEST_STEP][PASSED] - xpath_for_user_name = "//label[text()='Username']/ancestor::div[@class='oxd-input-group__label-wrapper']/following-sibling::div//input[@class='oxd-input oxd-input--active']": null

13-08-2024T15:12:37 - [TEST_STEP][PASSED] - inputField = TestObject().addProperty("xpath", EQUALS, xpath_for_user_name): null

13-08-2024T15:12:37 - [TEST_STEP][PASSED] - executeJavaScript(
    var element = document.evaluate("$xpath_for_user_name", document, null, XPathResult.FIRST_ORDERED_NODE_TYPE, null).singleNodeValue;
    if (element) {
        element.value = '$newValue';
        var event = new Event('input', { bubbles: true });
        element.dispatchEvent(event);
    }
    , null): Execute JavaScript '
    var element = document.evaluate("//label[text()='Username']/ancestor::div[@class='oxd-input-group__label-wrapper']/following-sibling::div//input[@class='oxd-input oxd-input--active']", document, null, XPathResult.FIRST_ORDERED_NODE_TYPE, null).singleNodeValue;
    if (element) {
        element.value = 'User_name_HqpAJwI';
        var event = new Event('input', { bubbles: true });
        element.dispatchEvent(event);
    }
    ' successfully

13-08-2024T15:12:37 - [MESSAGE][PASSED] - Execute JavaScript '
    var element = document.evaluate("//label[text()='Username']/ancestor::div[@class='oxd-input-group__label-wrapper']/following-sibling::div//input[@class='oxd-input oxd-input--active']", document, null, XPathResult.FIRST_ORDERED_NODE_TYPE, null).singleNodeValue;
    if (element) {
        element.value = 'User_name_HqpAJwI';
        var event = new Event('input', { bubbles: true });
        element.dispatchEvent(event);
    }
    ' successfully

13-08-2024T15:12:37 - [TEST_STEP][PASSED] - delay(1): Delayed 1 second(s)

13-08-2024T15:12:38 - [MESSAGE][PASSED] - Delayed 1 second(s)

13-08-2024T15:12:38 - [TEST_STEP][PASSED] - User_name = getAttribute(findTestObject("Object Repository/ADDING_A_NEW_EMPLOYEE/Add_employee_username"), "value"): Attribute 'value' of object 'Object Repository/ADDING_A_NEW_EMPLOYEE/Add_employee_username' is: 'User_name_HqpAJwI'

13-08-2024T15:12:38 - [MESSAGE][PASSED] - Attribute 'value' of object 'Object Repository/ADDING_A_NEW_EMPLOYEE/Add_employee_username' is: 'User_name_HqpAJwI'

13-08-2024T15:12:38 - [TEST_STEP][PASSED] - out.println(User_name): null

13-08-2024T15:12:38 - [TEST_STEP][PASSED] - out.println(Password): null

13-08-2024T15:12:38 - [TEST_STEP][PASSED] - First_name = getAttribute(findTestObject("Object Repository/ADDING_A_NEW_EMPLOYEE/Add_Employee_first_name"), "value"): Attribute 'value' of object 'Object Repository/ADDING_A_NEW_EMPLOYEE/Add_Employee_first_name' is: 'First_name_TeNYEdz'

13-08-2024T15:12:38 - [MESSAGE][PASSED] - Attribute 'value' of object 'Object Repository/ADDING_A_NEW_EMPLOYEE/Add_Employee_first_name' is: 'First_name_TeNYEdz'

13-08-2024T15:12:38 - [TEST_STEP][PASSED] - out.println(First_name): null

13-08-2024T15:12:38 - [TEST_STEP][PASSED] - Middle_name = getAttribute(findTestObject("Object Repository/ADDING_A_NEW_EMPLOYEE/Add_employee_middle_name"), "value"): Attribute 'value' of object 'Object Repository/ADDING_A_NEW_EMPLOYEE/Add_employee_middle_name' is: 'Middle_name_tefkNgv'

13-08-2024T15:12:39 - [MESSAGE][PASSED] - Attribute 'value' of object 'Object Repository/ADDING_A_NEW_EMPLOYEE/Add_employee_middle_name' is: 'Middle_name_tefkNgv'

13-08-2024T15:12:39 - [TEST_STEP][PASSED] - out.println(Middle_name): null

13-08-2024T15:12:39 - [TEST_STEP][PASSED] - Last_name = getAttribute(findTestObject("Object Repository/ADDING_A_NEW_EMPLOYEE/Add_employee_last_name"), "value"): Attribute 'value' of object 'Object Repository/ADDING_A_NEW_EMPLOYEE/Add_employee_last_name' is: 'Last_name_TRLFxnQ'

13-08-2024T15:12:39 - [MESSAGE][PASSED] - Attribute 'value' of object 'Object Repository/ADDING_A_NEW_EMPLOYEE/Add_employee_last_name' is: 'Last_name_TRLFxnQ'

13-08-2024T15:12:39 - [TEST_STEP][PASSED] - out.println(Last_name): null

13-08-2024T15:12:39 - [TEST_STEP][PASSED] - employee_id = getAttribute(findTestObject("Object Repository/ADDING_A_NEW_EMPLOYEE/Add_employee_id"), "value"): Attribute 'value' of object 'Object Repository/ADDING_A_NEW_EMPLOYEE/Add_employee_id' is: '333886809'

13-08-2024T15:12:39 - [MESSAGE][PASSED] - Attribute 'value' of object 'Object Repository/ADDING_A_NEW_EMPLOYEE/Add_employee_id' is: '333886809'

13-08-2024T15:12:39 - [TEST_STEP][PASSED] - out.println(employee_id): null

13-08-2024T15:12:39 - [TEST_STEP][PASSED] - delay(3): Delayed 3 second(s)

13-08-2024T15:12:42 - [MESSAGE][PASSED] - Delayed 3 second(s)

13-08-2024T15:12:42 - [TEST_STEP][PASSED] - click(findTestObject("Object Repository/ADDING_A_NEW_EMPLOYEE/Add_employee_save_button")): Object: 'Object Repository/ADDING_A_NEW_EMPLOYEE/Add_employee_save_button' is clicked on

13-08-2024T15:12:43 - [MESSAGE][PASSED] - Object: 'Object Repository/ADDING_A_NEW_EMPLOYEE/Add_employee_save_button' is clicked on

13-08-2024T15:12:43 - [TEST_STEP][PASSED] - delay(2): Delayed 2 second(s)

13-08-2024T15:12:45 - [MESSAGE][PASSED] - Delayed 2 second(s)

13-08-2024T15:12:45 - [MESSAGE][PASSED] - Call Test Case 'Test Cases/ADDING_A_NEW_EMPLOYEE' successfully

13-08-2024T15:12:45 - [TEST_STEP][PASSED] - rowIndex = sheet.getLastRowNum() + 1: null

13-08-2024T15:12:45 - [TEST_STEP][PASSED] - row = sheet.createRow(rowIndex): null

13-08-2024T15:12:45 - [TEST_STEP][PASSED] - createCell(0).setCellValue(First_name): null

13-08-2024T15:12:45 - [TEST_STEP][PASSED] - createCell(1).setCellValue(Middle_name): null

13-08-2024T15:12:45 - [TEST_STEP][PASSED] - createCell(2).setCellValue(Last_name): null

13-08-2024T15:12:45 - [TEST_STEP][PASSED] - createCell(3).setCellValue(User_name): null

13-08-2024T15:12:45 - [TEST_STEP][PASSED] - createCell(4).setCellValue(Password): null

13-08-2024T15:12:45 - [TEST_STEP][PASSED] - createCell(5).setCellValue(employee_id): null

13-08-2024T15:12:45 - [TEST_STEP][PASSED] - callTestCase(findTestCase("ADDING_A_NEW_EMPLOYEE"), [:], STOP_ON_FAILURE): Call Test Case 'Test Cases/ADDING_A_NEW_EMPLOYEE' successfully

13-08-2024T15:12:45 - [TEST_CASE][PASSED] - Test Cases/ADDING_A_NEW_EMPLOYEE: Test Cases/ADDING_A_NEW_EMPLOYEE

13-08-2024T15:12:45 - [TEST_STEP][PASSED] - verifyElementPresent(findTestObject("ADDING_A_NEW_EMPLOYEE/pim_option_from_side_bar"), 10): Object 'Object Repository/ADDING_A_NEW_EMPLOYEE/pim_option_from_side_bar' is present

13-08-2024T15:12:45 - [MESSAGE][PASSED] - Object 'Object Repository/ADDING_A_NEW_EMPLOYEE/pim_option_from_side_bar' is present

13-08-2024T15:12:45 - [TEST_STEP][PASSED] - click(findTestObject("ADDING_A_NEW_EMPLOYEE/pim_option_from_side_bar")): Object: 'Object Repository/ADDING_A_NEW_EMPLOYEE/pim_option_from_side_bar' is clicked on

13-08-2024T15:12:47 - [MESSAGE][PASSED] - Object: 'Object Repository/ADDING_A_NEW_EMPLOYEE/pim_option_from_side_bar' is clicked on

13-08-2024T15:12:47 - [TEST_STEP][PASSED] - waitForElementPresent(findTestObject("ADDING_A_NEW_EMPLOYEE/adding_new_employee_button_in_pim_page"), 10): Object 'Object Repository/ADDING_A_NEW_EMPLOYEE/adding_new_employee_button_in_pim_page' is present

13-08-2024T15:12:49 - [MESSAGE][PASSED] - Object 'Object Repository/ADDING_A_NEW_EMPLOYEE/adding_new_employee_button_in_pim_page' is present

13-08-2024T15:12:49 - [TEST_STEP][PASSED] - click(findTestObject("ADDING_A_NEW_EMPLOYEE/adding_new_employee_button_in_pim_page")): Object: 'Object Repository/ADDING_A_NEW_EMPLOYEE/adding_new_employee_button_in_pim_page' is clicked on

13-08-2024T15:12:50 - [MESSAGE][PASSED] - Object: 'Object Repository/ADDING_A_NEW_EMPLOYEE/adding_new_employee_button_in_pim_page' is clicked on

13-08-2024T15:12:50 - [TEST_STEP][PASSED] - verifyElementPresent(findTestObject("ADDING_A_NEW_EMPLOYEE/create_login_details_checkbox"), 10): Object 'Object Repository/ADDING_A_NEW_EMPLOYEE/create_login_details_checkbox' is present

13-08-2024T15:12:51 - [MESSAGE][PASSED] - Object 'Object Repository/ADDING_A_NEW_EMPLOYEE/create_login_details_checkbox' is present

13-08-2024T15:12:51 - [TEST_STEP][PASSED] - click(findTestObject("ADDING_A_NEW_EMPLOYEE/create_login_details_checkbox")): Object: 'Object Repository/ADDING_A_NEW_EMPLOYEE/create_login_details_checkbox' is clicked on

13-08-2024T15:12:52 - [MESSAGE][PASSED] - Object: 'Object Repository/ADDING_A_NEW_EMPLOYEE/create_login_details_checkbox' is clicked on

13-08-2024T15:12:52 - [TEST_STEP][PASSED] - verifyElementPresent(findTestObject("Object Repository/ADDING_A_NEW_EMPLOYEE/Add_employee_enabled_radio_button"), 10): Object 'Object Repository/ADDING_A_NEW_EMPLOYEE/Add_employee_enabled_radio_button' is present

13-08-2024T15:12:52 - [MESSAGE][PASSED] - Object 'Object Repository/ADDING_A_NEW_EMPLOYEE/Add_employee_enabled_radio_button' is present

13-08-2024T15:12:52 - [TEST_STEP][PASSED] - click(findTestObject("Object Repository/ADDING_A_NEW_EMPLOYEE/Add_employee_enabled_radio_button")): Object: 'Object Repository/ADDING_A_NEW_EMPLOYEE/Add_employee_enabled_radio_button' is clicked on

13-08-2024T15:12:53 - [MESSAGE][PASSED] - Object: 'Object Repository/ADDING_A_NEW_EMPLOYEE/Add_employee_enabled_radio_button' is clicked on

13-08-2024T15:12:53 - [TEST_STEP][PASSED] - verifyElementPresent(findTestObject("Object Repository/ADDING_A_NEW_EMPLOYEE/Add_Employee_first_name"), 10): Object 'Object Repository/ADDING_A_NEW_EMPLOYEE/Add_Employee_first_name' is present

13-08-2024T15:12:53 - [MESSAGE][PASSED] - Object 'Object Repository/ADDING_A_NEW_EMPLOYEE/Add_Employee_first_name' is present

13-08-2024T15:12:53 - [TEST_STEP][PASSED] - click(findTestObject("Object Repository/ADDING_A_NEW_EMPLOYEE/Add_Employee_first_name")): Object: 'Object Repository/ADDING_A_NEW_EMPLOYEE/Add_Employee_first_name' is clicked on

13-08-2024T15:12:53 - [MESSAGE][PASSED] - Object: 'Object Repository/ADDING_A_NEW_EMPLOYEE/Add_Employee_first_name' is clicked on

13-08-2024T15:12:53 - [TEST_STEP][PASSED] - setText(findTestObject("Object Repository/ADDING_A_NEW_EMPLOYEE/Add_Employee_first_name"), "First_name_" + RandomStringUtils.randomAlphabetic(7)): Text 'First_name_olMrAJa' is set on object 'Object Repository/ADDING_A_NEW_EMPLOYEE/Add_Employee_first_name'

13-08-2024T15:12:54 - [MESSAGE][PASSED] - Text 'First_name_olMrAJa' is set on object 'Object Repository/ADDING_A_NEW_EMPLOYEE/Add_Employee_first_name'

13-08-2024T15:12:54 - [TEST_STEP][PASSED] - verifyElementPresent(findTestObject("Object Repository/ADDING_A_NEW_EMPLOYEE/Add_employee_middle_name"), 10): Object 'Object Repository/ADDING_A_NEW_EMPLOYEE/Add_employee_middle_name' is present

13-08-2024T15:12:54 - [MESSAGE][PASSED] - Object 'Object Repository/ADDING_A_NEW_EMPLOYEE/Add_employee_middle_name' is present

13-08-2024T15:12:54 - [TEST_STEP][PASSED] - click(findTestObject("Object Repository/ADDING_A_NEW_EMPLOYEE/Add_employee_middle_name")): Object: 'Object Repository/ADDING_A_NEW_EMPLOYEE/Add_employee_middle_name' is clicked on

13-08-2024T15:12:54 - [MESSAGE][PASSED] - Object: 'Object Repository/ADDING_A_NEW_EMPLOYEE/Add_employee_middle_name' is clicked on

13-08-2024T15:12:54 - [TEST_STEP][PASSED] - setText(findTestObject("Object Repository/ADDING_A_NEW_EMPLOYEE/Add_employee_middle_name"), "Middle_name_" + RandomStringUtils.randomAlphabetic(7)): Text 'Middle_name_dSFwcpE' is set on object 'Object Repository/ADDING_A_NEW_EMPLOYEE/Add_employee_middle_name'

13-08-2024T15:12:55 - [MESSAGE][PASSED] - Text 'Middle_name_dSFwcpE' is set on object 'Object Repository/ADDING_A_NEW_EMPLOYEE/Add_employee_middle_name'

13-08-2024T15:12:55 - [TEST_STEP][PASSED] - verifyElementPresent(findTestObject("Object Repository/ADDING_A_NEW_EMPLOYEE/Add_employee_last_name"), 10): Object 'Object Repository/ADDING_A_NEW_EMPLOYEE/Add_employee_last_name' is present

13-08-2024T15:12:55 - [MESSAGE][PASSED] - Object 'Object Repository/ADDING_A_NEW_EMPLOYEE/Add_employee_last_name' is present

13-08-2024T15:12:55 - [TEST_STEP][PASSED] - click(findTestObject("Object Repository/ADDING_A_NEW_EMPLOYEE/Add_employee_last_name")): Object: 'Object Repository/ADDING_A_NEW_EMPLOYEE/Add_employee_last_name' is clicked on

13-08-2024T15:12:55 - [MESSAGE][PASSED] - Object: 'Object Repository/ADDING_A_NEW_EMPLOYEE/Add_employee_last_name' is clicked on

13-08-2024T15:12:55 - [TEST_STEP][PASSED] - setText(findTestObject("Object Repository/ADDING_A_NEW_EMPLOYEE/Add_employee_last_name"), "Last_name_" + RandomStringUtils.randomAlphabetic(7)): Text 'Last_name_RpuWGpQ' is set on object 'Object Repository/ADDING_A_NEW_EMPLOYEE/Add_employee_last_name'

13-08-2024T15:12:56 - [MESSAGE][PASSED] - Text 'Last_name_RpuWGpQ' is set on object 'Object Repository/ADDING_A_NEW_EMPLOYEE/Add_employee_last_name'

13-08-2024T15:12:56 - [TEST_STEP][PASSED] - randomString_001 = RandomStringUtils.randomNumeric(6): null

13-08-2024T15:12:56 - [TEST_STEP][PASSED] - newValue_001 = "333" + randomString_001: null

13-08-2024T15:12:56 - [TEST_STEP][PASSED] - xpath_for_employee_id = "//label[text()='Employee Id']/ancestor::div[@class='oxd-input-group__label-wrapper']/following-sibling::div//input[@class='oxd-input oxd-input--active']": null

13-08-2024T15:12:56 - [TEST_STEP][PASSED] - inputField_001 = TestObject().addProperty("xpath", EQUALS, xpath_for_employee_id): null

13-08-2024T15:12:56 - [TEST_STEP][PASSED] - executeJavaScript(
    var element = document.evaluate("$xpath_for_employee_id", document, null, XPathResult.FIRST_ORDERED_NODE_TYPE, null).singleNodeValue;
    if (element) {
        element.value = '$newValue_001';
        var event = new Event('input', { bubbles: true });
        element.dispatchEvent(event);
    }
    , null): Execute JavaScript '
    var element = document.evaluate("//label[text()='Employee Id']/ancestor::div[@class='oxd-input-group__label-wrapper']/following-sibling::div//input[@class='oxd-input oxd-input--active']", document, null, XPathResult.FIRST_ORDERED_NODE_TYPE, null).singleNodeValue;
    if (element) {
        element.value = '333617129';
        var event = new Event('input', { bubbles: true });
        element.dispatchEvent(event);
    }
    ' successfully

13-08-2024T15:12:56 - [MESSAGE][PASSED] - Execute JavaScript '
    var element = document.evaluate("//label[text()='Employee Id']/ancestor::div[@class='oxd-input-group__label-wrapper']/following-sibling::div//input[@class='oxd-input oxd-input--active']", document, null, XPathResult.FIRST_ORDERED_NODE_TYPE, null).singleNodeValue;
    if (element) {
        element.value = '333617129';
        var event = new Event('input', { bubbles: true });
        element.dispatchEvent(event);
    }
    ' successfully

13-08-2024T15:12:56 - [TEST_STEP][PASSED] - delay(3): Delayed 3 second(s)

13-08-2024T15:12:59 - [MESSAGE][PASSED] - Delayed 3 second(s)

13-08-2024T15:12:59 - [TEST_STEP][PASSED] - randomString_for_password = RandomStringUtils.randomNumeric(6): null

13-08-2024T15:12:59 - [TEST_STEP][PASSED] - new_Value_for_password = "Fiboo" + randomString_for_password + "@@": null

13-08-2024T15:12:59 - [TEST_STEP][PASSED] - xpath_for_password = "//label[text()='Username']/ancestor::div[@class='oxd-input-group__label-wrapper']/following-sibling::div//input[@class='oxd-input oxd-input--active']": null

13-08-2024T15:12:59 - [TEST_STEP][PASSED] - inputField_for_password = TestObject().addProperty("xpath", EQUALS, xpath_for_password): null

13-08-2024T15:12:59 - [TEST_STEP][PASSED] - executeJavaScript(
    var element = document.evaluate("$xpath_for_password", document, null, XPathResult.FIRST_ORDERED_NODE_TYPE, null).singleNodeValue;
    if (element) {
        element.value = '$new_Value_for_password';
        var event = new Event('input', { bubbles: true });
        element.dispatchEvent(event);
    }
    , null): Execute JavaScript '
    var element = document.evaluate("//label[text()='Username']/ancestor::div[@class='oxd-input-group__label-wrapper']/following-sibling::div//input[@class='oxd-input oxd-input--active']", document, null, XPathResult.FIRST_ORDERED_NODE_TYPE, null).singleNodeValue;
    if (element) {
        element.value = 'Fiboo545380@@';
        var event = new Event('input', { bubbles: true });
        element.dispatchEvent(event);
    }
    ' successfully

13-08-2024T15:12:59 - [MESSAGE][PASSED] - Execute JavaScript '
    var element = document.evaluate("//label[text()='Username']/ancestor::div[@class='oxd-input-group__label-wrapper']/following-sibling::div//input[@class='oxd-input oxd-input--active']", document, null, XPathResult.FIRST_ORDERED_NODE_TYPE, null).singleNodeValue;
    if (element) {
        element.value = 'Fiboo545380@@';
        var event = new Event('input', { bubbles: true });
        element.dispatchEvent(event);
    }
    ' successfully

13-08-2024T15:12:59 - [TEST_STEP][PASSED] - delay(1): Delayed 1 second(s)

13-08-2024T15:13:00 - [MESSAGE][PASSED] - Delayed 1 second(s)

13-08-2024T15:13:00 - [TEST_STEP][PASSED] - Password = getAttribute(findTestObject("Object Repository/ADDING_A_NEW_EMPLOYEE/Add_employee_username"), "value"): Attribute 'value' of object 'Object Repository/ADDING_A_NEW_EMPLOYEE/Add_employee_username' is: 'Fiboo545380@@'

13-08-2024T15:13:00 - [MESSAGE][PASSED] - Attribute 'value' of object 'Object Repository/ADDING_A_NEW_EMPLOYEE/Add_employee_username' is: 'Fiboo545380@@'

13-08-2024T15:13:00 - [TEST_STEP][PASSED] - out.println(Password): null

13-08-2024T15:13:00 - [TEST_STEP][PASSED] - new_Value_for_password_001 = Password: null

13-08-2024T15:13:00 - [TEST_STEP][PASSED] - xpath_for_password_001 = "//label[text()='Password']/ancestor::div[@class='oxd-input-group__label-wrapper']/following-sibling::div//input[@class='oxd-input oxd-input--active']": null

13-08-2024T15:13:00 - [TEST_STEP][PASSED] - inputField_for_password_001 = TestObject().addProperty("xpath", EQUALS, xpath_for_password_001): null

13-08-2024T15:13:00 - [TEST_STEP][PASSED] - executeJavaScript(
    var element = document.evaluate("$xpath_for_password_001", document, null, XPathResult.FIRST_ORDERED_NODE_TYPE, null).singleNodeValue;
    if (element) {
        element.value = '$new_Value_for_password_001';
        var event = new Event('input', { bubbles: true });
        element.dispatchEvent(event);
    }
    , null): Execute JavaScript '
    var element = document.evaluate("//label[text()='Password']/ancestor::div[@class='oxd-input-group__label-wrapper']/following-sibling::div//input[@class='oxd-input oxd-input--active']", document, null, XPathResult.FIRST_ORDERED_NODE_TYPE, null).singleNodeValue;
    if (element) {
        element.value = 'Fiboo545380@@';
        var event = new Event('input', { bubbles: true });
        element.dispatchEvent(event);
    }
    ' successfully

13-08-2024T15:13:00 - [MESSAGE][PASSED] - Execute JavaScript '
    var element = document.evaluate("//label[text()='Password']/ancestor::div[@class='oxd-input-group__label-wrapper']/following-sibling::div//input[@class='oxd-input oxd-input--active']", document, null, XPathResult.FIRST_ORDERED_NODE_TYPE, null).singleNodeValue;
    if (element) {
        element.value = 'Fiboo545380@@';
        var event = new Event('input', { bubbles: true });
        element.dispatchEvent(event);
    }
    ' successfully

13-08-2024T15:13:00 - [TEST_STEP][PASSED] - delay(1): Delayed 1 second(s)

13-08-2024T15:13:01 - [MESSAGE][PASSED] - Delayed 1 second(s)

13-08-2024T15:13:01 - [TEST_STEP][PASSED] - new_Value_for_password_002 = Password: null

13-08-2024T15:13:01 - [TEST_STEP][PASSED] - xpath_for_password_002 = "//label[text()='Confirm Password']/ancestor::div[@class='oxd-input-group__label-wrapper']/following-sibling::div//input[@class='oxd-input oxd-input--active']": null

13-08-2024T15:13:01 - [TEST_STEP][PASSED] - inputField_for_password_002 = TestObject().addProperty("xpath", EQUALS, xpath_for_password_002): null

13-08-2024T15:13:01 - [TEST_STEP][PASSED] - executeJavaScript(
    var element = document.evaluate("$xpath_for_password_002", document, null, XPathResult.FIRST_ORDERED_NODE_TYPE, null).singleNodeValue;
    if (element) {
        element.value = '$new_Value_for_password_002';
        var event = new Event('input', { bubbles: true });
        element.dispatchEvent(event);
    }
    , null): Execute JavaScript '
    var element = document.evaluate("//label[text()='Confirm Password']/ancestor::div[@class='oxd-input-group__label-wrapper']/following-sibling::div//input[@class='oxd-input oxd-input--active']", document, null, XPathResult.FIRST_ORDERED_NODE_TYPE, null).singleNodeValue;
    if (element) {
        element.value = 'Fiboo545380@@';
        var event = new Event('input', { bubbles: true });
        element.dispatchEvent(event);
    }
    ' successfully

13-08-2024T15:13:01 - [MESSAGE][PASSED] - Execute JavaScript '
    var element = document.evaluate("//label[text()='Confirm Password']/ancestor::div[@class='oxd-input-group__label-wrapper']/following-sibling::div//input[@class='oxd-input oxd-input--active']", document, null, XPathResult.FIRST_ORDERED_NODE_TYPE, null).singleNodeValue;
    if (element) {
        element.value = 'Fiboo545380@@';
        var event = new Event('input', { bubbles: true });
        element.dispatchEvent(event);
    }
    ' successfully

13-08-2024T15:13:01 - [TEST_STEP][PASSED] - delay(1): Delayed 1 second(s)

13-08-2024T15:13:02 - [MESSAGE][PASSED] - Delayed 1 second(s)

13-08-2024T15:13:02 - [TEST_STEP][PASSED] - randomString = RandomStringUtils.randomAlphabetic(7): null

13-08-2024T15:13:02 - [TEST_STEP][PASSED] - newValue = "User_name_" + randomString: null

13-08-2024T15:13:02 - [TEST_STEP][PASSED] - xpath_for_user_name = "//label[text()='Username']/ancestor::div[@class='oxd-input-group__label-wrapper']/following-sibling::div//input[@class='oxd-input oxd-input--active']": null

13-08-2024T15:13:02 - [TEST_STEP][PASSED] - inputField = TestObject().addProperty("xpath", EQUALS, xpath_for_user_name): null

13-08-2024T15:13:02 - [TEST_STEP][PASSED] - executeJavaScript(
    var element = document.evaluate("$xpath_for_user_name", document, null, XPathResult.FIRST_ORDERED_NODE_TYPE, null).singleNodeValue;
    if (element) {
        element.value = '$newValue';
        var event = new Event('input', { bubbles: true });
        element.dispatchEvent(event);
    }
    , null): Execute JavaScript '
    var element = document.evaluate("//label[text()='Username']/ancestor::div[@class='oxd-input-group__label-wrapper']/following-sibling::div//input[@class='oxd-input oxd-input--active']", document, null, XPathResult.FIRST_ORDERED_NODE_TYPE, null).singleNodeValue;
    if (element) {
        element.value = 'User_name_WEbbqTB';
        var event = new Event('input', { bubbles: true });
        element.dispatchEvent(event);
    }
    ' successfully

13-08-2024T15:13:02 - [MESSAGE][PASSED] - Execute JavaScript '
    var element = document.evaluate("//label[text()='Username']/ancestor::div[@class='oxd-input-group__label-wrapper']/following-sibling::div//input[@class='oxd-input oxd-input--active']", document, null, XPathResult.FIRST_ORDERED_NODE_TYPE, null).singleNodeValue;
    if (element) {
        element.value = 'User_name_WEbbqTB';
        var event = new Event('input', { bubbles: true });
        element.dispatchEvent(event);
    }
    ' successfully

13-08-2024T15:13:02 - [TEST_STEP][PASSED] - delay(1): Delayed 1 second(s)

13-08-2024T15:13:03 - [MESSAGE][PASSED] - Delayed 1 second(s)

13-08-2024T15:13:03 - [TEST_STEP][PASSED] - User_name = getAttribute(findTestObject("Object Repository/ADDING_A_NEW_EMPLOYEE/Add_employee_username"), "value"): Attribute 'value' of object 'Object Repository/ADDING_A_NEW_EMPLOYEE/Add_employee_username' is: 'User_name_WEbbqTB'

13-08-2024T15:13:04 - [MESSAGE][PASSED] - Attribute 'value' of object 'Object Repository/ADDING_A_NEW_EMPLOYEE/Add_employee_username' is: 'User_name_WEbbqTB'

13-08-2024T15:13:04 - [TEST_STEP][PASSED] - out.println(User_name): null

13-08-2024T15:13:04 - [TEST_STEP][PASSED] - out.println(Password): null

13-08-2024T15:13:04 - [TEST_STEP][PASSED] - First_name = getAttribute(findTestObject("Object Repository/ADDING_A_NEW_EMPLOYEE/Add_Employee_first_name"), "value"): Attribute 'value' of object 'Object Repository/ADDING_A_NEW_EMPLOYEE/Add_Employee_first_name' is: 'First_name_olMrAJa'

13-08-2024T15:13:04 - [MESSAGE][PASSED] - Attribute 'value' of object 'Object Repository/ADDING_A_NEW_EMPLOYEE/Add_Employee_first_name' is: 'First_name_olMrAJa'

13-08-2024T15:13:04 - [TEST_STEP][PASSED] - out.println(First_name): null

13-08-2024T15:13:04 - [TEST_STEP][PASSED] - Middle_name = getAttribute(findTestObject("Object Repository/ADDING_A_NEW_EMPLOYEE/Add_employee_middle_name"), "value"): Attribute 'value' of object 'Object Repository/ADDING_A_NEW_EMPLOYEE/Add_employee_middle_name' is: 'Middle_name_dSFwcpE'

13-08-2024T15:13:04 - [MESSAGE][PASSED] - Attribute 'value' of object 'Object Repository/ADDING_A_NEW_EMPLOYEE/Add_employee_middle_name' is: 'Middle_name_dSFwcpE'

13-08-2024T15:13:04 - [TEST_STEP][PASSED] - out.println(Middle_name): null

13-08-2024T15:13:04 - [TEST_STEP][PASSED] - Last_name = getAttribute(findTestObject("Object Repository/ADDING_A_NEW_EMPLOYEE/Add_employee_last_name"), "value"): Attribute 'value' of object 'Object Repository/ADDING_A_NEW_EMPLOYEE/Add_employee_last_name' is: 'Last_name_RpuWGpQ'

13-08-2024T15:13:05 - [MESSAGE][PASSED] - Attribute 'value' of object 'Object Repository/ADDING_A_NEW_EMPLOYEE/Add_employee_last_name' is: 'Last_name_RpuWGpQ'

13-08-2024T15:13:05 - [TEST_STEP][PASSED] - out.println(Last_name): null

13-08-2024T15:13:05 - [TEST_STEP][PASSED] - employee_id = getAttribute(findTestObject("Object Repository/ADDING_A_NEW_EMPLOYEE/Add_employee_id"), "value"): Attribute 'value' of object 'Object Repository/ADDING_A_NEW_EMPLOYEE/Add_employee_id' is: '333617129'

13-08-2024T15:13:05 - [MESSAGE][PASSED] - Attribute 'value' of object 'Object Repository/ADDING_A_NEW_EMPLOYEE/Add_employee_id' is: '333617129'

13-08-2024T15:13:05 - [TEST_STEP][PASSED] - out.println(employee_id): null

13-08-2024T15:13:05 - [TEST_STEP][PASSED] - delay(3): Delayed 3 second(s)

13-08-2024T15:13:08 - [MESSAGE][PASSED] - Delayed 3 second(s)

13-08-2024T15:13:08 - [TEST_STEP][PASSED] - click(findTestObject("Object Repository/ADDING_A_NEW_EMPLOYEE/Add_employee_save_button")): Object: 'Object Repository/ADDING_A_NEW_EMPLOYEE/Add_employee_save_button' is clicked on

13-08-2024T15:13:08 - [MESSAGE][PASSED] - Object: 'Object Repository/ADDING_A_NEW_EMPLOYEE/Add_employee_save_button' is clicked on

13-08-2024T15:13:08 - [TEST_STEP][PASSED] - delay(2): Delayed 2 second(s)

13-08-2024T15:13:10 - [MESSAGE][PASSED] - Delayed 2 second(s)

13-08-2024T15:13:10 - [MESSAGE][PASSED] - Call Test Case 'Test Cases/ADDING_A_NEW_EMPLOYEE' successfully

13-08-2024T15:13:10 - [TEST_STEP][PASSED] - rowIndex = sheet.getLastRowNum() + 1: null

13-08-2024T15:13:10 - [TEST_STEP][PASSED] - row = sheet.createRow(rowIndex): null

13-08-2024T15:13:10 - [TEST_STEP][PASSED] - createCell(0).setCellValue(First_name): null

13-08-2024T15:13:10 - [TEST_STEP][PASSED] - createCell(1).setCellValue(Middle_name): null

13-08-2024T15:13:10 - [TEST_STEP][PASSED] - createCell(2).setCellValue(Last_name): null

13-08-2024T15:13:10 - [TEST_STEP][PASSED] - createCell(3).setCellValue(User_name): null

13-08-2024T15:13:10 - [TEST_STEP][PASSED] - createCell(4).setCellValue(Password): null

13-08-2024T15:13:10 - [TEST_STEP][PASSED] - createCell(5).setCellValue(employee_id): null

13-08-2024T15:13:10 - [TEST_STEP][PASSED] - fis.close(): null

13-08-2024T15:13:10 - [TEST_STEP][PASSED] - fos = new java.io.FileOutputStream(file): null

13-08-2024T15:13:10 - [TEST_STEP][PASSED] - workbook.write(fos): null

13-08-2024T15:13:10 - [TEST_STEP][PASSED] - fos.close(): null

13-08-2024T15:13:10 - [TEST_STEP][PASSED] - workbook.close(): null

13-08-2024T15:13:10 - [TEST_STEP][PASSED] - println("Employee data has been successfully saved in Excel."): null

13-08-2024T15:13:10 - [TEST_STEP][PASSED] - callTestCase(findTestCase("logout_testcase"), [:], STOP_ON_FAILURE): Call Test Case 'Test Cases/logout_testcase' successfully

13-08-2024T15:13:10 - [TEST_CASE][PASSED] - Test Cases/logout_testcase: Test Cases/logout_testcase

13-08-2024T15:13:10 - [TEST_STEP][PASSED] - delay(3): Delayed 3 second(s)

13-08-2024T15:13:13 - [MESSAGE][PASSED] - Delayed 3 second(s)

13-08-2024T15:13:13 - [TEST_STEP][PASSED] - verifyElementPresent(findTestObject("logout_and_login_after_new_employee_added/userdropdown_for_logout_option"), 10): Object 'Object Repository/logout_and_login_after_new_employee_added/userdropdown_for_logout_option' is present

13-08-2024T15:13:16 - [MESSAGE][PASSED] - Object 'Object Repository/logout_and_login_after_new_employee_added/userdropdown_for_logout_option' is present

13-08-2024T15:13:16 - [TEST_STEP][PASSED] - delay(3): Delayed 3 second(s)

13-08-2024T15:13:19 - [MESSAGE][PASSED] - Delayed 3 second(s)

13-08-2024T15:13:19 - [TEST_STEP][PASSED] - click(findTestObject("logout_and_login_after_new_employee_added/userdropdown_for_logout_option")): Object: 'Object Repository/logout_and_login_after_new_employee_added/userdropdown_for_logout_option' is clicked on

13-08-2024T15:13:19 - [MESSAGE][PASSED] - Object: 'Object Repository/logout_and_login_after_new_employee_added/userdropdown_for_logout_option' is clicked on

13-08-2024T15:13:19 - [TEST_STEP][PASSED] - delay(3): Delayed 3 second(s)

13-08-2024T15:13:22 - [MESSAGE][PASSED] - Delayed 3 second(s)

13-08-2024T15:13:22 - [TEST_STEP][PASSED] - click(findTestObject("logout_and_login_after_new_employee_added/logout_option")): Object: 'Object Repository/logout_and_login_after_new_employee_added/logout_option' is clicked on

13-08-2024T15:13:23 - [MESSAGE][PASSED] - Object: 'Object Repository/logout_and_login_after_new_employee_added/logout_option' is clicked on

13-08-2024T15:13:23 - [TEST_STEP][PASSED] - delay(3): Delayed 3 second(s)

13-08-2024T15:13:26 - [MESSAGE][PASSED] - Delayed 3 second(s)

13-08-2024T15:13:26 - [MESSAGE][PASSED] - Call Test Case 'Test Cases/logout_testcase' successfully

13-08-2024T15:13:26 - [MESSAGE][PASSED] - Call Test Case 'Test Cases/test_case_for_creating_excel_with_data' successfully

13-08-2024T15:13:26 - [TEST_STEP][PASSED] - callTestCase(findTestCase("Test_Case_To_Mail_An_Excel_File"), [:], STOP_ON_FAILURE): Call Test Case 'Test Cases/Test_Case_To_Mail_An_Excel_File' successfully

13-08-2024T15:13:26 - [TEST_CASE][PASSED] - Test Cases/Test_Case_To_Mail_An_Excel_File: Test Cases/Test_Case_To_Mail_An_Excel_File

13-08-2024T15:13:27 - [TEST_STEP][PASSED] - props = new java.util.Properties(): null

13-08-2024T15:13:27 - [TEST_STEP][PASSED] - props.put("mail.smtp.host", "smtp-mail.outlook.com"): null

13-08-2024T15:13:27 - [TEST_STEP][PASSED] - props.put("mail.smtp.port", "587"): null

13-08-2024T15:13:27 - [TEST_STEP][PASSED] - props.put("mail.smtp.auth", "true"): null

13-08-2024T15:13:27 - [TEST_STEP][PASSED] - props.put("mail.smtp.starttls.enable", "true"): null

13-08-2024T15:13:27 - [TEST_STEP][PASSED] - emailUsername = user_name_for_sender: null

13-08-2024T15:13:27 - [TEST_STEP][PASSED] - emailPassword = sender_password: null

13-08-2024T15:13:27 - [TEST_STEP][PASSED] - session = Session.getInstance(props, new Script1723539787957$1(this, emailUsername, emailPassword)): null

13-08-2024T15:13:27 - [TEST_STEP][PASSED] - try: null

13-08-2024T15:13:27 - [TEST_STEP][PASSED] - message = new javax.mail.internet.MimeMessage(session): null

13-08-2024T15:13:27 - [TEST_STEP][PASSED] - message.setFrom(new javax.mail.internet.InternetAddress(emailUsername)): null

13-08-2024T15:13:27 - [TEST_STEP][PASSED] - message.setRecipients(TO, InternetAddress.parse(receiver_username)): null

13-08-2024T15:13:27 - [TEST_STEP][PASSED] - message.setSubject("Automation Test Results - Excel File"): null

13-08-2024T15:13:27 - [TEST_STEP][PASSED] - multipart = new javax.mail.internet.MimeMultipart(): null

13-08-2024T15:13:27 - [TEST_STEP][PASSED] - attachmentPart = new javax.mail.internet.MimeBodyPart(): null

13-08-2024T15:13:27 - [TEST_STEP][PASSED] - filePath = "C:\Users\DELL\OneDrive\Desktop\mail\add_employee_data.xlsx": null

13-08-2024T15:13:27 - [TEST_STEP][PASSED] - source = new javax.activation.FileDataSource(filePath): null

13-08-2024T15:13:27 - [TEST_STEP][PASSED] - attachmentPart.setDataHandler(new javax.activation.DataHandler(source)): null

13-08-2024T15:13:27 - [TEST_STEP][PASSED] - attachmentPart.setFileName(File(filePath).getName()): null

13-08-2024T15:13:27 - [TEST_STEP][PASSED] - multipart.addBodyPart(attachmentPart): null

13-08-2024T15:13:27 - [TEST_STEP][PASSED] - message.setContent(multipart): null

13-08-2024T15:13:27 - [TEST_STEP][PASSED] - Transport.send(message): null

13-08-2024T15:13:30 - [TEST_STEP][PASSED] - return new javax.mail.PasswordAuthentication(emailUsername, emailPassword): null

13-08-2024T15:13:34 - [TEST_STEP][PASSED] - println("Email sent successfully with attachment!"): null

13-08-2024T15:13:34 - [MESSAGE][PASSED] - Call Test Case 'Test Cases/Test_Case_To_Mail_An_Excel_File' successfully

13-08-2024T15:13:34 - [TEST_STEP][PASSED] - callTestCase(findTestCase("Test_Case_To_Reteive_Excel_File_From_Mail"), [:], STOP_ON_FAILURE): Call Test Case 'Test Cases/Test_Case_To_Reteive_Excel_File_From_Mail' successfully

13-08-2024T15:13:34 - [TEST_CASE][PASSED] - Test Cases/Test_Case_To_Reteive_Excel_File_From_Mail: Test Cases/Test_Case_To_Reteive_Excel_File_From_Mail

13-08-2024T15:13:35 - [TEST_STEP][PASSED] - delay(3): Delayed 3 second(s)

13-08-2024T15:13:38 - [MESSAGE][PASSED] - Delayed 3 second(s)

13-08-2024T15:13:38 - [TEST_STEP][PASSED] - props = new java.util.Properties(): null

13-08-2024T15:13:38 - [TEST_STEP][PASSED] - props.put("mail.store.protocol", "imaps"): null

13-08-2024T15:13:38 - [TEST_STEP][PASSED] - props.put("mail.imaps.host", "imap.gmail.com"): null

13-08-2024T15:13:38 - [TEST_STEP][PASSED] - props.put("mail.imaps.port", "993"): null

13-08-2024T15:13:38 - [TEST_STEP][PASSED] - props.put("mail.imaps.ssl.enable", "true"): null

13-08-2024T15:13:38 - [TEST_STEP][PASSED] - username = receiver_username: null

13-08-2024T15:13:38 - [TEST_STEP][PASSED] - password = receiver_password: null

13-08-2024T15:13:38 - [TEST_STEP][PASSED] - session = Session.getInstance(props, null): null

13-08-2024T15:13:38 - [TEST_STEP][PASSED] - try: null

13-08-2024T15:13:38 - [TEST_STEP][PASSED] - store = session.getStore("imaps"): null

13-08-2024T15:13:38 - [TEST_STEP][PASSED] - store.connect(username, password): null

13-08-2024T15:13:40 - [TEST_STEP][PASSED] - inbox = store.getFolder("INBOX"): null

13-08-2024T15:13:40 - [TEST_STEP][PASSED] - inbox.open(READ_ONLY): null

13-08-2024T15:13:40 - [TEST_STEP][PASSED] - cal = Calendar.getInstance(): null

13-08-2024T15:13:40 - [TEST_STEP][PASSED] - cal.set(YEAR, 2024): null

13-08-2024T15:13:40 - [TEST_STEP][PASSED] - cal.set(MONTH, AUGUST): null

13-08-2024T15:13:40 - [TEST_STEP][PASSED] - cal.set(DAY_OF_MONTH, 9): null

13-08-2024T15:13:40 - [TEST_STEP][PASSED] - cal.set(HOUR_OF_DAY, 0): null

13-08-2024T15:13:40 - [TEST_STEP][PASSED] - cal.set(MINUTE, 0): null

13-08-2024T15:13:40 - [TEST_STEP][PASSED] - cal.set(SECOND, 0): null

13-08-2024T15:13:40 - [TEST_STEP][PASSED] - cal.set(MILLISECOND, 0): null

13-08-2024T15:13:40 - [TEST_STEP][PASSED] - specificDate = cal.getTime(): null

13-08-2024T15:13:40 - [TEST_STEP][PASSED] - println("Searching for emails on or after: " + specificDate): null

13-08-2024T15:13:40 - [TEST_STEP][PASSED] - newerThan = new javax.mail.search.SentDateTerm(javax.mail.search.SentDateTerm.GE, specificDate): null

13-08-2024T15:13:41 - [TEST_STEP][PASSED] - unseenAndNewer = new javax.mail.search.AndTerm(new javax.mail.search.FlagTerm(new javax.mail.Flags(javax.mail.Flags$Flag.SEEN), false), newerThan): null

13-08-2024T15:13:41 - [TEST_STEP][PASSED] - messages = inbox.search(unseenAndNewer): null

13-08-2024T15:13:41 - [TEST_STEP][PASSED] - println("Total messages found: " + length): null

13-08-2024T15:13:41 - [TEST_STEP][PASSED] - if (length > 0): null

13-08-2024T15:13:41 - [TEST_STEP][PASSED] - for (javax.mail.Message message : messages): null

13-08-2024T15:13:41 - [TEST_STEP][PASSED] - froms = message.getFrom(): null

13-08-2024T15:13:41 - [TEST_STEP][PASSED] - sender = froms[0].toString(): null

13-08-2024T15:13:41 - [TEST_STEP][PASSED] - email = *<|>", "").trim(): null

13-08-2024T15:13:41 - [TEST_STEP][PASSED] - println("Email sender: " + email): null

13-08-2024T15:13:41 - [TEST_STEP][PASSED] - println("Full From field: " + sender): null

13-08-2024T15:13:41 - [TEST_STEP][PASSED] - println("Subject: " + message.getSubject()): null

13-08-2024T15:13:41 - [TEST_STEP][PASSED] - println("Sent Date: " + message.getSentDate()): null

13-08-2024T15:13:41 - [TEST_STEP][PASSED] - if (email.equalsIgnoreCase("aditya_T2_WORK@outlook.com")): null

13-08-2024T15:13:41 - [TEST_STEP][PASSED] - println("Match found for: " + email): null

13-08-2024T15:13:41 - [TEST_STEP][PASSED] - content = message.getContent(): null

13-08-2024T15:13:42 - [TEST_STEP][PASSED] - println("Content Type: " + message.getContentType()): null

13-08-2024T15:13:42 - [TEST_STEP][PASSED] - if (content instanceof javax.mail.Multipart): null

13-08-2024T15:13:42 - [TEST_STEP][PASSED] - multipart = content: null

13-08-2024T15:13:42 - [TEST_STEP][PASSED] - for ([i = 0, i < multipart.getCount(), (i++)]): null

13-08-2024T15:13:42 - [TEST_STEP][PASSED] - bodyPart = multipart.getBodyPart(i): null

13-08-2024T15:13:42 - [TEST_STEP][PASSED] - println("Part Content Type: " + bodyPart.getContentType()): null

13-08-2024T15:13:42 - [TEST_STEP][PASSED] - if (toLowerCase().contains("application/octet-stream") && getFileName().endsWith(".xlsx") || getFileName().endsWith(".xls")): null

13-08-2024T15:13:42 - [TEST_STEP][PASSED] - saveDirectory = "C:\Users\DELL\OneDrive\Desktop\excel_folder": null

13-08-2024T15:13:42 - [TEST_STEP][PASSED] - fileName = bodyPart.getFileName(): null

13-08-2024T15:13:42 - [TEST_STEP][PASSED] - if (fileName == null || trim().isEmpty()): null

13-08-2024T15:13:42 - [TEST_STEP][PASSED] - println("Attachment file name: " + fileName): null

13-08-2024T15:13:42 - [TEST_STEP][PASSED] - fileToSave = new java.io.File(saveDirectory, fileName): null

13-08-2024T15:13:42 - [TEST_STEP][PASSED] - println("Saving file to: " + fileToSave.getAbsolutePath()): null

13-08-2024T15:13:42 - [TEST_STEP][PASSED] - try: null

13-08-2024T15:13:42 - [TEST_STEP][PASSED] - bodyPart.saveFile(fileToSave): null

13-08-2024T15:13:42 - [TEST_STEP][PASSED] - println("Excel file saved successfully: " + fileToSave.getAbsolutePath()): null

13-08-2024T15:13:42 - [TEST_STEP][PASSED] - break: null

13-08-2024T15:13:42 - [TEST_STEP][PASSED] - inbox.close(false): null

13-08-2024T15:13:42 - [TEST_STEP][PASSED] - store.close(): null

13-08-2024T15:13:43 - [MESSAGE][PASSED] - Call Test Case 'Test Cases/Test_Case_To_Reteive_Excel_File_From_Mail' successfully

13-08-2024T15:13:43 - [TEST_STEP][PASSED] - callTestCase(findTestCase("test_case_for_getting_data_from_folder"), [:], STOP_ON_FAILURE): Call Test Case 'Test Cases/test_case_for_getting_data_from_folder' successfully

13-08-2024T15:13:43 - [TEST_CASE][PASSED] - Test Cases/test_case_for_getting_data_from_folder: Test Cases/test_case_for_getting_data_from_folder

13-08-2024T15:13:43 - [TEST_STEP][PASSED] - excelFilePath = "C:\Users\DELL\OneDrive\Desktop\excel_folder\add_employee_data.xlsx": null

13-08-2024T15:13:43 - [TEST_STEP][PASSED] - sheetName = "Sheet1": null

13-08-2024T15:13:43 - [TEST_STEP][PASSED] - fis = new java.io.FileInputStream(new java.io.File(excelFilePath)): null

13-08-2024T15:13:43 - [TEST_STEP][PASSED] - workbook = new org.apache.poi.xssf.usermodel.XSSFWorkbook(fis): null

13-08-2024T15:13:43 - [TEST_STEP][PASSED] - sheet = workbook.getSheet(sheetName): null

13-08-2024T15:13:43 - [TEST_STEP][PASSED] - for ([i = 1, i <= sheet.getLastRowNum(), (i++)]): Call Test Case 'Test Cases/logout_testcase' successfully

13-08-2024T15:13:43 - [TEST_STEP][PASSED] - delay(3): Delayed 3 second(s)

13-08-2024T15:13:46 - [MESSAGE][PASSED] - Delayed 3 second(s)

13-08-2024T15:13:46 - [TEST_STEP][PASSED] - row = sheet.getRow(i): null

13-08-2024T15:13:46 - [TEST_STEP][PASSED] - firstName = getCell(0).getStringCellValue(): null

13-08-2024T15:13:46 - [TEST_STEP][PASSED] - Middlename = getCell(1).getStringCellValue(): null

13-08-2024T15:13:46 - [TEST_STEP][PASSED] - lastName = getCell(2).getStringCellValue(): null

13-08-2024T15:13:46 - [TEST_STEP][PASSED] - username = getCell(3).getStringCellValue(): null

13-08-2024T15:13:46 - [TEST_STEP][PASSED] - password = getCell(4).getStringCellValue(): null

13-08-2024T15:13:46 - [TEST_STEP][PASSED] - Employee_id = getCell(5).getStringCellValue(): null

13-08-2024T15:13:46 - [TEST_STEP][PASSED] - println("Logging in with Username: " + username + " and Password: " + password): null

13-08-2024T15:13:46 - [TEST_STEP][PASSED] - User_name = username: null

13-08-2024T15:13:46 - [TEST_STEP][PASSED] - Password = password: null

13-08-2024T15:13:46 - [TEST_STEP][PASSED] - First_name = firstName: null

13-08-2024T15:13:46 - [TEST_STEP][PASSED] - Last_name = lastName: null

13-08-2024T15:13:46 - [TEST_STEP][PASSED] - Middle_name = Middlename: null

13-08-2024T15:13:46 - [TEST_STEP][PASSED] - employee_id = Employee_id: null

13-08-2024T15:13:46 - [TEST_STEP][PASSED] - callTestCase(findTestCase("test_case_for_new_login_creds_excel_sheet"), [:], STOP_ON_FAILURE): Call Test Case 'Test Cases/test_case_for_new_login_creds_excel_sheet' successfully

13-08-2024T15:13:46 - [TEST_CASE][PASSED] - Test Cases/test_case_for_new_login_creds_excel_sheet: Test Cases/test_case_for_new_login_creds_excel_sheet

13-08-2024T15:13:46 - [TEST_STEP][PASSED] - refresh(): Refresh successfully

13-08-2024T15:13:47 - [MESSAGE][PASSED] - Refresh successfully

13-08-2024T15:13:47 - [TEST_STEP][PASSED] - delay(3): Delayed 3 second(s)

13-08-2024T15:13:50 - [MESSAGE][PASSED] - Delayed 3 second(s)

13-08-2024T15:13:50 - [TEST_STEP][PASSED] - verifyElementPresent(findTestObject("Object Repository/LOGIN_TEST_CASE_FOR_ORANGE_HRM/username_text_box_login_page"), 10): Object 'Object Repository/LOGIN_TEST_CASE_FOR_ORANGE_HRM/username_text_box_login_page' is present

13-08-2024T15:13:50 - [MESSAGE][PASSED] - Object 'Object Repository/LOGIN_TEST_CASE_FOR_ORANGE_HRM/username_text_box_login_page' is present

13-08-2024T15:13:50 - [TEST_STEP][PASSED] - click(findTestObject("Object Repository/LOGIN_TEST_CASE_FOR_ORANGE_HRM/username_text_box_login_page")): Object: 'Object Repository/LOGIN_TEST_CASE_FOR_ORANGE_HRM/username_text_box_login_page' is clicked on

13-08-2024T15:13:50 - [MESSAGE][PASSED] - Object: 'Object Repository/LOGIN_TEST_CASE_FOR_ORANGE_HRM/username_text_box_login_page' is clicked on

13-08-2024T15:13:50 - [TEST_STEP][PASSED] - setText(findTestObject("Object Repository/LOGIN_TEST_CASE_FOR_ORANGE_HRM/username_text_box_login_page"), User_name): Text 'User_name_kGgionO' is set on object 'Object Repository/LOGIN_TEST_CASE_FOR_ORANGE_HRM/username_text_box_login_page'

13-08-2024T15:13:51 - [MESSAGE][PASSED] - Text 'User_name_kGgionO' is set on object 'Object Repository/LOGIN_TEST_CASE_FOR_ORANGE_HRM/username_text_box_login_page'

13-08-2024T15:13:51 - [TEST_STEP][PASSED] - verifyElementPresent(findTestObject("Object Repository/LOGIN_TEST_CASE_FOR_ORANGE_HRM/password_text_box_for_login_page"), 10): Object 'Object Repository/LOGIN_TEST_CASE_FOR_ORANGE_HRM/password_text_box_for_login_page' is present

13-08-2024T15:13:51 - [MESSAGE][PASSED] - Object 'Object Repository/LOGIN_TEST_CASE_FOR_ORANGE_HRM/password_text_box_for_login_page' is present

13-08-2024T15:13:51 - [TEST_STEP][PASSED] - click(findTestObject("Object Repository/LOGIN_TEST_CASE_FOR_ORANGE_HRM/password_text_box_for_login_page")): Object: 'Object Repository/LOGIN_TEST_CASE_FOR_ORANGE_HRM/password_text_box_for_login_page' is clicked on

13-08-2024T15:13:52 - [MESSAGE][PASSED] - Object: 'Object Repository/LOGIN_TEST_CASE_FOR_ORANGE_HRM/password_text_box_for_login_page' is clicked on

13-08-2024T15:13:52 - [TEST_STEP][PASSED] - setText(findTestObject("Object Repository/LOGIN_TEST_CASE_FOR_ORANGE_HRM/password_text_box_for_login_page"), Password): Text 'Fiboo209490@@' is set on object 'Object Repository/LOGIN_TEST_CASE_FOR_ORANGE_HRM/password_text_box_for_login_page'

13-08-2024T15:13:52 - [MESSAGE][PASSED] - Text 'Fiboo209490@@' is set on object 'Object Repository/LOGIN_TEST_CASE_FOR_ORANGE_HRM/password_text_box_for_login_page'

13-08-2024T15:13:52 - [TEST_STEP][PASSED] - verifyElementPresent(findTestObject("Object Repository/LOGIN_TEST_CASE_FOR_ORANGE_HRM/login_button_for_login_page"), 10): Object 'Object Repository/LOGIN_TEST_CASE_FOR_ORANGE_HRM/login_button_for_login_page' is present

13-08-2024T15:13:52 - [MESSAGE][PASSED] - Object 'Object Repository/LOGIN_TEST_CASE_FOR_ORANGE_HRM/login_button_for_login_page' is present

13-08-2024T15:13:52 - [TEST_STEP][PASSED] - click(findTestObject("Object Repository/LOGIN_TEST_CASE_FOR_ORANGE_HRM/login_button_for_login_page")): Object: 'Object Repository/LOGIN_TEST_CASE_FOR_ORANGE_HRM/login_button_for_login_page' is clicked on

13-08-2024T15:13:53 - [MESSAGE][PASSED] - Object: 'Object Repository/LOGIN_TEST_CASE_FOR_ORANGE_HRM/login_button_for_login_page' is clicked on

13-08-2024T15:13:53 - [MESSAGE][PASSED] - Call Test Case 'Test Cases/test_case_for_new_login_creds_excel_sheet' successfully

13-08-2024T15:13:53 - [TEST_STEP][PASSED] - callTestCase(findTestCase("test_case_to_verify_data"), [:], STOP_ON_FAILURE): Call Test Case 'Test Cases/test_case_to_verify_data' successfully

13-08-2024T15:13:53 - [TEST_CASE][PASSED] - Test Cases/test_case_to_verify_data: Test Cases/test_case_to_verify_data

13-08-2024T15:13:53 - [TEST_STEP][PASSED] - delay(3): Delayed 3 second(s)

13-08-2024T15:13:56 - [MESSAGE][PASSED] - Delayed 3 second(s)

13-08-2024T15:13:56 - [TEST_STEP][PASSED] - click(findTestObject("to_verify_data/myinfo_option_from_side_bar")): Object: 'Object Repository/to_verify_data/myinfo_option_from_side_bar' is clicked on

13-08-2024T15:13:58 - [MESSAGE][PASSED] - Object: 'Object Repository/to_verify_data/myinfo_option_from_side_bar' is clicked on

13-08-2024T15:13:58 - [TEST_STEP][PASSED] - First_name = getAttribute(findTestObject("Object Repository/to_verify_data/first_name_text_box"), "value"): Attribute 'value' of object 'Object Repository/to_verify_data/first_name_text_box' is: 'First_name_DaxoZag'

13-08-2024T15:14:00 - [MESSAGE][PASSED] - Attribute 'value' of object 'Object Repository/to_verify_data/first_name_text_box' is: 'First_name_DaxoZag'

13-08-2024T15:14:00 - [TEST_STEP][PASSED] - out.println(First_name): null

13-08-2024T15:14:00 - [TEST_STEP][PASSED] - Middle_name = getAttribute(findTestObject("Object Repository/to_verify_data/middle_name_text_box"), "value"): Attribute 'value' of object 'Object Repository/to_verify_data/middle_name_text_box' is: 'Middle_name_dXBjCDI'

13-08-2024T15:14:00 - [MESSAGE][PASSED] - Attribute 'value' of object 'Object Repository/to_verify_data/middle_name_text_box' is: 'Middle_name_dXBjCDI'

13-08-2024T15:14:00 - [TEST_STEP][PASSED] - out.println(Middle_name): null

13-08-2024T15:14:00 - [TEST_STEP][PASSED] - Last_name = getAttribute(findTestObject("Object Repository/to_verify_data/last_name_text_box"), "value"): Attribute 'value' of object 'Object Repository/to_verify_data/last_name_text_box' is: 'Last_name_GCCCmUA'

13-08-2024T15:14:01 - [MESSAGE][PASSED] - Attribute 'value' of object 'Object Repository/to_verify_data/last_name_text_box' is: 'Last_name_GCCCmUA'

13-08-2024T15:14:01 - [TEST_STEP][PASSED] - out.println(Last_name): null

13-08-2024T15:14:01 - [TEST_STEP][PASSED] - employee_id = getAttribute(findTestObject("Object Repository/to_verify_data/employee_id"), "value"): Attribute 'value' of object 'Object Repository/to_verify_data/employee_id' is: '333609354'

13-08-2024T15:14:01 - [MESSAGE][PASSED] - Attribute 'value' of object 'Object Repository/to_verify_data/employee_id' is: '333609354'

13-08-2024T15:14:01 - [TEST_STEP][PASSED] - out.println(employee_id): null

13-08-2024T15:14:01 - [TEST_STEP][PASSED] - if (First_name == First_name): first name is same

13-08-2024T15:14:01 - [TEST_STEP][PASSED] - markPassed("first name is same"): first name is same

13-08-2024T15:14:01 - [MESSAGE][PASSED] - first name is same

13-08-2024T15:14:01 - [TEST_STEP][PASSED] - if (Middle_name == Middle_name): middle name is same

13-08-2024T15:14:01 - [TEST_STEP][PASSED] - markPassed("middle name is same"): middle name is same

13-08-2024T15:14:01 - [MESSAGE][PASSED] - middle name is same

13-08-2024T15:14:01 - [TEST_STEP][PASSED] - if (Last_name == Last_name): last name is same

13-08-2024T15:14:01 - [TEST_STEP][PASSED] - markPassed("last name is same"): last name is same

13-08-2024T15:14:01 - [MESSAGE][PASSED] - last name is same

13-08-2024T15:14:01 - [TEST_STEP][PASSED] - if (employee_id == employee_id): employee id is same

13-08-2024T15:14:01 - [TEST_STEP][PASSED] - markPassed("employee id is same"): employee id is same

13-08-2024T15:14:01 - [MESSAGE][PASSED] - employee id is same

13-08-2024T15:14:01 - [MESSAGE][PASSED] - Call Test Case 'Test Cases/test_case_to_verify_data' successfully

13-08-2024T15:14:01 - [TEST_STEP][PASSED] - callTestCase(findTestCase("logout_testcase"), [:], STOP_ON_FAILURE): Call Test Case 'Test Cases/logout_testcase' successfully

13-08-2024T15:14:01 - [TEST_CASE][PASSED] - Test Cases/logout_testcase: Test Cases/logout_testcase

13-08-2024T15:14:01 - [TEST_STEP][PASSED] - delay(3): Delayed 3 second(s)

13-08-2024T15:14:04 - [MESSAGE][PASSED] - Delayed 3 second(s)

13-08-2024T15:14:04 - [TEST_STEP][PASSED] - verifyElementPresent(findTestObject("logout_and_login_after_new_employee_added/userdropdown_for_logout_option"), 10): Object 'Object Repository/logout_and_login_after_new_employee_added/userdropdown_for_logout_option' is present

13-08-2024T15:14:04 - [MESSAGE][PASSED] - Object 'Object Repository/logout_and_login_after_new_employee_added/userdropdown_for_logout_option' is present

13-08-2024T15:14:04 - [TEST_STEP][PASSED] - delay(3): Delayed 3 second(s)

13-08-2024T15:14:07 - [MESSAGE][PASSED] - Delayed 3 second(s)

13-08-2024T15:14:07 - [TEST_STEP][PASSED] - click(findTestObject("logout_and_login_after_new_employee_added/userdropdown_for_logout_option")): Object: 'Object Repository/logout_and_login_after_new_employee_added/userdropdown_for_logout_option' is clicked on

13-08-2024T15:14:07 - [MESSAGE][PASSED] - Object: 'Object Repository/logout_and_login_after_new_employee_added/userdropdown_for_logout_option' is clicked on

13-08-2024T15:14:07 - [TEST_STEP][PASSED] - delay(3): Delayed 3 second(s)

13-08-2024T15:14:11 - [MESSAGE][PASSED] - Delayed 3 second(s)

13-08-2024T15:14:11 - [TEST_STEP][PASSED] - click(findTestObject("logout_and_login_after_new_employee_added/logout_option")): Object: 'Object Repository/logout_and_login_after_new_employee_added/logout_option' is clicked on

13-08-2024T15:14:12 - [MESSAGE][PASSED] - Object: 'Object Repository/logout_and_login_after_new_employee_added/logout_option' is clicked on

13-08-2024T15:14:12 - [TEST_STEP][PASSED] - delay(3): Delayed 3 second(s)

13-08-2024T15:14:15 - [MESSAGE][PASSED] - Delayed 3 second(s)

13-08-2024T15:14:15 - [MESSAGE][PASSED] - Call Test Case 'Test Cases/logout_testcase' successfully

13-08-2024T15:14:15 - [TEST_STEP][PASSED] - delay(3): Delayed 3 second(s)

13-08-2024T15:14:18 - [MESSAGE][PASSED] - Delayed 3 second(s)

13-08-2024T15:14:18 - [TEST_STEP][PASSED] - row = sheet.getRow(i): null

13-08-2024T15:14:18 - [TEST_STEP][PASSED] - firstName = getCell(0).getStringCellValue(): null

13-08-2024T15:14:18 - [TEST_STEP][PASSED] - Middlename = getCell(1).getStringCellValue(): null

13-08-2024T15:14:18 - [TEST_STEP][PASSED] - lastName = getCell(2).getStringCellValue(): null

13-08-2024T15:14:18 - [TEST_STEP][PASSED] - username = getCell(3).getStringCellValue(): null

13-08-2024T15:14:18 - [TEST_STEP][PASSED] - password = getCell(4).getStringCellValue(): null

13-08-2024T15:14:18 - [TEST_STEP][PASSED] - Employee_id = getCell(5).getStringCellValue(): null

13-08-2024T15:14:18 - [TEST_STEP][PASSED] - println("Logging in with Username: " + username + " and Password: " + password): null

13-08-2024T15:14:18 - [TEST_STEP][PASSED] - User_name = username: null

13-08-2024T15:14:18 - [TEST_STEP][PASSED] - Password = password: null

13-08-2024T15:14:18 - [TEST_STEP][PASSED] - First_name = firstName: null

13-08-2024T15:14:18 - [TEST_STEP][PASSED] - Last_name = lastName: null

13-08-2024T15:14:18 - [TEST_STEP][PASSED] - Middle_name = Middlename: null

13-08-2024T15:14:18 - [TEST_STEP][PASSED] - employee_id = Employee_id: null

13-08-2024T15:14:18 - [TEST_STEP][PASSED] - callTestCase(findTestCase("test_case_for_new_login_creds_excel_sheet"), [:], STOP_ON_FAILURE): Call Test Case 'Test Cases/test_case_for_new_login_creds_excel_sheet' successfully

13-08-2024T15:14:18 - [TEST_CASE][PASSED] - Test Cases/test_case_for_new_login_creds_excel_sheet: Test Cases/test_case_for_new_login_creds_excel_sheet

13-08-2024T15:14:18 - [TEST_STEP][PASSED] - refresh(): Refresh successfully

13-08-2024T15:14:18 - [MESSAGE][PASSED] - Refresh successfully

13-08-2024T15:14:18 - [TEST_STEP][PASSED] - delay(3): Delayed 3 second(s)

13-08-2024T15:14:21 - [MESSAGE][PASSED] - Delayed 3 second(s)

13-08-2024T15:14:21 - [TEST_STEP][PASSED] - verifyElementPresent(findTestObject("Object Repository/LOGIN_TEST_CASE_FOR_ORANGE_HRM/username_text_box_login_page"), 10): Object 'Object Repository/LOGIN_TEST_CASE_FOR_ORANGE_HRM/username_text_box_login_page' is present

13-08-2024T15:14:21 - [MESSAGE][PASSED] - Object 'Object Repository/LOGIN_TEST_CASE_FOR_ORANGE_HRM/username_text_box_login_page' is present

13-08-2024T15:14:21 - [TEST_STEP][PASSED] - click(findTestObject("Object Repository/LOGIN_TEST_CASE_FOR_ORANGE_HRM/username_text_box_login_page")): Object: 'Object Repository/LOGIN_TEST_CASE_FOR_ORANGE_HRM/username_text_box_login_page' is clicked on

13-08-2024T15:14:22 - [MESSAGE][PASSED] - Object: 'Object Repository/LOGIN_TEST_CASE_FOR_ORANGE_HRM/username_text_box_login_page' is clicked on

13-08-2024T15:14:22 - [TEST_STEP][PASSED] - setText(findTestObject("Object Repository/LOGIN_TEST_CASE_FOR_ORANGE_HRM/username_text_box_login_page"), User_name): Text 'User_name_MmiBOux' is set on object 'Object Repository/LOGIN_TEST_CASE_FOR_ORANGE_HRM/username_text_box_login_page'

13-08-2024T15:14:22 - [MESSAGE][PASSED] - Text 'User_name_MmiBOux' is set on object 'Object Repository/LOGIN_TEST_CASE_FOR_ORANGE_HRM/username_text_box_login_page'

13-08-2024T15:14:22 - [TEST_STEP][PASSED] - verifyElementPresent(findTestObject("Object Repository/LOGIN_TEST_CASE_FOR_ORANGE_HRM/password_text_box_for_login_page"), 10): Object 'Object Repository/LOGIN_TEST_CASE_FOR_ORANGE_HRM/password_text_box_for_login_page' is present

13-08-2024T15:14:23 - [MESSAGE][PASSED] - Object 'Object Repository/LOGIN_TEST_CASE_FOR_ORANGE_HRM/password_text_box_for_login_page' is present

13-08-2024T15:14:23 - [TEST_STEP][PASSED] - click(findTestObject("Object Repository/LOGIN_TEST_CASE_FOR_ORANGE_HRM/password_text_box_for_login_page")): Object: 'Object Repository/LOGIN_TEST_CASE_FOR_ORANGE_HRM/password_text_box_for_login_page' is clicked on

13-08-2024T15:14:23 - [MESSAGE][PASSED] - Object: 'Object Repository/LOGIN_TEST_CASE_FOR_ORANGE_HRM/password_text_box_for_login_page' is clicked on

13-08-2024T15:14:23 - [TEST_STEP][PASSED] - setText(findTestObject("Object Repository/LOGIN_TEST_CASE_FOR_ORANGE_HRM/password_text_box_for_login_page"), Password): Text 'Fiboo944634@@' is set on object 'Object Repository/LOGIN_TEST_CASE_FOR_ORANGE_HRM/password_text_box_for_login_page'

13-08-2024T15:14:23 - [MESSAGE][PASSED] - Text 'Fiboo944634@@' is set on object 'Object Repository/LOGIN_TEST_CASE_FOR_ORANGE_HRM/password_text_box_for_login_page'

13-08-2024T15:14:23 - [TEST_STEP][PASSED] - verifyElementPresent(findTestObject("Object Repository/LOGIN_TEST_CASE_FOR_ORANGE_HRM/login_button_for_login_page"), 10): Object 'Object Repository/LOGIN_TEST_CASE_FOR_ORANGE_HRM/login_button_for_login_page' is present

13-08-2024T15:14:24 - [MESSAGE][PASSED] - Object 'Object Repository/LOGIN_TEST_CASE_FOR_ORANGE_HRM/login_button_for_login_page' is present

13-08-2024T15:14:24 - [TEST_STEP][PASSED] - click(findTestObject("Object Repository/LOGIN_TEST_CASE_FOR_ORANGE_HRM/login_button_for_login_page")): Object: 'Object Repository/LOGIN_TEST_CASE_FOR_ORANGE_HRM/login_button_for_login_page' is clicked on

13-08-2024T15:14:24 - [MESSAGE][PASSED] - Object: 'Object Repository/LOGIN_TEST_CASE_FOR_ORANGE_HRM/login_button_for_login_page' is clicked on

13-08-2024T15:14:24 - [MESSAGE][PASSED] - Call Test Case 'Test Cases/test_case_for_new_login_creds_excel_sheet' successfully

13-08-2024T15:14:24 - [TEST_STEP][PASSED] - callTestCase(findTestCase("test_case_to_verify_data"), [:], STOP_ON_FAILURE): Call Test Case 'Test Cases/test_case_to_verify_data' successfully

13-08-2024T15:14:24 - [TEST_CASE][PASSED] - Test Cases/test_case_to_verify_data: Test Cases/test_case_to_verify_data

13-08-2024T15:14:24 - [TEST_STEP][PASSED] - delay(3): Delayed 3 second(s)

13-08-2024T15:14:27 - [MESSAGE][PASSED] - Delayed 3 second(s)

13-08-2024T15:14:27 - [TEST_STEP][PASSED] - click(findTestObject("to_verify_data/myinfo_option_from_side_bar")): Object: 'Object Repository/to_verify_data/myinfo_option_from_side_bar' is clicked on

13-08-2024T15:14:29 - [MESSAGE][PASSED] - Object: 'Object Repository/to_verify_data/myinfo_option_from_side_bar' is clicked on

13-08-2024T15:14:29 - [TEST_STEP][PASSED] - First_name = getAttribute(findTestObject("Object Repository/to_verify_data/first_name_text_box"), "value"): Attribute 'value' of object 'Object Repository/to_verify_data/first_name_text_box' is: 'First_name_btzinap'

13-08-2024T15:14:32 - [MESSAGE][PASSED] - Attribute 'value' of object 'Object Repository/to_verify_data/first_name_text_box' is: 'First_name_btzinap'

13-08-2024T15:14:32 - [TEST_STEP][PASSED] - out.println(First_name): null

13-08-2024T15:14:32 - [TEST_STEP][PASSED] - Middle_name = getAttribute(findTestObject("Object Repository/to_verify_data/middle_name_text_box"), "value"): Attribute 'value' of object 'Object Repository/to_verify_data/middle_name_text_box' is: 'Middle_name_TtggDub'

13-08-2024T15:14:32 - [MESSAGE][PASSED] - Attribute 'value' of object 'Object Repository/to_verify_data/middle_name_text_box' is: 'Middle_name_TtggDub'

13-08-2024T15:14:32 - [TEST_STEP][PASSED] - out.println(Middle_name): null

13-08-2024T15:14:32 - [TEST_STEP][PASSED] - Last_name = getAttribute(findTestObject("Object Repository/to_verify_data/last_name_text_box"), "value"): Attribute 'value' of object 'Object Repository/to_verify_data/last_name_text_box' is: 'Last_name_ghLCpqO'

13-08-2024T15:14:32 - [MESSAGE][PASSED] - Attribute 'value' of object 'Object Repository/to_verify_data/last_name_text_box' is: 'Last_name_ghLCpqO'

13-08-2024T15:14:32 - [TEST_STEP][PASSED] - out.println(Last_name): null

13-08-2024T15:14:32 - [TEST_STEP][PASSED] - employee_id = getAttribute(findTestObject("Object Repository/to_verify_data/employee_id"), "value"): Attribute 'value' of object 'Object Repository/to_verify_data/employee_id' is: '333722648'

13-08-2024T15:14:32 - [MESSAGE][PASSED] - Attribute 'value' of object 'Object Repository/to_verify_data/employee_id' is: '333722648'

13-08-2024T15:14:32 - [TEST_STEP][PASSED] - out.println(employee_id): null

13-08-2024T15:14:32 - [TEST_STEP][PASSED] - if (First_name == First_name): first name is same

13-08-2024T15:14:32 - [TEST_STEP][PASSED] - markPassed("first name is same"): first name is same

13-08-2024T15:14:32 - [MESSAGE][PASSED] - first name is same

13-08-2024T15:14:32 - [TEST_STEP][PASSED] - if (Middle_name == Middle_name): middle name is same

13-08-2024T15:14:32 - [TEST_STEP][PASSED] - markPassed("middle name is same"): middle name is same

13-08-2024T15:14:32 - [MESSAGE][PASSED] - middle name is same

13-08-2024T15:14:32 - [TEST_STEP][PASSED] - if (Last_name == Last_name): last name is same

13-08-2024T15:14:32 - [TEST_STEP][PASSED] - markPassed("last name is same"): last name is same

13-08-2024T15:14:32 - [MESSAGE][PASSED] - last name is same

13-08-2024T15:14:32 - [TEST_STEP][PASSED] - if (employee_id == employee_id): employee id is same

13-08-2024T15:14:32 - [TEST_STEP][PASSED] - markPassed("employee id is same"): employee id is same

13-08-2024T15:14:32 - [MESSAGE][PASSED] - employee id is same

13-08-2024T15:14:32 - [MESSAGE][PASSED] - Call Test Case 'Test Cases/test_case_to_verify_data' successfully

13-08-2024T15:14:32 - [TEST_STEP][PASSED] - callTestCase(findTestCase("logout_testcase"), [:], STOP_ON_FAILURE): Call Test Case 'Test Cases/logout_testcase' successfully

13-08-2024T15:14:32 - [TEST_CASE][PASSED] - Test Cases/logout_testcase: Test Cases/logout_testcase

13-08-2024T15:14:32 - [TEST_STEP][PASSED] - delay(3): Delayed 3 second(s)

13-08-2024T15:14:35 - [MESSAGE][PASSED] - Delayed 3 second(s)

13-08-2024T15:14:35 - [TEST_STEP][PASSED] - verifyElementPresent(findTestObject("logout_and_login_after_new_employee_added/userdropdown_for_logout_option"), 10): Object 'Object Repository/logout_and_login_after_new_employee_added/userdropdown_for_logout_option' is present

13-08-2024T15:14:36 - [MESSAGE][PASSED] - Object 'Object Repository/logout_and_login_after_new_employee_added/userdropdown_for_logout_option' is present

13-08-2024T15:14:36 - [TEST_STEP][PASSED] - delay(3): Delayed 3 second(s)

13-08-2024T15:14:39 - [MESSAGE][PASSED] - Delayed 3 second(s)

13-08-2024T15:14:39 - [TEST_STEP][PASSED] - click(findTestObject("logout_and_login_after_new_employee_added/userdropdown_for_logout_option")): Object: 'Object Repository/logout_and_login_after_new_employee_added/userdropdown_for_logout_option' is clicked on

13-08-2024T15:14:39 - [MESSAGE][PASSED] - Object: 'Object Repository/logout_and_login_after_new_employee_added/userdropdown_for_logout_option' is clicked on

13-08-2024T15:14:39 - [TEST_STEP][PASSED] - delay(3): Delayed 3 second(s)

13-08-2024T15:14:42 - [MESSAGE][PASSED] - Delayed 3 second(s)

13-08-2024T15:14:42 - [TEST_STEP][PASSED] - click(findTestObject("logout_and_login_after_new_employee_added/logout_option")): Object: 'Object Repository/logout_and_login_after_new_employee_added/logout_option' is clicked on

13-08-2024T15:14:43 - [MESSAGE][PASSED] - Object: 'Object Repository/logout_and_login_after_new_employee_added/logout_option' is clicked on

13-08-2024T15:14:43 - [TEST_STEP][PASSED] - delay(3): Delayed 3 second(s)

13-08-2024T15:14:46 - [MESSAGE][PASSED] - Delayed 3 second(s)

13-08-2024T15:14:46 - [MESSAGE][PASSED] - Call Test Case 'Test Cases/logout_testcase' successfully

13-08-2024T15:14:46 - [TEST_STEP][PASSED] - delay(3): Delayed 3 second(s)

13-08-2024T15:14:49 - [MESSAGE][PASSED] - Delayed 3 second(s)

13-08-2024T15:14:49 - [TEST_STEP][PASSED] - row = sheet.getRow(i): null

13-08-2024T15:14:49 - [TEST_STEP][PASSED] - firstName = getCell(0).getStringCellValue(): null

13-08-2024T15:14:49 - [TEST_STEP][PASSED] - Middlename = getCell(1).getStringCellValue(): null

13-08-2024T15:14:49 - [TEST_STEP][PASSED] - lastName = getCell(2).getStringCellValue(): null

13-08-2024T15:14:49 - [TEST_STEP][PASSED] - username = getCell(3).getStringCellValue(): null

13-08-2024T15:14:49 - [TEST_STEP][PASSED] - password = getCell(4).getStringCellValue(): null

13-08-2024T15:14:49 - [TEST_STEP][PASSED] - Employee_id = getCell(5).getStringCellValue(): null

13-08-2024T15:14:49 - [TEST_STEP][PASSED] - println("Logging in with Username: " + username + " and Password: " + password): null

13-08-2024T15:14:49 - [TEST_STEP][PASSED] - User_name = username: null

13-08-2024T15:14:49 - [TEST_STEP][PASSED] - Password = password: null

13-08-2024T15:14:49 - [TEST_STEP][PASSED] - First_name = firstName: null

13-08-2024T15:14:49 - [TEST_STEP][PASSED] - Last_name = lastName: null

13-08-2024T15:14:49 - [TEST_STEP][PASSED] - Middle_name = Middlename: null

13-08-2024T15:14:49 - [TEST_STEP][PASSED] - employee_id = Employee_id: null

13-08-2024T15:14:49 - [TEST_STEP][PASSED] - callTestCase(findTestCase("test_case_for_new_login_creds_excel_sheet"), [:], STOP_ON_FAILURE): Call Test Case 'Test Cases/test_case_for_new_login_creds_excel_sheet' successfully

13-08-2024T15:14:49 - [TEST_CASE][PASSED] - Test Cases/test_case_for_new_login_creds_excel_sheet: Test Cases/test_case_for_new_login_creds_excel_sheet

13-08-2024T15:14:49 - [TEST_STEP][PASSED] - refresh(): Refresh successfully

13-08-2024T15:14:50 - [MESSAGE][PASSED] - Refresh successfully

13-08-2024T15:14:50 - [TEST_STEP][PASSED] - delay(3): Delayed 3 second(s)

13-08-2024T15:14:53 - [MESSAGE][PASSED] - Delayed 3 second(s)

13-08-2024T15:14:53 - [TEST_STEP][PASSED] - verifyElementPresent(findTestObject("Object Repository/LOGIN_TEST_CASE_FOR_ORANGE_HRM/username_text_box_login_page"), 10): Object 'Object Repository/LOGIN_TEST_CASE_FOR_ORANGE_HRM/username_text_box_login_page' is present

13-08-2024T15:14:53 - [MESSAGE][PASSED] - Object 'Object Repository/LOGIN_TEST_CASE_FOR_ORANGE_HRM/username_text_box_login_page' is present

13-08-2024T15:14:53 - [TEST_STEP][PASSED] - click(findTestObject("Object Repository/LOGIN_TEST_CASE_FOR_ORANGE_HRM/username_text_box_login_page")): Object: 'Object Repository/LOGIN_TEST_CASE_FOR_ORANGE_HRM/username_text_box_login_page' is clicked on

13-08-2024T15:14:53 - [MESSAGE][PASSED] - Object: 'Object Repository/LOGIN_TEST_CASE_FOR_ORANGE_HRM/username_text_box_login_page' is clicked on

13-08-2024T15:14:53 - [TEST_STEP][PASSED] - setText(findTestObject("Object Repository/LOGIN_TEST_CASE_FOR_ORANGE_HRM/username_text_box_login_page"), User_name): Text 'User_name_ZUSBkPQ' is set on object 'Object Repository/LOGIN_TEST_CASE_FOR_ORANGE_HRM/username_text_box_login_page'

13-08-2024T15:14:54 - [MESSAGE][PASSED] - Text 'User_name_ZUSBkPQ' is set on object 'Object Repository/LOGIN_TEST_CASE_FOR_ORANGE_HRM/username_text_box_login_page'

13-08-2024T15:14:54 - [TEST_STEP][PASSED] - verifyElementPresent(findTestObject("Object Repository/LOGIN_TEST_CASE_FOR_ORANGE_HRM/password_text_box_for_login_page"), 10): Object 'Object Repository/LOGIN_TEST_CASE_FOR_ORANGE_HRM/password_text_box_for_login_page' is present

13-08-2024T15:14:54 - [MESSAGE][PASSED] - Object 'Object Repository/LOGIN_TEST_CASE_FOR_ORANGE_HRM/password_text_box_for_login_page' is present

13-08-2024T15:14:54 - [TEST_STEP][PASSED] - click(findTestObject("Object Repository/LOGIN_TEST_CASE_FOR_ORANGE_HRM/password_text_box_for_login_page")): Object: 'Object Repository/LOGIN_TEST_CASE_FOR_ORANGE_HRM/password_text_box_for_login_page' is clicked on

13-08-2024T15:14:54 - [MESSAGE][PASSED] - Object: 'Object Repository/LOGIN_TEST_CASE_FOR_ORANGE_HRM/password_text_box_for_login_page' is clicked on

13-08-2024T15:14:54 - [TEST_STEP][PASSED] - setText(findTestObject("Object Repository/LOGIN_TEST_CASE_FOR_ORANGE_HRM/password_text_box_for_login_page"), Password): Text 'Fiboo796770@@' is set on object 'Object Repository/LOGIN_TEST_CASE_FOR_ORANGE_HRM/password_text_box_for_login_page'

13-08-2024T15:14:55 - [MESSAGE][PASSED] - Text 'Fiboo796770@@' is set on object 'Object Repository/LOGIN_TEST_CASE_FOR_ORANGE_HRM/password_text_box_for_login_page'

13-08-2024T15:14:55 - [TEST_STEP][PASSED] - verifyElementPresent(findTestObject("Object Repository/LOGIN_TEST_CASE_FOR_ORANGE_HRM/login_button_for_login_page"), 10): Object 'Object Repository/LOGIN_TEST_CASE_FOR_ORANGE_HRM/login_button_for_login_page' is present

13-08-2024T15:14:55 - [MESSAGE][PASSED] - Object 'Object Repository/LOGIN_TEST_CASE_FOR_ORANGE_HRM/login_button_for_login_page' is present

13-08-2024T15:14:55 - [TEST_STEP][PASSED] - click(findTestObject("Object Repository/LOGIN_TEST_CASE_FOR_ORANGE_HRM/login_button_for_login_page")): Object: 'Object Repository/LOGIN_TEST_CASE_FOR_ORANGE_HRM/login_button_for_login_page' is clicked on

13-08-2024T15:14:56 - [MESSAGE][PASSED] - Object: 'Object Repository/LOGIN_TEST_CASE_FOR_ORANGE_HRM/login_button_for_login_page' is clicked on

13-08-2024T15:14:56 - [MESSAGE][PASSED] - Call Test Case 'Test Cases/test_case_for_new_login_creds_excel_sheet' successfully

13-08-2024T15:14:56 - [TEST_STEP][PASSED] - callTestCase(findTestCase("test_case_to_verify_data"), [:], STOP_ON_FAILURE): Call Test Case 'Test Cases/test_case_to_verify_data' successfully

13-08-2024T15:14:56 - [TEST_CASE][PASSED] - Test Cases/test_case_to_verify_data: Test Cases/test_case_to_verify_data

13-08-2024T15:14:56 - [TEST_STEP][PASSED] - delay(3): Delayed 3 second(s)

13-08-2024T15:14:59 - [MESSAGE][PASSED] - Delayed 3 second(s)

13-08-2024T15:14:59 - [TEST_STEP][PASSED] - click(findTestObject("to_verify_data/myinfo_option_from_side_bar")): Object: 'Object Repository/to_verify_data/myinfo_option_from_side_bar' is clicked on

13-08-2024T15:15:01 - [MESSAGE][PASSED] - Object: 'Object Repository/to_verify_data/myinfo_option_from_side_bar' is clicked on

13-08-2024T15:15:01 - [TEST_STEP][PASSED] - First_name = getAttribute(findTestObject("Object Repository/to_verify_data/first_name_text_box"), "value"): Attribute 'value' of object 'Object Repository/to_verify_data/first_name_text_box' is: 'First_name_XtrIMew'

13-08-2024T15:15:03 - [MESSAGE][PASSED] - Attribute 'value' of object 'Object Repository/to_verify_data/first_name_text_box' is: 'First_name_XtrIMew'

13-08-2024T15:15:03 - [TEST_STEP][PASSED] - out.println(First_name): null

13-08-2024T15:15:03 - [TEST_STEP][PASSED] - Middle_name = getAttribute(findTestObject("Object Repository/to_verify_data/middle_name_text_box"), "value"): Attribute 'value' of object 'Object Repository/to_verify_data/middle_name_text_box' is: 'Middle_name_mDxKpmc'

13-08-2024T15:15:03 - [MESSAGE][PASSED] - Attribute 'value' of object 'Object Repository/to_verify_data/middle_name_text_box' is: 'Middle_name_mDxKpmc'

13-08-2024T15:15:03 - [TEST_STEP][PASSED] - out.println(Middle_name): null

13-08-2024T15:15:03 - [TEST_STEP][PASSED] - Last_name = getAttribute(findTestObject("Object Repository/to_verify_data/last_name_text_box"), "value"): Attribute 'value' of object 'Object Repository/to_verify_data/last_name_text_box' is: 'Last_name_IKcbQJU'

13-08-2024T15:15:03 - [MESSAGE][PASSED] - Attribute 'value' of object 'Object Repository/to_verify_data/last_name_text_box' is: 'Last_name_IKcbQJU'

13-08-2024T15:15:03 - [TEST_STEP][PASSED] - out.println(Last_name): null

13-08-2024T15:15:03 - [TEST_STEP][PASSED] - employee_id = getAttribute(findTestObject("Object Repository/to_verify_data/employee_id"), "value"): Attribute 'value' of object 'Object Repository/to_verify_data/employee_id' is: '333133175'

13-08-2024T15:15:03 - [MESSAGE][PASSED] - Attribute 'value' of object 'Object Repository/to_verify_data/employee_id' is: '333133175'

13-08-2024T15:15:03 - [TEST_STEP][PASSED] - out.println(employee_id): null

13-08-2024T15:15:03 - [TEST_STEP][PASSED] - if (First_name == First_name): first name is same

13-08-2024T15:15:03 - [TEST_STEP][PASSED] - markPassed("first name is same"): first name is same

13-08-2024T15:15:03 - [MESSAGE][PASSED] - first name is same

13-08-2024T15:15:03 - [TEST_STEP][PASSED] - if (Middle_name == Middle_name): middle name is same

13-08-2024T15:15:03 - [TEST_STEP][PASSED] - markPassed("middle name is same"): middle name is same

13-08-2024T15:15:03 - [MESSAGE][PASSED] - middle name is same

13-08-2024T15:15:03 - [TEST_STEP][PASSED] - if (Last_name == Last_name): last name is same

13-08-2024T15:15:03 - [TEST_STEP][PASSED] - markPassed("last name is same"): last name is same

13-08-2024T15:15:03 - [MESSAGE][PASSED] - last name is same

13-08-2024T15:15:03 - [TEST_STEP][PASSED] - if (employee_id == employee_id): employee id is same

13-08-2024T15:15:04 - [TEST_STEP][PASSED] - markPassed("employee id is same"): employee id is same

13-08-2024T15:15:04 - [MESSAGE][PASSED] - employee id is same

13-08-2024T15:15:04 - [MESSAGE][PASSED] - Call Test Case 'Test Cases/test_case_to_verify_data' successfully

13-08-2024T15:15:04 - [TEST_STEP][PASSED] - callTestCase(findTestCase("logout_testcase"), [:], STOP_ON_FAILURE): Call Test Case 'Test Cases/logout_testcase' successfully

13-08-2024T15:15:04 - [TEST_CASE][PASSED] - Test Cases/logout_testcase: Test Cases/logout_testcase

13-08-2024T15:15:04 - [TEST_STEP][PASSED] - delay(3): Delayed 3 second(s)

13-08-2024T15:15:07 - [MESSAGE][PASSED] - Delayed 3 second(s)

13-08-2024T15:15:07 - [TEST_STEP][PASSED] - verifyElementPresent(findTestObject("logout_and_login_after_new_employee_added/userdropdown_for_logout_option"), 10): Object 'Object Repository/logout_and_login_after_new_employee_added/userdropdown_for_logout_option' is present

13-08-2024T15:15:07 - [MESSAGE][PASSED] - Object 'Object Repository/logout_and_login_after_new_employee_added/userdropdown_for_logout_option' is present

13-08-2024T15:15:07 - [TEST_STEP][PASSED] - delay(3): Delayed 3 second(s)

13-08-2024T15:15:10 - [MESSAGE][PASSED] - Delayed 3 second(s)

13-08-2024T15:15:10 - [TEST_STEP][PASSED] - click(findTestObject("logout_and_login_after_new_employee_added/userdropdown_for_logout_option")): Object: 'Object Repository/logout_and_login_after_new_employee_added/userdropdown_for_logout_option' is clicked on

13-08-2024T15:15:10 - [MESSAGE][PASSED] - Object: 'Object Repository/logout_and_login_after_new_employee_added/userdropdown_for_logout_option' is clicked on

13-08-2024T15:15:10 - [TEST_STEP][PASSED] - delay(3): Delayed 3 second(s)

13-08-2024T15:15:13 - [MESSAGE][PASSED] - Delayed 3 second(s)

13-08-2024T15:15:13 - [TEST_STEP][PASSED] - click(findTestObject("logout_and_login_after_new_employee_added/logout_option")): Object: 'Object Repository/logout_and_login_after_new_employee_added/logout_option' is clicked on

13-08-2024T15:15:14 - [MESSAGE][PASSED] - Object: 'Object Repository/logout_and_login_after_new_employee_added/logout_option' is clicked on

13-08-2024T15:15:14 - [TEST_STEP][PASSED] - delay(3): Delayed 3 second(s)

13-08-2024T15:15:17 - [MESSAGE][PASSED] - Delayed 3 second(s)

13-08-2024T15:15:17 - [MESSAGE][PASSED] - Call Test Case 'Test Cases/logout_testcase' successfully

13-08-2024T15:15:17 - [TEST_STEP][PASSED] - delay(3): Delayed 3 second(s)

13-08-2024T15:15:20 - [MESSAGE][PASSED] - Delayed 3 second(s)

13-08-2024T15:15:20 - [TEST_STEP][PASSED] - row = sheet.getRow(i): null

13-08-2024T15:15:20 - [TEST_STEP][PASSED] - firstName = getCell(0).getStringCellValue(): null

13-08-2024T15:15:20 - [TEST_STEP][PASSED] - Middlename = getCell(1).getStringCellValue(): null

13-08-2024T15:15:20 - [TEST_STEP][PASSED] - lastName = getCell(2).getStringCellValue(): null

13-08-2024T15:15:20 - [TEST_STEP][PASSED] - username = getCell(3).getStringCellValue(): null

13-08-2024T15:15:20 - [TEST_STEP][PASSED] - password = getCell(4).getStringCellValue(): null

13-08-2024T15:15:20 - [TEST_STEP][PASSED] - Employee_id = getCell(5).getStringCellValue(): null

13-08-2024T15:15:20 - [TEST_STEP][PASSED] - println("Logging in with Username: " + username + " and Password: " + password): null

13-08-2024T15:15:20 - [TEST_STEP][PASSED] - User_name = username: null

13-08-2024T15:15:20 - [TEST_STEP][PASSED] - Password = password: null

13-08-2024T15:15:20 - [TEST_STEP][PASSED] - First_name = firstName: null

13-08-2024T15:15:20 - [TEST_STEP][PASSED] - Last_name = lastName: null

13-08-2024T15:15:20 - [TEST_STEP][PASSED] - Middle_name = Middlename: null

13-08-2024T15:15:20 - [TEST_STEP][PASSED] - employee_id = Employee_id: null

13-08-2024T15:15:20 - [TEST_STEP][PASSED] - callTestCase(findTestCase("test_case_for_new_login_creds_excel_sheet"), [:], STOP_ON_FAILURE): Call Test Case 'Test Cases/test_case_for_new_login_creds_excel_sheet' successfully

13-08-2024T15:15:20 - [TEST_CASE][PASSED] - Test Cases/test_case_for_new_login_creds_excel_sheet: Test Cases/test_case_for_new_login_creds_excel_sheet

13-08-2024T15:15:20 - [TEST_STEP][PASSED] - refresh(): Refresh successfully

13-08-2024T15:15:21 - [MESSAGE][PASSED] - Refresh successfully

13-08-2024T15:15:21 - [TEST_STEP][PASSED] - delay(3): Delayed 3 second(s)

13-08-2024T15:15:24 - [MESSAGE][PASSED] - Delayed 3 second(s)

13-08-2024T15:15:24 - [TEST_STEP][PASSED] - verifyElementPresent(findTestObject("Object Repository/LOGIN_TEST_CASE_FOR_ORANGE_HRM/username_text_box_login_page"), 10): Object 'Object Repository/LOGIN_TEST_CASE_FOR_ORANGE_HRM/username_text_box_login_page' is present

13-08-2024T15:15:24 - [MESSAGE][PASSED] - Object 'Object Repository/LOGIN_TEST_CASE_FOR_ORANGE_HRM/username_text_box_login_page' is present

13-08-2024T15:15:24 - [TEST_STEP][PASSED] - click(findTestObject("Object Repository/LOGIN_TEST_CASE_FOR_ORANGE_HRM/username_text_box_login_page")): Object: 'Object Repository/LOGIN_TEST_CASE_FOR_ORANGE_HRM/username_text_box_login_page' is clicked on

13-08-2024T15:15:24 - [MESSAGE][PASSED] - Object: 'Object Repository/LOGIN_TEST_CASE_FOR_ORANGE_HRM/username_text_box_login_page' is clicked on

13-08-2024T15:15:24 - [TEST_STEP][PASSED] - setText(findTestObject("Object Repository/LOGIN_TEST_CASE_FOR_ORANGE_HRM/username_text_box_login_page"), User_name): Text 'User_name_BacRCOV' is set on object 'Object Repository/LOGIN_TEST_CASE_FOR_ORANGE_HRM/username_text_box_login_page'

13-08-2024T15:15:25 - [MESSAGE][PASSED] - Text 'User_name_BacRCOV' is set on object 'Object Repository/LOGIN_TEST_CASE_FOR_ORANGE_HRM/username_text_box_login_page'

13-08-2024T15:15:25 - [TEST_STEP][PASSED] - verifyElementPresent(findTestObject("Object Repository/LOGIN_TEST_CASE_FOR_ORANGE_HRM/password_text_box_for_login_page"), 10): Object 'Object Repository/LOGIN_TEST_CASE_FOR_ORANGE_HRM/password_text_box_for_login_page' is present

13-08-2024T15:15:25 - [MESSAGE][PASSED] - Object 'Object Repository/LOGIN_TEST_CASE_FOR_ORANGE_HRM/password_text_box_for_login_page' is present

13-08-2024T15:15:25 - [TEST_STEP][PASSED] - click(findTestObject("Object Repository/LOGIN_TEST_CASE_FOR_ORANGE_HRM/password_text_box_for_login_page")): Object: 'Object Repository/LOGIN_TEST_CASE_FOR_ORANGE_HRM/password_text_box_for_login_page' is clicked on

13-08-2024T15:15:25 - [MESSAGE][PASSED] - Object: 'Object Repository/LOGIN_TEST_CASE_FOR_ORANGE_HRM/password_text_box_for_login_page' is clicked on

13-08-2024T15:15:25 - [TEST_STEP][PASSED] - setText(findTestObject("Object Repository/LOGIN_TEST_CASE_FOR_ORANGE_HRM/password_text_box_for_login_page"), Password): Text 'Fiboo984086@@' is set on object 'Object Repository/LOGIN_TEST_CASE_FOR_ORANGE_HRM/password_text_box_for_login_page'

13-08-2024T15:15:26 - [MESSAGE][PASSED] - Text 'Fiboo984086@@' is set on object 'Object Repository/LOGIN_TEST_CASE_FOR_ORANGE_HRM/password_text_box_for_login_page'

13-08-2024T15:15:26 - [TEST_STEP][PASSED] - verifyElementPresent(findTestObject("Object Repository/LOGIN_TEST_CASE_FOR_ORANGE_HRM/login_button_for_login_page"), 10): Object 'Object Repository/LOGIN_TEST_CASE_FOR_ORANGE_HRM/login_button_for_login_page' is present

13-08-2024T15:15:26 - [MESSAGE][PASSED] - Object 'Object Repository/LOGIN_TEST_CASE_FOR_ORANGE_HRM/login_button_for_login_page' is present

13-08-2024T15:15:26 - [TEST_STEP][PASSED] - click(findTestObject("Object Repository/LOGIN_TEST_CASE_FOR_ORANGE_HRM/login_button_for_login_page")): Object: 'Object Repository/LOGIN_TEST_CASE_FOR_ORANGE_HRM/login_button_for_login_page' is clicked on

13-08-2024T15:15:27 - [MESSAGE][PASSED] - Object: 'Object Repository/LOGIN_TEST_CASE_FOR_ORANGE_HRM/login_button_for_login_page' is clicked on

13-08-2024T15:15:27 - [MESSAGE][PASSED] - Call Test Case 'Test Cases/test_case_for_new_login_creds_excel_sheet' successfully

13-08-2024T15:15:27 - [TEST_STEP][PASSED] - callTestCase(findTestCase("test_case_to_verify_data"), [:], STOP_ON_FAILURE): Call Test Case 'Test Cases/test_case_to_verify_data' successfully

13-08-2024T15:15:27 - [TEST_CASE][PASSED] - Test Cases/test_case_to_verify_data: Test Cases/test_case_to_verify_data

13-08-2024T15:15:27 - [TEST_STEP][PASSED] - delay(3): Delayed 3 second(s)

13-08-2024T15:15:30 - [MESSAGE][PASSED] - Delayed 3 second(s)

13-08-2024T15:15:30 - [TEST_STEP][PASSED] - click(findTestObject("to_verify_data/myinfo_option_from_side_bar")): Object: 'Object Repository/to_verify_data/myinfo_option_from_side_bar' is clicked on

13-08-2024T15:15:31 - [MESSAGE][PASSED] - Object: 'Object Repository/to_verify_data/myinfo_option_from_side_bar' is clicked on

13-08-2024T15:15:31 - [TEST_STEP][PASSED] - First_name = getAttribute(findTestObject("Object Repository/to_verify_data/first_name_text_box"), "value"): Attribute 'value' of object 'Object Repository/to_verify_data/first_name_text_box' is: 'First_name_lwiqsgB'

13-08-2024T15:15:33 - [MESSAGE][PASSED] - Attribute 'value' of object 'Object Repository/to_verify_data/first_name_text_box' is: 'First_name_lwiqsgB'

13-08-2024T15:15:33 - [TEST_STEP][PASSED] - out.println(First_name): null

13-08-2024T15:15:33 - [TEST_STEP][PASSED] - Middle_name = getAttribute(findTestObject("Object Repository/to_verify_data/middle_name_text_box"), "value"): Attribute 'value' of object 'Object Repository/to_verify_data/middle_name_text_box' is: 'Middle_name_hEjoLcJ'

13-08-2024T15:15:33 - [MESSAGE][PASSED] - Attribute 'value' of object 'Object Repository/to_verify_data/middle_name_text_box' is: 'Middle_name_hEjoLcJ'

13-08-2024T15:15:33 - [TEST_STEP][PASSED] - out.println(Middle_name): null

13-08-2024T15:15:33 - [TEST_STEP][PASSED] - Last_name = getAttribute(findTestObject("Object Repository/to_verify_data/last_name_text_box"), "value"): Attribute 'value' of object 'Object Repository/to_verify_data/last_name_text_box' is: 'Last_name_bNINlLp'

13-08-2024T15:15:34 - [MESSAGE][PASSED] - Attribute 'value' of object 'Object Repository/to_verify_data/last_name_text_box' is: 'Last_name_bNINlLp'

13-08-2024T15:15:34 - [TEST_STEP][PASSED] - out.println(Last_name): null

13-08-2024T15:15:34 - [TEST_STEP][PASSED] - employee_id = getAttribute(findTestObject("Object Repository/to_verify_data/employee_id"), "value"): Attribute 'value' of object 'Object Repository/to_verify_data/employee_id' is: '333827388'

13-08-2024T15:15:34 - [MESSAGE][PASSED] - Attribute 'value' of object 'Object Repository/to_verify_data/employee_id' is: '333827388'

13-08-2024T15:15:34 - [TEST_STEP][PASSED] - out.println(employee_id): null

13-08-2024T15:15:34 - [TEST_STEP][PASSED] - if (First_name == First_name): first name is same

13-08-2024T15:15:34 - [TEST_STEP][PASSED] - markPassed("first name is same"): first name is same

13-08-2024T15:15:34 - [MESSAGE][PASSED] - first name is same

13-08-2024T15:15:34 - [TEST_STEP][PASSED] - if (Middle_name == Middle_name): middle name is same

13-08-2024T15:15:34 - [TEST_STEP][PASSED] - markPassed("middle name is same"): middle name is same

13-08-2024T15:15:34 - [MESSAGE][PASSED] - middle name is same

13-08-2024T15:15:34 - [TEST_STEP][PASSED] - if (Last_name == Last_name): last name is same

13-08-2024T15:15:34 - [TEST_STEP][PASSED] - markPassed("last name is same"): last name is same

13-08-2024T15:15:34 - [MESSAGE][PASSED] - last name is same

13-08-2024T15:15:34 - [TEST_STEP][PASSED] - if (employee_id == employee_id): employee id is same

13-08-2024T15:15:34 - [TEST_STEP][PASSED] - markPassed("employee id is same"): employee id is same

13-08-2024T15:15:34 - [MESSAGE][PASSED] - employee id is same

13-08-2024T15:15:34 - [MESSAGE][PASSED] - Call Test Case 'Test Cases/test_case_to_verify_data' successfully

13-08-2024T15:15:34 - [TEST_STEP][PASSED] - callTestCase(findTestCase("logout_testcase"), [:], STOP_ON_FAILURE): Call Test Case 'Test Cases/logout_testcase' successfully

13-08-2024T15:15:34 - [TEST_CASE][PASSED] - Test Cases/logout_testcase: Test Cases/logout_testcase

13-08-2024T15:15:34 - [TEST_STEP][PASSED] - delay(3): Delayed 3 second(s)

13-08-2024T15:15:37 - [MESSAGE][PASSED] - Delayed 3 second(s)

13-08-2024T15:15:37 - [TEST_STEP][PASSED] - verifyElementPresent(findTestObject("logout_and_login_after_new_employee_added/userdropdown_for_logout_option"), 10): Object 'Object Repository/logout_and_login_after_new_employee_added/userdropdown_for_logout_option' is present

13-08-2024T15:15:37 - [MESSAGE][PASSED] - Object 'Object Repository/logout_and_login_after_new_employee_added/userdropdown_for_logout_option' is present

13-08-2024T15:15:37 - [TEST_STEP][PASSED] - delay(3): Delayed 3 second(s)

13-08-2024T15:15:40 - [MESSAGE][PASSED] - Delayed 3 second(s)

13-08-2024T15:15:40 - [TEST_STEP][PASSED] - click(findTestObject("logout_and_login_after_new_employee_added/userdropdown_for_logout_option")): Object: 'Object Repository/logout_and_login_after_new_employee_added/userdropdown_for_logout_option' is clicked on

13-08-2024T15:15:41 - [MESSAGE][PASSED] - Object: 'Object Repository/logout_and_login_after_new_employee_added/userdropdown_for_logout_option' is clicked on

13-08-2024T15:15:41 - [TEST_STEP][PASSED] - delay(3): Delayed 3 second(s)

13-08-2024T15:15:44 - [MESSAGE][PASSED] - Delayed 3 second(s)

13-08-2024T15:15:44 - [TEST_STEP][PASSED] - click(findTestObject("logout_and_login_after_new_employee_added/logout_option")): Object: 'Object Repository/logout_and_login_after_new_employee_added/logout_option' is clicked on

13-08-2024T15:15:45 - [MESSAGE][PASSED] - Object: 'Object Repository/logout_and_login_after_new_employee_added/logout_option' is clicked on

13-08-2024T15:15:45 - [TEST_STEP][PASSED] - delay(3): Delayed 3 second(s)

13-08-2024T15:15:48 - [MESSAGE][PASSED] - Delayed 3 second(s)

13-08-2024T15:15:48 - [MESSAGE][PASSED] - Call Test Case 'Test Cases/logout_testcase' successfully

13-08-2024T15:15:48 - [TEST_STEP][PASSED] - delay(3): Delayed 3 second(s)

13-08-2024T15:15:51 - [MESSAGE][PASSED] - Delayed 3 second(s)

13-08-2024T15:15:51 - [TEST_STEP][PASSED] - row = sheet.getRow(i): null

13-08-2024T15:15:51 - [TEST_STEP][PASSED] - firstName = getCell(0).getStringCellValue(): null

13-08-2024T15:15:51 - [TEST_STEP][PASSED] - Middlename = getCell(1).getStringCellValue(): null

13-08-2024T15:15:51 - [TEST_STEP][PASSED] - lastName = getCell(2).getStringCellValue(): null

13-08-2024T15:15:51 - [TEST_STEP][PASSED] - username = getCell(3).getStringCellValue(): null

13-08-2024T15:15:51 - [TEST_STEP][PASSED] - password = getCell(4).getStringCellValue(): null

13-08-2024T15:15:51 - [TEST_STEP][PASSED] - Employee_id = getCell(5).getStringCellValue(): null

13-08-2024T15:15:51 - [TEST_STEP][PASSED] - println("Logging in with Username: " + username + " and Password: " + password): null

13-08-2024T15:15:51 - [TEST_STEP][PASSED] - User_name = username: null

13-08-2024T15:15:51 - [TEST_STEP][PASSED] - Password = password: null

13-08-2024T15:15:51 - [TEST_STEP][PASSED] - First_name = firstName: null

13-08-2024T15:15:51 - [TEST_STEP][PASSED] - Last_name = lastName: null

13-08-2024T15:15:51 - [TEST_STEP][PASSED] - Middle_name = Middlename: null

13-08-2024T15:15:51 - [TEST_STEP][PASSED] - employee_id = Employee_id: null

13-08-2024T15:15:51 - [TEST_STEP][PASSED] - callTestCase(findTestCase("test_case_for_new_login_creds_excel_sheet"), [:], STOP_ON_FAILURE): Call Test Case 'Test Cases/test_case_for_new_login_creds_excel_sheet' successfully

13-08-2024T15:15:51 - [TEST_CASE][PASSED] - Test Cases/test_case_for_new_login_creds_excel_sheet: Test Cases/test_case_for_new_login_creds_excel_sheet

13-08-2024T15:15:51 - [TEST_STEP][PASSED] - refresh(): Refresh successfully

13-08-2024T15:15:51 - [MESSAGE][PASSED] - Refresh successfully

13-08-2024T15:15:51 - [TEST_STEP][PASSED] - delay(3): Delayed 3 second(s)

13-08-2024T15:15:54 - [MESSAGE][PASSED] - Delayed 3 second(s)

13-08-2024T15:15:54 - [TEST_STEP][PASSED] - verifyElementPresent(findTestObject("Object Repository/LOGIN_TEST_CASE_FOR_ORANGE_HRM/username_text_box_login_page"), 10): Object 'Object Repository/LOGIN_TEST_CASE_FOR_ORANGE_HRM/username_text_box_login_page' is present

13-08-2024T15:15:55 - [MESSAGE][PASSED] - Object 'Object Repository/LOGIN_TEST_CASE_FOR_ORANGE_HRM/username_text_box_login_page' is present

13-08-2024T15:15:55 - [TEST_STEP][PASSED] - click(findTestObject("Object Repository/LOGIN_TEST_CASE_FOR_ORANGE_HRM/username_text_box_login_page")): Object: 'Object Repository/LOGIN_TEST_CASE_FOR_ORANGE_HRM/username_text_box_login_page' is clicked on

13-08-2024T15:15:55 - [MESSAGE][PASSED] - Object: 'Object Repository/LOGIN_TEST_CASE_FOR_ORANGE_HRM/username_text_box_login_page' is clicked on

13-08-2024T15:15:55 - [TEST_STEP][PASSED] - setText(findTestObject("Object Repository/LOGIN_TEST_CASE_FOR_ORANGE_HRM/username_text_box_login_page"), User_name): Text 'User_name_pgQspQV' is set on object 'Object Repository/LOGIN_TEST_CASE_FOR_ORANGE_HRM/username_text_box_login_page'

13-08-2024T15:15:56 - [MESSAGE][PASSED] - Text 'User_name_pgQspQV' is set on object 'Object Repository/LOGIN_TEST_CASE_FOR_ORANGE_HRM/username_text_box_login_page'

13-08-2024T15:15:56 - [TEST_STEP][PASSED] - verifyElementPresent(findTestObject("Object Repository/LOGIN_TEST_CASE_FOR_ORANGE_HRM/password_text_box_for_login_page"), 10): Object 'Object Repository/LOGIN_TEST_CASE_FOR_ORANGE_HRM/password_text_box_for_login_page' is present

13-08-2024T15:15:56 - [MESSAGE][PASSED] - Object 'Object Repository/LOGIN_TEST_CASE_FOR_ORANGE_HRM/password_text_box_for_login_page' is present

13-08-2024T15:15:56 - [TEST_STEP][PASSED] - click(findTestObject("Object Repository/LOGIN_TEST_CASE_FOR_ORANGE_HRM/password_text_box_for_login_page")): Object: 'Object Repository/LOGIN_TEST_CASE_FOR_ORANGE_HRM/password_text_box_for_login_page' is clicked on

13-08-2024T15:15:56 - [MESSAGE][PASSED] - Object: 'Object Repository/LOGIN_TEST_CASE_FOR_ORANGE_HRM/password_text_box_for_login_page' is clicked on

13-08-2024T15:15:56 - [TEST_STEP][PASSED] - setText(findTestObject("Object Repository/LOGIN_TEST_CASE_FOR_ORANGE_HRM/password_text_box_for_login_page"), Password): Text 'Fiboo720128@@' is set on object 'Object Repository/LOGIN_TEST_CASE_FOR_ORANGE_HRM/password_text_box_for_login_page'

13-08-2024T15:15:57 - [MESSAGE][PASSED] - Text 'Fiboo720128@@' is set on object 'Object Repository/LOGIN_TEST_CASE_FOR_ORANGE_HRM/password_text_box_for_login_page'

13-08-2024T15:15:57 - [TEST_STEP][PASSED] - verifyElementPresent(findTestObject("Object Repository/LOGIN_TEST_CASE_FOR_ORANGE_HRM/login_button_for_login_page"), 10): Object 'Object Repository/LOGIN_TEST_CASE_FOR_ORANGE_HRM/login_button_for_login_page' is present

13-08-2024T15:15:57 - [MESSAGE][PASSED] - Object 'Object Repository/LOGIN_TEST_CASE_FOR_ORANGE_HRM/login_button_for_login_page' is present

13-08-2024T15:15:57 - [TEST_STEP][PASSED] - click(findTestObject("Object Repository/LOGIN_TEST_CASE_FOR_ORANGE_HRM/login_button_for_login_page")): Object: 'Object Repository/LOGIN_TEST_CASE_FOR_ORANGE_HRM/login_button_for_login_page' is clicked on

13-08-2024T15:15:57 - [MESSAGE][PASSED] - Object: 'Object Repository/LOGIN_TEST_CASE_FOR_ORANGE_HRM/login_button_for_login_page' is clicked on

13-08-2024T15:15:57 - [MESSAGE][PASSED] - Call Test Case 'Test Cases/test_case_for_new_login_creds_excel_sheet' successfully

13-08-2024T15:15:57 - [TEST_STEP][PASSED] - callTestCase(findTestCase("test_case_to_verify_data"), [:], STOP_ON_FAILURE): Call Test Case 'Test Cases/test_case_to_verify_data' successfully

13-08-2024T15:15:57 - [TEST_CASE][PASSED] - Test Cases/test_case_to_verify_data: Test Cases/test_case_to_verify_data

13-08-2024T15:15:57 - [TEST_STEP][PASSED] - delay(3): Delayed 3 second(s)

13-08-2024T15:16:00 - [MESSAGE][PASSED] - Delayed 3 second(s)

13-08-2024T15:16:00 - [TEST_STEP][PASSED] - click(findTestObject("to_verify_data/myinfo_option_from_side_bar")): Object: 'Object Repository/to_verify_data/myinfo_option_from_side_bar' is clicked on

13-08-2024T15:16:02 - [MESSAGE][PASSED] - Object: 'Object Repository/to_verify_data/myinfo_option_from_side_bar' is clicked on

13-08-2024T15:16:02 - [TEST_STEP][PASSED] - First_name = getAttribute(findTestObject("Object Repository/to_verify_data/first_name_text_box"), "value"): Attribute 'value' of object 'Object Repository/to_verify_data/first_name_text_box' is: 'First_name_cfWzkaU'

13-08-2024T15:16:04 - [MESSAGE][PASSED] - Attribute 'value' of object 'Object Repository/to_verify_data/first_name_text_box' is: 'First_name_cfWzkaU'

13-08-2024T15:16:04 - [TEST_STEP][PASSED] - out.println(First_name): null

13-08-2024T15:16:04 - [TEST_STEP][PASSED] - Middle_name = getAttribute(findTestObject("Object Repository/to_verify_data/middle_name_text_box"), "value"): Attribute 'value' of object 'Object Repository/to_verify_data/middle_name_text_box' is: 'Middle_name_aGSoVjo'

13-08-2024T15:16:04 - [MESSAGE][PASSED] - Attribute 'value' of object 'Object Repository/to_verify_data/middle_name_text_box' is: 'Middle_name_aGSoVjo'

13-08-2024T15:16:04 - [TEST_STEP][PASSED] - out.println(Middle_name): null

13-08-2024T15:16:04 - [TEST_STEP][PASSED] - Last_name = getAttribute(findTestObject("Object Repository/to_verify_data/last_name_text_box"), "value"): Attribute 'value' of object 'Object Repository/to_verify_data/last_name_text_box' is: 'Last_name_dxgonBy'

13-08-2024T15:16:04 - [MESSAGE][PASSED] - Attribute 'value' of object 'Object Repository/to_verify_data/last_name_text_box' is: 'Last_name_dxgonBy'

13-08-2024T15:16:04 - [TEST_STEP][PASSED] - out.println(Last_name): null

13-08-2024T15:16:04 - [TEST_STEP][PASSED] - employee_id = getAttribute(findTestObject("Object Repository/to_verify_data/employee_id"), "value"): Attribute 'value' of object 'Object Repository/to_verify_data/employee_id' is: '333828326'

13-08-2024T15:16:04 - [MESSAGE][PASSED] - Attribute 'value' of object 'Object Repository/to_verify_data/employee_id' is: '333828326'

13-08-2024T15:16:04 - [TEST_STEP][PASSED] - out.println(employee_id): null

13-08-2024T15:16:04 - [TEST_STEP][PASSED] - if (First_name == First_name): first name is same

13-08-2024T15:16:04 - [TEST_STEP][PASSED] - markPassed("first name is same"): first name is same

13-08-2024T15:16:04 - [MESSAGE][PASSED] - first name is same

13-08-2024T15:16:04 - [TEST_STEP][PASSED] - if (Middle_name == Middle_name): middle name is same

13-08-2024T15:16:04 - [TEST_STEP][PASSED] - markPassed("middle name is same"): middle name is same

13-08-2024T15:16:04 - [MESSAGE][PASSED] - middle name is same

13-08-2024T15:16:04 - [TEST_STEP][PASSED] - if (Last_name == Last_name): last name is same

13-08-2024T15:16:04 - [TEST_STEP][PASSED] - markPassed("last name is same"): last name is same

13-08-2024T15:16:04 - [MESSAGE][PASSED] - last name is same

13-08-2024T15:16:04 - [TEST_STEP][PASSED] - if (employee_id == employee_id): employee id is same

13-08-2024T15:16:04 - [TEST_STEP][PASSED] - markPassed("employee id is same"): employee id is same

13-08-2024T15:16:04 - [MESSAGE][PASSED] - employee id is same

13-08-2024T15:16:04 - [MESSAGE][PASSED] - Call Test Case 'Test Cases/test_case_to_verify_data' successfully

13-08-2024T15:16:04 - [TEST_STEP][PASSED] - callTestCase(findTestCase("logout_testcase"), [:], STOP_ON_FAILURE): Call Test Case 'Test Cases/logout_testcase' successfully

13-08-2024T15:16:04 - [TEST_CASE][PASSED] - Test Cases/logout_testcase: Test Cases/logout_testcase

13-08-2024T15:16:04 - [TEST_STEP][PASSED] - delay(3): Delayed 3 second(s)

13-08-2024T15:16:07 - [MESSAGE][PASSED] - Delayed 3 second(s)

13-08-2024T15:16:07 - [TEST_STEP][PASSED] - verifyElementPresent(findTestObject("logout_and_login_after_new_employee_added/userdropdown_for_logout_option"), 10): Object 'Object Repository/logout_and_login_after_new_employee_added/userdropdown_for_logout_option' is present

13-08-2024T15:16:08 - [MESSAGE][PASSED] - Object 'Object Repository/logout_and_login_after_new_employee_added/userdropdown_for_logout_option' is present

13-08-2024T15:16:08 - [TEST_STEP][PASSED] - delay(3): Delayed 3 second(s)

13-08-2024T15:16:11 - [MESSAGE][PASSED] - Delayed 3 second(s)

13-08-2024T15:16:11 - [TEST_STEP][PASSED] - click(findTestObject("logout_and_login_after_new_employee_added/userdropdown_for_logout_option")): Object: 'Object Repository/logout_and_login_after_new_employee_added/userdropdown_for_logout_option' is clicked on

13-08-2024T15:16:11 - [MESSAGE][PASSED] - Object: 'Object Repository/logout_and_login_after_new_employee_added/userdropdown_for_logout_option' is clicked on

13-08-2024T15:16:11 - [TEST_STEP][PASSED] - delay(3): Delayed 3 second(s)

13-08-2024T15:16:14 - [MESSAGE][PASSED] - Delayed 3 second(s)

13-08-2024T15:16:14 - [TEST_STEP][PASSED] - click(findTestObject("logout_and_login_after_new_employee_added/logout_option")): Object: 'Object Repository/logout_and_login_after_new_employee_added/logout_option' is clicked on

13-08-2024T15:16:15 - [MESSAGE][PASSED] - Object: 'Object Repository/logout_and_login_after_new_employee_added/logout_option' is clicked on

13-08-2024T15:16:15 - [TEST_STEP][PASSED] - delay(3): Delayed 3 second(s)

13-08-2024T15:16:18 - [MESSAGE][PASSED] - Delayed 3 second(s)

13-08-2024T15:16:18 - [MESSAGE][PASSED] - Call Test Case 'Test Cases/logout_testcase' successfully

13-08-2024T15:16:18 - [TEST_STEP][PASSED] - delay(3): Delayed 3 second(s)

13-08-2024T15:16:21 - [MESSAGE][PASSED] - Delayed 3 second(s)

13-08-2024T15:16:21 - [TEST_STEP][PASSED] - row = sheet.getRow(i): null

13-08-2024T15:16:21 - [TEST_STEP][PASSED] - firstName = getCell(0).getStringCellValue(): null

13-08-2024T15:16:21 - [TEST_STEP][PASSED] - Middlename = getCell(1).getStringCellValue(): null

13-08-2024T15:16:21 - [TEST_STEP][PASSED] - lastName = getCell(2).getStringCellValue(): null

13-08-2024T15:16:21 - [TEST_STEP][PASSED] - username = getCell(3).getStringCellValue(): null

13-08-2024T15:16:21 - [TEST_STEP][PASSED] - password = getCell(4).getStringCellValue(): null

13-08-2024T15:16:21 - [TEST_STEP][PASSED] - Employee_id = getCell(5).getStringCellValue(): null

13-08-2024T15:16:21 - [TEST_STEP][PASSED] - println("Logging in with Username: " + username + " and Password: " + password): null

13-08-2024T15:16:21 - [TEST_STEP][PASSED] - User_name = username: null

13-08-2024T15:16:21 - [TEST_STEP][PASSED] - Password = password: null

13-08-2024T15:16:21 - [TEST_STEP][PASSED] - First_name = firstName: null

13-08-2024T15:16:21 - [TEST_STEP][PASSED] - Last_name = lastName: null

13-08-2024T15:16:21 - [TEST_STEP][PASSED] - Middle_name = Middlename: null

13-08-2024T15:16:21 - [TEST_STEP][PASSED] - employee_id = Employee_id: null

13-08-2024T15:16:21 - [TEST_STEP][PASSED] - callTestCase(findTestCase("test_case_for_new_login_creds_excel_sheet"), [:], STOP_ON_FAILURE): Call Test Case 'Test Cases/test_case_for_new_login_creds_excel_sheet' successfully

13-08-2024T15:16:21 - [TEST_CASE][PASSED] - Test Cases/test_case_for_new_login_creds_excel_sheet: Test Cases/test_case_for_new_login_creds_excel_sheet

13-08-2024T15:16:21 - [TEST_STEP][PASSED] - refresh(): Refresh successfully

13-08-2024T15:16:22 - [MESSAGE][PASSED] - Refresh successfully

13-08-2024T15:16:22 - [TEST_STEP][PASSED] - delay(3): Delayed 3 second(s)

13-08-2024T15:16:25 - [MESSAGE][PASSED] - Delayed 3 second(s)

13-08-2024T15:16:25 - [TEST_STEP][PASSED] - verifyElementPresent(findTestObject("Object Repository/LOGIN_TEST_CASE_FOR_ORANGE_HRM/username_text_box_login_page"), 10): Object 'Object Repository/LOGIN_TEST_CASE_FOR_ORANGE_HRM/username_text_box_login_page' is present

13-08-2024T15:16:25 - [MESSAGE][PASSED] - Object 'Object Repository/LOGIN_TEST_CASE_FOR_ORANGE_HRM/username_text_box_login_page' is present

13-08-2024T15:16:25 - [TEST_STEP][PASSED] - click(findTestObject("Object Repository/LOGIN_TEST_CASE_FOR_ORANGE_HRM/username_text_box_login_page")): Object: 'Object Repository/LOGIN_TEST_CASE_FOR_ORANGE_HRM/username_text_box_login_page' is clicked on

13-08-2024T15:16:25 - [MESSAGE][PASSED] - Object: 'Object Repository/LOGIN_TEST_CASE_FOR_ORANGE_HRM/username_text_box_login_page' is clicked on

13-08-2024T15:16:25 - [TEST_STEP][PASSED] - setText(findTestObject("Object Repository/LOGIN_TEST_CASE_FOR_ORANGE_HRM/username_text_box_login_page"), User_name): Text 'User_name_NEnuzBf' is set on object 'Object Repository/LOGIN_TEST_CASE_FOR_ORANGE_HRM/username_text_box_login_page'

13-08-2024T15:16:26 - [MESSAGE][PASSED] - Text 'User_name_NEnuzBf' is set on object 'Object Repository/LOGIN_TEST_CASE_FOR_ORANGE_HRM/username_text_box_login_page'

13-08-2024T15:16:26 - [TEST_STEP][PASSED] - verifyElementPresent(findTestObject("Object Repository/LOGIN_TEST_CASE_FOR_ORANGE_HRM/password_text_box_for_login_page"), 10): Object 'Object Repository/LOGIN_TEST_CASE_FOR_ORANGE_HRM/password_text_box_for_login_page' is present

13-08-2024T15:16:26 - [MESSAGE][PASSED] - Object 'Object Repository/LOGIN_TEST_CASE_FOR_ORANGE_HRM/password_text_box_for_login_page' is present

13-08-2024T15:16:26 - [TEST_STEP][PASSED] - click(findTestObject("Object Repository/LOGIN_TEST_CASE_FOR_ORANGE_HRM/password_text_box_for_login_page")): Object: 'Object Repository/LOGIN_TEST_CASE_FOR_ORANGE_HRM/password_text_box_for_login_page' is clicked on

13-08-2024T15:16:26 - [MESSAGE][PASSED] - Object: 'Object Repository/LOGIN_TEST_CASE_FOR_ORANGE_HRM/password_text_box_for_login_page' is clicked on

13-08-2024T15:16:26 - [TEST_STEP][PASSED] - setText(findTestObject("Object Repository/LOGIN_TEST_CASE_FOR_ORANGE_HRM/password_text_box_for_login_page"), Password): Text 'Fiboo324512@@' is set on object 'Object Repository/LOGIN_TEST_CASE_FOR_ORANGE_HRM/password_text_box_for_login_page'

13-08-2024T15:16:27 - [MESSAGE][PASSED] - Text 'Fiboo324512@@' is set on object 'Object Repository/LOGIN_TEST_CASE_FOR_ORANGE_HRM/password_text_box_for_login_page'

13-08-2024T15:16:27 - [TEST_STEP][PASSED] - verifyElementPresent(findTestObject("Object Repository/LOGIN_TEST_CASE_FOR_ORANGE_HRM/login_button_for_login_page"), 10): Object 'Object Repository/LOGIN_TEST_CASE_FOR_ORANGE_HRM/login_button_for_login_page' is present

13-08-2024T15:16:27 - [MESSAGE][PASSED] - Object 'Object Repository/LOGIN_TEST_CASE_FOR_ORANGE_HRM/login_button_for_login_page' is present

13-08-2024T15:16:27 - [TEST_STEP][PASSED] - click(findTestObject("Object Repository/LOGIN_TEST_CASE_FOR_ORANGE_HRM/login_button_for_login_page")): Object: 'Object Repository/LOGIN_TEST_CASE_FOR_ORANGE_HRM/login_button_for_login_page' is clicked on

13-08-2024T15:16:28 - [MESSAGE][PASSED] - Object: 'Object Repository/LOGIN_TEST_CASE_FOR_ORANGE_HRM/login_button_for_login_page' is clicked on

13-08-2024T15:16:28 - [MESSAGE][PASSED] - Call Test Case 'Test Cases/test_case_for_new_login_creds_excel_sheet' successfully

13-08-2024T15:16:28 - [TEST_STEP][PASSED] - callTestCase(findTestCase("test_case_to_verify_data"), [:], STOP_ON_FAILURE): Call Test Case 'Test Cases/test_case_to_verify_data' successfully

13-08-2024T15:16:28 - [TEST_CASE][PASSED] - Test Cases/test_case_to_verify_data: Test Cases/test_case_to_verify_data

13-08-2024T15:16:28 - [TEST_STEP][PASSED] - delay(3): Delayed 3 second(s)

13-08-2024T15:16:31 - [MESSAGE][PASSED] - Delayed 3 second(s)

13-08-2024T15:16:31 - [TEST_STEP][PASSED] - click(findTestObject("to_verify_data/myinfo_option_from_side_bar")): Object: 'Object Repository/to_verify_data/myinfo_option_from_side_bar' is clicked on

13-08-2024T15:16:32 - [MESSAGE][PASSED] - Object: 'Object Repository/to_verify_data/myinfo_option_from_side_bar' is clicked on

13-08-2024T15:16:32 - [TEST_STEP][PASSED] - First_name = getAttribute(findTestObject("Object Repository/to_verify_data/first_name_text_box"), "value"): Attribute 'value' of object 'Object Repository/to_verify_data/first_name_text_box' is: 'First_name_ZaZgedh'

13-08-2024T15:16:34 - [MESSAGE][PASSED] - Attribute 'value' of object 'Object Repository/to_verify_data/first_name_text_box' is: 'First_name_ZaZgedh'

13-08-2024T15:16:34 - [TEST_STEP][PASSED] - out.println(First_name): null

13-08-2024T15:16:34 - [TEST_STEP][PASSED] - Middle_name = getAttribute(findTestObject("Object Repository/to_verify_data/middle_name_text_box"), "value"): Attribute 'value' of object 'Object Repository/to_verify_data/middle_name_text_box' is: 'Middle_name_FvBTNMx'

13-08-2024T15:16:34 - [MESSAGE][PASSED] - Attribute 'value' of object 'Object Repository/to_verify_data/middle_name_text_box' is: 'Middle_name_FvBTNMx'

13-08-2024T15:16:34 - [TEST_STEP][PASSED] - out.println(Middle_name): null

13-08-2024T15:16:34 - [TEST_STEP][PASSED] - Last_name = getAttribute(findTestObject("Object Repository/to_verify_data/last_name_text_box"), "value"): Attribute 'value' of object 'Object Repository/to_verify_data/last_name_text_box' is: 'Last_name_BcxuPWB'

13-08-2024T15:16:34 - [MESSAGE][PASSED] - Attribute 'value' of object 'Object Repository/to_verify_data/last_name_text_box' is: 'Last_name_BcxuPWB'

13-08-2024T15:16:34 - [TEST_STEP][PASSED] - out.println(Last_name): null

13-08-2024T15:16:34 - [TEST_STEP][PASSED] - employee_id = getAttribute(findTestObject("Object Repository/to_verify_data/employee_id"), "value"): Attribute 'value' of object 'Object Repository/to_verify_data/employee_id' is: '333488423'

13-08-2024T15:16:35 - [MESSAGE][PASSED] - Attribute 'value' of object 'Object Repository/to_verify_data/employee_id' is: '333488423'

13-08-2024T15:16:35 - [TEST_STEP][PASSED] - out.println(employee_id): null

13-08-2024T15:16:35 - [TEST_STEP][PASSED] - if (First_name == First_name): first name is same

13-08-2024T15:16:35 - [TEST_STEP][PASSED] - markPassed("first name is same"): first name is same

13-08-2024T15:16:35 - [MESSAGE][PASSED] - first name is same

13-08-2024T15:16:35 - [TEST_STEP][PASSED] - if (Middle_name == Middle_name): middle name is same

13-08-2024T15:16:35 - [TEST_STEP][PASSED] - markPassed("middle name is same"): middle name is same

13-08-2024T15:16:35 - [MESSAGE][PASSED] - middle name is same

13-08-2024T15:16:35 - [TEST_STEP][PASSED] - if (Last_name == Last_name): last name is same

13-08-2024T15:16:35 - [TEST_STEP][PASSED] - markPassed("last name is same"): last name is same

13-08-2024T15:16:35 - [MESSAGE][PASSED] - last name is same

13-08-2024T15:16:35 - [TEST_STEP][PASSED] - if (employee_id == employee_id): employee id is same

13-08-2024T15:16:35 - [TEST_STEP][PASSED] - markPassed("employee id is same"): employee id is same

13-08-2024T15:16:35 - [MESSAGE][PASSED] - employee id is same

13-08-2024T15:16:35 - [MESSAGE][PASSED] - Call Test Case 'Test Cases/test_case_to_verify_data' successfully

13-08-2024T15:16:35 - [TEST_STEP][PASSED] - callTestCase(findTestCase("logout_testcase"), [:], STOP_ON_FAILURE): Call Test Case 'Test Cases/logout_testcase' successfully

13-08-2024T15:16:35 - [TEST_CASE][PASSED] - Test Cases/logout_testcase: Test Cases/logout_testcase

13-08-2024T15:16:35 - [TEST_STEP][PASSED] - delay(3): Delayed 3 second(s)

13-08-2024T15:16:38 - [MESSAGE][PASSED] - Delayed 3 second(s)

13-08-2024T15:16:38 - [TEST_STEP][PASSED] - verifyElementPresent(findTestObject("logout_and_login_after_new_employee_added/userdropdown_for_logout_option"), 10): Object 'Object Repository/logout_and_login_after_new_employee_added/userdropdown_for_logout_option' is present

13-08-2024T15:16:38 - [MESSAGE][PASSED] - Object 'Object Repository/logout_and_login_after_new_employee_added/userdropdown_for_logout_option' is present

13-08-2024T15:16:38 - [TEST_STEP][PASSED] - delay(3): Delayed 3 second(s)

13-08-2024T15:16:41 - [MESSAGE][PASSED] - Delayed 3 second(s)

13-08-2024T15:16:41 - [TEST_STEP][PASSED] - click(findTestObject("logout_and_login_after_new_employee_added/userdropdown_for_logout_option")): Object: 'Object Repository/logout_and_login_after_new_employee_added/userdropdown_for_logout_option' is clicked on

13-08-2024T15:16:41 - [MESSAGE][PASSED] - Object: 'Object Repository/logout_and_login_after_new_employee_added/userdropdown_for_logout_option' is clicked on

13-08-2024T15:16:41 - [TEST_STEP][PASSED] - delay(3): Delayed 3 second(s)

13-08-2024T15:16:44 - [MESSAGE][PASSED] - Delayed 3 second(s)

13-08-2024T15:16:44 - [TEST_STEP][PASSED] - click(findTestObject("logout_and_login_after_new_employee_added/logout_option")): Object: 'Object Repository/logout_and_login_after_new_employee_added/logout_option' is clicked on

13-08-2024T15:16:45 - [MESSAGE][PASSED] - Object: 'Object Repository/logout_and_login_after_new_employee_added/logout_option' is clicked on

13-08-2024T15:16:45 - [TEST_STEP][PASSED] - delay(3): Delayed 3 second(s)

13-08-2024T15:16:48 - [MESSAGE][PASSED] - Delayed 3 second(s)

13-08-2024T15:16:48 - [MESSAGE][PASSED] - Call Test Case 'Test Cases/logout_testcase' successfully

13-08-2024T15:16:48 - [TEST_STEP][PASSED] - delay(3): Delayed 3 second(s)

13-08-2024T15:16:51 - [MESSAGE][PASSED] - Delayed 3 second(s)

13-08-2024T15:16:51 - [TEST_STEP][PASSED] - row = sheet.getRow(i): null

13-08-2024T15:16:51 - [TEST_STEP][PASSED] - firstName = getCell(0).getStringCellValue(): null

13-08-2024T15:16:51 - [TEST_STEP][PASSED] - Middlename = getCell(1).getStringCellValue(): null

13-08-2024T15:16:51 - [TEST_STEP][PASSED] - lastName = getCell(2).getStringCellValue(): null

13-08-2024T15:16:51 - [TEST_STEP][PASSED] - username = getCell(3).getStringCellValue(): null

13-08-2024T15:16:51 - [TEST_STEP][PASSED] - password = getCell(4).getStringCellValue(): null

13-08-2024T15:16:51 - [TEST_STEP][PASSED] - Employee_id = getCell(5).getStringCellValue(): null

13-08-2024T15:16:51 - [TEST_STEP][PASSED] - println("Logging in with Username: " + username + " and Password: " + password): null

13-08-2024T15:16:51 - [TEST_STEP][PASSED] - User_name = username: null

13-08-2024T15:16:51 - [TEST_STEP][PASSED] - Password = password: null

13-08-2024T15:16:51 - [TEST_STEP][PASSED] - First_name = firstName: null

13-08-2024T15:16:51 - [TEST_STEP][PASSED] - Last_name = lastName: null

13-08-2024T15:16:51 - [TEST_STEP][PASSED] - Middle_name = Middlename: null

13-08-2024T15:16:51 - [TEST_STEP][PASSED] - employee_id = Employee_id: null

13-08-2024T15:16:51 - [TEST_STEP][PASSED] - callTestCase(findTestCase("test_case_for_new_login_creds_excel_sheet"), [:], STOP_ON_FAILURE): Call Test Case 'Test Cases/test_case_for_new_login_creds_excel_sheet' successfully

13-08-2024T15:16:51 - [TEST_CASE][PASSED] - Test Cases/test_case_for_new_login_creds_excel_sheet: Test Cases/test_case_for_new_login_creds_excel_sheet

13-08-2024T15:16:51 - [TEST_STEP][PASSED] - refresh(): Refresh successfully

13-08-2024T15:16:52 - [MESSAGE][PASSED] - Refresh successfully

13-08-2024T15:16:52 - [TEST_STEP][PASSED] - delay(3): Delayed 3 second(s)

13-08-2024T15:16:55 - [MESSAGE][PASSED] - Delayed 3 second(s)

13-08-2024T15:16:55 - [TEST_STEP][PASSED] - verifyElementPresent(findTestObject("Object Repository/LOGIN_TEST_CASE_FOR_ORANGE_HRM/username_text_box_login_page"), 10): Object 'Object Repository/LOGIN_TEST_CASE_FOR_ORANGE_HRM/username_text_box_login_page' is present

13-08-2024T15:16:55 - [MESSAGE][PASSED] - Object 'Object Repository/LOGIN_TEST_CASE_FOR_ORANGE_HRM/username_text_box_login_page' is present

13-08-2024T15:16:55 - [TEST_STEP][PASSED] - click(findTestObject("Object Repository/LOGIN_TEST_CASE_FOR_ORANGE_HRM/username_text_box_login_page")): Object: 'Object Repository/LOGIN_TEST_CASE_FOR_ORANGE_HRM/username_text_box_login_page' is clicked on

13-08-2024T15:16:55 - [MESSAGE][PASSED] - Object: 'Object Repository/LOGIN_TEST_CASE_FOR_ORANGE_HRM/username_text_box_login_page' is clicked on

13-08-2024T15:16:55 - [TEST_STEP][PASSED] - setText(findTestObject("Object Repository/LOGIN_TEST_CASE_FOR_ORANGE_HRM/username_text_box_login_page"), User_name): Text 'User_name_VndyGAE' is set on object 'Object Repository/LOGIN_TEST_CASE_FOR_ORANGE_HRM/username_text_box_login_page'

13-08-2024T15:16:56 - [MESSAGE][PASSED] - Text 'User_name_VndyGAE' is set on object 'Object Repository/LOGIN_TEST_CASE_FOR_ORANGE_HRM/username_text_box_login_page'

13-08-2024T15:16:56 - [TEST_STEP][PASSED] - verifyElementPresent(findTestObject("Object Repository/LOGIN_TEST_CASE_FOR_ORANGE_HRM/password_text_box_for_login_page"), 10): Object 'Object Repository/LOGIN_TEST_CASE_FOR_ORANGE_HRM/password_text_box_for_login_page' is present

13-08-2024T15:16:56 - [MESSAGE][PASSED] - Object 'Object Repository/LOGIN_TEST_CASE_FOR_ORANGE_HRM/password_text_box_for_login_page' is present

13-08-2024T15:16:56 - [TEST_STEP][PASSED] - click(findTestObject("Object Repository/LOGIN_TEST_CASE_FOR_ORANGE_HRM/password_text_box_for_login_page")): Object: 'Object Repository/LOGIN_TEST_CASE_FOR_ORANGE_HRM/password_text_box_for_login_page' is clicked on

13-08-2024T15:16:57 - [MESSAGE][PASSED] - Object: 'Object Repository/LOGIN_TEST_CASE_FOR_ORANGE_HRM/password_text_box_for_login_page' is clicked on

13-08-2024T15:16:57 - [TEST_STEP][PASSED] - setText(findTestObject("Object Repository/LOGIN_TEST_CASE_FOR_ORANGE_HRM/password_text_box_for_login_page"), Password): Text 'Fiboo088328@@' is set on object 'Object Repository/LOGIN_TEST_CASE_FOR_ORANGE_HRM/password_text_box_for_login_page'

13-08-2024T15:16:57 - [MESSAGE][PASSED] - Text 'Fiboo088328@@' is set on object 'Object Repository/LOGIN_TEST_CASE_FOR_ORANGE_HRM/password_text_box_for_login_page'

13-08-2024T15:16:57 - [TEST_STEP][PASSED] - verifyElementPresent(findTestObject("Object Repository/LOGIN_TEST_CASE_FOR_ORANGE_HRM/login_button_for_login_page"), 10): Object 'Object Repository/LOGIN_TEST_CASE_FOR_ORANGE_HRM/login_button_for_login_page' is present

13-08-2024T15:16:57 - [MESSAGE][PASSED] - Object 'Object Repository/LOGIN_TEST_CASE_FOR_ORANGE_HRM/login_button_for_login_page' is present

13-08-2024T15:16:57 - [TEST_STEP][PASSED] - click(findTestObject("Object Repository/LOGIN_TEST_CASE_FOR_ORANGE_HRM/login_button_for_login_page")): Object: 'Object Repository/LOGIN_TEST_CASE_FOR_ORANGE_HRM/login_button_for_login_page' is clicked on

13-08-2024T15:16:58 - [MESSAGE][PASSED] - Object: 'Object Repository/LOGIN_TEST_CASE_FOR_ORANGE_HRM/login_button_for_login_page' is clicked on

13-08-2024T15:16:58 - [MESSAGE][PASSED] - Call Test Case 'Test Cases/test_case_for_new_login_creds_excel_sheet' successfully

13-08-2024T15:16:58 - [TEST_STEP][PASSED] - callTestCase(findTestCase("test_case_to_verify_data"), [:], STOP_ON_FAILURE): Call Test Case 'Test Cases/test_case_to_verify_data' successfully

13-08-2024T15:16:58 - [TEST_CASE][PASSED] - Test Cases/test_case_to_verify_data: Test Cases/test_case_to_verify_data

13-08-2024T15:16:58 - [TEST_STEP][PASSED] - delay(3): Delayed 3 second(s)

13-08-2024T15:17:01 - [MESSAGE][PASSED] - Delayed 3 second(s)

13-08-2024T15:17:01 - [TEST_STEP][PASSED] - click(findTestObject("to_verify_data/myinfo_option_from_side_bar")): Object: 'Object Repository/to_verify_data/myinfo_option_from_side_bar' is clicked on

13-08-2024T15:17:02 - [MESSAGE][PASSED] - Object: 'Object Repository/to_verify_data/myinfo_option_from_side_bar' is clicked on

13-08-2024T15:17:02 - [TEST_STEP][PASSED] - First_name = getAttribute(findTestObject("Object Repository/to_verify_data/first_name_text_box"), "value"): Attribute 'value' of object 'Object Repository/to_verify_data/first_name_text_box' is: 'First_name_kDctNdC'

13-08-2024T15:17:05 - [MESSAGE][PASSED] - Attribute 'value' of object 'Object Repository/to_verify_data/first_name_text_box' is: 'First_name_kDctNdC'

13-08-2024T15:17:05 - [TEST_STEP][PASSED] - out.println(First_name): null

13-08-2024T15:17:05 - [TEST_STEP][PASSED] - Middle_name = getAttribute(findTestObject("Object Repository/to_verify_data/middle_name_text_box"), "value"): Attribute 'value' of object 'Object Repository/to_verify_data/middle_name_text_box' is: 'Middle_name_prSGBzw'

13-08-2024T15:17:05 - [MESSAGE][PASSED] - Attribute 'value' of object 'Object Repository/to_verify_data/middle_name_text_box' is: 'Middle_name_prSGBzw'

13-08-2024T15:17:05 - [TEST_STEP][PASSED] - out.println(Middle_name): null

13-08-2024T15:17:05 - [TEST_STEP][PASSED] - Last_name = getAttribute(findTestObject("Object Repository/to_verify_data/last_name_text_box"), "value"): Attribute 'value' of object 'Object Repository/to_verify_data/last_name_text_box' is: 'Last_name_LzmRvPu'

13-08-2024T15:17:05 - [MESSAGE][PASSED] - Attribute 'value' of object 'Object Repository/to_verify_data/last_name_text_box' is: 'Last_name_LzmRvPu'

13-08-2024T15:17:05 - [TEST_STEP][PASSED] - out.println(Last_name): null

13-08-2024T15:17:05 - [TEST_STEP][PASSED] - employee_id = getAttribute(findTestObject("Object Repository/to_verify_data/employee_id"), "value"): Attribute 'value' of object 'Object Repository/to_verify_data/employee_id' is: '333029625'

13-08-2024T15:17:05 - [MESSAGE][PASSED] - Attribute 'value' of object 'Object Repository/to_verify_data/employee_id' is: '333029625'

13-08-2024T15:17:05 - [TEST_STEP][PASSED] - out.println(employee_id): null

13-08-2024T15:17:05 - [TEST_STEP][PASSED] - if (First_name == First_name): first name is same

13-08-2024T15:17:05 - [TEST_STEP][PASSED] - markPassed("first name is same"): first name is same

13-08-2024T15:17:05 - [MESSAGE][PASSED] - first name is same

13-08-2024T15:17:05 - [TEST_STEP][PASSED] - if (Middle_name == Middle_name): middle name is same

13-08-2024T15:17:05 - [TEST_STEP][PASSED] - markPassed("middle name is same"): middle name is same

13-08-2024T15:17:05 - [MESSAGE][PASSED] - middle name is same

13-08-2024T15:17:05 - [TEST_STEP][PASSED] - if (Last_name == Last_name): last name is same

13-08-2024T15:17:05 - [TEST_STEP][PASSED] - markPassed("last name is same"): last name is same

13-08-2024T15:17:05 - [MESSAGE][PASSED] - last name is same

13-08-2024T15:17:05 - [TEST_STEP][PASSED] - if (employee_id == employee_id): employee id is same

13-08-2024T15:17:05 - [TEST_STEP][PASSED] - markPassed("employee id is same"): employee id is same

13-08-2024T15:17:05 - [MESSAGE][PASSED] - employee id is same

13-08-2024T15:17:05 - [MESSAGE][PASSED] - Call Test Case 'Test Cases/test_case_to_verify_data' successfully

13-08-2024T15:17:05 - [TEST_STEP][PASSED] - callTestCase(findTestCase("logout_testcase"), [:], STOP_ON_FAILURE): Call Test Case 'Test Cases/logout_testcase' successfully

13-08-2024T15:17:05 - [TEST_CASE][PASSED] - Test Cases/logout_testcase: Test Cases/logout_testcase

13-08-2024T15:17:05 - [TEST_STEP][PASSED] - delay(3): Delayed 3 second(s)

13-08-2024T15:17:08 - [MESSAGE][PASSED] - Delayed 3 second(s)

13-08-2024T15:17:08 - [TEST_STEP][PASSED] - verifyElementPresent(findTestObject("logout_and_login_after_new_employee_added/userdropdown_for_logout_option"), 10): Object 'Object Repository/logout_and_login_after_new_employee_added/userdropdown_for_logout_option' is present

13-08-2024T15:17:09 - [MESSAGE][PASSED] - Object 'Object Repository/logout_and_login_after_new_employee_added/userdropdown_for_logout_option' is present

13-08-2024T15:17:09 - [TEST_STEP][PASSED] - delay(3): Delayed 3 second(s)

13-08-2024T15:17:12 - [MESSAGE][PASSED] - Delayed 3 second(s)

13-08-2024T15:17:12 - [TEST_STEP][PASSED] - click(findTestObject("logout_and_login_after_new_employee_added/userdropdown_for_logout_option")): Object: 'Object Repository/logout_and_login_after_new_employee_added/userdropdown_for_logout_option' is clicked on

13-08-2024T15:17:12 - [MESSAGE][PASSED] - Object: 'Object Repository/logout_and_login_after_new_employee_added/userdropdown_for_logout_option' is clicked on

13-08-2024T15:17:12 - [TEST_STEP][PASSED] - delay(3): Delayed 3 second(s)

13-08-2024T15:17:15 - [MESSAGE][PASSED] - Delayed 3 second(s)

13-08-2024T15:17:15 - [TEST_STEP][PASSED] - click(findTestObject("logout_and_login_after_new_employee_added/logout_option")): Object: 'Object Repository/logout_and_login_after_new_employee_added/logout_option' is clicked on

13-08-2024T15:17:16 - [MESSAGE][PASSED] - Object: 'Object Repository/logout_and_login_after_new_employee_added/logout_option' is clicked on

13-08-2024T15:17:16 - [TEST_STEP][PASSED] - delay(3): Delayed 3 second(s)

13-08-2024T15:17:19 - [MESSAGE][PASSED] - Delayed 3 second(s)

13-08-2024T15:17:19 - [MESSAGE][PASSED] - Call Test Case 'Test Cases/logout_testcase' successfully

13-08-2024T15:17:19 - [TEST_STEP][PASSED] - delay(3): Delayed 3 second(s)

13-08-2024T15:17:22 - [MESSAGE][PASSED] - Delayed 3 second(s)

13-08-2024T15:17:22 - [TEST_STEP][PASSED] - row = sheet.getRow(i): null

13-08-2024T15:17:22 - [TEST_STEP][PASSED] - firstName = getCell(0).getStringCellValue(): null

13-08-2024T15:17:22 - [TEST_STEP][PASSED] - Middlename = getCell(1).getStringCellValue(): null

13-08-2024T15:17:22 - [TEST_STEP][PASSED] - lastName = getCell(2).getStringCellValue(): null

13-08-2024T15:17:22 - [TEST_STEP][PASSED] - username = getCell(3).getStringCellValue(): null

13-08-2024T15:17:22 - [TEST_STEP][PASSED] - password = getCell(4).getStringCellValue(): null

13-08-2024T15:17:22 - [TEST_STEP][PASSED] - Employee_id = getCell(5).getStringCellValue(): null

13-08-2024T15:17:22 - [TEST_STEP][PASSED] - println("Logging in with Username: " + username + " and Password: " + password): null

13-08-2024T15:17:22 - [TEST_STEP][PASSED] - User_name = username: null

13-08-2024T15:17:22 - [TEST_STEP][PASSED] - Password = password: null

13-08-2024T15:17:22 - [TEST_STEP][PASSED] - First_name = firstName: null

13-08-2024T15:17:22 - [TEST_STEP][PASSED] - Last_name = lastName: null

13-08-2024T15:17:22 - [TEST_STEP][PASSED] - Middle_name = Middlename: null

13-08-2024T15:17:22 - [TEST_STEP][PASSED] - employee_id = Employee_id: null

13-08-2024T15:17:22 - [TEST_STEP][PASSED] - callTestCase(findTestCase("test_case_for_new_login_creds_excel_sheet"), [:], STOP_ON_FAILURE): Call Test Case 'Test Cases/test_case_for_new_login_creds_excel_sheet' successfully

13-08-2024T15:17:22 - [TEST_CASE][PASSED] - Test Cases/test_case_for_new_login_creds_excel_sheet: Test Cases/test_case_for_new_login_creds_excel_sheet

13-08-2024T15:17:22 - [TEST_STEP][PASSED] - refresh(): Refresh successfully

13-08-2024T15:17:23 - [MESSAGE][PASSED] - Refresh successfully

13-08-2024T15:17:23 - [TEST_STEP][PASSED] - delay(3): Delayed 3 second(s)

13-08-2024T15:17:26 - [MESSAGE][PASSED] - Delayed 3 second(s)

13-08-2024T15:17:26 - [TEST_STEP][PASSED] - verifyElementPresent(findTestObject("Object Repository/LOGIN_TEST_CASE_FOR_ORANGE_HRM/username_text_box_login_page"), 10): Object 'Object Repository/LOGIN_TEST_CASE_FOR_ORANGE_HRM/username_text_box_login_page' is present

13-08-2024T15:17:26 - [MESSAGE][PASSED] - Object 'Object Repository/LOGIN_TEST_CASE_FOR_ORANGE_HRM/username_text_box_login_page' is present

13-08-2024T15:17:26 - [TEST_STEP][PASSED] - click(findTestObject("Object Repository/LOGIN_TEST_CASE_FOR_ORANGE_HRM/username_text_box_login_page")): Object: 'Object Repository/LOGIN_TEST_CASE_FOR_ORANGE_HRM/username_text_box_login_page' is clicked on

13-08-2024T15:17:27 - [MESSAGE][PASSED] - Object: 'Object Repository/LOGIN_TEST_CASE_FOR_ORANGE_HRM/username_text_box_login_page' is clicked on

13-08-2024T15:17:27 - [TEST_STEP][PASSED] - setText(findTestObject("Object Repository/LOGIN_TEST_CASE_FOR_ORANGE_HRM/username_text_box_login_page"), User_name): Text 'User_name_AemSrZI' is set on object 'Object Repository/LOGIN_TEST_CASE_FOR_ORANGE_HRM/username_text_box_login_page'

13-08-2024T15:17:27 - [MESSAGE][PASSED] - Text 'User_name_AemSrZI' is set on object 'Object Repository/LOGIN_TEST_CASE_FOR_ORANGE_HRM/username_text_box_login_page'

13-08-2024T15:17:27 - [TEST_STEP][PASSED] - verifyElementPresent(findTestObject("Object Repository/LOGIN_TEST_CASE_FOR_ORANGE_HRM/password_text_box_for_login_page"), 10): Object 'Object Repository/LOGIN_TEST_CASE_FOR_ORANGE_HRM/password_text_box_for_login_page' is present

13-08-2024T15:17:27 - [MESSAGE][PASSED] - Object 'Object Repository/LOGIN_TEST_CASE_FOR_ORANGE_HRM/password_text_box_for_login_page' is present

13-08-2024T15:17:27 - [TEST_STEP][PASSED] - click(findTestObject("Object Repository/LOGIN_TEST_CASE_FOR_ORANGE_HRM/password_text_box_for_login_page")): Object: 'Object Repository/LOGIN_TEST_CASE_FOR_ORANGE_HRM/password_text_box_for_login_page' is clicked on

13-08-2024T15:17:28 - [MESSAGE][PASSED] - Object: 'Object Repository/LOGIN_TEST_CASE_FOR_ORANGE_HRM/password_text_box_for_login_page' is clicked on

13-08-2024T15:17:28 - [TEST_STEP][PASSED] - setText(findTestObject("Object Repository/LOGIN_TEST_CASE_FOR_ORANGE_HRM/password_text_box_for_login_page"), Password): Text 'Fiboo138405@@' is set on object 'Object Repository/LOGIN_TEST_CASE_FOR_ORANGE_HRM/password_text_box_for_login_page'

13-08-2024T15:17:28 - [MESSAGE][PASSED] - Text 'Fiboo138405@@' is set on object 'Object Repository/LOGIN_TEST_CASE_FOR_ORANGE_HRM/password_text_box_for_login_page'

13-08-2024T15:17:28 - [TEST_STEP][PASSED] - verifyElementPresent(findTestObject("Object Repository/LOGIN_TEST_CASE_FOR_ORANGE_HRM/login_button_for_login_page"), 10): Object 'Object Repository/LOGIN_TEST_CASE_FOR_ORANGE_HRM/login_button_for_login_page' is present

13-08-2024T15:17:29 - [MESSAGE][PASSED] - Object 'Object Repository/LOGIN_TEST_CASE_FOR_ORANGE_HRM/login_button_for_login_page' is present

13-08-2024T15:17:29 - [TEST_STEP][PASSED] - click(findTestObject("Object Repository/LOGIN_TEST_CASE_FOR_ORANGE_HRM/login_button_for_login_page")): Object: 'Object Repository/LOGIN_TEST_CASE_FOR_ORANGE_HRM/login_button_for_login_page' is clicked on

13-08-2024T15:17:29 - [MESSAGE][PASSED] - Object: 'Object Repository/LOGIN_TEST_CASE_FOR_ORANGE_HRM/login_button_for_login_page' is clicked on

13-08-2024T15:17:29 - [MESSAGE][PASSED] - Call Test Case 'Test Cases/test_case_for_new_login_creds_excel_sheet' successfully

13-08-2024T15:17:29 - [TEST_STEP][PASSED] - callTestCase(findTestCase("test_case_to_verify_data"), [:], STOP_ON_FAILURE): Call Test Case 'Test Cases/test_case_to_verify_data' successfully

13-08-2024T15:17:29 - [TEST_CASE][PASSED] - Test Cases/test_case_to_verify_data: Test Cases/test_case_to_verify_data

13-08-2024T15:17:29 - [TEST_STEP][PASSED] - delay(3): Delayed 3 second(s)

13-08-2024T15:17:32 - [MESSAGE][PASSED] - Delayed 3 second(s)

13-08-2024T15:17:32 - [TEST_STEP][PASSED] - click(findTestObject("to_verify_data/myinfo_option_from_side_bar")): Object: 'Object Repository/to_verify_data/myinfo_option_from_side_bar' is clicked on

13-08-2024T15:17:33 - [MESSAGE][PASSED] - Object: 'Object Repository/to_verify_data/myinfo_option_from_side_bar' is clicked on

13-08-2024T15:17:33 - [TEST_STEP][PASSED] - First_name = getAttribute(findTestObject("Object Repository/to_verify_data/first_name_text_box"), "value"): Attribute 'value' of object 'Object Repository/to_verify_data/first_name_text_box' is: 'First_name_lnWykmS'

13-08-2024T15:17:35 - [MESSAGE][PASSED] - Attribute 'value' of object 'Object Repository/to_verify_data/first_name_text_box' is: 'First_name_lnWykmS'

13-08-2024T15:17:35 - [TEST_STEP][PASSED] - out.println(First_name): null

13-08-2024T15:17:35 - [TEST_STEP][PASSED] - Middle_name = getAttribute(findTestObject("Object Repository/to_verify_data/middle_name_text_box"), "value"): Attribute 'value' of object 'Object Repository/to_verify_data/middle_name_text_box' is: 'Middle_name_BEXzRmp'

13-08-2024T15:17:35 - [MESSAGE][PASSED] - Attribute 'value' of object 'Object Repository/to_verify_data/middle_name_text_box' is: 'Middle_name_BEXzRmp'

13-08-2024T15:17:35 - [TEST_STEP][PASSED] - out.println(Middle_name): null

13-08-2024T15:17:35 - [TEST_STEP][PASSED] - Last_name = getAttribute(findTestObject("Object Repository/to_verify_data/last_name_text_box"), "value"): Attribute 'value' of object 'Object Repository/to_verify_data/last_name_text_box' is: 'Last_name_xTMjSna'

13-08-2024T15:17:36 - [MESSAGE][PASSED] - Attribute 'value' of object 'Object Repository/to_verify_data/last_name_text_box' is: 'Last_name_xTMjSna'

13-08-2024T15:17:36 - [TEST_STEP][PASSED] - out.println(Last_name): null

13-08-2024T15:17:36 - [TEST_STEP][PASSED] - employee_id = getAttribute(findTestObject("Object Repository/to_verify_data/employee_id"), "value"): Attribute 'value' of object 'Object Repository/to_verify_data/employee_id' is: '333013329'

13-08-2024T15:17:36 - [MESSAGE][PASSED] - Attribute 'value' of object 'Object Repository/to_verify_data/employee_id' is: '333013329'

13-08-2024T15:17:36 - [TEST_STEP][PASSED] - out.println(employee_id): null

13-08-2024T15:17:36 - [TEST_STEP][PASSED] - if (First_name == First_name): first name is same

13-08-2024T15:17:36 - [TEST_STEP][PASSED] - markPassed("first name is same"): first name is same

13-08-2024T15:17:36 - [MESSAGE][PASSED] - first name is same

13-08-2024T15:17:36 - [TEST_STEP][PASSED] - if (Middle_name == Middle_name): middle name is same

13-08-2024T15:17:36 - [TEST_STEP][PASSED] - markPassed("middle name is same"): middle name is same

13-08-2024T15:17:36 - [MESSAGE][PASSED] - middle name is same

13-08-2024T15:17:36 - [TEST_STEP][PASSED] - if (Last_name == Last_name): last name is same

13-08-2024T15:17:36 - [TEST_STEP][PASSED] - markPassed("last name is same"): last name is same

13-08-2024T15:17:36 - [MESSAGE][PASSED] - last name is same

13-08-2024T15:17:36 - [TEST_STEP][PASSED] - if (employee_id == employee_id): employee id is same

13-08-2024T15:17:36 - [TEST_STEP][PASSED] - markPassed("employee id is same"): employee id is same

13-08-2024T15:17:36 - [MESSAGE][PASSED] - employee id is same

13-08-2024T15:17:36 - [MESSAGE][PASSED] - Call Test Case 'Test Cases/test_case_to_verify_data' successfully

13-08-2024T15:17:36 - [TEST_STEP][PASSED] - callTestCase(findTestCase("logout_testcase"), [:], STOP_ON_FAILURE): Call Test Case 'Test Cases/logout_testcase' successfully

13-08-2024T15:17:36 - [TEST_CASE][PASSED] - Test Cases/logout_testcase: Test Cases/logout_testcase

13-08-2024T15:17:36 - [TEST_STEP][PASSED] - delay(3): Delayed 3 second(s)

13-08-2024T15:17:39 - [MESSAGE][PASSED] - Delayed 3 second(s)

13-08-2024T15:17:39 - [TEST_STEP][PASSED] - verifyElementPresent(findTestObject("logout_and_login_after_new_employee_added/userdropdown_for_logout_option"), 10): Object 'Object Repository/logout_and_login_after_new_employee_added/userdropdown_for_logout_option' is present

13-08-2024T15:17:39 - [MESSAGE][PASSED] - Object 'Object Repository/logout_and_login_after_new_employee_added/userdropdown_for_logout_option' is present

13-08-2024T15:17:39 - [TEST_STEP][PASSED] - delay(3): Delayed 3 second(s)

13-08-2024T15:17:42 - [MESSAGE][PASSED] - Delayed 3 second(s)

13-08-2024T15:17:42 - [TEST_STEP][PASSED] - click(findTestObject("logout_and_login_after_new_employee_added/userdropdown_for_logout_option")): Object: 'Object Repository/logout_and_login_after_new_employee_added/userdropdown_for_logout_option' is clicked on

13-08-2024T15:17:43 - [MESSAGE][PASSED] - Object: 'Object Repository/logout_and_login_after_new_employee_added/userdropdown_for_logout_option' is clicked on

13-08-2024T15:17:43 - [TEST_STEP][PASSED] - delay(3): Delayed 3 second(s)

13-08-2024T15:17:46 - [MESSAGE][PASSED] - Delayed 3 second(s)

13-08-2024T15:17:46 - [TEST_STEP][PASSED] - click(findTestObject("logout_and_login_after_new_employee_added/logout_option")): Object: 'Object Repository/logout_and_login_after_new_employee_added/logout_option' is clicked on

13-08-2024T15:17:47 - [MESSAGE][PASSED] - Object: 'Object Repository/logout_and_login_after_new_employee_added/logout_option' is clicked on

13-08-2024T15:17:47 - [TEST_STEP][PASSED] - delay(3): Delayed 3 second(s)

13-08-2024T15:17:50 - [MESSAGE][PASSED] - Delayed 3 second(s)

13-08-2024T15:17:50 - [MESSAGE][PASSED] - Call Test Case 'Test Cases/logout_testcase' successfully

13-08-2024T15:17:50 - [TEST_STEP][PASSED] - delay(3): Delayed 3 second(s)

13-08-2024T15:17:53 - [MESSAGE][PASSED] - Delayed 3 second(s)

13-08-2024T15:17:53 - [TEST_STEP][PASSED] - row = sheet.getRow(i): null

13-08-2024T15:17:53 - [TEST_STEP][PASSED] - firstName = getCell(0).getStringCellValue(): null

13-08-2024T15:17:53 - [TEST_STEP][PASSED] - Middlename = getCell(1).getStringCellValue(): null

13-08-2024T15:17:53 - [TEST_STEP][PASSED] - lastName = getCell(2).getStringCellValue(): null

13-08-2024T15:17:53 - [TEST_STEP][PASSED] - username = getCell(3).getStringCellValue(): null

13-08-2024T15:17:53 - [TEST_STEP][PASSED] - password = getCell(4).getStringCellValue(): null

13-08-2024T15:17:53 - [TEST_STEP][PASSED] - Employee_id = getCell(5).getStringCellValue(): null

13-08-2024T15:17:53 - [TEST_STEP][PASSED] - println("Logging in with Username: " + username + " and Password: " + password): null

13-08-2024T15:17:53 - [TEST_STEP][PASSED] - User_name = username: null

13-08-2024T15:17:53 - [TEST_STEP][PASSED] - Password = password: null

13-08-2024T15:17:53 - [TEST_STEP][PASSED] - First_name = firstName: null

13-08-2024T15:17:53 - [TEST_STEP][PASSED] - Last_name = lastName: null

13-08-2024T15:17:53 - [TEST_STEP][PASSED] - Middle_name = Middlename: null

13-08-2024T15:17:53 - [TEST_STEP][PASSED] - employee_id = Employee_id: null

13-08-2024T15:17:53 - [TEST_STEP][PASSED] - callTestCase(findTestCase("test_case_for_new_login_creds_excel_sheet"), [:], STOP_ON_FAILURE): Call Test Case 'Test Cases/test_case_for_new_login_creds_excel_sheet' successfully

13-08-2024T15:17:53 - [TEST_CASE][PASSED] - Test Cases/test_case_for_new_login_creds_excel_sheet: Test Cases/test_case_for_new_login_creds_excel_sheet

13-08-2024T15:17:53 - [TEST_STEP][PASSED] - refresh(): Refresh successfully

13-08-2024T15:17:53 - [MESSAGE][PASSED] - Refresh successfully

13-08-2024T15:17:53 - [TEST_STEP][PASSED] - delay(3): Delayed 3 second(s)

13-08-2024T15:17:56 - [MESSAGE][PASSED] - Delayed 3 second(s)

13-08-2024T15:17:56 - [TEST_STEP][PASSED] - verifyElementPresent(findTestObject("Object Repository/LOGIN_TEST_CASE_FOR_ORANGE_HRM/username_text_box_login_page"), 10): Object 'Object Repository/LOGIN_TEST_CASE_FOR_ORANGE_HRM/username_text_box_login_page' is present

13-08-2024T15:17:57 - [MESSAGE][PASSED] - Object 'Object Repository/LOGIN_TEST_CASE_FOR_ORANGE_HRM/username_text_box_login_page' is present

13-08-2024T15:17:57 - [TEST_STEP][PASSED] - click(findTestObject("Object Repository/LOGIN_TEST_CASE_FOR_ORANGE_HRM/username_text_box_login_page")): Object: 'Object Repository/LOGIN_TEST_CASE_FOR_ORANGE_HRM/username_text_box_login_page' is clicked on

13-08-2024T15:17:57 - [MESSAGE][PASSED] - Object: 'Object Repository/LOGIN_TEST_CASE_FOR_ORANGE_HRM/username_text_box_login_page' is clicked on

13-08-2024T15:17:57 - [TEST_STEP][PASSED] - setText(findTestObject("Object Repository/LOGIN_TEST_CASE_FOR_ORANGE_HRM/username_text_box_login_page"), User_name): Text 'User_name_LeVjDmg' is set on object 'Object Repository/LOGIN_TEST_CASE_FOR_ORANGE_HRM/username_text_box_login_page'

13-08-2024T15:17:57 - [MESSAGE][PASSED] - Text 'User_name_LeVjDmg' is set on object 'Object Repository/LOGIN_TEST_CASE_FOR_ORANGE_HRM/username_text_box_login_page'

13-08-2024T15:17:57 - [TEST_STEP][PASSED] - verifyElementPresent(findTestObject("Object Repository/LOGIN_TEST_CASE_FOR_ORANGE_HRM/password_text_box_for_login_page"), 10): Object 'Object Repository/LOGIN_TEST_CASE_FOR_ORANGE_HRM/password_text_box_for_login_page' is present

13-08-2024T15:17:58 - [MESSAGE][PASSED] - Object 'Object Repository/LOGIN_TEST_CASE_FOR_ORANGE_HRM/password_text_box_for_login_page' is present

13-08-2024T15:17:58 - [TEST_STEP][PASSED] - click(findTestObject("Object Repository/LOGIN_TEST_CASE_FOR_ORANGE_HRM/password_text_box_for_login_page")): Object: 'Object Repository/LOGIN_TEST_CASE_FOR_ORANGE_HRM/password_text_box_for_login_page' is clicked on

13-08-2024T15:17:58 - [MESSAGE][PASSED] - Object: 'Object Repository/LOGIN_TEST_CASE_FOR_ORANGE_HRM/password_text_box_for_login_page' is clicked on

13-08-2024T15:17:58 - [TEST_STEP][PASSED] - setText(findTestObject("Object Repository/LOGIN_TEST_CASE_FOR_ORANGE_HRM/password_text_box_for_login_page"), Password): Text 'Fiboo511278@@' is set on object 'Object Repository/LOGIN_TEST_CASE_FOR_ORANGE_HRM/password_text_box_for_login_page'

13-08-2024T15:17:59 - [MESSAGE][PASSED] - Text 'Fiboo511278@@' is set on object 'Object Repository/LOGIN_TEST_CASE_FOR_ORANGE_HRM/password_text_box_for_login_page'

13-08-2024T15:17:59 - [TEST_STEP][PASSED] - verifyElementPresent(findTestObject("Object Repository/LOGIN_TEST_CASE_FOR_ORANGE_HRM/login_button_for_login_page"), 10): Object 'Object Repository/LOGIN_TEST_CASE_FOR_ORANGE_HRM/login_button_for_login_page' is present

13-08-2024T15:17:59 - [MESSAGE][PASSED] - Object 'Object Repository/LOGIN_TEST_CASE_FOR_ORANGE_HRM/login_button_for_login_page' is present

13-08-2024T15:17:59 - [TEST_STEP][PASSED] - click(findTestObject("Object Repository/LOGIN_TEST_CASE_FOR_ORANGE_HRM/login_button_for_login_page")): Object: 'Object Repository/LOGIN_TEST_CASE_FOR_ORANGE_HRM/login_button_for_login_page' is clicked on

13-08-2024T15:17:59 - [MESSAGE][PASSED] - Object: 'Object Repository/LOGIN_TEST_CASE_FOR_ORANGE_HRM/login_button_for_login_page' is clicked on

13-08-2024T15:17:59 - [MESSAGE][PASSED] - Call Test Case 'Test Cases/test_case_for_new_login_creds_excel_sheet' successfully

13-08-2024T15:17:59 - [TEST_STEP][PASSED] - callTestCase(findTestCase("test_case_to_verify_data"), [:], STOP_ON_FAILURE): Call Test Case 'Test Cases/test_case_to_verify_data' successfully

13-08-2024T15:17:59 - [TEST_CASE][PASSED] - Test Cases/test_case_to_verify_data: Test Cases/test_case_to_verify_data

13-08-2024T15:17:59 - [TEST_STEP][PASSED] - delay(3): Delayed 3 second(s)

13-08-2024T15:18:02 - [MESSAGE][PASSED] - Delayed 3 second(s)

13-08-2024T15:18:02 - [TEST_STEP][PASSED] - click(findTestObject("to_verify_data/myinfo_option_from_side_bar")): Object: 'Object Repository/to_verify_data/myinfo_option_from_side_bar' is clicked on

13-08-2024T15:18:03 - [MESSAGE][PASSED] - Object: 'Object Repository/to_verify_data/myinfo_option_from_side_bar' is clicked on

13-08-2024T15:18:03 - [TEST_STEP][PASSED] - First_name = getAttribute(findTestObject("Object Repository/to_verify_data/first_name_text_box"), "value"): Attribute 'value' of object 'Object Repository/to_verify_data/first_name_text_box' is: 'First_name_BwuSRfm'

13-08-2024T15:18:05 - [MESSAGE][PASSED] - Attribute 'value' of object 'Object Repository/to_verify_data/first_name_text_box' is: 'First_name_BwuSRfm'

13-08-2024T15:18:05 - [TEST_STEP][PASSED] - out.println(First_name): null

13-08-2024T15:18:05 - [TEST_STEP][PASSED] - Middle_name = getAttribute(findTestObject("Object Repository/to_verify_data/middle_name_text_box"), "value"): Attribute 'value' of object 'Object Repository/to_verify_data/middle_name_text_box' is: 'Middle_name_YotFIng'

13-08-2024T15:18:06 - [MESSAGE][PASSED] - Attribute 'value' of object 'Object Repository/to_verify_data/middle_name_text_box' is: 'Middle_name_YotFIng'

13-08-2024T15:18:06 - [TEST_STEP][PASSED] - out.println(Middle_name): null

13-08-2024T15:18:06 - [TEST_STEP][PASSED] - Last_name = getAttribute(findTestObject("Object Repository/to_verify_data/last_name_text_box"), "value"): Attribute 'value' of object 'Object Repository/to_verify_data/last_name_text_box' is: 'Last_name_dhcqjEy'

13-08-2024T15:18:06 - [MESSAGE][PASSED] - Attribute 'value' of object 'Object Repository/to_verify_data/last_name_text_box' is: 'Last_name_dhcqjEy'

13-08-2024T15:18:06 - [TEST_STEP][PASSED] - out.println(Last_name): null

13-08-2024T15:18:06 - [TEST_STEP][PASSED] - employee_id = getAttribute(findTestObject("Object Repository/to_verify_data/employee_id"), "value"): Attribute 'value' of object 'Object Repository/to_verify_data/employee_id' is: '333494018'

13-08-2024T15:18:06 - [MESSAGE][PASSED] - Attribute 'value' of object 'Object Repository/to_verify_data/employee_id' is: '333494018'

13-08-2024T15:18:06 - [TEST_STEP][PASSED] - out.println(employee_id): null

13-08-2024T15:18:06 - [TEST_STEP][PASSED] - if (First_name == First_name): first name is same

13-08-2024T15:18:06 - [TEST_STEP][PASSED] - markPassed("first name is same"): first name is same

13-08-2024T15:18:06 - [MESSAGE][PASSED] - first name is same

13-08-2024T15:18:06 - [TEST_STEP][PASSED] - if (Middle_name == Middle_name): middle name is same

13-08-2024T15:18:06 - [TEST_STEP][PASSED] - markPassed("middle name is same"): middle name is same

13-08-2024T15:18:06 - [MESSAGE][PASSED] - middle name is same

13-08-2024T15:18:06 - [TEST_STEP][PASSED] - if (Last_name == Last_name): last name is same

13-08-2024T15:18:06 - [TEST_STEP][PASSED] - markPassed("last name is same"): last name is same

13-08-2024T15:18:06 - [MESSAGE][PASSED] - last name is same

13-08-2024T15:18:06 - [TEST_STEP][PASSED] - if (employee_id == employee_id): employee id is same

13-08-2024T15:18:06 - [TEST_STEP][PASSED] - markPassed("employee id is same"): employee id is same

13-08-2024T15:18:06 - [MESSAGE][PASSED] - employee id is same

13-08-2024T15:18:06 - [MESSAGE][PASSED] - Call Test Case 'Test Cases/test_case_to_verify_data' successfully

13-08-2024T15:18:06 - [TEST_STEP][PASSED] - callTestCase(findTestCase("logout_testcase"), [:], STOP_ON_FAILURE): Call Test Case 'Test Cases/logout_testcase' successfully

13-08-2024T15:18:06 - [TEST_CASE][PASSED] - Test Cases/logout_testcase: Test Cases/logout_testcase

13-08-2024T15:18:06 - [TEST_STEP][PASSED] - delay(3): Delayed 3 second(s)

13-08-2024T15:18:09 - [MESSAGE][PASSED] - Delayed 3 second(s)

13-08-2024T15:18:09 - [TEST_STEP][PASSED] - verifyElementPresent(findTestObject("logout_and_login_after_new_employee_added/userdropdown_for_logout_option"), 10): Object 'Object Repository/logout_and_login_after_new_employee_added/userdropdown_for_logout_option' is present

13-08-2024T15:18:10 - [MESSAGE][PASSED] - Object 'Object Repository/logout_and_login_after_new_employee_added/userdropdown_for_logout_option' is present

13-08-2024T15:18:10 - [TEST_STEP][PASSED] - delay(3): Delayed 3 second(s)

13-08-2024T15:18:13 - [MESSAGE][PASSED] - Delayed 3 second(s)

13-08-2024T15:18:13 - [TEST_STEP][PASSED] - click(findTestObject("logout_and_login_after_new_employee_added/userdropdown_for_logout_option")): Object: 'Object Repository/logout_and_login_after_new_employee_added/userdropdown_for_logout_option' is clicked on

13-08-2024T15:18:13 - [MESSAGE][PASSED] - Object: 'Object Repository/logout_and_login_after_new_employee_added/userdropdown_for_logout_option' is clicked on

13-08-2024T15:18:13 - [TEST_STEP][PASSED] - delay(3): Delayed 3 second(s)

13-08-2024T15:18:16 - [MESSAGE][PASSED] - Delayed 3 second(s)

13-08-2024T15:18:16 - [TEST_STEP][PASSED] - click(findTestObject("logout_and_login_after_new_employee_added/logout_option")): Object: 'Object Repository/logout_and_login_after_new_employee_added/logout_option' is clicked on

13-08-2024T15:18:18 - [MESSAGE][PASSED] - Object: 'Object Repository/logout_and_login_after_new_employee_added/logout_option' is clicked on

13-08-2024T15:18:18 - [TEST_STEP][PASSED] - delay(3): Delayed 3 second(s)

13-08-2024T15:18:21 - [MESSAGE][PASSED] - Delayed 3 second(s)

13-08-2024T15:18:21 - [MESSAGE][PASSED] - Call Test Case 'Test Cases/logout_testcase' successfully

13-08-2024T15:18:21 - [TEST_STEP][PASSED] - delay(3): Delayed 3 second(s)

13-08-2024T15:18:24 - [MESSAGE][PASSED] - Delayed 3 second(s)

13-08-2024T15:18:24 - [TEST_STEP][PASSED] - row = sheet.getRow(i): null

13-08-2024T15:18:24 - [TEST_STEP][PASSED] - firstName = getCell(0).getStringCellValue(): null

13-08-2024T15:18:24 - [TEST_STEP][PASSED] - Middlename = getCell(1).getStringCellValue(): null

13-08-2024T15:18:24 - [TEST_STEP][PASSED] - lastName = getCell(2).getStringCellValue(): null

13-08-2024T15:18:24 - [TEST_STEP][PASSED] - username = getCell(3).getStringCellValue(): null

13-08-2024T15:18:24 - [TEST_STEP][PASSED] - password = getCell(4).getStringCellValue(): null

13-08-2024T15:18:24 - [TEST_STEP][PASSED] - Employee_id = getCell(5).getStringCellValue(): null

13-08-2024T15:18:24 - [TEST_STEP][PASSED] - println("Logging in with Username: " + username + " and Password: " + password): null

13-08-2024T15:18:24 - [TEST_STEP][PASSED] - User_name = username: null

13-08-2024T15:18:24 - [TEST_STEP][PASSED] - Password = password: null

13-08-2024T15:18:24 - [TEST_STEP][PASSED] - First_name = firstName: null

13-08-2024T15:18:24 - [TEST_STEP][PASSED] - Last_name = lastName: null

13-08-2024T15:18:24 - [TEST_STEP][PASSED] - Middle_name = Middlename: null

13-08-2024T15:18:24 - [TEST_STEP][PASSED] - employee_id = Employee_id: null

13-08-2024T15:18:24 - [TEST_STEP][PASSED] - callTestCase(findTestCase("test_case_for_new_login_creds_excel_sheet"), [:], STOP_ON_FAILURE): Call Test Case 'Test Cases/test_case_for_new_login_creds_excel_sheet' successfully

13-08-2024T15:18:24 - [TEST_CASE][PASSED] - Test Cases/test_case_for_new_login_creds_excel_sheet: Test Cases/test_case_for_new_login_creds_excel_sheet

13-08-2024T15:18:24 - [TEST_STEP][PASSED] - refresh(): Refresh successfully

13-08-2024T15:18:24 - [MESSAGE][PASSED] - Refresh successfully

13-08-2024T15:18:24 - [TEST_STEP][PASSED] - delay(3): Delayed 3 second(s)

13-08-2024T15:18:27 - [MESSAGE][PASSED] - Delayed 3 second(s)

13-08-2024T15:18:27 - [TEST_STEP][PASSED] - verifyElementPresent(findTestObject("Object Repository/LOGIN_TEST_CASE_FOR_ORANGE_HRM/username_text_box_login_page"), 10): Object 'Object Repository/LOGIN_TEST_CASE_FOR_ORANGE_HRM/username_text_box_login_page' is present

13-08-2024T15:18:28 - [MESSAGE][PASSED] - Object 'Object Repository/LOGIN_TEST_CASE_FOR_ORANGE_HRM/username_text_box_login_page' is present

13-08-2024T15:18:28 - [TEST_STEP][PASSED] - click(findTestObject("Object Repository/LOGIN_TEST_CASE_FOR_ORANGE_HRM/username_text_box_login_page")): Object: 'Object Repository/LOGIN_TEST_CASE_FOR_ORANGE_HRM/username_text_box_login_page' is clicked on

13-08-2024T15:18:28 - [MESSAGE][PASSED] - Object: 'Object Repository/LOGIN_TEST_CASE_FOR_ORANGE_HRM/username_text_box_login_page' is clicked on

13-08-2024T15:18:28 - [TEST_STEP][PASSED] - setText(findTestObject("Object Repository/LOGIN_TEST_CASE_FOR_ORANGE_HRM/username_text_box_login_page"), User_name): Text 'User_name_CCLOuAD' is set on object 'Object Repository/LOGIN_TEST_CASE_FOR_ORANGE_HRM/username_text_box_login_page'

13-08-2024T15:18:29 - [MESSAGE][PASSED] - Text 'User_name_CCLOuAD' is set on object 'Object Repository/LOGIN_TEST_CASE_FOR_ORANGE_HRM/username_text_box_login_page'

13-08-2024T15:18:29 - [TEST_STEP][PASSED] - verifyElementPresent(findTestObject("Object Repository/LOGIN_TEST_CASE_FOR_ORANGE_HRM/password_text_box_for_login_page"), 10): Object 'Object Repository/LOGIN_TEST_CASE_FOR_ORANGE_HRM/password_text_box_for_login_page' is present

13-08-2024T15:18:29 - [MESSAGE][PASSED] - Object 'Object Repository/LOGIN_TEST_CASE_FOR_ORANGE_HRM/password_text_box_for_login_page' is present

13-08-2024T15:18:29 - [TEST_STEP][PASSED] - click(findTestObject("Object Repository/LOGIN_TEST_CASE_FOR_ORANGE_HRM/password_text_box_for_login_page")): Object: 'Object Repository/LOGIN_TEST_CASE_FOR_ORANGE_HRM/password_text_box_for_login_page' is clicked on

13-08-2024T15:18:29 - [MESSAGE][PASSED] - Object: 'Object Repository/LOGIN_TEST_CASE_FOR_ORANGE_HRM/password_text_box_for_login_page' is clicked on

13-08-2024T15:18:29 - [TEST_STEP][PASSED] - setText(findTestObject("Object Repository/LOGIN_TEST_CASE_FOR_ORANGE_HRM/password_text_box_for_login_page"), Password): Text 'Fiboo619873@@' is set on object 'Object Repository/LOGIN_TEST_CASE_FOR_ORANGE_HRM/password_text_box_for_login_page'

13-08-2024T15:18:30 - [MESSAGE][PASSED] - Text 'Fiboo619873@@' is set on object 'Object Repository/LOGIN_TEST_CASE_FOR_ORANGE_HRM/password_text_box_for_login_page'

13-08-2024T15:18:30 - [TEST_STEP][PASSED] - verifyElementPresent(findTestObject("Object Repository/LOGIN_TEST_CASE_FOR_ORANGE_HRM/login_button_for_login_page"), 10): Object 'Object Repository/LOGIN_TEST_CASE_FOR_ORANGE_HRM/login_button_for_login_page' is present

13-08-2024T15:18:30 - [MESSAGE][PASSED] - Object 'Object Repository/LOGIN_TEST_CASE_FOR_ORANGE_HRM/login_button_for_login_page' is present

13-08-2024T15:18:30 - [TEST_STEP][PASSED] - click(findTestObject("Object Repository/LOGIN_TEST_CASE_FOR_ORANGE_HRM/login_button_for_login_page")): Object: 'Object Repository/LOGIN_TEST_CASE_FOR_ORANGE_HRM/login_button_for_login_page' is clicked on

13-08-2024T15:18:30 - [MESSAGE][PASSED] - Object: 'Object Repository/LOGIN_TEST_CASE_FOR_ORANGE_HRM/login_button_for_login_page' is clicked on

13-08-2024T15:18:30 - [MESSAGE][PASSED] - Call Test Case 'Test Cases/test_case_for_new_login_creds_excel_sheet' successfully

13-08-2024T15:18:30 - [TEST_STEP][PASSED] - callTestCase(findTestCase("test_case_to_verify_data"), [:], STOP_ON_FAILURE): Call Test Case 'Test Cases/test_case_to_verify_data' successfully

13-08-2024T15:18:30 - [TEST_CASE][PASSED] - Test Cases/test_case_to_verify_data: Test Cases/test_case_to_verify_data

13-08-2024T15:18:30 - [TEST_STEP][PASSED] - delay(3): Delayed 3 second(s)

13-08-2024T15:18:33 - [MESSAGE][PASSED] - Delayed 3 second(s)

13-08-2024T15:18:33 - [TEST_STEP][PASSED] - click(findTestObject("to_verify_data/myinfo_option_from_side_bar")): Object: 'Object Repository/to_verify_data/myinfo_option_from_side_bar' is clicked on

13-08-2024T15:18:36 - [MESSAGE][PASSED] - Object: 'Object Repository/to_verify_data/myinfo_option_from_side_bar' is clicked on

13-08-2024T15:18:36 - [TEST_STEP][PASSED] - First_name = getAttribute(findTestObject("Object Repository/to_verify_data/first_name_text_box"), "value"): Attribute 'value' of object 'Object Repository/to_verify_data/first_name_text_box' is: 'First_name_OsBqnaX'

13-08-2024T15:18:39 - [MESSAGE][PASSED] - Attribute 'value' of object 'Object Repository/to_verify_data/first_name_text_box' is: 'First_name_OsBqnaX'

13-08-2024T15:18:39 - [TEST_STEP][PASSED] - out.println(First_name): null

13-08-2024T15:18:39 - [TEST_STEP][PASSED] - Middle_name = getAttribute(findTestObject("Object Repository/to_verify_data/middle_name_text_box"), "value"): Attribute 'value' of object 'Object Repository/to_verify_data/middle_name_text_box' is: 'Middle_name_FmWIQTz'

13-08-2024T15:18:39 - [MESSAGE][PASSED] - Attribute 'value' of object 'Object Repository/to_verify_data/middle_name_text_box' is: 'Middle_name_FmWIQTz'

13-08-2024T15:18:39 - [TEST_STEP][PASSED] - out.println(Middle_name): null

13-08-2024T15:18:39 - [TEST_STEP][PASSED] - Last_name = getAttribute(findTestObject("Object Repository/to_verify_data/last_name_text_box"), "value"): Attribute 'value' of object 'Object Repository/to_verify_data/last_name_text_box' is: 'Last_name_DvWXdie'

13-08-2024T15:18:39 - [MESSAGE][PASSED] - Attribute 'value' of object 'Object Repository/to_verify_data/last_name_text_box' is: 'Last_name_DvWXdie'

13-08-2024T15:18:39 - [TEST_STEP][PASSED] - out.println(Last_name): null

13-08-2024T15:18:39 - [TEST_STEP][PASSED] - employee_id = getAttribute(findTestObject("Object Repository/to_verify_data/employee_id"), "value"): Attribute 'value' of object 'Object Repository/to_verify_data/employee_id' is: '333650244'

13-08-2024T15:18:39 - [MESSAGE][PASSED] - Attribute 'value' of object 'Object Repository/to_verify_data/employee_id' is: '333650244'

13-08-2024T15:18:39 - [TEST_STEP][PASSED] - out.println(employee_id): null

13-08-2024T15:18:39 - [TEST_STEP][PASSED] - if (First_name == First_name): first name is same

13-08-2024T15:18:39 - [TEST_STEP][PASSED] - markPassed("first name is same"): first name is same

13-08-2024T15:18:39 - [MESSAGE][PASSED] - first name is same

13-08-2024T15:18:39 - [TEST_STEP][PASSED] - if (Middle_name == Middle_name): middle name is same

13-08-2024T15:18:39 - [TEST_STEP][PASSED] - markPassed("middle name is same"): middle name is same

13-08-2024T15:18:39 - [MESSAGE][PASSED] - middle name is same

13-08-2024T15:18:39 - [TEST_STEP][PASSED] - if (Last_name == Last_name): last name is same

13-08-2024T15:18:39 - [TEST_STEP][PASSED] - markPassed("last name is same"): last name is same

13-08-2024T15:18:39 - [MESSAGE][PASSED] - last name is same

13-08-2024T15:18:39 - [TEST_STEP][PASSED] - if (employee_id == employee_id): employee id is same

13-08-2024T15:18:39 - [TEST_STEP][PASSED] - markPassed("employee id is same"): employee id is same

13-08-2024T15:18:39 - [MESSAGE][PASSED] - employee id is same

13-08-2024T15:18:39 - [MESSAGE][PASSED] - Call Test Case 'Test Cases/test_case_to_verify_data' successfully

13-08-2024T15:18:39 - [TEST_STEP][PASSED] - callTestCase(findTestCase("logout_testcase"), [:], STOP_ON_FAILURE): Call Test Case 'Test Cases/logout_testcase' successfully

13-08-2024T15:18:39 - [TEST_CASE][PASSED] - Test Cases/logout_testcase: Test Cases/logout_testcase

13-08-2024T15:18:39 - [TEST_STEP][PASSED] - delay(3): Delayed 3 second(s)

13-08-2024T15:18:42 - [MESSAGE][PASSED] - Delayed 3 second(s)

13-08-2024T15:18:42 - [TEST_STEP][PASSED] - verifyElementPresent(findTestObject("logout_and_login_after_new_employee_added/userdropdown_for_logout_option"), 10): Object 'Object Repository/logout_and_login_after_new_employee_added/userdropdown_for_logout_option' is present

13-08-2024T15:18:43 - [MESSAGE][PASSED] - Object 'Object Repository/logout_and_login_after_new_employee_added/userdropdown_for_logout_option' is present

13-08-2024T15:18:43 - [TEST_STEP][PASSED] - delay(3): Delayed 3 second(s)

13-08-2024T15:18:46 - [MESSAGE][PASSED] - Delayed 3 second(s)

13-08-2024T15:18:46 - [TEST_STEP][PASSED] - click(findTestObject("logout_and_login_after_new_employee_added/userdropdown_for_logout_option")): Object: 'Object Repository/logout_and_login_after_new_employee_added/userdropdown_for_logout_option' is clicked on

13-08-2024T15:18:46 - [MESSAGE][PASSED] - Object: 'Object Repository/logout_and_login_after_new_employee_added/userdropdown_for_logout_option' is clicked on

13-08-2024T15:18:46 - [TEST_STEP][PASSED] - delay(3): Delayed 3 second(s)

13-08-2024T15:18:49 - [MESSAGE][PASSED] - Delayed 3 second(s)

13-08-2024T15:18:49 - [TEST_STEP][PASSED] - click(findTestObject("logout_and_login_after_new_employee_added/logout_option")): Object: 'Object Repository/logout_and_login_after_new_employee_added/logout_option' is clicked on

13-08-2024T15:18:51 - [MESSAGE][PASSED] - Object: 'Object Repository/logout_and_login_after_new_employee_added/logout_option' is clicked on

13-08-2024T15:18:51 - [TEST_STEP][PASSED] - delay(3): Delayed 3 second(s)

13-08-2024T15:18:54 - [MESSAGE][PASSED] - Delayed 3 second(s)

13-08-2024T15:18:54 - [MESSAGE][PASSED] - Call Test Case 'Test Cases/logout_testcase' successfully

13-08-2024T15:18:54 - [TEST_STEP][PASSED] - delay(3): Delayed 3 second(s)

13-08-2024T15:18:57 - [MESSAGE][PASSED] - Delayed 3 second(s)

13-08-2024T15:18:57 - [TEST_STEP][PASSED] - row = sheet.getRow(i): null

13-08-2024T15:18:57 - [TEST_STEP][PASSED] - firstName = getCell(0).getStringCellValue(): null

13-08-2024T15:18:57 - [TEST_STEP][PASSED] - Middlename = getCell(1).getStringCellValue(): null

13-08-2024T15:18:57 - [TEST_STEP][PASSED] - lastName = getCell(2).getStringCellValue(): null

13-08-2024T15:18:57 - [TEST_STEP][PASSED] - username = getCell(3).getStringCellValue(): null

13-08-2024T15:18:57 - [TEST_STEP][PASSED] - password = getCell(4).getStringCellValue(): null

13-08-2024T15:18:57 - [TEST_STEP][PASSED] - Employee_id = getCell(5).getStringCellValue(): null

13-08-2024T15:18:57 - [TEST_STEP][PASSED] - println("Logging in with Username: " + username + " and Password: " + password): null

13-08-2024T15:18:57 - [TEST_STEP][PASSED] - User_name = username: null

13-08-2024T15:18:57 - [TEST_STEP][PASSED] - Password = password: null

13-08-2024T15:18:57 - [TEST_STEP][PASSED] - First_name = firstName: null

13-08-2024T15:18:57 - [TEST_STEP][PASSED] - Last_name = lastName: null

13-08-2024T15:18:57 - [TEST_STEP][PASSED] - Middle_name = Middlename: null

13-08-2024T15:18:57 - [TEST_STEP][PASSED] - employee_id = Employee_id: null

13-08-2024T15:18:57 - [TEST_STEP][PASSED] - callTestCase(findTestCase("test_case_for_new_login_creds_excel_sheet"), [:], STOP_ON_FAILURE): Call Test Case 'Test Cases/test_case_for_new_login_creds_excel_sheet' successfully

13-08-2024T15:18:57 - [TEST_CASE][PASSED] - Test Cases/test_case_for_new_login_creds_excel_sheet: Test Cases/test_case_for_new_login_creds_excel_sheet

13-08-2024T15:18:57 - [TEST_STEP][PASSED] - refresh(): Refresh successfully

13-08-2024T15:18:57 - [MESSAGE][PASSED] - Refresh successfully

13-08-2024T15:18:57 - [TEST_STEP][PASSED] - delay(3): Delayed 3 second(s)

13-08-2024T15:19:00 - [MESSAGE][PASSED] - Delayed 3 second(s)

13-08-2024T15:19:00 - [TEST_STEP][PASSED] - verifyElementPresent(findTestObject("Object Repository/LOGIN_TEST_CASE_FOR_ORANGE_HRM/username_text_box_login_page"), 10): Object 'Object Repository/LOGIN_TEST_CASE_FOR_ORANGE_HRM/username_text_box_login_page' is present

13-08-2024T15:19:01 - [MESSAGE][PASSED] - Object 'Object Repository/LOGIN_TEST_CASE_FOR_ORANGE_HRM/username_text_box_login_page' is present

13-08-2024T15:19:01 - [TEST_STEP][PASSED] - click(findTestObject("Object Repository/LOGIN_TEST_CASE_FOR_ORANGE_HRM/username_text_box_login_page")): Object: 'Object Repository/LOGIN_TEST_CASE_FOR_ORANGE_HRM/username_text_box_login_page' is clicked on

13-08-2024T15:19:01 - [MESSAGE][PASSED] - Object: 'Object Repository/LOGIN_TEST_CASE_FOR_ORANGE_HRM/username_text_box_login_page' is clicked on

13-08-2024T15:19:01 - [TEST_STEP][PASSED] - setText(findTestObject("Object Repository/LOGIN_TEST_CASE_FOR_ORANGE_HRM/username_text_box_login_page"), User_name): Text 'User_name_eAPqEWd' is set on object 'Object Repository/LOGIN_TEST_CASE_FOR_ORANGE_HRM/username_text_box_login_page'

13-08-2024T15:19:02 - [MESSAGE][PASSED] - Text 'User_name_eAPqEWd' is set on object 'Object Repository/LOGIN_TEST_CASE_FOR_ORANGE_HRM/username_text_box_login_page'

13-08-2024T15:19:02 - [TEST_STEP][PASSED] - verifyElementPresent(findTestObject("Object Repository/LOGIN_TEST_CASE_FOR_ORANGE_HRM/password_text_box_for_login_page"), 10): Object 'Object Repository/LOGIN_TEST_CASE_FOR_ORANGE_HRM/password_text_box_for_login_page' is present

13-08-2024T15:19:02 - [MESSAGE][PASSED] - Object 'Object Repository/LOGIN_TEST_CASE_FOR_ORANGE_HRM/password_text_box_for_login_page' is present

13-08-2024T15:19:02 - [TEST_STEP][PASSED] - click(findTestObject("Object Repository/LOGIN_TEST_CASE_FOR_ORANGE_HRM/password_text_box_for_login_page")): Object: 'Object Repository/LOGIN_TEST_CASE_FOR_ORANGE_HRM/password_text_box_for_login_page' is clicked on

13-08-2024T15:19:02 - [MESSAGE][PASSED] - Object: 'Object Repository/LOGIN_TEST_CASE_FOR_ORANGE_HRM/password_text_box_for_login_page' is clicked on

13-08-2024T15:19:02 - [TEST_STEP][PASSED] - setText(findTestObject("Object Repository/LOGIN_TEST_CASE_FOR_ORANGE_HRM/password_text_box_for_login_page"), Password): Text 'Fiboo317342@@' is set on object 'Object Repository/LOGIN_TEST_CASE_FOR_ORANGE_HRM/password_text_box_for_login_page'

13-08-2024T15:19:03 - [MESSAGE][PASSED] - Text 'Fiboo317342@@' is set on object 'Object Repository/LOGIN_TEST_CASE_FOR_ORANGE_HRM/password_text_box_for_login_page'

13-08-2024T15:19:03 - [TEST_STEP][PASSED] - verifyElementPresent(findTestObject("Object Repository/LOGIN_TEST_CASE_FOR_ORANGE_HRM/login_button_for_login_page"), 10): Object 'Object Repository/LOGIN_TEST_CASE_FOR_ORANGE_HRM/login_button_for_login_page' is present

13-08-2024T15:19:03 - [MESSAGE][PASSED] - Object 'Object Repository/LOGIN_TEST_CASE_FOR_ORANGE_HRM/login_button_for_login_page' is present

13-08-2024T15:19:03 - [TEST_STEP][PASSED] - click(findTestObject("Object Repository/LOGIN_TEST_CASE_FOR_ORANGE_HRM/login_button_for_login_page")): Object: 'Object Repository/LOGIN_TEST_CASE_FOR_ORANGE_HRM/login_button_for_login_page' is clicked on

13-08-2024T15:19:03 - [MESSAGE][PASSED] - Object: 'Object Repository/LOGIN_TEST_CASE_FOR_ORANGE_HRM/login_button_for_login_page' is clicked on

13-08-2024T15:19:03 - [MESSAGE][PASSED] - Call Test Case 'Test Cases/test_case_for_new_login_creds_excel_sheet' successfully

13-08-2024T15:19:03 - [TEST_STEP][PASSED] - callTestCase(findTestCase("test_case_to_verify_data"), [:], STOP_ON_FAILURE): Call Test Case 'Test Cases/test_case_to_verify_data' successfully

13-08-2024T15:19:03 - [TEST_CASE][PASSED] - Test Cases/test_case_to_verify_data: Test Cases/test_case_to_verify_data

13-08-2024T15:19:03 - [TEST_STEP][PASSED] - delay(3): Delayed 3 second(s)

13-08-2024T15:19:06 - [MESSAGE][PASSED] - Delayed 3 second(s)

13-08-2024T15:19:06 - [TEST_STEP][PASSED] - click(findTestObject("to_verify_data/myinfo_option_from_side_bar")): Object: 'Object Repository/to_verify_data/myinfo_option_from_side_bar' is clicked on

13-08-2024T15:19:09 - [MESSAGE][PASSED] - Object: 'Object Repository/to_verify_data/myinfo_option_from_side_bar' is clicked on

13-08-2024T15:19:09 - [TEST_STEP][PASSED] - First_name = getAttribute(findTestObject("Object Repository/to_verify_data/first_name_text_box"), "value"): Attribute 'value' of object 'Object Repository/to_verify_data/first_name_text_box' is: 'First_name_SVQheqc'

13-08-2024T15:19:11 - [MESSAGE][PASSED] - Attribute 'value' of object 'Object Repository/to_verify_data/first_name_text_box' is: 'First_name_SVQheqc'

13-08-2024T15:19:11 - [TEST_STEP][PASSED] - out.println(First_name): null

13-08-2024T15:19:11 - [TEST_STEP][PASSED] - Middle_name = getAttribute(findTestObject("Object Repository/to_verify_data/middle_name_text_box"), "value"): Attribute 'value' of object 'Object Repository/to_verify_data/middle_name_text_box' is: 'Middle_name_IpnWWND'

13-08-2024T15:19:12 - [MESSAGE][PASSED] - Attribute 'value' of object 'Object Repository/to_verify_data/middle_name_text_box' is: 'Middle_name_IpnWWND'

13-08-2024T15:19:12 - [TEST_STEP][PASSED] - out.println(Middle_name): null

13-08-2024T15:19:12 - [TEST_STEP][PASSED] - Last_name = getAttribute(findTestObject("Object Repository/to_verify_data/last_name_text_box"), "value"): Attribute 'value' of object 'Object Repository/to_verify_data/last_name_text_box' is: 'Last_name_YLlQXvl'

13-08-2024T15:19:12 - [MESSAGE][PASSED] - Attribute 'value' of object 'Object Repository/to_verify_data/last_name_text_box' is: 'Last_name_YLlQXvl'

13-08-2024T15:19:12 - [TEST_STEP][PASSED] - out.println(Last_name): null

13-08-2024T15:19:12 - [TEST_STEP][PASSED] - employee_id = getAttribute(findTestObject("Object Repository/to_verify_data/employee_id"), "value"): Attribute 'value' of object 'Object Repository/to_verify_data/employee_id' is: '333822757'

13-08-2024T15:19:12 - [MESSAGE][PASSED] - Attribute 'value' of object 'Object Repository/to_verify_data/employee_id' is: '333822757'

13-08-2024T15:19:12 - [TEST_STEP][PASSED] - out.println(employee_id): null

13-08-2024T15:19:12 - [TEST_STEP][PASSED] - if (First_name == First_name): first name is same

13-08-2024T15:19:12 - [TEST_STEP][PASSED] - markPassed("first name is same"): first name is same

13-08-2024T15:19:12 - [MESSAGE][PASSED] - first name is same

13-08-2024T15:19:12 - [TEST_STEP][PASSED] - if (Middle_name == Middle_name): middle name is same

13-08-2024T15:19:12 - [TEST_STEP][PASSED] - markPassed("middle name is same"): middle name is same

13-08-2024T15:19:12 - [MESSAGE][PASSED] - middle name is same

13-08-2024T15:19:12 - [TEST_STEP][PASSED] - if (Last_name == Last_name): last name is same

13-08-2024T15:19:12 - [TEST_STEP][PASSED] - markPassed("last name is same"): last name is same

13-08-2024T15:19:12 - [MESSAGE][PASSED] - last name is same

13-08-2024T15:19:12 - [TEST_STEP][PASSED] - if (employee_id == employee_id): employee id is same

13-08-2024T15:19:12 - [TEST_STEP][PASSED] - markPassed("employee id is same"): employee id is same

13-08-2024T15:19:12 - [MESSAGE][PASSED] - employee id is same

13-08-2024T15:19:12 - [MESSAGE][PASSED] - Call Test Case 'Test Cases/test_case_to_verify_data' successfully

13-08-2024T15:19:12 - [TEST_STEP][PASSED] - callTestCase(findTestCase("logout_testcase"), [:], STOP_ON_FAILURE): Call Test Case 'Test Cases/logout_testcase' successfully

13-08-2024T15:19:12 - [TEST_CASE][PASSED] - Test Cases/logout_testcase: Test Cases/logout_testcase

13-08-2024T15:19:12 - [TEST_STEP][PASSED] - delay(3): Delayed 3 second(s)

13-08-2024T15:19:15 - [MESSAGE][PASSED] - Delayed 3 second(s)

13-08-2024T15:19:15 - [TEST_STEP][PASSED] - verifyElementPresent(findTestObject("logout_and_login_after_new_employee_added/userdropdown_for_logout_option"), 10): Object 'Object Repository/logout_and_login_after_new_employee_added/userdropdown_for_logout_option' is present

13-08-2024T15:19:15 - [MESSAGE][PASSED] - Object 'Object Repository/logout_and_login_after_new_employee_added/userdropdown_for_logout_option' is present

13-08-2024T15:19:15 - [TEST_STEP][PASSED] - delay(3): Delayed 3 second(s)

13-08-2024T15:19:18 - [MESSAGE][PASSED] - Delayed 3 second(s)

13-08-2024T15:19:18 - [TEST_STEP][PASSED] - click(findTestObject("logout_and_login_after_new_employee_added/userdropdown_for_logout_option")): Object: 'Object Repository/logout_and_login_after_new_employee_added/userdropdown_for_logout_option' is clicked on

13-08-2024T15:19:19 - [MESSAGE][PASSED] - Object: 'Object Repository/logout_and_login_after_new_employee_added/userdropdown_for_logout_option' is clicked on

13-08-2024T15:19:19 - [TEST_STEP][PASSED] - delay(3): Delayed 3 second(s)

13-08-2024T15:19:22 - [MESSAGE][PASSED] - Delayed 3 second(s)

13-08-2024T15:19:22 - [TEST_STEP][PASSED] - click(findTestObject("logout_and_login_after_new_employee_added/logout_option")): Object: 'Object Repository/logout_and_login_after_new_employee_added/logout_option' is clicked on

13-08-2024T15:19:23 - [MESSAGE][PASSED] - Object: 'Object Repository/logout_and_login_after_new_employee_added/logout_option' is clicked on

13-08-2024T15:19:23 - [TEST_STEP][PASSED] - delay(3): Delayed 3 second(s)

13-08-2024T15:19:26 - [MESSAGE][PASSED] - Delayed 3 second(s)

13-08-2024T15:19:26 - [MESSAGE][PASSED] - Call Test Case 'Test Cases/logout_testcase' successfully

13-08-2024T15:19:26 - [TEST_STEP][PASSED] - delay(3): Delayed 3 second(s)

13-08-2024T15:19:29 - [MESSAGE][PASSED] - Delayed 3 second(s)

13-08-2024T15:19:29 - [TEST_STEP][PASSED] - row = sheet.getRow(i): null

13-08-2024T15:19:29 - [TEST_STEP][PASSED] - firstName = getCell(0).getStringCellValue(): null

13-08-2024T15:19:29 - [TEST_STEP][PASSED] - Middlename = getCell(1).getStringCellValue(): null

13-08-2024T15:19:29 - [TEST_STEP][PASSED] - lastName = getCell(2).getStringCellValue(): null

13-08-2024T15:19:29 - [TEST_STEP][PASSED] - username = getCell(3).getStringCellValue(): null

13-08-2024T15:19:29 - [TEST_STEP][PASSED] - password = getCell(4).getStringCellValue(): null

13-08-2024T15:19:29 - [TEST_STEP][PASSED] - Employee_id = getCell(5).getStringCellValue(): null

13-08-2024T15:19:29 - [TEST_STEP][PASSED] - println("Logging in with Username: " + username + " and Password: " + password): null

13-08-2024T15:19:29 - [TEST_STEP][PASSED] - User_name = username: null

13-08-2024T15:19:29 - [TEST_STEP][PASSED] - Password = password: null

13-08-2024T15:19:29 - [TEST_STEP][PASSED] - First_name = firstName: null

13-08-2024T15:19:29 - [TEST_STEP][PASSED] - Last_name = lastName: null

13-08-2024T15:19:29 - [TEST_STEP][PASSED] - Middle_name = Middlename: null

13-08-2024T15:19:29 - [TEST_STEP][PASSED] - employee_id = Employee_id: null

13-08-2024T15:19:29 - [TEST_STEP][PASSED] - callTestCase(findTestCase("test_case_for_new_login_creds_excel_sheet"), [:], STOP_ON_FAILURE): Call Test Case 'Test Cases/test_case_for_new_login_creds_excel_sheet' successfully

13-08-2024T15:19:29 - [TEST_CASE][PASSED] - Test Cases/test_case_for_new_login_creds_excel_sheet: Test Cases/test_case_for_new_login_creds_excel_sheet

13-08-2024T15:19:29 - [TEST_STEP][PASSED] - refresh(): Refresh successfully

13-08-2024T15:19:29 - [MESSAGE][PASSED] - Refresh successfully

13-08-2024T15:19:29 - [TEST_STEP][PASSED] - delay(3): Delayed 3 second(s)

13-08-2024T15:19:32 - [MESSAGE][PASSED] - Delayed 3 second(s)

13-08-2024T15:19:32 - [TEST_STEP][PASSED] - verifyElementPresent(findTestObject("Object Repository/LOGIN_TEST_CASE_FOR_ORANGE_HRM/username_text_box_login_page"), 10): Object 'Object Repository/LOGIN_TEST_CASE_FOR_ORANGE_HRM/username_text_box_login_page' is present

13-08-2024T15:19:33 - [MESSAGE][PASSED] - Object 'Object Repository/LOGIN_TEST_CASE_FOR_ORANGE_HRM/username_text_box_login_page' is present

13-08-2024T15:19:33 - [TEST_STEP][PASSED] - click(findTestObject("Object Repository/LOGIN_TEST_CASE_FOR_ORANGE_HRM/username_text_box_login_page")): Object: 'Object Repository/LOGIN_TEST_CASE_FOR_ORANGE_HRM/username_text_box_login_page' is clicked on

13-08-2024T15:19:33 - [MESSAGE][PASSED] - Object: 'Object Repository/LOGIN_TEST_CASE_FOR_ORANGE_HRM/username_text_box_login_page' is clicked on

13-08-2024T15:19:33 - [TEST_STEP][PASSED] - setText(findTestObject("Object Repository/LOGIN_TEST_CASE_FOR_ORANGE_HRM/username_text_box_login_page"), User_name): Text 'User_name_SLpkNpz' is set on object 'Object Repository/LOGIN_TEST_CASE_FOR_ORANGE_HRM/username_text_box_login_page'

13-08-2024T15:19:34 - [MESSAGE][PASSED] - Text 'User_name_SLpkNpz' is set on object 'Object Repository/LOGIN_TEST_CASE_FOR_ORANGE_HRM/username_text_box_login_page'

13-08-2024T15:19:34 - [TEST_STEP][PASSED] - verifyElementPresent(findTestObject("Object Repository/LOGIN_TEST_CASE_FOR_ORANGE_HRM/password_text_box_for_login_page"), 10): Object 'Object Repository/LOGIN_TEST_CASE_FOR_ORANGE_HRM/password_text_box_for_login_page' is present

13-08-2024T15:19:34 - [MESSAGE][PASSED] - Object 'Object Repository/LOGIN_TEST_CASE_FOR_ORANGE_HRM/password_text_box_for_login_page' is present

13-08-2024T15:19:34 - [TEST_STEP][PASSED] - click(findTestObject("Object Repository/LOGIN_TEST_CASE_FOR_ORANGE_HRM/password_text_box_for_login_page")): Object: 'Object Repository/LOGIN_TEST_CASE_FOR_ORANGE_HRM/password_text_box_for_login_page' is clicked on

13-08-2024T15:19:34 - [MESSAGE][PASSED] - Object: 'Object Repository/LOGIN_TEST_CASE_FOR_ORANGE_HRM/password_text_box_for_login_page' is clicked on

13-08-2024T15:19:34 - [TEST_STEP][PASSED] - setText(findTestObject("Object Repository/LOGIN_TEST_CASE_FOR_ORANGE_HRM/password_text_box_for_login_page"), Password): Text 'Fiboo593150@@' is set on object 'Object Repository/LOGIN_TEST_CASE_FOR_ORANGE_HRM/password_text_box_for_login_page'

13-08-2024T15:19:35 - [MESSAGE][PASSED] - Text 'Fiboo593150@@' is set on object 'Object Repository/LOGIN_TEST_CASE_FOR_ORANGE_HRM/password_text_box_for_login_page'

13-08-2024T15:19:35 - [TEST_STEP][PASSED] - verifyElementPresent(findTestObject("Object Repository/LOGIN_TEST_CASE_FOR_ORANGE_HRM/login_button_for_login_page"), 10): Object 'Object Repository/LOGIN_TEST_CASE_FOR_ORANGE_HRM/login_button_for_login_page' is present

13-08-2024T15:19:35 - [MESSAGE][PASSED] - Object 'Object Repository/LOGIN_TEST_CASE_FOR_ORANGE_HRM/login_button_for_login_page' is present

13-08-2024T15:19:35 - [TEST_STEP][PASSED] - click(findTestObject("Object Repository/LOGIN_TEST_CASE_FOR_ORANGE_HRM/login_button_for_login_page")): Object: 'Object Repository/LOGIN_TEST_CASE_FOR_ORANGE_HRM/login_button_for_login_page' is clicked on

13-08-2024T15:19:35 - [MESSAGE][PASSED] - Object: 'Object Repository/LOGIN_TEST_CASE_FOR_ORANGE_HRM/login_button_for_login_page' is clicked on

13-08-2024T15:19:35 - [MESSAGE][PASSED] - Call Test Case 'Test Cases/test_case_for_new_login_creds_excel_sheet' successfully

13-08-2024T15:19:35 - [TEST_STEP][PASSED] - callTestCase(findTestCase("test_case_to_verify_data"), [:], STOP_ON_FAILURE): Call Test Case 'Test Cases/test_case_to_verify_data' successfully

13-08-2024T15:19:35 - [TEST_CASE][PASSED] - Test Cases/test_case_to_verify_data: Test Cases/test_case_to_verify_data

13-08-2024T15:19:35 - [TEST_STEP][PASSED] - delay(3): Delayed 3 second(s)

13-08-2024T15:19:38 - [MESSAGE][PASSED] - Delayed 3 second(s)

13-08-2024T15:19:38 - [TEST_STEP][PASSED] - click(findTestObject("to_verify_data/myinfo_option_from_side_bar")): Object: 'Object Repository/to_verify_data/myinfo_option_from_side_bar' is clicked on

13-08-2024T15:19:41 - [MESSAGE][PASSED] - Object: 'Object Repository/to_verify_data/myinfo_option_from_side_bar' is clicked on

13-08-2024T15:19:41 - [TEST_STEP][PASSED] - First_name = getAttribute(findTestObject("Object Repository/to_verify_data/first_name_text_box"), "value"): Attribute 'value' of object 'Object Repository/to_verify_data/first_name_text_box' is: 'First_name_ZnxttZz'

13-08-2024T15:19:43 - [MESSAGE][PASSED] - Attribute 'value' of object 'Object Repository/to_verify_data/first_name_text_box' is: 'First_name_ZnxttZz'

13-08-2024T15:19:43 - [TEST_STEP][PASSED] - out.println(First_name): null

13-08-2024T15:19:43 - [TEST_STEP][PASSED] - Middle_name = getAttribute(findTestObject("Object Repository/to_verify_data/middle_name_text_box"), "value"): Attribute 'value' of object 'Object Repository/to_verify_data/middle_name_text_box' is: 'Middle_name_HsIQeNB'

13-08-2024T15:19:43 - [MESSAGE][PASSED] - Attribute 'value' of object 'Object Repository/to_verify_data/middle_name_text_box' is: 'Middle_name_HsIQeNB'

13-08-2024T15:19:43 - [TEST_STEP][PASSED] - out.println(Middle_name): null

13-08-2024T15:19:43 - [TEST_STEP][PASSED] - Last_name = getAttribute(findTestObject("Object Repository/to_verify_data/last_name_text_box"), "value"): Attribute 'value' of object 'Object Repository/to_verify_data/last_name_text_box' is: 'Last_name_HDwUOje'

13-08-2024T15:19:43 - [MESSAGE][PASSED] - Attribute 'value' of object 'Object Repository/to_verify_data/last_name_text_box' is: 'Last_name_HDwUOje'

13-08-2024T15:19:43 - [TEST_STEP][PASSED] - out.println(Last_name): null

13-08-2024T15:19:43 - [TEST_STEP][PASSED] - employee_id = getAttribute(findTestObject("Object Repository/to_verify_data/employee_id"), "value"): Attribute 'value' of object 'Object Repository/to_verify_data/employee_id' is: '333008816'

13-08-2024T15:19:43 - [MESSAGE][PASSED] - Attribute 'value' of object 'Object Repository/to_verify_data/employee_id' is: '333008816'

13-08-2024T15:19:43 - [TEST_STEP][PASSED] - out.println(employee_id): null

13-08-2024T15:19:43 - [TEST_STEP][PASSED] - if (First_name == First_name): first name is same

13-08-2024T15:19:43 - [TEST_STEP][PASSED] - markPassed("first name is same"): first name is same

13-08-2024T15:19:43 - [MESSAGE][PASSED] - first name is same

13-08-2024T15:19:43 - [TEST_STEP][PASSED] - if (Middle_name == Middle_name): middle name is same

13-08-2024T15:19:43 - [TEST_STEP][PASSED] - markPassed("middle name is same"): middle name is same

13-08-2024T15:19:43 - [MESSAGE][PASSED] - middle name is same

13-08-2024T15:19:43 - [TEST_STEP][PASSED] - if (Last_name == Last_name): last name is same

13-08-2024T15:19:43 - [TEST_STEP][PASSED] - markPassed("last name is same"): last name is same

13-08-2024T15:19:43 - [MESSAGE][PASSED] - last name is same

13-08-2024T15:19:43 - [TEST_STEP][PASSED] - if (employee_id == employee_id): employee id is same

13-08-2024T15:19:44 - [TEST_STEP][PASSED] - markPassed("employee id is same"): employee id is same

13-08-2024T15:19:44 - [MESSAGE][PASSED] - employee id is same

13-08-2024T15:19:44 - [MESSAGE][PASSED] - Call Test Case 'Test Cases/test_case_to_verify_data' successfully

13-08-2024T15:19:44 - [TEST_STEP][PASSED] - callTestCase(findTestCase("logout_testcase"), [:], STOP_ON_FAILURE): Call Test Case 'Test Cases/logout_testcase' successfully

13-08-2024T15:19:44 - [TEST_CASE][PASSED] - Test Cases/logout_testcase: Test Cases/logout_testcase

13-08-2024T15:19:44 - [TEST_STEP][PASSED] - delay(3): Delayed 3 second(s)

13-08-2024T15:19:47 - [MESSAGE][PASSED] - Delayed 3 second(s)

13-08-2024T15:19:47 - [TEST_STEP][PASSED] - verifyElementPresent(findTestObject("logout_and_login_after_new_employee_added/userdropdown_for_logout_option"), 10): Object 'Object Repository/logout_and_login_after_new_employee_added/userdropdown_for_logout_option' is present

13-08-2024T15:19:47 - [MESSAGE][PASSED] - Object 'Object Repository/logout_and_login_after_new_employee_added/userdropdown_for_logout_option' is present

13-08-2024T15:19:47 - [TEST_STEP][PASSED] - delay(3): Delayed 3 second(s)

13-08-2024T15:19:50 - [MESSAGE][PASSED] - Delayed 3 second(s)

13-08-2024T15:19:50 - [TEST_STEP][PASSED] - click(findTestObject("logout_and_login_after_new_employee_added/userdropdown_for_logout_option")): Object: 'Object Repository/logout_and_login_after_new_employee_added/userdropdown_for_logout_option' is clicked on

13-08-2024T15:19:50 - [MESSAGE][PASSED] - Object: 'Object Repository/logout_and_login_after_new_employee_added/userdropdown_for_logout_option' is clicked on

13-08-2024T15:19:50 - [TEST_STEP][PASSED] - delay(3): Delayed 3 second(s)

13-08-2024T15:19:53 - [MESSAGE][PASSED] - Delayed 3 second(s)

13-08-2024T15:19:53 - [TEST_STEP][PASSED] - click(findTestObject("logout_and_login_after_new_employee_added/logout_option")): Object: 'Object Repository/logout_and_login_after_new_employee_added/logout_option' is clicked on

13-08-2024T15:19:55 - [MESSAGE][PASSED] - Object: 'Object Repository/logout_and_login_after_new_employee_added/logout_option' is clicked on

13-08-2024T15:19:55 - [TEST_STEP][PASSED] - delay(3): Delayed 3 second(s)

13-08-2024T15:19:58 - [MESSAGE][PASSED] - Delayed 3 second(s)

13-08-2024T15:19:58 - [MESSAGE][PASSED] - Call Test Case 'Test Cases/logout_testcase' successfully

13-08-2024T15:19:58 - [TEST_STEP][PASSED] - delay(3): Delayed 3 second(s)

13-08-2024T15:20:01 - [MESSAGE][PASSED] - Delayed 3 second(s)

13-08-2024T15:20:01 - [TEST_STEP][PASSED] - row = sheet.getRow(i): null

13-08-2024T15:20:01 - [TEST_STEP][PASSED] - firstName = getCell(0).getStringCellValue(): null

13-08-2024T15:20:01 - [TEST_STEP][PASSED] - Middlename = getCell(1).getStringCellValue(): null

13-08-2024T15:20:01 - [TEST_STEP][PASSED] - lastName = getCell(2).getStringCellValue(): null

13-08-2024T15:20:01 - [TEST_STEP][PASSED] - username = getCell(3).getStringCellValue(): null

13-08-2024T15:20:01 - [TEST_STEP][PASSED] - password = getCell(4).getStringCellValue(): null

13-08-2024T15:20:01 - [TEST_STEP][PASSED] - Employee_id = getCell(5).getStringCellValue(): null

13-08-2024T15:20:01 - [TEST_STEP][PASSED] - println("Logging in with Username: " + username + " and Password: " + password): null

13-08-2024T15:20:01 - [TEST_STEP][PASSED] - User_name = username: null

13-08-2024T15:20:01 - [TEST_STEP][PASSED] - Password = password: null

13-08-2024T15:20:01 - [TEST_STEP][PASSED] - First_name = firstName: null

13-08-2024T15:20:01 - [TEST_STEP][PASSED] - Last_name = lastName: null

13-08-2024T15:20:01 - [TEST_STEP][PASSED] - Middle_name = Middlename: null

13-08-2024T15:20:01 - [TEST_STEP][PASSED] - employee_id = Employee_id: null

13-08-2024T15:20:01 - [TEST_STEP][PASSED] - callTestCase(findTestCase("test_case_for_new_login_creds_excel_sheet"), [:], STOP_ON_FAILURE): Call Test Case 'Test Cases/test_case_for_new_login_creds_excel_sheet' successfully

13-08-2024T15:20:01 - [TEST_CASE][PASSED] - Test Cases/test_case_for_new_login_creds_excel_sheet: Test Cases/test_case_for_new_login_creds_excel_sheet

13-08-2024T15:20:01 - [TEST_STEP][PASSED] - refresh(): Refresh successfully

13-08-2024T15:20:01 - [MESSAGE][PASSED] - Refresh successfully

13-08-2024T15:20:01 - [TEST_STEP][PASSED] - delay(3): Delayed 3 second(s)

13-08-2024T15:20:04 - [MESSAGE][PASSED] - Delayed 3 second(s)

13-08-2024T15:20:04 - [TEST_STEP][PASSED] - verifyElementPresent(findTestObject("Object Repository/LOGIN_TEST_CASE_FOR_ORANGE_HRM/username_text_box_login_page"), 10): Object 'Object Repository/LOGIN_TEST_CASE_FOR_ORANGE_HRM/username_text_box_login_page' is present

13-08-2024T15:20:04 - [MESSAGE][PASSED] - Object 'Object Repository/LOGIN_TEST_CASE_FOR_ORANGE_HRM/username_text_box_login_page' is present

13-08-2024T15:20:04 - [TEST_STEP][PASSED] - click(findTestObject("Object Repository/LOGIN_TEST_CASE_FOR_ORANGE_HRM/username_text_box_login_page")): Object: 'Object Repository/LOGIN_TEST_CASE_FOR_ORANGE_HRM/username_text_box_login_page' is clicked on

13-08-2024T15:20:05 - [MESSAGE][PASSED] - Object: 'Object Repository/LOGIN_TEST_CASE_FOR_ORANGE_HRM/username_text_box_login_page' is clicked on

13-08-2024T15:20:05 - [TEST_STEP][PASSED] - setText(findTestObject("Object Repository/LOGIN_TEST_CASE_FOR_ORANGE_HRM/username_text_box_login_page"), User_name): Text 'User_name_MAbepBA' is set on object 'Object Repository/LOGIN_TEST_CASE_FOR_ORANGE_HRM/username_text_box_login_page'

13-08-2024T15:20:05 - [MESSAGE][PASSED] - Text 'User_name_MAbepBA' is set on object 'Object Repository/LOGIN_TEST_CASE_FOR_ORANGE_HRM/username_text_box_login_page'

13-08-2024T15:20:05 - [TEST_STEP][PASSED] - verifyElementPresent(findTestObject("Object Repository/LOGIN_TEST_CASE_FOR_ORANGE_HRM/password_text_box_for_login_page"), 10): Object 'Object Repository/LOGIN_TEST_CASE_FOR_ORANGE_HRM/password_text_box_for_login_page' is present

13-08-2024T15:20:06 - [MESSAGE][PASSED] - Object 'Object Repository/LOGIN_TEST_CASE_FOR_ORANGE_HRM/password_text_box_for_login_page' is present

13-08-2024T15:20:06 - [TEST_STEP][PASSED] - click(findTestObject("Object Repository/LOGIN_TEST_CASE_FOR_ORANGE_HRM/password_text_box_for_login_page")): Object: 'Object Repository/LOGIN_TEST_CASE_FOR_ORANGE_HRM/password_text_box_for_login_page' is clicked on

13-08-2024T15:20:06 - [MESSAGE][PASSED] - Object: 'Object Repository/LOGIN_TEST_CASE_FOR_ORANGE_HRM/password_text_box_for_login_page' is clicked on

13-08-2024T15:20:06 - [TEST_STEP][PASSED] - setText(findTestObject("Object Repository/LOGIN_TEST_CASE_FOR_ORANGE_HRM/password_text_box_for_login_page"), Password): Text 'Fiboo858594@@' is set on object 'Object Repository/LOGIN_TEST_CASE_FOR_ORANGE_HRM/password_text_box_for_login_page'

13-08-2024T15:20:07 - [MESSAGE][PASSED] - Text 'Fiboo858594@@' is set on object 'Object Repository/LOGIN_TEST_CASE_FOR_ORANGE_HRM/password_text_box_for_login_page'

13-08-2024T15:20:07 - [TEST_STEP][PASSED] - verifyElementPresent(findTestObject("Object Repository/LOGIN_TEST_CASE_FOR_ORANGE_HRM/login_button_for_login_page"), 10): Object 'Object Repository/LOGIN_TEST_CASE_FOR_ORANGE_HRM/login_button_for_login_page' is present

13-08-2024T15:20:07 - [MESSAGE][PASSED] - Object 'Object Repository/LOGIN_TEST_CASE_FOR_ORANGE_HRM/login_button_for_login_page' is present

13-08-2024T15:20:07 - [TEST_STEP][PASSED] - click(findTestObject("Object Repository/LOGIN_TEST_CASE_FOR_ORANGE_HRM/login_button_for_login_page")): Object: 'Object Repository/LOGIN_TEST_CASE_FOR_ORANGE_HRM/login_button_for_login_page' is clicked on

13-08-2024T15:20:07 - [MESSAGE][PASSED] - Object: 'Object Repository/LOGIN_TEST_CASE_FOR_ORANGE_HRM/login_button_for_login_page' is clicked on

13-08-2024T15:20:07 - [MESSAGE][PASSED] - Call Test Case 'Test Cases/test_case_for_new_login_creds_excel_sheet' successfully

13-08-2024T15:20:07 - [TEST_STEP][PASSED] - callTestCase(findTestCase("test_case_to_verify_data"), [:], STOP_ON_FAILURE): Call Test Case 'Test Cases/test_case_to_verify_data' successfully

13-08-2024T15:20:07 - [TEST_CASE][PASSED] - Test Cases/test_case_to_verify_data: Test Cases/test_case_to_verify_data

13-08-2024T15:20:07 - [TEST_STEP][PASSED] - delay(3): Delayed 3 second(s)

13-08-2024T15:20:10 - [MESSAGE][PASSED] - Delayed 3 second(s)

13-08-2024T15:20:10 - [TEST_STEP][PASSED] - click(findTestObject("to_verify_data/myinfo_option_from_side_bar")): Object: 'Object Repository/to_verify_data/myinfo_option_from_side_bar' is clicked on

13-08-2024T15:20:13 - [MESSAGE][PASSED] - Object: 'Object Repository/to_verify_data/myinfo_option_from_side_bar' is clicked on

13-08-2024T15:20:13 - [TEST_STEP][PASSED] - First_name = getAttribute(findTestObject("Object Repository/to_verify_data/first_name_text_box"), "value"): Attribute 'value' of object 'Object Repository/to_verify_data/first_name_text_box' is: 'First_name_ABbkNnY'

13-08-2024T15:20:15 - [MESSAGE][PASSED] - Attribute 'value' of object 'Object Repository/to_verify_data/first_name_text_box' is: 'First_name_ABbkNnY'

13-08-2024T15:20:15 - [TEST_STEP][PASSED] - out.println(First_name): null

13-08-2024T15:20:15 - [TEST_STEP][PASSED] - Middle_name = getAttribute(findTestObject("Object Repository/to_verify_data/middle_name_text_box"), "value"): Attribute 'value' of object 'Object Repository/to_verify_data/middle_name_text_box' is: 'Middle_name_avCIpEu'

13-08-2024T15:20:15 - [MESSAGE][PASSED] - Attribute 'value' of object 'Object Repository/to_verify_data/middle_name_text_box' is: 'Middle_name_avCIpEu'

13-08-2024T15:20:15 - [TEST_STEP][PASSED] - out.println(Middle_name): null

13-08-2024T15:20:15 - [TEST_STEP][PASSED] - Last_name = getAttribute(findTestObject("Object Repository/to_verify_data/last_name_text_box"), "value"): Attribute 'value' of object 'Object Repository/to_verify_data/last_name_text_box' is: 'Last_name_hiyVJDS'

13-08-2024T15:20:16 - [MESSAGE][PASSED] - Attribute 'value' of object 'Object Repository/to_verify_data/last_name_text_box' is: 'Last_name_hiyVJDS'

13-08-2024T15:20:16 - [TEST_STEP][PASSED] - out.println(Last_name): null

13-08-2024T15:20:16 - [TEST_STEP][PASSED] - employee_id = getAttribute(findTestObject("Object Repository/to_verify_data/employee_id"), "value"): Attribute 'value' of object 'Object Repository/to_verify_data/employee_id' is: '333331603'

13-08-2024T15:20:16 - [MESSAGE][PASSED] - Attribute 'value' of object 'Object Repository/to_verify_data/employee_id' is: '333331603'

13-08-2024T15:20:16 - [TEST_STEP][PASSED] - out.println(employee_id): null

13-08-2024T15:20:16 - [TEST_STEP][PASSED] - if (First_name == First_name): first name is same

13-08-2024T15:20:16 - [TEST_STEP][PASSED] - markPassed("first name is same"): first name is same

13-08-2024T15:20:16 - [MESSAGE][PASSED] - first name is same

13-08-2024T15:20:16 - [TEST_STEP][PASSED] - if (Middle_name == Middle_name): middle name is same

13-08-2024T15:20:16 - [TEST_STEP][PASSED] - markPassed("middle name is same"): middle name is same

13-08-2024T15:20:16 - [MESSAGE][PASSED] - middle name is same

13-08-2024T15:20:16 - [TEST_STEP][PASSED] - if (Last_name == Last_name): last name is same

13-08-2024T15:20:16 - [TEST_STEP][PASSED] - markPassed("last name is same"): last name is same

13-08-2024T15:20:16 - [MESSAGE][PASSED] - last name is same

13-08-2024T15:20:16 - [TEST_STEP][PASSED] - if (employee_id == employee_id): employee id is same

13-08-2024T15:20:16 - [TEST_STEP][PASSED] - markPassed("employee id is same"): employee id is same

13-08-2024T15:20:16 - [MESSAGE][PASSED] - employee id is same

13-08-2024T15:20:16 - [MESSAGE][PASSED] - Call Test Case 'Test Cases/test_case_to_verify_data' successfully

13-08-2024T15:20:16 - [TEST_STEP][PASSED] - callTestCase(findTestCase("logout_testcase"), [:], STOP_ON_FAILURE): Call Test Case 'Test Cases/logout_testcase' successfully

13-08-2024T15:20:16 - [TEST_CASE][PASSED] - Test Cases/logout_testcase: Test Cases/logout_testcase

13-08-2024T15:20:16 - [TEST_STEP][PASSED] - delay(3): Delayed 3 second(s)

13-08-2024T15:20:19 - [MESSAGE][PASSED] - Delayed 3 second(s)

13-08-2024T15:20:19 - [TEST_STEP][PASSED] - verifyElementPresent(findTestObject("logout_and_login_after_new_employee_added/userdropdown_for_logout_option"), 10): Object 'Object Repository/logout_and_login_after_new_employee_added/userdropdown_for_logout_option' is present

13-08-2024T15:20:19 - [MESSAGE][PASSED] - Object 'Object Repository/logout_and_login_after_new_employee_added/userdropdown_for_logout_option' is present

13-08-2024T15:20:19 - [TEST_STEP][PASSED] - delay(3): Delayed 3 second(s)

13-08-2024T15:20:22 - [MESSAGE][PASSED] - Delayed 3 second(s)

13-08-2024T15:20:22 - [TEST_STEP][PASSED] - click(findTestObject("logout_and_login_after_new_employee_added/userdropdown_for_logout_option")): Object: 'Object Repository/logout_and_login_after_new_employee_added/userdropdown_for_logout_option' is clicked on

13-08-2024T15:20:23 - [MESSAGE][PASSED] - Object: 'Object Repository/logout_and_login_after_new_employee_added/userdropdown_for_logout_option' is clicked on

13-08-2024T15:20:23 - [TEST_STEP][PASSED] - delay(3): Delayed 3 second(s)

13-08-2024T15:20:26 - [MESSAGE][PASSED] - Delayed 3 second(s)

13-08-2024T15:20:26 - [TEST_STEP][PASSED] - click(findTestObject("logout_and_login_after_new_employee_added/logout_option")): Object: 'Object Repository/logout_and_login_after_new_employee_added/logout_option' is clicked on

13-08-2024T15:20:28 - [MESSAGE][PASSED] - Object: 'Object Repository/logout_and_login_after_new_employee_added/logout_option' is clicked on

13-08-2024T15:20:28 - [TEST_STEP][PASSED] - delay(3): Delayed 3 second(s)

13-08-2024T15:20:31 - [MESSAGE][PASSED] - Delayed 3 second(s)

13-08-2024T15:20:31 - [MESSAGE][PASSED] - Call Test Case 'Test Cases/logout_testcase' successfully

13-08-2024T15:20:31 - [TEST_STEP][PASSED] - delay(3): Delayed 3 second(s)

13-08-2024T15:20:34 - [MESSAGE][PASSED] - Delayed 3 second(s)

13-08-2024T15:20:34 - [TEST_STEP][PASSED] - row = sheet.getRow(i): null

13-08-2024T15:20:34 - [TEST_STEP][PASSED] - firstName = getCell(0).getStringCellValue(): null

13-08-2024T15:20:34 - [TEST_STEP][PASSED] - Middlename = getCell(1).getStringCellValue(): null

13-08-2024T15:20:34 - [TEST_STEP][PASSED] - lastName = getCell(2).getStringCellValue(): null

13-08-2024T15:20:34 - [TEST_STEP][PASSED] - username = getCell(3).getStringCellValue(): null

13-08-2024T15:20:34 - [TEST_STEP][PASSED] - password = getCell(4).getStringCellValue(): null

13-08-2024T15:20:34 - [TEST_STEP][PASSED] - Employee_id = getCell(5).getStringCellValue(): null

13-08-2024T15:20:34 - [TEST_STEP][PASSED] - println("Logging in with Username: " + username + " and Password: " + password): null

13-08-2024T15:20:34 - [TEST_STEP][PASSED] - User_name = username: null

13-08-2024T15:20:34 - [TEST_STEP][PASSED] - Password = password: null

13-08-2024T15:20:34 - [TEST_STEP][PASSED] - First_name = firstName: null

13-08-2024T15:20:34 - [TEST_STEP][PASSED] - Last_name = lastName: null

13-08-2024T15:20:34 - [TEST_STEP][PASSED] - Middle_name = Middlename: null

13-08-2024T15:20:34 - [TEST_STEP][PASSED] - employee_id = Employee_id: null

13-08-2024T15:20:34 - [TEST_STEP][PASSED] - callTestCase(findTestCase("test_case_for_new_login_creds_excel_sheet"), [:], STOP_ON_FAILURE): Call Test Case 'Test Cases/test_case_for_new_login_creds_excel_sheet' successfully

13-08-2024T15:20:34 - [TEST_CASE][PASSED] - Test Cases/test_case_for_new_login_creds_excel_sheet: Test Cases/test_case_for_new_login_creds_excel_sheet

13-08-2024T15:20:34 - [TEST_STEP][PASSED] - refresh(): Refresh successfully

13-08-2024T15:20:35 - [MESSAGE][PASSED] - Refresh successfully

13-08-2024T15:20:35 - [TEST_STEP][PASSED] - delay(3): Delayed 3 second(s)

13-08-2024T15:20:38 - [MESSAGE][PASSED] - Delayed 3 second(s)

13-08-2024T15:20:38 - [TEST_STEP][PASSED] - verifyElementPresent(findTestObject("Object Repository/LOGIN_TEST_CASE_FOR_ORANGE_HRM/username_text_box_login_page"), 10): Object 'Object Repository/LOGIN_TEST_CASE_FOR_ORANGE_HRM/username_text_box_login_page' is present

13-08-2024T15:20:38 - [MESSAGE][PASSED] - Object 'Object Repository/LOGIN_TEST_CASE_FOR_ORANGE_HRM/username_text_box_login_page' is present

13-08-2024T15:20:38 - [TEST_STEP][PASSED] - click(findTestObject("Object Repository/LOGIN_TEST_CASE_FOR_ORANGE_HRM/username_text_box_login_page")): Object: 'Object Repository/LOGIN_TEST_CASE_FOR_ORANGE_HRM/username_text_box_login_page' is clicked on

13-08-2024T15:20:38 - [MESSAGE][PASSED] - Object: 'Object Repository/LOGIN_TEST_CASE_FOR_ORANGE_HRM/username_text_box_login_page' is clicked on

13-08-2024T15:20:38 - [TEST_STEP][PASSED] - setText(findTestObject("Object Repository/LOGIN_TEST_CASE_FOR_ORANGE_HRM/username_text_box_login_page"), User_name): Text 'User_name_yFNtjwh' is set on object 'Object Repository/LOGIN_TEST_CASE_FOR_ORANGE_HRM/username_text_box_login_page'

13-08-2024T15:20:39 - [MESSAGE][PASSED] - Text 'User_name_yFNtjwh' is set on object 'Object Repository/LOGIN_TEST_CASE_FOR_ORANGE_HRM/username_text_box_login_page'

13-08-2024T15:20:39 - [TEST_STEP][PASSED] - verifyElementPresent(findTestObject("Object Repository/LOGIN_TEST_CASE_FOR_ORANGE_HRM/password_text_box_for_login_page"), 10): Object 'Object Repository/LOGIN_TEST_CASE_FOR_ORANGE_HRM/password_text_box_for_login_page' is present

13-08-2024T15:20:39 - [MESSAGE][PASSED] - Object 'Object Repository/LOGIN_TEST_CASE_FOR_ORANGE_HRM/password_text_box_for_login_page' is present

13-08-2024T15:20:39 - [TEST_STEP][PASSED] - click(findTestObject("Object Repository/LOGIN_TEST_CASE_FOR_ORANGE_HRM/password_text_box_for_login_page")): Object: 'Object Repository/LOGIN_TEST_CASE_FOR_ORANGE_HRM/password_text_box_for_login_page' is clicked on

13-08-2024T15:20:40 - [MESSAGE][PASSED] - Object: 'Object Repository/LOGIN_TEST_CASE_FOR_ORANGE_HRM/password_text_box_for_login_page' is clicked on

13-08-2024T15:20:40 - [TEST_STEP][PASSED] - setText(findTestObject("Object Repository/LOGIN_TEST_CASE_FOR_ORANGE_HRM/password_text_box_for_login_page"), Password): Text 'Fiboo904268@@' is set on object 'Object Repository/LOGIN_TEST_CASE_FOR_ORANGE_HRM/password_text_box_for_login_page'

13-08-2024T15:20:40 - [MESSAGE][PASSED] - Text 'Fiboo904268@@' is set on object 'Object Repository/LOGIN_TEST_CASE_FOR_ORANGE_HRM/password_text_box_for_login_page'

13-08-2024T15:20:40 - [TEST_STEP][PASSED] - verifyElementPresent(findTestObject("Object Repository/LOGIN_TEST_CASE_FOR_ORANGE_HRM/login_button_for_login_page"), 10): Object 'Object Repository/LOGIN_TEST_CASE_FOR_ORANGE_HRM/login_button_for_login_page' is present

13-08-2024T15:20:40 - [MESSAGE][PASSED] - Object 'Object Repository/LOGIN_TEST_CASE_FOR_ORANGE_HRM/login_button_for_login_page' is present

13-08-2024T15:20:40 - [TEST_STEP][PASSED] - click(findTestObject("Object Repository/LOGIN_TEST_CASE_FOR_ORANGE_HRM/login_button_for_login_page")): Object: 'Object Repository/LOGIN_TEST_CASE_FOR_ORANGE_HRM/login_button_for_login_page' is clicked on

13-08-2024T15:20:41 - [MESSAGE][PASSED] - Object: 'Object Repository/LOGIN_TEST_CASE_FOR_ORANGE_HRM/login_button_for_login_page' is clicked on

13-08-2024T15:20:41 - [MESSAGE][PASSED] - Call Test Case 'Test Cases/test_case_for_new_login_creds_excel_sheet' successfully

13-08-2024T15:20:41 - [TEST_STEP][PASSED] - callTestCase(findTestCase("test_case_to_verify_data"), [:], STOP_ON_FAILURE): Call Test Case 'Test Cases/test_case_to_verify_data' successfully

13-08-2024T15:20:41 - [TEST_CASE][PASSED] - Test Cases/test_case_to_verify_data: Test Cases/test_case_to_verify_data

13-08-2024T15:20:41 - [TEST_STEP][PASSED] - delay(3): Delayed 3 second(s)

13-08-2024T15:20:44 - [MESSAGE][PASSED] - Delayed 3 second(s)

13-08-2024T15:20:44 - [TEST_STEP][PASSED] - click(findTestObject("to_verify_data/myinfo_option_from_side_bar")): Object: 'Object Repository/to_verify_data/myinfo_option_from_side_bar' is clicked on

13-08-2024T15:20:45 - [MESSAGE][PASSED] - Object: 'Object Repository/to_verify_data/myinfo_option_from_side_bar' is clicked on

13-08-2024T15:20:45 - [TEST_STEP][PASSED] - First_name = getAttribute(findTestObject("Object Repository/to_verify_data/first_name_text_box"), "value"): Attribute 'value' of object 'Object Repository/to_verify_data/first_name_text_box' is: 'First_name_FUbJIJn'

13-08-2024T15:20:48 - [MESSAGE][PASSED] - Attribute 'value' of object 'Object Repository/to_verify_data/first_name_text_box' is: 'First_name_FUbJIJn'

13-08-2024T15:20:48 - [TEST_STEP][PASSED] - out.println(First_name): null

13-08-2024T15:20:48 - [TEST_STEP][PASSED] - Middle_name = getAttribute(findTestObject("Object Repository/to_verify_data/middle_name_text_box"), "value"): Attribute 'value' of object 'Object Repository/to_verify_data/middle_name_text_box' is: 'Middle_name_VnvUTtL'

13-08-2024T15:20:48 - [MESSAGE][PASSED] - Attribute 'value' of object 'Object Repository/to_verify_data/middle_name_text_box' is: 'Middle_name_VnvUTtL'

13-08-2024T15:20:48 - [TEST_STEP][PASSED] - out.println(Middle_name): null

13-08-2024T15:20:48 - [TEST_STEP][PASSED] - Last_name = getAttribute(findTestObject("Object Repository/to_verify_data/last_name_text_box"), "value"): Attribute 'value' of object 'Object Repository/to_verify_data/last_name_text_box' is: 'Last_name_zjgiuvd'

13-08-2024T15:20:48 - [MESSAGE][PASSED] - Attribute 'value' of object 'Object Repository/to_verify_data/last_name_text_box' is: 'Last_name_zjgiuvd'

13-08-2024T15:20:48 - [TEST_STEP][PASSED] - out.println(Last_name): null

13-08-2024T15:20:48 - [TEST_STEP][PASSED] - employee_id = getAttribute(findTestObject("Object Repository/to_verify_data/employee_id"), "value"): Attribute 'value' of object 'Object Repository/to_verify_data/employee_id' is: '333896815'

13-08-2024T15:20:48 - [MESSAGE][PASSED] - Attribute 'value' of object 'Object Repository/to_verify_data/employee_id' is: '333896815'

13-08-2024T15:20:48 - [TEST_STEP][PASSED] - out.println(employee_id): null

13-08-2024T15:20:48 - [TEST_STEP][PASSED] - if (First_name == First_name): first name is same

13-08-2024T15:20:48 - [TEST_STEP][PASSED] - markPassed("first name is same"): first name is same

13-08-2024T15:20:48 - [MESSAGE][PASSED] - first name is same

13-08-2024T15:20:48 - [TEST_STEP][PASSED] - if (Middle_name == Middle_name): middle name is same

13-08-2024T15:20:48 - [TEST_STEP][PASSED] - markPassed("middle name is same"): middle name is same

13-08-2024T15:20:48 - [MESSAGE][PASSED] - middle name is same

13-08-2024T15:20:48 - [TEST_STEP][PASSED] - if (Last_name == Last_name): last name is same

13-08-2024T15:20:48 - [TEST_STEP][PASSED] - markPassed("last name is same"): last name is same

13-08-2024T15:20:48 - [MESSAGE][PASSED] - last name is same

13-08-2024T15:20:48 - [TEST_STEP][PASSED] - if (employee_id == employee_id): employee id is same

13-08-2024T15:20:48 - [TEST_STEP][PASSED] - markPassed("employee id is same"): employee id is same

13-08-2024T15:20:48 - [MESSAGE][PASSED] - employee id is same

13-08-2024T15:20:48 - [MESSAGE][PASSED] - Call Test Case 'Test Cases/test_case_to_verify_data' successfully

13-08-2024T15:20:48 - [TEST_STEP][PASSED] - callTestCase(findTestCase("logout_testcase"), [:], STOP_ON_FAILURE): Call Test Case 'Test Cases/logout_testcase' successfully

13-08-2024T15:20:48 - [TEST_CASE][PASSED] - Test Cases/logout_testcase: Test Cases/logout_testcase

13-08-2024T15:20:48 - [TEST_STEP][PASSED] - delay(3): Delayed 3 second(s)

13-08-2024T15:20:51 - [MESSAGE][PASSED] - Delayed 3 second(s)

13-08-2024T15:20:51 - [TEST_STEP][PASSED] - verifyElementPresent(findTestObject("logout_and_login_after_new_employee_added/userdropdown_for_logout_option"), 10): Object 'Object Repository/logout_and_login_after_new_employee_added/userdropdown_for_logout_option' is present

13-08-2024T15:20:52 - [MESSAGE][PASSED] - Object 'Object Repository/logout_and_login_after_new_employee_added/userdropdown_for_logout_option' is present

13-08-2024T15:20:52 - [TEST_STEP][PASSED] - delay(3): Delayed 3 second(s)

13-08-2024T15:20:55 - [MESSAGE][PASSED] - Delayed 3 second(s)

13-08-2024T15:20:55 - [TEST_STEP][PASSED] - click(findTestObject("logout_and_login_after_new_employee_added/userdropdown_for_logout_option")): Object: 'Object Repository/logout_and_login_after_new_employee_added/userdropdown_for_logout_option' is clicked on

13-08-2024T15:20:55 - [MESSAGE][PASSED] - Object: 'Object Repository/logout_and_login_after_new_employee_added/userdropdown_for_logout_option' is clicked on

13-08-2024T15:20:55 - [TEST_STEP][PASSED] - delay(3): Delayed 3 second(s)

13-08-2024T15:20:58 - [MESSAGE][PASSED] - Delayed 3 second(s)

13-08-2024T15:20:58 - [TEST_STEP][PASSED] - click(findTestObject("logout_and_login_after_new_employee_added/logout_option")): Object: 'Object Repository/logout_and_login_after_new_employee_added/logout_option' is clicked on

13-08-2024T15:20:59 - [MESSAGE][PASSED] - Object: 'Object Repository/logout_and_login_after_new_employee_added/logout_option' is clicked on

13-08-2024T15:20:59 - [TEST_STEP][PASSED] - delay(3): Delayed 3 second(s)

13-08-2024T15:21:02 - [MESSAGE][PASSED] - Delayed 3 second(s)

13-08-2024T15:21:02 - [MESSAGE][PASSED] - Call Test Case 'Test Cases/logout_testcase' successfully

13-08-2024T15:21:02 - [TEST_STEP][PASSED] - delay(3): Delayed 3 second(s)

13-08-2024T15:21:05 - [MESSAGE][PASSED] - Delayed 3 second(s)

13-08-2024T15:21:05 - [TEST_STEP][PASSED] - row = sheet.getRow(i): null

13-08-2024T15:21:05 - [TEST_STEP][PASSED] - firstName = getCell(0).getStringCellValue(): null

13-08-2024T15:21:05 - [TEST_STEP][PASSED] - Middlename = getCell(1).getStringCellValue(): null

13-08-2024T15:21:05 - [TEST_STEP][PASSED] - lastName = getCell(2).getStringCellValue(): null

13-08-2024T15:21:05 - [TEST_STEP][PASSED] - username = getCell(3).getStringCellValue(): null

13-08-2024T15:21:05 - [TEST_STEP][PASSED] - password = getCell(4).getStringCellValue(): null

13-08-2024T15:21:05 - [TEST_STEP][PASSED] - Employee_id = getCell(5).getStringCellValue(): null

13-08-2024T15:21:05 - [TEST_STEP][PASSED] - println("Logging in with Username: " + username + " and Password: " + password): null

13-08-2024T15:21:05 - [TEST_STEP][PASSED] - User_name = username: null

13-08-2024T15:21:05 - [TEST_STEP][PASSED] - Password = password: null

13-08-2024T15:21:05 - [TEST_STEP][PASSED] - First_name = firstName: null

13-08-2024T15:21:05 - [TEST_STEP][PASSED] - Last_name = lastName: null

13-08-2024T15:21:05 - [TEST_STEP][PASSED] - Middle_name = Middlename: null

13-08-2024T15:21:05 - [TEST_STEP][PASSED] - employee_id = Employee_id: null

13-08-2024T15:21:05 - [TEST_STEP][PASSED] - callTestCase(findTestCase("test_case_for_new_login_creds_excel_sheet"), [:], STOP_ON_FAILURE): Call Test Case 'Test Cases/test_case_for_new_login_creds_excel_sheet' successfully

13-08-2024T15:21:05 - [TEST_CASE][PASSED] - Test Cases/test_case_for_new_login_creds_excel_sheet: Test Cases/test_case_for_new_login_creds_excel_sheet

13-08-2024T15:21:05 - [TEST_STEP][PASSED] - refresh(): Refresh successfully

13-08-2024T15:21:06 - [MESSAGE][PASSED] - Refresh successfully

13-08-2024T15:21:06 - [TEST_STEP][PASSED] - delay(3): Delayed 3 second(s)

13-08-2024T15:21:09 - [MESSAGE][PASSED] - Delayed 3 second(s)

13-08-2024T15:21:09 - [TEST_STEP][PASSED] - verifyElementPresent(findTestObject("Object Repository/LOGIN_TEST_CASE_FOR_ORANGE_HRM/username_text_box_login_page"), 10): Object 'Object Repository/LOGIN_TEST_CASE_FOR_ORANGE_HRM/username_text_box_login_page' is present

13-08-2024T15:21:09 - [MESSAGE][PASSED] - Object 'Object Repository/LOGIN_TEST_CASE_FOR_ORANGE_HRM/username_text_box_login_page' is present

13-08-2024T15:21:09 - [TEST_STEP][PASSED] - click(findTestObject("Object Repository/LOGIN_TEST_CASE_FOR_ORANGE_HRM/username_text_box_login_page")): Object: 'Object Repository/LOGIN_TEST_CASE_FOR_ORANGE_HRM/username_text_box_login_page' is clicked on

13-08-2024T15:21:09 - [MESSAGE][PASSED] - Object: 'Object Repository/LOGIN_TEST_CASE_FOR_ORANGE_HRM/username_text_box_login_page' is clicked on

13-08-2024T15:21:09 - [TEST_STEP][PASSED] - setText(findTestObject("Object Repository/LOGIN_TEST_CASE_FOR_ORANGE_HRM/username_text_box_login_page"), User_name): Text 'User_name_AQTeKaG' is set on object 'Object Repository/LOGIN_TEST_CASE_FOR_ORANGE_HRM/username_text_box_login_page'

13-08-2024T15:21:10 - [MESSAGE][PASSED] - Text 'User_name_AQTeKaG' is set on object 'Object Repository/LOGIN_TEST_CASE_FOR_ORANGE_HRM/username_text_box_login_page'

13-08-2024T15:21:10 - [TEST_STEP][PASSED] - verifyElementPresent(findTestObject("Object Repository/LOGIN_TEST_CASE_FOR_ORANGE_HRM/password_text_box_for_login_page"), 10): Object 'Object Repository/LOGIN_TEST_CASE_FOR_ORANGE_HRM/password_text_box_for_login_page' is present

13-08-2024T15:21:10 - [MESSAGE][PASSED] - Object 'Object Repository/LOGIN_TEST_CASE_FOR_ORANGE_HRM/password_text_box_for_login_page' is present

13-08-2024T15:21:10 - [TEST_STEP][PASSED] - click(findTestObject("Object Repository/LOGIN_TEST_CASE_FOR_ORANGE_HRM/password_text_box_for_login_page")): Object: 'Object Repository/LOGIN_TEST_CASE_FOR_ORANGE_HRM/password_text_box_for_login_page' is clicked on

13-08-2024T15:21:10 - [MESSAGE][PASSED] - Object: 'Object Repository/LOGIN_TEST_CASE_FOR_ORANGE_HRM/password_text_box_for_login_page' is clicked on

13-08-2024T15:21:10 - [TEST_STEP][PASSED] - setText(findTestObject("Object Repository/LOGIN_TEST_CASE_FOR_ORANGE_HRM/password_text_box_for_login_page"), Password): Text 'Fiboo870352@@' is set on object 'Object Repository/LOGIN_TEST_CASE_FOR_ORANGE_HRM/password_text_box_for_login_page'

13-08-2024T15:21:11 - [MESSAGE][PASSED] - Text 'Fiboo870352@@' is set on object 'Object Repository/LOGIN_TEST_CASE_FOR_ORANGE_HRM/password_text_box_for_login_page'

13-08-2024T15:21:11 - [TEST_STEP][PASSED] - verifyElementPresent(findTestObject("Object Repository/LOGIN_TEST_CASE_FOR_ORANGE_HRM/login_button_for_login_page"), 10): Object 'Object Repository/LOGIN_TEST_CASE_FOR_ORANGE_HRM/login_button_for_login_page' is present

13-08-2024T15:21:11 - [MESSAGE][PASSED] - Object 'Object Repository/LOGIN_TEST_CASE_FOR_ORANGE_HRM/login_button_for_login_page' is present

13-08-2024T15:21:11 - [TEST_STEP][PASSED] - click(findTestObject("Object Repository/LOGIN_TEST_CASE_FOR_ORANGE_HRM/login_button_for_login_page")): Object: 'Object Repository/LOGIN_TEST_CASE_FOR_ORANGE_HRM/login_button_for_login_page' is clicked on

13-08-2024T15:21:12 - [MESSAGE][PASSED] - Object: 'Object Repository/LOGIN_TEST_CASE_FOR_ORANGE_HRM/login_button_for_login_page' is clicked on

13-08-2024T15:21:12 - [MESSAGE][PASSED] - Call Test Case 'Test Cases/test_case_for_new_login_creds_excel_sheet' successfully

13-08-2024T15:21:12 - [TEST_STEP][PASSED] - callTestCase(findTestCase("test_case_to_verify_data"), [:], STOP_ON_FAILURE): Call Test Case 'Test Cases/test_case_to_verify_data' successfully

13-08-2024T15:21:12 - [TEST_CASE][PASSED] - Test Cases/test_case_to_verify_data: Test Cases/test_case_to_verify_data

13-08-2024T15:21:12 - [TEST_STEP][PASSED] - delay(3): Delayed 3 second(s)

13-08-2024T15:21:15 - [MESSAGE][PASSED] - Delayed 3 second(s)

13-08-2024T15:21:15 - [TEST_STEP][PASSED] - click(findTestObject("to_verify_data/myinfo_option_from_side_bar")): Object: 'Object Repository/to_verify_data/myinfo_option_from_side_bar' is clicked on

13-08-2024T15:21:16 - [MESSAGE][PASSED] - Object: 'Object Repository/to_verify_data/myinfo_option_from_side_bar' is clicked on

13-08-2024T15:21:16 - [TEST_STEP][PASSED] - First_name = getAttribute(findTestObject("Object Repository/to_verify_data/first_name_text_box"), "value"): Attribute 'value' of object 'Object Repository/to_verify_data/first_name_text_box' is: 'First_name_CZyBUIe'

13-08-2024T15:21:19 - [MESSAGE][PASSED] - Attribute 'value' of object 'Object Repository/to_verify_data/first_name_text_box' is: 'First_name_CZyBUIe'

13-08-2024T15:21:19 - [TEST_STEP][PASSED] - out.println(First_name): null

13-08-2024T15:21:19 - [TEST_STEP][PASSED] - Middle_name = getAttribute(findTestObject("Object Repository/to_verify_data/middle_name_text_box"), "value"): Attribute 'value' of object 'Object Repository/to_verify_data/middle_name_text_box' is: 'Middle_name_lueAjtE'

13-08-2024T15:21:19 - [MESSAGE][PASSED] - Attribute 'value' of object 'Object Repository/to_verify_data/middle_name_text_box' is: 'Middle_name_lueAjtE'

13-08-2024T15:21:19 - [TEST_STEP][PASSED] - out.println(Middle_name): null

13-08-2024T15:21:19 - [TEST_STEP][PASSED] - Last_name = getAttribute(findTestObject("Object Repository/to_verify_data/last_name_text_box"), "value"): Attribute 'value' of object 'Object Repository/to_verify_data/last_name_text_box' is: 'Last_name_PqlyVOP'

13-08-2024T15:21:19 - [MESSAGE][PASSED] - Attribute 'value' of object 'Object Repository/to_verify_data/last_name_text_box' is: 'Last_name_PqlyVOP'

13-08-2024T15:21:19 - [TEST_STEP][PASSED] - out.println(Last_name): null

13-08-2024T15:21:19 - [TEST_STEP][PASSED] - employee_id = getAttribute(findTestObject("Object Repository/to_verify_data/employee_id"), "value"): Attribute 'value' of object 'Object Repository/to_verify_data/employee_id' is: '333673618'

13-08-2024T15:21:19 - [MESSAGE][PASSED] - Attribute 'value' of object 'Object Repository/to_verify_data/employee_id' is: '333673618'

13-08-2024T15:21:19 - [TEST_STEP][PASSED] - out.println(employee_id): null

13-08-2024T15:21:19 - [TEST_STEP][PASSED] - if (First_name == First_name): first name is same

13-08-2024T15:21:19 - [TEST_STEP][PASSED] - markPassed("first name is same"): first name is same

13-08-2024T15:21:19 - [MESSAGE][PASSED] - first name is same

13-08-2024T15:21:19 - [TEST_STEP][PASSED] - if (Middle_name == Middle_name): middle name is same

13-08-2024T15:21:19 - [TEST_STEP][PASSED] - markPassed("middle name is same"): middle name is same

13-08-2024T15:21:19 - [MESSAGE][PASSED] - middle name is same

13-08-2024T15:21:19 - [TEST_STEP][PASSED] - if (Last_name == Last_name): last name is same

13-08-2024T15:21:19 - [TEST_STEP][PASSED] - markPassed("last name is same"): last name is same

13-08-2024T15:21:19 - [MESSAGE][PASSED] - last name is same

13-08-2024T15:21:19 - [TEST_STEP][PASSED] - if (employee_id == employee_id): employee id is same

13-08-2024T15:21:19 - [TEST_STEP][PASSED] - markPassed("employee id is same"): employee id is same

13-08-2024T15:21:19 - [MESSAGE][PASSED] - employee id is same

13-08-2024T15:21:19 - [MESSAGE][PASSED] - Call Test Case 'Test Cases/test_case_to_verify_data' successfully

13-08-2024T15:21:19 - [TEST_STEP][PASSED] - callTestCase(findTestCase("logout_testcase"), [:], STOP_ON_FAILURE): Call Test Case 'Test Cases/logout_testcase' successfully

13-08-2024T15:21:20 - [TEST_CASE][PASSED] - Test Cases/logout_testcase: Test Cases/logout_testcase

13-08-2024T15:21:20 - [TEST_STEP][PASSED] - delay(3): Delayed 3 second(s)

13-08-2024T15:21:23 - [MESSAGE][PASSED] - Delayed 3 second(s)

13-08-2024T15:21:23 - [TEST_STEP][PASSED] - verifyElementPresent(findTestObject("logout_and_login_after_new_employee_added/userdropdown_for_logout_option"), 10): Object 'Object Repository/logout_and_login_after_new_employee_added/userdropdown_for_logout_option' is present

13-08-2024T15:21:23 - [MESSAGE][PASSED] - Object 'Object Repository/logout_and_login_after_new_employee_added/userdropdown_for_logout_option' is present

13-08-2024T15:21:23 - [TEST_STEP][PASSED] - delay(3): Delayed 3 second(s)

13-08-2024T15:21:26 - [MESSAGE][PASSED] - Delayed 3 second(s)

13-08-2024T15:21:26 - [TEST_STEP][PASSED] - click(findTestObject("logout_and_login_after_new_employee_added/userdropdown_for_logout_option")): Object: 'Object Repository/logout_and_login_after_new_employee_added/userdropdown_for_logout_option' is clicked on

13-08-2024T15:21:26 - [MESSAGE][PASSED] - Object: 'Object Repository/logout_and_login_after_new_employee_added/userdropdown_for_logout_option' is clicked on

13-08-2024T15:21:26 - [TEST_STEP][PASSED] - delay(3): Delayed 3 second(s)

13-08-2024T15:21:29 - [MESSAGE][PASSED] - Delayed 3 second(s)

13-08-2024T15:21:29 - [TEST_STEP][PASSED] - click(findTestObject("logout_and_login_after_new_employee_added/logout_option")): Object: 'Object Repository/logout_and_login_after_new_employee_added/logout_option' is clicked on

13-08-2024T15:21:30 - [MESSAGE][PASSED] - Object: 'Object Repository/logout_and_login_after_new_employee_added/logout_option' is clicked on

13-08-2024T15:21:30 - [TEST_STEP][PASSED] - delay(3): Delayed 3 second(s)

13-08-2024T15:21:33 - [MESSAGE][PASSED] - Delayed 3 second(s)

13-08-2024T15:21:33 - [MESSAGE][PASSED] - Call Test Case 'Test Cases/logout_testcase' successfully

13-08-2024T15:21:33 - [TEST_STEP][PASSED] - delay(3): Delayed 3 second(s)

13-08-2024T15:21:36 - [MESSAGE][PASSED] - Delayed 3 second(s)

13-08-2024T15:21:36 - [TEST_STEP][PASSED] - row = sheet.getRow(i): null

13-08-2024T15:21:36 - [TEST_STEP][PASSED] - firstName = getCell(0).getStringCellValue(): null

13-08-2024T15:21:36 - [TEST_STEP][PASSED] - Middlename = getCell(1).getStringCellValue(): null

13-08-2024T15:21:36 - [TEST_STEP][PASSED] - lastName = getCell(2).getStringCellValue(): null

13-08-2024T15:21:36 - [TEST_STEP][PASSED] - username = getCell(3).getStringCellValue(): null

13-08-2024T15:21:36 - [TEST_STEP][PASSED] - password = getCell(4).getStringCellValue(): null

13-08-2024T15:21:36 - [TEST_STEP][PASSED] - Employee_id = getCell(5).getStringCellValue(): null

13-08-2024T15:21:36 - [TEST_STEP][PASSED] - println("Logging in with Username: " + username + " and Password: " + password): null

13-08-2024T15:21:36 - [TEST_STEP][PASSED] - User_name = username: null

13-08-2024T15:21:36 - [TEST_STEP][PASSED] - Password = password: null

13-08-2024T15:21:36 - [TEST_STEP][PASSED] - First_name = firstName: null

13-08-2024T15:21:36 - [TEST_STEP][PASSED] - Last_name = lastName: null

13-08-2024T15:21:36 - [TEST_STEP][PASSED] - Middle_name = Middlename: null

13-08-2024T15:21:36 - [TEST_STEP][PASSED] - employee_id = Employee_id: null

13-08-2024T15:21:36 - [TEST_STEP][PASSED] - callTestCase(findTestCase("test_case_for_new_login_creds_excel_sheet"), [:], STOP_ON_FAILURE): Call Test Case 'Test Cases/test_case_for_new_login_creds_excel_sheet' successfully

13-08-2024T15:21:36 - [TEST_CASE][PASSED] - Test Cases/test_case_for_new_login_creds_excel_sheet: Test Cases/test_case_for_new_login_creds_excel_sheet

13-08-2024T15:21:36 - [TEST_STEP][PASSED] - refresh(): Refresh successfully

13-08-2024T15:21:37 - [MESSAGE][PASSED] - Refresh successfully

13-08-2024T15:21:37 - [TEST_STEP][PASSED] - delay(3): Delayed 3 second(s)

13-08-2024T15:21:40 - [MESSAGE][PASSED] - Delayed 3 second(s)

13-08-2024T15:21:40 - [TEST_STEP][PASSED] - verifyElementPresent(findTestObject("Object Repository/LOGIN_TEST_CASE_FOR_ORANGE_HRM/username_text_box_login_page"), 10): Object 'Object Repository/LOGIN_TEST_CASE_FOR_ORANGE_HRM/username_text_box_login_page' is present

13-08-2024T15:21:40 - [MESSAGE][PASSED] - Object 'Object Repository/LOGIN_TEST_CASE_FOR_ORANGE_HRM/username_text_box_login_page' is present

13-08-2024T15:21:40 - [TEST_STEP][PASSED] - click(findTestObject("Object Repository/LOGIN_TEST_CASE_FOR_ORANGE_HRM/username_text_box_login_page")): Object: 'Object Repository/LOGIN_TEST_CASE_FOR_ORANGE_HRM/username_text_box_login_page' is clicked on

13-08-2024T15:21:40 - [MESSAGE][PASSED] - Object: 'Object Repository/LOGIN_TEST_CASE_FOR_ORANGE_HRM/username_text_box_login_page' is clicked on

13-08-2024T15:21:40 - [TEST_STEP][PASSED] - setText(findTestObject("Object Repository/LOGIN_TEST_CASE_FOR_ORANGE_HRM/username_text_box_login_page"), User_name): Text 'User_name_dzFAoGn' is set on object 'Object Repository/LOGIN_TEST_CASE_FOR_ORANGE_HRM/username_text_box_login_page'

13-08-2024T15:21:41 - [MESSAGE][PASSED] - Text 'User_name_dzFAoGn' is set on object 'Object Repository/LOGIN_TEST_CASE_FOR_ORANGE_HRM/username_text_box_login_page'

13-08-2024T15:21:41 - [TEST_STEP][PASSED] - verifyElementPresent(findTestObject("Object Repository/LOGIN_TEST_CASE_FOR_ORANGE_HRM/password_text_box_for_login_page"), 10): Object 'Object Repository/LOGIN_TEST_CASE_FOR_ORANGE_HRM/password_text_box_for_login_page' is present

13-08-2024T15:21:41 - [MESSAGE][PASSED] - Object 'Object Repository/LOGIN_TEST_CASE_FOR_ORANGE_HRM/password_text_box_for_login_page' is present

13-08-2024T15:21:41 - [TEST_STEP][PASSED] - click(findTestObject("Object Repository/LOGIN_TEST_CASE_FOR_ORANGE_HRM/password_text_box_for_login_page")): Object: 'Object Repository/LOGIN_TEST_CASE_FOR_ORANGE_HRM/password_text_box_for_login_page' is clicked on

13-08-2024T15:21:42 - [MESSAGE][PASSED] - Object: 'Object Repository/LOGIN_TEST_CASE_FOR_ORANGE_HRM/password_text_box_for_login_page' is clicked on

13-08-2024T15:21:42 - [TEST_STEP][PASSED] - setText(findTestObject("Object Repository/LOGIN_TEST_CASE_FOR_ORANGE_HRM/password_text_box_for_login_page"), Password): Text 'Fiboo051711@@' is set on object 'Object Repository/LOGIN_TEST_CASE_FOR_ORANGE_HRM/password_text_box_for_login_page'

13-08-2024T15:21:42 - [MESSAGE][PASSED] - Text 'Fiboo051711@@' is set on object 'Object Repository/LOGIN_TEST_CASE_FOR_ORANGE_HRM/password_text_box_for_login_page'

13-08-2024T15:21:42 - [TEST_STEP][PASSED] - verifyElementPresent(findTestObject("Object Repository/LOGIN_TEST_CASE_FOR_ORANGE_HRM/login_button_for_login_page"), 10): Object 'Object Repository/LOGIN_TEST_CASE_FOR_ORANGE_HRM/login_button_for_login_page' is present

13-08-2024T15:21:42 - [MESSAGE][PASSED] - Object 'Object Repository/LOGIN_TEST_CASE_FOR_ORANGE_HRM/login_button_for_login_page' is present

13-08-2024T15:21:42 - [TEST_STEP][PASSED] - click(findTestObject("Object Repository/LOGIN_TEST_CASE_FOR_ORANGE_HRM/login_button_for_login_page")): Object: 'Object Repository/LOGIN_TEST_CASE_FOR_ORANGE_HRM/login_button_for_login_page' is clicked on

13-08-2024T15:21:43 - [MESSAGE][PASSED] - Object: 'Object Repository/LOGIN_TEST_CASE_FOR_ORANGE_HRM/login_button_for_login_page' is clicked on

13-08-2024T15:21:43 - [MESSAGE][PASSED] - Call Test Case 'Test Cases/test_case_for_new_login_creds_excel_sheet' successfully

13-08-2024T15:21:43 - [TEST_STEP][PASSED] - callTestCase(findTestCase("test_case_to_verify_data"), [:], STOP_ON_FAILURE): Call Test Case 'Test Cases/test_case_to_verify_data' successfully

13-08-2024T15:21:43 - [TEST_CASE][PASSED] - Test Cases/test_case_to_verify_data: Test Cases/test_case_to_verify_data

13-08-2024T15:21:43 - [TEST_STEP][PASSED] - delay(3): Delayed 3 second(s)

13-08-2024T15:21:46 - [MESSAGE][PASSED] - Delayed 3 second(s)

13-08-2024T15:21:46 - [TEST_STEP][PASSED] - click(findTestObject("to_verify_data/myinfo_option_from_side_bar")): Object: 'Object Repository/to_verify_data/myinfo_option_from_side_bar' is clicked on

13-08-2024T15:21:49 - [MESSAGE][PASSED] - Object: 'Object Repository/to_verify_data/myinfo_option_from_side_bar' is clicked on

13-08-2024T15:21:49 - [TEST_STEP][PASSED] - First_name = getAttribute(findTestObject("Object Repository/to_verify_data/first_name_text_box"), "value"): Attribute 'value' of object 'Object Repository/to_verify_data/first_name_text_box' is: 'First_name_eJQEZLH'

13-08-2024T15:21:51 - [MESSAGE][PASSED] - Attribute 'value' of object 'Object Repository/to_verify_data/first_name_text_box' is: 'First_name_eJQEZLH'

13-08-2024T15:21:51 - [TEST_STEP][PASSED] - out.println(First_name): null

13-08-2024T15:21:51 - [TEST_STEP][PASSED] - Middle_name = getAttribute(findTestObject("Object Repository/to_verify_data/middle_name_text_box"), "value"): Attribute 'value' of object 'Object Repository/to_verify_data/middle_name_text_box' is: 'Middle_name_ZyNglKL'

13-08-2024T15:21:51 - [MESSAGE][PASSED] - Attribute 'value' of object 'Object Repository/to_verify_data/middle_name_text_box' is: 'Middle_name_ZyNglKL'

13-08-2024T15:21:51 - [TEST_STEP][PASSED] - out.println(Middle_name): null

13-08-2024T15:21:51 - [TEST_STEP][PASSED] - Last_name = getAttribute(findTestObject("Object Repository/to_verify_data/last_name_text_box"), "value"): Attribute 'value' of object 'Object Repository/to_verify_data/last_name_text_box' is: 'Last_name_IkVbPIP'

13-08-2024T15:21:51 - [MESSAGE][PASSED] - Attribute 'value' of object 'Object Repository/to_verify_data/last_name_text_box' is: 'Last_name_IkVbPIP'

13-08-2024T15:21:51 - [TEST_STEP][PASSED] - out.println(Last_name): null

13-08-2024T15:21:51 - [TEST_STEP][PASSED] - employee_id = getAttribute(findTestObject("Object Repository/to_verify_data/employee_id"), "value"): Attribute 'value' of object 'Object Repository/to_verify_data/employee_id' is: '333945698'

13-08-2024T15:21:51 - [MESSAGE][PASSED] - Attribute 'value' of object 'Object Repository/to_verify_data/employee_id' is: '333945698'

13-08-2024T15:21:51 - [TEST_STEP][PASSED] - out.println(employee_id): null

13-08-2024T15:21:51 - [TEST_STEP][PASSED] - if (First_name == First_name): first name is same

13-08-2024T15:21:51 - [TEST_STEP][PASSED] - markPassed("first name is same"): first name is same

13-08-2024T15:21:51 - [MESSAGE][PASSED] - first name is same

13-08-2024T15:21:51 - [TEST_STEP][PASSED] - if (Middle_name == Middle_name): middle name is same

13-08-2024T15:21:51 - [TEST_STEP][PASSED] - markPassed("middle name is same"): middle name is same

13-08-2024T15:21:51 - [MESSAGE][PASSED] - middle name is same

13-08-2024T15:21:51 - [TEST_STEP][PASSED] - if (Last_name == Last_name): last name is same

13-08-2024T15:21:51 - [TEST_STEP][PASSED] - markPassed("last name is same"): last name is same

13-08-2024T15:21:51 - [MESSAGE][PASSED] - last name is same

13-08-2024T15:21:51 - [TEST_STEP][PASSED] - if (employee_id == employee_id): employee id is same

13-08-2024T15:21:51 - [TEST_STEP][PASSED] - markPassed("employee id is same"): employee id is same

13-08-2024T15:21:51 - [MESSAGE][PASSED] - employee id is same

13-08-2024T15:21:51 - [MESSAGE][PASSED] - Call Test Case 'Test Cases/test_case_to_verify_data' successfully

13-08-2024T15:21:51 - [TEST_STEP][PASSED] - callTestCase(findTestCase("logout_testcase"), [:], STOP_ON_FAILURE): Call Test Case 'Test Cases/logout_testcase' successfully

13-08-2024T15:21:52 - [TEST_CASE][PASSED] - Test Cases/logout_testcase: Test Cases/logout_testcase

13-08-2024T15:21:52 - [TEST_STEP][PASSED] - delay(3): Delayed 3 second(s)

13-08-2024T15:21:55 - [MESSAGE][PASSED] - Delayed 3 second(s)

13-08-2024T15:21:55 - [TEST_STEP][PASSED] - verifyElementPresent(findTestObject("logout_and_login_after_new_employee_added/userdropdown_for_logout_option"), 10): Object 'Object Repository/logout_and_login_after_new_employee_added/userdropdown_for_logout_option' is present

13-08-2024T15:21:55 - [MESSAGE][PASSED] - Object 'Object Repository/logout_and_login_after_new_employee_added/userdropdown_for_logout_option' is present

13-08-2024T15:21:55 - [TEST_STEP][PASSED] - delay(3): Delayed 3 second(s)

13-08-2024T15:21:58 - [MESSAGE][PASSED] - Delayed 3 second(s)

13-08-2024T15:21:58 - [TEST_STEP][PASSED] - click(findTestObject("logout_and_login_after_new_employee_added/userdropdown_for_logout_option")): Object: 'Object Repository/logout_and_login_after_new_employee_added/userdropdown_for_logout_option' is clicked on

13-08-2024T15:21:58 - [MESSAGE][PASSED] - Object: 'Object Repository/logout_and_login_after_new_employee_added/userdropdown_for_logout_option' is clicked on

13-08-2024T15:21:58 - [TEST_STEP][PASSED] - delay(3): Delayed 3 second(s)

13-08-2024T15:22:01 - [MESSAGE][PASSED] - Delayed 3 second(s)

13-08-2024T15:22:01 - [TEST_STEP][PASSED] - click(findTestObject("logout_and_login_after_new_employee_added/logout_option")): Object: 'Object Repository/logout_and_login_after_new_employee_added/logout_option' is clicked on

13-08-2024T15:22:02 - [MESSAGE][PASSED] - Object: 'Object Repository/logout_and_login_after_new_employee_added/logout_option' is clicked on

13-08-2024T15:22:02 - [TEST_STEP][PASSED] - delay(3): Delayed 3 second(s)

13-08-2024T15:22:05 - [MESSAGE][PASSED] - Delayed 3 second(s)

13-08-2024T15:22:05 - [MESSAGE][PASSED] - Call Test Case 'Test Cases/logout_testcase' successfully

13-08-2024T15:22:05 - [TEST_STEP][PASSED] - delay(3): Delayed 3 second(s)

13-08-2024T15:22:08 - [MESSAGE][PASSED] - Delayed 3 second(s)

13-08-2024T15:22:08 - [TEST_STEP][PASSED] - row = sheet.getRow(i): null

13-08-2024T15:22:08 - [TEST_STEP][PASSED] - firstName = getCell(0).getStringCellValue(): null

13-08-2024T15:22:08 - [TEST_STEP][PASSED] - Middlename = getCell(1).getStringCellValue(): null

13-08-2024T15:22:08 - [TEST_STEP][PASSED] - lastName = getCell(2).getStringCellValue(): null

13-08-2024T15:22:08 - [TEST_STEP][PASSED] - username = getCell(3).getStringCellValue(): null

13-08-2024T15:22:08 - [TEST_STEP][PASSED] - password = getCell(4).getStringCellValue(): null

13-08-2024T15:22:08 - [TEST_STEP][PASSED] - Employee_id = getCell(5).getStringCellValue(): null

13-08-2024T15:22:08 - [TEST_STEP][PASSED] - println("Logging in with Username: " + username + " and Password: " + password): null

13-08-2024T15:22:08 - [TEST_STEP][PASSED] - User_name = username: null

13-08-2024T15:22:08 - [TEST_STEP][PASSED] - Password = password: null

13-08-2024T15:22:08 - [TEST_STEP][PASSED] - First_name = firstName: null

13-08-2024T15:22:08 - [TEST_STEP][PASSED] - Last_name = lastName: null

13-08-2024T15:22:08 - [TEST_STEP][PASSED] - Middle_name = Middlename: null

13-08-2024T15:22:08 - [TEST_STEP][PASSED] - employee_id = Employee_id: null

13-08-2024T15:22:08 - [TEST_STEP][PASSED] - callTestCase(findTestCase("test_case_for_new_login_creds_excel_sheet"), [:], STOP_ON_FAILURE): Call Test Case 'Test Cases/test_case_for_new_login_creds_excel_sheet' successfully

13-08-2024T15:22:08 - [TEST_CASE][PASSED] - Test Cases/test_case_for_new_login_creds_excel_sheet: Test Cases/test_case_for_new_login_creds_excel_sheet

13-08-2024T15:22:08 - [TEST_STEP][PASSED] - refresh(): Refresh successfully

13-08-2024T15:22:09 - [MESSAGE][PASSED] - Refresh successfully

13-08-2024T15:22:09 - [TEST_STEP][PASSED] - delay(3): Delayed 3 second(s)

13-08-2024T15:22:12 - [MESSAGE][PASSED] - Delayed 3 second(s)

13-08-2024T15:22:12 - [TEST_STEP][PASSED] - verifyElementPresent(findTestObject("Object Repository/LOGIN_TEST_CASE_FOR_ORANGE_HRM/username_text_box_login_page"), 10): Object 'Object Repository/LOGIN_TEST_CASE_FOR_ORANGE_HRM/username_text_box_login_page' is present

13-08-2024T15:22:12 - [MESSAGE][PASSED] - Object 'Object Repository/LOGIN_TEST_CASE_FOR_ORANGE_HRM/username_text_box_login_page' is present

13-08-2024T15:22:12 - [TEST_STEP][PASSED] - click(findTestObject("Object Repository/LOGIN_TEST_CASE_FOR_ORANGE_HRM/username_text_box_login_page")): Object: 'Object Repository/LOGIN_TEST_CASE_FOR_ORANGE_HRM/username_text_box_login_page' is clicked on

13-08-2024T15:22:12 - [MESSAGE][PASSED] - Object: 'Object Repository/LOGIN_TEST_CASE_FOR_ORANGE_HRM/username_text_box_login_page' is clicked on

13-08-2024T15:22:12 - [TEST_STEP][PASSED] - setText(findTestObject("Object Repository/LOGIN_TEST_CASE_FOR_ORANGE_HRM/username_text_box_login_page"), User_name): Text 'User_name_sOvGXtz' is set on object 'Object Repository/LOGIN_TEST_CASE_FOR_ORANGE_HRM/username_text_box_login_page'

13-08-2024T15:22:13 - [MESSAGE][PASSED] - Text 'User_name_sOvGXtz' is set on object 'Object Repository/LOGIN_TEST_CASE_FOR_ORANGE_HRM/username_text_box_login_page'

13-08-2024T15:22:13 - [TEST_STEP][PASSED] - verifyElementPresent(findTestObject("Object Repository/LOGIN_TEST_CASE_FOR_ORANGE_HRM/password_text_box_for_login_page"), 10): Object 'Object Repository/LOGIN_TEST_CASE_FOR_ORANGE_HRM/password_text_box_for_login_page' is present

13-08-2024T15:22:13 - [MESSAGE][PASSED] - Object 'Object Repository/LOGIN_TEST_CASE_FOR_ORANGE_HRM/password_text_box_for_login_page' is present

13-08-2024T15:22:13 - [TEST_STEP][PASSED] - click(findTestObject("Object Repository/LOGIN_TEST_CASE_FOR_ORANGE_HRM/password_text_box_for_login_page")): Object: 'Object Repository/LOGIN_TEST_CASE_FOR_ORANGE_HRM/password_text_box_for_login_page' is clicked on

13-08-2024T15:22:14 - [MESSAGE][PASSED] - Object: 'Object Repository/LOGIN_TEST_CASE_FOR_ORANGE_HRM/password_text_box_for_login_page' is clicked on

13-08-2024T15:22:14 - [TEST_STEP][PASSED] - setText(findTestObject("Object Repository/LOGIN_TEST_CASE_FOR_ORANGE_HRM/password_text_box_for_login_page"), Password): Text 'Fiboo462319@@' is set on object 'Object Repository/LOGIN_TEST_CASE_FOR_ORANGE_HRM/password_text_box_for_login_page'

13-08-2024T15:22:14 - [MESSAGE][PASSED] - Text 'Fiboo462319@@' is set on object 'Object Repository/LOGIN_TEST_CASE_FOR_ORANGE_HRM/password_text_box_for_login_page'

13-08-2024T15:22:14 - [TEST_STEP][PASSED] - verifyElementPresent(findTestObject("Object Repository/LOGIN_TEST_CASE_FOR_ORANGE_HRM/login_button_for_login_page"), 10): Object 'Object Repository/LOGIN_TEST_CASE_FOR_ORANGE_HRM/login_button_for_login_page' is present

13-08-2024T15:22:14 - [MESSAGE][PASSED] - Object 'Object Repository/LOGIN_TEST_CASE_FOR_ORANGE_HRM/login_button_for_login_page' is present

13-08-2024T15:22:14 - [TEST_STEP][PASSED] - click(findTestObject("Object Repository/LOGIN_TEST_CASE_FOR_ORANGE_HRM/login_button_for_login_page")): Object: 'Object Repository/LOGIN_TEST_CASE_FOR_ORANGE_HRM/login_button_for_login_page' is clicked on

13-08-2024T15:22:15 - [MESSAGE][PASSED] - Object: 'Object Repository/LOGIN_TEST_CASE_FOR_ORANGE_HRM/login_button_for_login_page' is clicked on

13-08-2024T15:22:15 - [MESSAGE][PASSED] - Call Test Case 'Test Cases/test_case_for_new_login_creds_excel_sheet' successfully

13-08-2024T15:22:15 - [TEST_STEP][PASSED] - callTestCase(findTestCase("test_case_to_verify_data"), [:], STOP_ON_FAILURE): Call Test Case 'Test Cases/test_case_to_verify_data' successfully

13-08-2024T15:22:15 - [TEST_CASE][PASSED] - Test Cases/test_case_to_verify_data: Test Cases/test_case_to_verify_data

13-08-2024T15:22:15 - [TEST_STEP][PASSED] - delay(3): Delayed 3 second(s)

13-08-2024T15:22:18 - [MESSAGE][PASSED] - Delayed 3 second(s)

13-08-2024T15:22:18 - [TEST_STEP][PASSED] - click(findTestObject("to_verify_data/myinfo_option_from_side_bar")): Object: 'Object Repository/to_verify_data/myinfo_option_from_side_bar' is clicked on

13-08-2024T15:22:20 - [MESSAGE][PASSED] - Object: 'Object Repository/to_verify_data/myinfo_option_from_side_bar' is clicked on

13-08-2024T15:22:20 - [TEST_STEP][PASSED] - First_name = getAttribute(findTestObject("Object Repository/to_verify_data/first_name_text_box"), "value"): Attribute 'value' of object 'Object Repository/to_verify_data/first_name_text_box' is: 'First_name_YbuBmzi'

13-08-2024T15:22:22 - [MESSAGE][PASSED] - Attribute 'value' of object 'Object Repository/to_verify_data/first_name_text_box' is: 'First_name_YbuBmzi'

13-08-2024T15:22:22 - [TEST_STEP][PASSED] - out.println(First_name): null

13-08-2024T15:22:22 - [TEST_STEP][PASSED] - Middle_name = getAttribute(findTestObject("Object Repository/to_verify_data/middle_name_text_box"), "value"): Attribute 'value' of object 'Object Repository/to_verify_data/middle_name_text_box' is: 'Middle_name_suntUXQ'

13-08-2024T15:22:22 - [MESSAGE][PASSED] - Attribute 'value' of object 'Object Repository/to_verify_data/middle_name_text_box' is: 'Middle_name_suntUXQ'

13-08-2024T15:22:22 - [TEST_STEP][PASSED] - out.println(Middle_name): null

13-08-2024T15:22:22 - [TEST_STEP][PASSED] - Last_name = getAttribute(findTestObject("Object Repository/to_verify_data/last_name_text_box"), "value"): Attribute 'value' of object 'Object Repository/to_verify_data/last_name_text_box' is: 'Last_name_llZowhl'

13-08-2024T15:22:22 - [MESSAGE][PASSED] - Attribute 'value' of object 'Object Repository/to_verify_data/last_name_text_box' is: 'Last_name_llZowhl'

13-08-2024T15:22:22 - [TEST_STEP][PASSED] - out.println(Last_name): null

13-08-2024T15:22:22 - [TEST_STEP][PASSED] - employee_id = getAttribute(findTestObject("Object Repository/to_verify_data/employee_id"), "value"): Attribute 'value' of object 'Object Repository/to_verify_data/employee_id' is: '333688035'

13-08-2024T15:22:22 - [MESSAGE][PASSED] - Attribute 'value' of object 'Object Repository/to_verify_data/employee_id' is: '333688035'

13-08-2024T15:22:22 - [TEST_STEP][PASSED] - out.println(employee_id): null

13-08-2024T15:22:22 - [TEST_STEP][PASSED] - if (First_name == First_name): first name is same

13-08-2024T15:22:22 - [TEST_STEP][PASSED] - markPassed("first name is same"): first name is same

13-08-2024T15:22:22 - [MESSAGE][PASSED] - first name is same

13-08-2024T15:22:22 - [TEST_STEP][PASSED] - if (Middle_name == Middle_name): middle name is same

13-08-2024T15:22:22 - [TEST_STEP][PASSED] - markPassed("middle name is same"): middle name is same

13-08-2024T15:22:22 - [MESSAGE][PASSED] - middle name is same

13-08-2024T15:22:22 - [TEST_STEP][PASSED] - if (Last_name == Last_name): last name is same

13-08-2024T15:22:22 - [TEST_STEP][PASSED] - markPassed("last name is same"): last name is same

13-08-2024T15:22:22 - [MESSAGE][PASSED] - last name is same

13-08-2024T15:22:22 - [TEST_STEP][PASSED] - if (employee_id == employee_id): employee id is same

13-08-2024T15:22:22 - [TEST_STEP][PASSED] - markPassed("employee id is same"): employee id is same

13-08-2024T15:22:22 - [MESSAGE][PASSED] - employee id is same

13-08-2024T15:22:22 - [MESSAGE][PASSED] - Call Test Case 'Test Cases/test_case_to_verify_data' successfully

13-08-2024T15:22:22 - [TEST_STEP][PASSED] - callTestCase(findTestCase("logout_testcase"), [:], STOP_ON_FAILURE): Call Test Case 'Test Cases/logout_testcase' successfully

13-08-2024T15:22:22 - [TEST_CASE][PASSED] - Test Cases/logout_testcase: Test Cases/logout_testcase

13-08-2024T15:22:22 - [TEST_STEP][PASSED] - delay(3): Delayed 3 second(s)

13-08-2024T15:22:25 - [MESSAGE][PASSED] - Delayed 3 second(s)

13-08-2024T15:22:25 - [TEST_STEP][PASSED] - verifyElementPresent(findTestObject("logout_and_login_after_new_employee_added/userdropdown_for_logout_option"), 10): Object 'Object Repository/logout_and_login_after_new_employee_added/userdropdown_for_logout_option' is present

13-08-2024T15:22:26 - [MESSAGE][PASSED] - Object 'Object Repository/logout_and_login_after_new_employee_added/userdropdown_for_logout_option' is present

13-08-2024T15:22:26 - [TEST_STEP][PASSED] - delay(3): Delayed 3 second(s)

13-08-2024T15:22:29 - [MESSAGE][PASSED] - Delayed 3 second(s)

13-08-2024T15:22:29 - [TEST_STEP][PASSED] - click(findTestObject("logout_and_login_after_new_employee_added/userdropdown_for_logout_option")): Object: 'Object Repository/logout_and_login_after_new_employee_added/userdropdown_for_logout_option' is clicked on

13-08-2024T15:22:29 - [MESSAGE][PASSED] - Object: 'Object Repository/logout_and_login_after_new_employee_added/userdropdown_for_logout_option' is clicked on

13-08-2024T15:22:29 - [TEST_STEP][PASSED] - delay(3): Delayed 3 second(s)

13-08-2024T15:22:32 - [MESSAGE][PASSED] - Delayed 3 second(s)

13-08-2024T15:22:32 - [TEST_STEP][PASSED] - click(findTestObject("logout_and_login_after_new_employee_added/logout_option")): Object: 'Object Repository/logout_and_login_after_new_employee_added/logout_option' is clicked on

13-08-2024T15:22:33 - [MESSAGE][PASSED] - Object: 'Object Repository/logout_and_login_after_new_employee_added/logout_option' is clicked on

13-08-2024T15:22:33 - [TEST_STEP][PASSED] - delay(3): Delayed 3 second(s)

13-08-2024T15:22:36 - [MESSAGE][PASSED] - Delayed 3 second(s)

13-08-2024T15:22:36 - [MESSAGE][PASSED] - Call Test Case 'Test Cases/logout_testcase' successfully

13-08-2024T15:22:36 - [TEST_STEP][PASSED] - delay(3): Delayed 3 second(s)

13-08-2024T15:22:39 - [MESSAGE][PASSED] - Delayed 3 second(s)

13-08-2024T15:22:39 - [TEST_STEP][PASSED] - row = sheet.getRow(i): null

13-08-2024T15:22:39 - [TEST_STEP][PASSED] - firstName = getCell(0).getStringCellValue(): null

13-08-2024T15:22:39 - [TEST_STEP][PASSED] - Middlename = getCell(1).getStringCellValue(): null

13-08-2024T15:22:39 - [TEST_STEP][PASSED] - lastName = getCell(2).getStringCellValue(): null

13-08-2024T15:22:39 - [TEST_STEP][PASSED] - username = getCell(3).getStringCellValue(): null

13-08-2024T15:22:39 - [TEST_STEP][PASSED] - password = getCell(4).getStringCellValue(): null

13-08-2024T15:22:39 - [TEST_STEP][PASSED] - Employee_id = getCell(5).getStringCellValue(): null

13-08-2024T15:22:39 - [TEST_STEP][PASSED] - println("Logging in with Username: " + username + " and Password: " + password): null

13-08-2024T15:22:39 - [TEST_STEP][PASSED] - User_name = username: null

13-08-2024T15:22:39 - [TEST_STEP][PASSED] - Password = password: null

13-08-2024T15:22:39 - [TEST_STEP][PASSED] - First_name = firstName: null

13-08-2024T15:22:39 - [TEST_STEP][PASSED] - Last_name = lastName: null

13-08-2024T15:22:39 - [TEST_STEP][PASSED] - Middle_name = Middlename: null

13-08-2024T15:22:39 - [TEST_STEP][PASSED] - employee_id = Employee_id: null

13-08-2024T15:22:39 - [TEST_STEP][PASSED] - callTestCase(findTestCase("test_case_for_new_login_creds_excel_sheet"), [:], STOP_ON_FAILURE): Call Test Case 'Test Cases/test_case_for_new_login_creds_excel_sheet' successfully

13-08-2024T15:22:39 - [TEST_CASE][PASSED] - Test Cases/test_case_for_new_login_creds_excel_sheet: Test Cases/test_case_for_new_login_creds_excel_sheet

13-08-2024T15:22:39 - [TEST_STEP][PASSED] - refresh(): Refresh successfully

13-08-2024T15:22:40 - [MESSAGE][PASSED] - Refresh successfully

13-08-2024T15:22:40 - [TEST_STEP][PASSED] - delay(3): Delayed 3 second(s)

13-08-2024T15:22:43 - [MESSAGE][PASSED] - Delayed 3 second(s)

13-08-2024T15:22:43 - [TEST_STEP][PASSED] - verifyElementPresent(findTestObject("Object Repository/LOGIN_TEST_CASE_FOR_ORANGE_HRM/username_text_box_login_page"), 10): Object 'Object Repository/LOGIN_TEST_CASE_FOR_ORANGE_HRM/username_text_box_login_page' is present

13-08-2024T15:22:43 - [MESSAGE][PASSED] - Object 'Object Repository/LOGIN_TEST_CASE_FOR_ORANGE_HRM/username_text_box_login_page' is present

13-08-2024T15:22:43 - [TEST_STEP][PASSED] - click(findTestObject("Object Repository/LOGIN_TEST_CASE_FOR_ORANGE_HRM/username_text_box_login_page")): Object: 'Object Repository/LOGIN_TEST_CASE_FOR_ORANGE_HRM/username_text_box_login_page' is clicked on

13-08-2024T15:22:43 - [MESSAGE][PASSED] - Object: 'Object Repository/LOGIN_TEST_CASE_FOR_ORANGE_HRM/username_text_box_login_page' is clicked on

13-08-2024T15:22:43 - [TEST_STEP][PASSED] - setText(findTestObject("Object Repository/LOGIN_TEST_CASE_FOR_ORANGE_HRM/username_text_box_login_page"), User_name): Text 'User_name_zmSmZLh' is set on object 'Object Repository/LOGIN_TEST_CASE_FOR_ORANGE_HRM/username_text_box_login_page'

13-08-2024T15:22:44 - [MESSAGE][PASSED] - Text 'User_name_zmSmZLh' is set on object 'Object Repository/LOGIN_TEST_CASE_FOR_ORANGE_HRM/username_text_box_login_page'

13-08-2024T15:22:44 - [TEST_STEP][PASSED] - verifyElementPresent(findTestObject("Object Repository/LOGIN_TEST_CASE_FOR_ORANGE_HRM/password_text_box_for_login_page"), 10): Object 'Object Repository/LOGIN_TEST_CASE_FOR_ORANGE_HRM/password_text_box_for_login_page' is present

13-08-2024T15:22:44 - [MESSAGE][PASSED] - Object 'Object Repository/LOGIN_TEST_CASE_FOR_ORANGE_HRM/password_text_box_for_login_page' is present

13-08-2024T15:22:44 - [TEST_STEP][PASSED] - click(findTestObject("Object Repository/LOGIN_TEST_CASE_FOR_ORANGE_HRM/password_text_box_for_login_page")): Object: 'Object Repository/LOGIN_TEST_CASE_FOR_ORANGE_HRM/password_text_box_for_login_page' is clicked on

13-08-2024T15:22:44 - [MESSAGE][PASSED] - Object: 'Object Repository/LOGIN_TEST_CASE_FOR_ORANGE_HRM/password_text_box_for_login_page' is clicked on

13-08-2024T15:22:44 - [TEST_STEP][PASSED] - setText(findTestObject("Object Repository/LOGIN_TEST_CASE_FOR_ORANGE_HRM/password_text_box_for_login_page"), Password): Text 'Fiboo811361@@' is set on object 'Object Repository/LOGIN_TEST_CASE_FOR_ORANGE_HRM/password_text_box_for_login_page'

13-08-2024T15:22:45 - [MESSAGE][PASSED] - Text 'Fiboo811361@@' is set on object 'Object Repository/LOGIN_TEST_CASE_FOR_ORANGE_HRM/password_text_box_for_login_page'

13-08-2024T15:22:45 - [TEST_STEP][PASSED] - verifyElementPresent(findTestObject("Object Repository/LOGIN_TEST_CASE_FOR_ORANGE_HRM/login_button_for_login_page"), 10): Object 'Object Repository/LOGIN_TEST_CASE_FOR_ORANGE_HRM/login_button_for_login_page' is present

13-08-2024T15:22:45 - [MESSAGE][PASSED] - Object 'Object Repository/LOGIN_TEST_CASE_FOR_ORANGE_HRM/login_button_for_login_page' is present

13-08-2024T15:22:45 - [TEST_STEP][PASSED] - click(findTestObject("Object Repository/LOGIN_TEST_CASE_FOR_ORANGE_HRM/login_button_for_login_page")): Object: 'Object Repository/LOGIN_TEST_CASE_FOR_ORANGE_HRM/login_button_for_login_page' is clicked on

13-08-2024T15:22:45 - [MESSAGE][PASSED] - Object: 'Object Repository/LOGIN_TEST_CASE_FOR_ORANGE_HRM/login_button_for_login_page' is clicked on

13-08-2024T15:22:45 - [MESSAGE][PASSED] - Call Test Case 'Test Cases/test_case_for_new_login_creds_excel_sheet' successfully

13-08-2024T15:22:45 - [TEST_STEP][PASSED] - callTestCase(findTestCase("test_case_to_verify_data"), [:], STOP_ON_FAILURE): Call Test Case 'Test Cases/test_case_to_verify_data' successfully

13-08-2024T15:22:46 - [TEST_CASE][PASSED] - Test Cases/test_case_to_verify_data: Test Cases/test_case_to_verify_data

13-08-2024T15:22:46 - [TEST_STEP][PASSED] - delay(3): Delayed 3 second(s)

13-08-2024T15:22:49 - [MESSAGE][PASSED] - Delayed 3 second(s)

13-08-2024T15:22:49 - [TEST_STEP][PASSED] - click(findTestObject("to_verify_data/myinfo_option_from_side_bar")): Object: 'Object Repository/to_verify_data/myinfo_option_from_side_bar' is clicked on

13-08-2024T15:22:50 - [MESSAGE][PASSED] - Object: 'Object Repository/to_verify_data/myinfo_option_from_side_bar' is clicked on

13-08-2024T15:22:50 - [TEST_STEP][PASSED] - First_name = getAttribute(findTestObject("Object Repository/to_verify_data/first_name_text_box"), "value"): Attribute 'value' of object 'Object Repository/to_verify_data/first_name_text_box' is: 'First_name_NsqiCgs'

13-08-2024T15:22:53 - [MESSAGE][PASSED] - Attribute 'value' of object 'Object Repository/to_verify_data/first_name_text_box' is: 'First_name_NsqiCgs'

13-08-2024T15:22:53 - [TEST_STEP][PASSED] - out.println(First_name): null

13-08-2024T15:22:53 - [TEST_STEP][PASSED] - Middle_name = getAttribute(findTestObject("Object Repository/to_verify_data/middle_name_text_box"), "value"): Attribute 'value' of object 'Object Repository/to_verify_data/middle_name_text_box' is: 'Middle_name_YDekTOs'

13-08-2024T15:22:53 - [MESSAGE][PASSED] - Attribute 'value' of object 'Object Repository/to_verify_data/middle_name_text_box' is: 'Middle_name_YDekTOs'

13-08-2024T15:22:53 - [TEST_STEP][PASSED] - out.println(Middle_name): null

13-08-2024T15:22:53 - [TEST_STEP][PASSED] - Last_name = getAttribute(findTestObject("Object Repository/to_verify_data/last_name_text_box"), "value"): Attribute 'value' of object 'Object Repository/to_verify_data/last_name_text_box' is: 'Last_name_xRozoSA'

13-08-2024T15:22:53 - [MESSAGE][PASSED] - Attribute 'value' of object 'Object Repository/to_verify_data/last_name_text_box' is: 'Last_name_xRozoSA'

13-08-2024T15:22:53 - [TEST_STEP][PASSED] - out.println(Last_name): null

13-08-2024T15:22:53 - [TEST_STEP][PASSED] - employee_id = getAttribute(findTestObject("Object Repository/to_verify_data/employee_id"), "value"): Attribute 'value' of object 'Object Repository/to_verify_data/employee_id' is: '333315064'

13-08-2024T15:22:53 - [MESSAGE][PASSED] - Attribute 'value' of object 'Object Repository/to_verify_data/employee_id' is: '333315064'

13-08-2024T15:22:53 - [TEST_STEP][PASSED] - out.println(employee_id): null

13-08-2024T15:22:53 - [TEST_STEP][PASSED] - if (First_name == First_name): first name is same

13-08-2024T15:22:53 - [TEST_STEP][PASSED] - markPassed("first name is same"): first name is same

13-08-2024T15:22:53 - [MESSAGE][PASSED] - first name is same

13-08-2024T15:22:53 - [TEST_STEP][PASSED] - if (Middle_name == Middle_name): middle name is same

13-08-2024T15:22:53 - [TEST_STEP][PASSED] - markPassed("middle name is same"): middle name is same

13-08-2024T15:22:53 - [MESSAGE][PASSED] - middle name is same

13-08-2024T15:22:53 - [TEST_STEP][PASSED] - if (Last_name == Last_name): last name is same

13-08-2024T15:22:53 - [TEST_STEP][PASSED] - markPassed("last name is same"): last name is same

13-08-2024T15:22:53 - [MESSAGE][PASSED] - last name is same

13-08-2024T15:22:53 - [TEST_STEP][PASSED] - if (employee_id == employee_id): employee id is same

13-08-2024T15:22:53 - [TEST_STEP][PASSED] - markPassed("employee id is same"): employee id is same

13-08-2024T15:22:53 - [MESSAGE][PASSED] - employee id is same

13-08-2024T15:22:53 - [MESSAGE][PASSED] - Call Test Case 'Test Cases/test_case_to_verify_data' successfully

13-08-2024T15:22:53 - [TEST_STEP][PASSED] - callTestCase(findTestCase("logout_testcase"), [:], STOP_ON_FAILURE): Call Test Case 'Test Cases/logout_testcase' successfully

13-08-2024T15:22:53 - [TEST_CASE][PASSED] - Test Cases/logout_testcase: Test Cases/logout_testcase

13-08-2024T15:22:53 - [TEST_STEP][PASSED] - delay(3): Delayed 3 second(s)

13-08-2024T15:22:57 - [MESSAGE][PASSED] - Delayed 3 second(s)

13-08-2024T15:22:57 - [TEST_STEP][PASSED] - verifyElementPresent(findTestObject("logout_and_login_after_new_employee_added/userdropdown_for_logout_option"), 10): Object 'Object Repository/logout_and_login_after_new_employee_added/userdropdown_for_logout_option' is present

13-08-2024T15:22:57 - [MESSAGE][PASSED] - Object 'Object Repository/logout_and_login_after_new_employee_added/userdropdown_for_logout_option' is present

13-08-2024T15:22:57 - [TEST_STEP][PASSED] - delay(3): Delayed 3 second(s)

13-08-2024T15:23:00 - [MESSAGE][PASSED] - Delayed 3 second(s)

13-08-2024T15:23:00 - [TEST_STEP][PASSED] - click(findTestObject("logout_and_login_after_new_employee_added/userdropdown_for_logout_option")): Object: 'Object Repository/logout_and_login_after_new_employee_added/userdropdown_for_logout_option' is clicked on

13-08-2024T15:23:00 - [MESSAGE][PASSED] - Object: 'Object Repository/logout_and_login_after_new_employee_added/userdropdown_for_logout_option' is clicked on

13-08-2024T15:23:00 - [TEST_STEP][PASSED] - delay(3): Delayed 3 second(s)

13-08-2024T15:23:03 - [MESSAGE][PASSED] - Delayed 3 second(s)

13-08-2024T15:23:03 - [TEST_STEP][PASSED] - click(findTestObject("logout_and_login_after_new_employee_added/logout_option")): Object: 'Object Repository/logout_and_login_after_new_employee_added/logout_option' is clicked on

13-08-2024T15:23:04 - [MESSAGE][PASSED] - Object: 'Object Repository/logout_and_login_after_new_employee_added/logout_option' is clicked on

13-08-2024T15:23:04 - [TEST_STEP][PASSED] - delay(3): Delayed 3 second(s)

13-08-2024T15:23:07 - [MESSAGE][PASSED] - Delayed 3 second(s)

13-08-2024T15:23:07 - [MESSAGE][PASSED] - Call Test Case 'Test Cases/logout_testcase' successfully

13-08-2024T15:23:07 - [TEST_STEP][PASSED] - delay(3): Delayed 3 second(s)

13-08-2024T15:23:10 - [MESSAGE][PASSED] - Delayed 3 second(s)

13-08-2024T15:23:10 - [TEST_STEP][PASSED] - row = sheet.getRow(i): null

13-08-2024T15:23:10 - [TEST_STEP][PASSED] - firstName = getCell(0).getStringCellValue(): null

13-08-2024T15:23:10 - [TEST_STEP][PASSED] - Middlename = getCell(1).getStringCellValue(): null

13-08-2024T15:23:10 - [TEST_STEP][PASSED] - lastName = getCell(2).getStringCellValue(): null

13-08-2024T15:23:10 - [TEST_STEP][PASSED] - username = getCell(3).getStringCellValue(): null

13-08-2024T15:23:10 - [TEST_STEP][PASSED] - password = getCell(4).getStringCellValue(): null

13-08-2024T15:23:10 - [TEST_STEP][PASSED] - Employee_id = getCell(5).getStringCellValue(): null

13-08-2024T15:23:10 - [TEST_STEP][PASSED] - println("Logging in with Username: " + username + " and Password: " + password): null

13-08-2024T15:23:10 - [TEST_STEP][PASSED] - User_name = username: null

13-08-2024T15:23:10 - [TEST_STEP][PASSED] - Password = password: null

13-08-2024T15:23:10 - [TEST_STEP][PASSED] - First_name = firstName: null

13-08-2024T15:23:10 - [TEST_STEP][PASSED] - Last_name = lastName: null

13-08-2024T15:23:10 - [TEST_STEP][PASSED] - Middle_name = Middlename: null

13-08-2024T15:23:10 - [TEST_STEP][PASSED] - employee_id = Employee_id: null

13-08-2024T15:23:10 - [TEST_STEP][PASSED] - callTestCase(findTestCase("test_case_for_new_login_creds_excel_sheet"), [:], STOP_ON_FAILURE): Call Test Case 'Test Cases/test_case_for_new_login_creds_excel_sheet' successfully

13-08-2024T15:23:10 - [TEST_CASE][PASSED] - Test Cases/test_case_for_new_login_creds_excel_sheet: Test Cases/test_case_for_new_login_creds_excel_sheet

13-08-2024T15:23:10 - [TEST_STEP][PASSED] - refresh(): Refresh successfully

13-08-2024T15:23:11 - [MESSAGE][PASSED] - Refresh successfully

13-08-2024T15:23:11 - [TEST_STEP][PASSED] - delay(3): Delayed 3 second(s)

13-08-2024T15:23:14 - [MESSAGE][PASSED] - Delayed 3 second(s)

13-08-2024T15:23:14 - [TEST_STEP][PASSED] - verifyElementPresent(findTestObject("Object Repository/LOGIN_TEST_CASE_FOR_ORANGE_HRM/username_text_box_login_page"), 10): Object 'Object Repository/LOGIN_TEST_CASE_FOR_ORANGE_HRM/username_text_box_login_page' is present

13-08-2024T15:23:14 - [MESSAGE][PASSED] - Object 'Object Repository/LOGIN_TEST_CASE_FOR_ORANGE_HRM/username_text_box_login_page' is present

13-08-2024T15:23:14 - [TEST_STEP][PASSED] - click(findTestObject("Object Repository/LOGIN_TEST_CASE_FOR_ORANGE_HRM/username_text_box_login_page")): Object: 'Object Repository/LOGIN_TEST_CASE_FOR_ORANGE_HRM/username_text_box_login_page' is clicked on

13-08-2024T15:23:14 - [MESSAGE][PASSED] - Object: 'Object Repository/LOGIN_TEST_CASE_FOR_ORANGE_HRM/username_text_box_login_page' is clicked on

13-08-2024T15:23:14 - [TEST_STEP][PASSED] - setText(findTestObject("Object Repository/LOGIN_TEST_CASE_FOR_ORANGE_HRM/username_text_box_login_page"), User_name): Text 'User_name_OXNbVch' is set on object 'Object Repository/LOGIN_TEST_CASE_FOR_ORANGE_HRM/username_text_box_login_page'

13-08-2024T15:23:15 - [MESSAGE][PASSED] - Text 'User_name_OXNbVch' is set on object 'Object Repository/LOGIN_TEST_CASE_FOR_ORANGE_HRM/username_text_box_login_page'

13-08-2024T15:23:15 - [TEST_STEP][PASSED] - verifyElementPresent(findTestObject("Object Repository/LOGIN_TEST_CASE_FOR_ORANGE_HRM/password_text_box_for_login_page"), 10): Object 'Object Repository/LOGIN_TEST_CASE_FOR_ORANGE_HRM/password_text_box_for_login_page' is present

13-08-2024T15:23:15 - [MESSAGE][PASSED] - Object 'Object Repository/LOGIN_TEST_CASE_FOR_ORANGE_HRM/password_text_box_for_login_page' is present

13-08-2024T15:23:15 - [TEST_STEP][PASSED] - click(findTestObject("Object Repository/LOGIN_TEST_CASE_FOR_ORANGE_HRM/password_text_box_for_login_page")): Object: 'Object Repository/LOGIN_TEST_CASE_FOR_ORANGE_HRM/password_text_box_for_login_page' is clicked on

13-08-2024T15:23:16 - [MESSAGE][PASSED] - Object: 'Object Repository/LOGIN_TEST_CASE_FOR_ORANGE_HRM/password_text_box_for_login_page' is clicked on

13-08-2024T15:23:16 - [TEST_STEP][PASSED] - setText(findTestObject("Object Repository/LOGIN_TEST_CASE_FOR_ORANGE_HRM/password_text_box_for_login_page"), Password): Text 'Fiboo019000@@' is set on object 'Object Repository/LOGIN_TEST_CASE_FOR_ORANGE_HRM/password_text_box_for_login_page'

13-08-2024T15:23:16 - [MESSAGE][PASSED] - Text 'Fiboo019000@@' is set on object 'Object Repository/LOGIN_TEST_CASE_FOR_ORANGE_HRM/password_text_box_for_login_page'

13-08-2024T15:23:16 - [TEST_STEP][PASSED] - verifyElementPresent(findTestObject("Object Repository/LOGIN_TEST_CASE_FOR_ORANGE_HRM/login_button_for_login_page"), 10): Object 'Object Repository/LOGIN_TEST_CASE_FOR_ORANGE_HRM/login_button_for_login_page' is present

13-08-2024T15:23:16 - [MESSAGE][PASSED] - Object 'Object Repository/LOGIN_TEST_CASE_FOR_ORANGE_HRM/login_button_for_login_page' is present

13-08-2024T15:23:16 - [TEST_STEP][PASSED] - click(findTestObject("Object Repository/LOGIN_TEST_CASE_FOR_ORANGE_HRM/login_button_for_login_page")): Object: 'Object Repository/LOGIN_TEST_CASE_FOR_ORANGE_HRM/login_button_for_login_page' is clicked on

13-08-2024T15:23:17 - [MESSAGE][PASSED] - Object: 'Object Repository/LOGIN_TEST_CASE_FOR_ORANGE_HRM/login_button_for_login_page' is clicked on

13-08-2024T15:23:17 - [MESSAGE][PASSED] - Call Test Case 'Test Cases/test_case_for_new_login_creds_excel_sheet' successfully

13-08-2024T15:23:17 - [TEST_STEP][PASSED] - callTestCase(findTestCase("test_case_to_verify_data"), [:], STOP_ON_FAILURE): Call Test Case 'Test Cases/test_case_to_verify_data' successfully

13-08-2024T15:23:17 - [TEST_CASE][PASSED] - Test Cases/test_case_to_verify_data: Test Cases/test_case_to_verify_data

13-08-2024T15:23:17 - [TEST_STEP][PASSED] - delay(3): Delayed 3 second(s)

13-08-2024T15:23:20 - [MESSAGE][PASSED] - Delayed 3 second(s)

13-08-2024T15:23:20 - [TEST_STEP][PASSED] - click(findTestObject("to_verify_data/myinfo_option_from_side_bar")): Object: 'Object Repository/to_verify_data/myinfo_option_from_side_bar' is clicked on

13-08-2024T15:23:21 - [MESSAGE][PASSED] - Object: 'Object Repository/to_verify_data/myinfo_option_from_side_bar' is clicked on

13-08-2024T15:23:21 - [TEST_STEP][PASSED] - First_name = getAttribute(findTestObject("Object Repository/to_verify_data/first_name_text_box"), "value"): Attribute 'value' of object 'Object Repository/to_verify_data/first_name_text_box' is: 'First_name_NthSPlL'

13-08-2024T15:23:23 - [MESSAGE][PASSED] - Attribute 'value' of object 'Object Repository/to_verify_data/first_name_text_box' is: 'First_name_NthSPlL'

13-08-2024T15:23:23 - [TEST_STEP][PASSED] - out.println(First_name): null

13-08-2024T15:23:23 - [TEST_STEP][PASSED] - Middle_name = getAttribute(findTestObject("Object Repository/to_verify_data/middle_name_text_box"), "value"): Attribute 'value' of object 'Object Repository/to_verify_data/middle_name_text_box' is: 'Middle_name_SyNWxTE'

13-08-2024T15:23:24 - [MESSAGE][PASSED] - Attribute 'value' of object 'Object Repository/to_verify_data/middle_name_text_box' is: 'Middle_name_SyNWxTE'

13-08-2024T15:23:24 - [TEST_STEP][PASSED] - out.println(Middle_name): null

13-08-2024T15:23:24 - [TEST_STEP][PASSED] - Last_name = getAttribute(findTestObject("Object Repository/to_verify_data/last_name_text_box"), "value"): Attribute 'value' of object 'Object Repository/to_verify_data/last_name_text_box' is: 'Last_name_NUwwRin'

13-08-2024T15:23:24 - [MESSAGE][PASSED] - Attribute 'value' of object 'Object Repository/to_verify_data/last_name_text_box' is: 'Last_name_NUwwRin'

13-08-2024T15:23:24 - [TEST_STEP][PASSED] - out.println(Last_name): null

13-08-2024T15:23:24 - [TEST_STEP][PASSED] - employee_id = getAttribute(findTestObject("Object Repository/to_verify_data/employee_id"), "value"): Attribute 'value' of object 'Object Repository/to_verify_data/employee_id' is: '333261449'

13-08-2024T15:23:24 - [MESSAGE][PASSED] - Attribute 'value' of object 'Object Repository/to_verify_data/employee_id' is: '333261449'

13-08-2024T15:23:24 - [TEST_STEP][PASSED] - out.println(employee_id): null

13-08-2024T15:23:24 - [TEST_STEP][PASSED] - if (First_name == First_name): first name is same

13-08-2024T15:23:24 - [TEST_STEP][PASSED] - markPassed("first name is same"): first name is same

13-08-2024T15:23:24 - [MESSAGE][PASSED] - first name is same

13-08-2024T15:23:24 - [TEST_STEP][PASSED] - if (Middle_name == Middle_name): middle name is same

13-08-2024T15:23:24 - [TEST_STEP][PASSED] - markPassed("middle name is same"): middle name is same

13-08-2024T15:23:24 - [MESSAGE][PASSED] - middle name is same

13-08-2024T15:23:24 - [TEST_STEP][PASSED] - if (Last_name == Last_name): last name is same

13-08-2024T15:23:24 - [TEST_STEP][PASSED] - markPassed("last name is same"): last name is same

13-08-2024T15:23:24 - [MESSAGE][PASSED] - last name is same

13-08-2024T15:23:24 - [TEST_STEP][PASSED] - if (employee_id == employee_id): employee id is same

13-08-2024T15:23:24 - [TEST_STEP][PASSED] - markPassed("employee id is same"): employee id is same

13-08-2024T15:23:24 - [MESSAGE][PASSED] - employee id is same

13-08-2024T15:23:24 - [MESSAGE][PASSED] - Call Test Case 'Test Cases/test_case_to_verify_data' successfully

13-08-2024T15:23:24 - [TEST_STEP][PASSED] - callTestCase(findTestCase("logout_testcase"), [:], STOP_ON_FAILURE): Call Test Case 'Test Cases/logout_testcase' successfully

13-08-2024T15:23:24 - [TEST_CASE][PASSED] - Test Cases/logout_testcase: Test Cases/logout_testcase

13-08-2024T15:23:24 - [TEST_STEP][PASSED] - delay(3): Delayed 3 second(s)

13-08-2024T15:23:27 - [MESSAGE][PASSED] - Delayed 3 second(s)

13-08-2024T15:23:27 - [TEST_STEP][PASSED] - verifyElementPresent(findTestObject("logout_and_login_after_new_employee_added/userdropdown_for_logout_option"), 10): Object 'Object Repository/logout_and_login_after_new_employee_added/userdropdown_for_logout_option' is present

13-08-2024T15:23:27 - [MESSAGE][PASSED] - Object 'Object Repository/logout_and_login_after_new_employee_added/userdropdown_for_logout_option' is present

13-08-2024T15:23:27 - [TEST_STEP][PASSED] - delay(3): Delayed 3 second(s)

13-08-2024T15:23:30 - [MESSAGE][PASSED] - Delayed 3 second(s)

13-08-2024T15:23:30 - [TEST_STEP][PASSED] - click(findTestObject("logout_and_login_after_new_employee_added/userdropdown_for_logout_option")): Object: 'Object Repository/logout_and_login_after_new_employee_added/userdropdown_for_logout_option' is clicked on

13-08-2024T15:23:31 - [MESSAGE][PASSED] - Object: 'Object Repository/logout_and_login_after_new_employee_added/userdropdown_for_logout_option' is clicked on

13-08-2024T15:23:31 - [TEST_STEP][PASSED] - delay(3): Delayed 3 second(s)

13-08-2024T15:23:34 - [MESSAGE][PASSED] - Delayed 3 second(s)

13-08-2024T15:23:34 - [TEST_STEP][PASSED] - click(findTestObject("logout_and_login_after_new_employee_added/logout_option")): Object: 'Object Repository/logout_and_login_after_new_employee_added/logout_option' is clicked on

13-08-2024T15:23:35 - [MESSAGE][PASSED] - Object: 'Object Repository/logout_and_login_after_new_employee_added/logout_option' is clicked on

13-08-2024T15:23:35 - [TEST_STEP][PASSED] - delay(3): Delayed 3 second(s)

13-08-2024T15:23:38 - [MESSAGE][PASSED] - Delayed 3 second(s)

13-08-2024T15:23:38 - [MESSAGE][PASSED] - Call Test Case 'Test Cases/logout_testcase' successfully

13-08-2024T15:23:38 - [TEST_STEP][PASSED] - delay(3): Delayed 3 second(s)

13-08-2024T15:23:41 - [MESSAGE][PASSED] - Delayed 3 second(s)

13-08-2024T15:23:41 - [TEST_STEP][PASSED] - row = sheet.getRow(i): null

13-08-2024T15:23:41 - [TEST_STEP][PASSED] - firstName = getCell(0).getStringCellValue(): null

13-08-2024T15:23:41 - [TEST_STEP][PASSED] - Middlename = getCell(1).getStringCellValue(): null

13-08-2024T15:23:41 - [TEST_STEP][PASSED] - lastName = getCell(2).getStringCellValue(): null

13-08-2024T15:23:41 - [TEST_STEP][PASSED] - username = getCell(3).getStringCellValue(): null

13-08-2024T15:23:41 - [TEST_STEP][PASSED] - password = getCell(4).getStringCellValue(): null

13-08-2024T15:23:41 - [TEST_STEP][PASSED] - Employee_id = getCell(5).getStringCellValue(): null

13-08-2024T15:23:41 - [TEST_STEP][PASSED] - println("Logging in with Username: " + username + " and Password: " + password): null

13-08-2024T15:23:41 - [TEST_STEP][PASSED] - User_name = username: null

13-08-2024T15:23:41 - [TEST_STEP][PASSED] - Password = password: null

13-08-2024T15:23:41 - [TEST_STEP][PASSED] - First_name = firstName: null

13-08-2024T15:23:41 - [TEST_STEP][PASSED] - Last_name = lastName: null

13-08-2024T15:23:41 - [TEST_STEP][PASSED] - Middle_name = Middlename: null

13-08-2024T15:23:41 - [TEST_STEP][PASSED] - employee_id = Employee_id: null

13-08-2024T15:23:41 - [TEST_STEP][PASSED] - callTestCase(findTestCase("test_case_for_new_login_creds_excel_sheet"), [:], STOP_ON_FAILURE): Call Test Case 'Test Cases/test_case_for_new_login_creds_excel_sheet' successfully

13-08-2024T15:23:41 - [TEST_CASE][PASSED] - Test Cases/test_case_for_new_login_creds_excel_sheet: Test Cases/test_case_for_new_login_creds_excel_sheet

13-08-2024T15:23:41 - [TEST_STEP][PASSED] - refresh(): Refresh successfully

13-08-2024T15:23:41 - [MESSAGE][PASSED] - Refresh successfully

13-08-2024T15:23:41 - [TEST_STEP][PASSED] - delay(3): Delayed 3 second(s)

13-08-2024T15:23:44 - [MESSAGE][PASSED] - Delayed 3 second(s)

13-08-2024T15:23:44 - [TEST_STEP][PASSED] - verifyElementPresent(findTestObject("Object Repository/LOGIN_TEST_CASE_FOR_ORANGE_HRM/username_text_box_login_page"), 10): Object 'Object Repository/LOGIN_TEST_CASE_FOR_ORANGE_HRM/username_text_box_login_page' is present

13-08-2024T15:23:45 - [MESSAGE][PASSED] - Object 'Object Repository/LOGIN_TEST_CASE_FOR_ORANGE_HRM/username_text_box_login_page' is present

13-08-2024T15:23:45 - [TEST_STEP][PASSED] - click(findTestObject("Object Repository/LOGIN_TEST_CASE_FOR_ORANGE_HRM/username_text_box_login_page")): Object: 'Object Repository/LOGIN_TEST_CASE_FOR_ORANGE_HRM/username_text_box_login_page' is clicked on

13-08-2024T15:23:45 - [MESSAGE][PASSED] - Object: 'Object Repository/LOGIN_TEST_CASE_FOR_ORANGE_HRM/username_text_box_login_page' is clicked on

13-08-2024T15:23:45 - [TEST_STEP][PASSED] - setText(findTestObject("Object Repository/LOGIN_TEST_CASE_FOR_ORANGE_HRM/username_text_box_login_page"), User_name): Text 'User_name_eJAGmAX' is set on object 'Object Repository/LOGIN_TEST_CASE_FOR_ORANGE_HRM/username_text_box_login_page'

13-08-2024T15:23:45 - [MESSAGE][PASSED] - Text 'User_name_eJAGmAX' is set on object 'Object Repository/LOGIN_TEST_CASE_FOR_ORANGE_HRM/username_text_box_login_page'

13-08-2024T15:23:45 - [TEST_STEP][PASSED] - verifyElementPresent(findTestObject("Object Repository/LOGIN_TEST_CASE_FOR_ORANGE_HRM/password_text_box_for_login_page"), 10): Object 'Object Repository/LOGIN_TEST_CASE_FOR_ORANGE_HRM/password_text_box_for_login_page' is present

13-08-2024T15:23:46 - [MESSAGE][PASSED] - Object 'Object Repository/LOGIN_TEST_CASE_FOR_ORANGE_HRM/password_text_box_for_login_page' is present

13-08-2024T15:23:46 - [TEST_STEP][PASSED] - click(findTestObject("Object Repository/LOGIN_TEST_CASE_FOR_ORANGE_HRM/password_text_box_for_login_page")): Object: 'Object Repository/LOGIN_TEST_CASE_FOR_ORANGE_HRM/password_text_box_for_login_page' is clicked on

13-08-2024T15:23:46 - [MESSAGE][PASSED] - Object: 'Object Repository/LOGIN_TEST_CASE_FOR_ORANGE_HRM/password_text_box_for_login_page' is clicked on

13-08-2024T15:23:46 - [TEST_STEP][PASSED] - setText(findTestObject("Object Repository/LOGIN_TEST_CASE_FOR_ORANGE_HRM/password_text_box_for_login_page"), Password): Text 'Fiboo413719@@' is set on object 'Object Repository/LOGIN_TEST_CASE_FOR_ORANGE_HRM/password_text_box_for_login_page'

13-08-2024T15:23:47 - [MESSAGE][PASSED] - Text 'Fiboo413719@@' is set on object 'Object Repository/LOGIN_TEST_CASE_FOR_ORANGE_HRM/password_text_box_for_login_page'

13-08-2024T15:23:47 - [TEST_STEP][PASSED] - verifyElementPresent(findTestObject("Object Repository/LOGIN_TEST_CASE_FOR_ORANGE_HRM/login_button_for_login_page"), 10): Object 'Object Repository/LOGIN_TEST_CASE_FOR_ORANGE_HRM/login_button_for_login_page' is present

13-08-2024T15:23:47 - [MESSAGE][PASSED] - Object 'Object Repository/LOGIN_TEST_CASE_FOR_ORANGE_HRM/login_button_for_login_page' is present

13-08-2024T15:23:47 - [TEST_STEP][PASSED] - click(findTestObject("Object Repository/LOGIN_TEST_CASE_FOR_ORANGE_HRM/login_button_for_login_page")): Object: 'Object Repository/LOGIN_TEST_CASE_FOR_ORANGE_HRM/login_button_for_login_page' is clicked on

13-08-2024T15:23:47 - [MESSAGE][PASSED] - Object: 'Object Repository/LOGIN_TEST_CASE_FOR_ORANGE_HRM/login_button_for_login_page' is clicked on

13-08-2024T15:23:47 - [MESSAGE][PASSED] - Call Test Case 'Test Cases/test_case_for_new_login_creds_excel_sheet' successfully

13-08-2024T15:23:47 - [TEST_STEP][PASSED] - callTestCase(findTestCase("test_case_to_verify_data"), [:], STOP_ON_FAILURE): Call Test Case 'Test Cases/test_case_to_verify_data' successfully

13-08-2024T15:23:47 - [TEST_CASE][PASSED] - Test Cases/test_case_to_verify_data: Test Cases/test_case_to_verify_data

13-08-2024T15:23:47 - [TEST_STEP][PASSED] - delay(3): Delayed 3 second(s)

13-08-2024T15:23:50 - [MESSAGE][PASSED] - Delayed 3 second(s)

13-08-2024T15:23:50 - [TEST_STEP][PASSED] - click(findTestObject("to_verify_data/myinfo_option_from_side_bar")): Object: 'Object Repository/to_verify_data/myinfo_option_from_side_bar' is clicked on

13-08-2024T15:23:52 - [MESSAGE][PASSED] - Object: 'Object Repository/to_verify_data/myinfo_option_from_side_bar' is clicked on

13-08-2024T15:23:52 - [TEST_STEP][PASSED] - First_name = getAttribute(findTestObject("Object Repository/to_verify_data/first_name_text_box"), "value"): Attribute 'value' of object 'Object Repository/to_verify_data/first_name_text_box' is: 'First_name_pmQftjU'

13-08-2024T15:23:54 - [MESSAGE][PASSED] - Attribute 'value' of object 'Object Repository/to_verify_data/first_name_text_box' is: 'First_name_pmQftjU'

13-08-2024T15:23:54 - [TEST_STEP][PASSED] - out.println(First_name): null

13-08-2024T15:23:54 - [TEST_STEP][PASSED] - Middle_name = getAttribute(findTestObject("Object Repository/to_verify_data/middle_name_text_box"), "value"): Attribute 'value' of object 'Object Repository/to_verify_data/middle_name_text_box' is: 'Middle_name_pyJdnCu'

13-08-2024T15:23:54 - [MESSAGE][PASSED] - Attribute 'value' of object 'Object Repository/to_verify_data/middle_name_text_box' is: 'Middle_name_pyJdnCu'

13-08-2024T15:23:54 - [TEST_STEP][PASSED] - out.println(Middle_name): null

13-08-2024T15:23:54 - [TEST_STEP][PASSED] - Last_name = getAttribute(findTestObject("Object Repository/to_verify_data/last_name_text_box"), "value"): Attribute 'value' of object 'Object Repository/to_verify_data/last_name_text_box' is: 'Last_name_LFnItcf'

13-08-2024T15:23:54 - [MESSAGE][PASSED] - Attribute 'value' of object 'Object Repository/to_verify_data/last_name_text_box' is: 'Last_name_LFnItcf'

13-08-2024T15:23:54 - [TEST_STEP][PASSED] - out.println(Last_name): null

13-08-2024T15:23:54 - [TEST_STEP][PASSED] - employee_id = getAttribute(findTestObject("Object Repository/to_verify_data/employee_id"), "value"): Attribute 'value' of object 'Object Repository/to_verify_data/employee_id' is: '333524969'

13-08-2024T15:23:54 - [MESSAGE][PASSED] - Attribute 'value' of object 'Object Repository/to_verify_data/employee_id' is: '333524969'

13-08-2024T15:23:54 - [TEST_STEP][PASSED] - out.println(employee_id): null

13-08-2024T15:23:54 - [TEST_STEP][PASSED] - if (First_name == First_name): first name is same

13-08-2024T15:23:54 - [TEST_STEP][PASSED] - markPassed("first name is same"): first name is same

13-08-2024T15:23:54 - [MESSAGE][PASSED] - first name is same

13-08-2024T15:23:54 - [TEST_STEP][PASSED] - if (Middle_name == Middle_name): middle name is same

13-08-2024T15:23:54 - [TEST_STEP][PASSED] - markPassed("middle name is same"): middle name is same

13-08-2024T15:23:54 - [MESSAGE][PASSED] - middle name is same

13-08-2024T15:23:54 - [TEST_STEP][PASSED] - if (Last_name == Last_name): last name is same

13-08-2024T15:23:54 - [TEST_STEP][PASSED] - markPassed("last name is same"): last name is same

13-08-2024T15:23:54 - [MESSAGE][PASSED] - last name is same

13-08-2024T15:23:54 - [TEST_STEP][PASSED] - if (employee_id == employee_id): employee id is same

13-08-2024T15:23:54 - [TEST_STEP][PASSED] - markPassed("employee id is same"): employee id is same

13-08-2024T15:23:54 - [MESSAGE][PASSED] - employee id is same

13-08-2024T15:23:54 - [MESSAGE][PASSED] - Call Test Case 'Test Cases/test_case_to_verify_data' successfully

13-08-2024T15:23:54 - [TEST_STEP][PASSED] - callTestCase(findTestCase("logout_testcase"), [:], STOP_ON_FAILURE): Call Test Case 'Test Cases/logout_testcase' successfully

13-08-2024T15:23:55 - [TEST_CASE][PASSED] - Test Cases/logout_testcase: Test Cases/logout_testcase

13-08-2024T15:23:55 - [TEST_STEP][PASSED] - delay(3): Delayed 3 second(s)

13-08-2024T15:23:58 - [MESSAGE][PASSED] - Delayed 3 second(s)

13-08-2024T15:23:58 - [TEST_STEP][PASSED] - verifyElementPresent(findTestObject("logout_and_login_after_new_employee_added/userdropdown_for_logout_option"), 10): Object 'Object Repository/logout_and_login_after_new_employee_added/userdropdown_for_logout_option' is present

13-08-2024T15:23:58 - [MESSAGE][PASSED] - Object 'Object Repository/logout_and_login_after_new_employee_added/userdropdown_for_logout_option' is present

13-08-2024T15:23:58 - [TEST_STEP][PASSED] - delay(3): Delayed 3 second(s)

13-08-2024T15:24:01 - [MESSAGE][PASSED] - Delayed 3 second(s)

13-08-2024T15:24:01 - [TEST_STEP][PASSED] - click(findTestObject("logout_and_login_after_new_employee_added/userdropdown_for_logout_option")): Object: 'Object Repository/logout_and_login_after_new_employee_added/userdropdown_for_logout_option' is clicked on

13-08-2024T15:24:01 - [MESSAGE][PASSED] - Object: 'Object Repository/logout_and_login_after_new_employee_added/userdropdown_for_logout_option' is clicked on

13-08-2024T15:24:01 - [TEST_STEP][PASSED] - delay(3): Delayed 3 second(s)

13-08-2024T15:24:04 - [MESSAGE][PASSED] - Delayed 3 second(s)

13-08-2024T15:24:04 - [TEST_STEP][PASSED] - click(findTestObject("logout_and_login_after_new_employee_added/logout_option")): Object: 'Object Repository/logout_and_login_after_new_employee_added/logout_option' is clicked on

13-08-2024T15:24:05 - [MESSAGE][PASSED] - Object: 'Object Repository/logout_and_login_after_new_employee_added/logout_option' is clicked on

13-08-2024T15:24:05 - [TEST_STEP][PASSED] - delay(3): Delayed 3 second(s)

13-08-2024T15:24:08 - [MESSAGE][PASSED] - Delayed 3 second(s)

13-08-2024T15:24:08 - [MESSAGE][PASSED] - Call Test Case 'Test Cases/logout_testcase' successfully

13-08-2024T15:24:08 - [TEST_STEP][PASSED] - delay(3): Delayed 3 second(s)

13-08-2024T15:24:11 - [MESSAGE][PASSED] - Delayed 3 second(s)

13-08-2024T15:24:11 - [TEST_STEP][PASSED] - row = sheet.getRow(i): null

13-08-2024T15:24:11 - [TEST_STEP][PASSED] - firstName = getCell(0).getStringCellValue(): null

13-08-2024T15:24:11 - [TEST_STEP][PASSED] - Middlename = getCell(1).getStringCellValue(): null

13-08-2024T15:24:11 - [TEST_STEP][PASSED] - lastName = getCell(2).getStringCellValue(): null

13-08-2024T15:24:11 - [TEST_STEP][PASSED] - username = getCell(3).getStringCellValue(): null

13-08-2024T15:24:11 - [TEST_STEP][PASSED] - password = getCell(4).getStringCellValue(): null

13-08-2024T15:24:11 - [TEST_STEP][PASSED] - Employee_id = getCell(5).getStringCellValue(): null

13-08-2024T15:24:11 - [TEST_STEP][PASSED] - println("Logging in with Username: " + username + " and Password: " + password): null

13-08-2024T15:24:11 - [TEST_STEP][PASSED] - User_name = username: null

13-08-2024T15:24:11 - [TEST_STEP][PASSED] - Password = password: null

13-08-2024T15:24:11 - [TEST_STEP][PASSED] - First_name = firstName: null

13-08-2024T15:24:11 - [TEST_STEP][PASSED] - Last_name = lastName: null

13-08-2024T15:24:11 - [TEST_STEP][PASSED] - Middle_name = Middlename: null

13-08-2024T15:24:11 - [TEST_STEP][PASSED] - employee_id = Employee_id: null

13-08-2024T15:24:11 - [TEST_STEP][PASSED] - callTestCase(findTestCase("test_case_for_new_login_creds_excel_sheet"), [:], STOP_ON_FAILURE): Call Test Case 'Test Cases/test_case_for_new_login_creds_excel_sheet' successfully

13-08-2024T15:24:11 - [TEST_CASE][PASSED] - Test Cases/test_case_for_new_login_creds_excel_sheet: Test Cases/test_case_for_new_login_creds_excel_sheet

13-08-2024T15:24:11 - [TEST_STEP][PASSED] - refresh(): Refresh successfully

13-08-2024T15:24:12 - [MESSAGE][PASSED] - Refresh successfully

13-08-2024T15:24:12 - [TEST_STEP][PASSED] - delay(3): Delayed 3 second(s)

13-08-2024T15:24:15 - [MESSAGE][PASSED] - Delayed 3 second(s)

13-08-2024T15:24:15 - [TEST_STEP][PASSED] - verifyElementPresent(findTestObject("Object Repository/LOGIN_TEST_CASE_FOR_ORANGE_HRM/username_text_box_login_page"), 10): Object 'Object Repository/LOGIN_TEST_CASE_FOR_ORANGE_HRM/username_text_box_login_page' is present

13-08-2024T15:24:15 - [MESSAGE][PASSED] - Object 'Object Repository/LOGIN_TEST_CASE_FOR_ORANGE_HRM/username_text_box_login_page' is present

13-08-2024T15:24:15 - [TEST_STEP][PASSED] - click(findTestObject("Object Repository/LOGIN_TEST_CASE_FOR_ORANGE_HRM/username_text_box_login_page")): Object: 'Object Repository/LOGIN_TEST_CASE_FOR_ORANGE_HRM/username_text_box_login_page' is clicked on

13-08-2024T15:24:15 - [MESSAGE][PASSED] - Object: 'Object Repository/LOGIN_TEST_CASE_FOR_ORANGE_HRM/username_text_box_login_page' is clicked on

13-08-2024T15:24:15 - [TEST_STEP][PASSED] - setText(findTestObject("Object Repository/LOGIN_TEST_CASE_FOR_ORANGE_HRM/username_text_box_login_page"), User_name): Text 'User_name_eiEEVEd' is set on object 'Object Repository/LOGIN_TEST_CASE_FOR_ORANGE_HRM/username_text_box_login_page'

13-08-2024T15:24:16 - [MESSAGE][PASSED] - Text 'User_name_eiEEVEd' is set on object 'Object Repository/LOGIN_TEST_CASE_FOR_ORANGE_HRM/username_text_box_login_page'

13-08-2024T15:24:16 - [TEST_STEP][PASSED] - verifyElementPresent(findTestObject("Object Repository/LOGIN_TEST_CASE_FOR_ORANGE_HRM/password_text_box_for_login_page"), 10): Object 'Object Repository/LOGIN_TEST_CASE_FOR_ORANGE_HRM/password_text_box_for_login_page' is present

13-08-2024T15:24:16 - [MESSAGE][PASSED] - Object 'Object Repository/LOGIN_TEST_CASE_FOR_ORANGE_HRM/password_text_box_for_login_page' is present

13-08-2024T15:24:16 - [TEST_STEP][PASSED] - click(findTestObject("Object Repository/LOGIN_TEST_CASE_FOR_ORANGE_HRM/password_text_box_for_login_page")): Object: 'Object Repository/LOGIN_TEST_CASE_FOR_ORANGE_HRM/password_text_box_for_login_page' is clicked on

13-08-2024T15:24:16 - [MESSAGE][PASSED] - Object: 'Object Repository/LOGIN_TEST_CASE_FOR_ORANGE_HRM/password_text_box_for_login_page' is clicked on

13-08-2024T15:24:16 - [TEST_STEP][PASSED] - setText(findTestObject("Object Repository/LOGIN_TEST_CASE_FOR_ORANGE_HRM/password_text_box_for_login_page"), Password): Text 'Fiboo886586@@' is set on object 'Object Repository/LOGIN_TEST_CASE_FOR_ORANGE_HRM/password_text_box_for_login_page'

13-08-2024T15:24:17 - [MESSAGE][PASSED] - Text 'Fiboo886586@@' is set on object 'Object Repository/LOGIN_TEST_CASE_FOR_ORANGE_HRM/password_text_box_for_login_page'

13-08-2024T15:24:17 - [TEST_STEP][PASSED] - verifyElementPresent(findTestObject("Object Repository/LOGIN_TEST_CASE_FOR_ORANGE_HRM/login_button_for_login_page"), 10): Object 'Object Repository/LOGIN_TEST_CASE_FOR_ORANGE_HRM/login_button_for_login_page' is present

13-08-2024T15:24:17 - [MESSAGE][PASSED] - Object 'Object Repository/LOGIN_TEST_CASE_FOR_ORANGE_HRM/login_button_for_login_page' is present

13-08-2024T15:24:17 - [TEST_STEP][PASSED] - click(findTestObject("Object Repository/LOGIN_TEST_CASE_FOR_ORANGE_HRM/login_button_for_login_page")): Object: 'Object Repository/LOGIN_TEST_CASE_FOR_ORANGE_HRM/login_button_for_login_page' is clicked on

13-08-2024T15:24:18 - [MESSAGE][PASSED] - Object: 'Object Repository/LOGIN_TEST_CASE_FOR_ORANGE_HRM/login_button_for_login_page' is clicked on

13-08-2024T15:24:18 - [MESSAGE][PASSED] - Call Test Case 'Test Cases/test_case_for_new_login_creds_excel_sheet' successfully

13-08-2024T15:24:18 - [TEST_STEP][PASSED] - callTestCase(findTestCase("test_case_to_verify_data"), [:], STOP_ON_FAILURE): Call Test Case 'Test Cases/test_case_to_verify_data' successfully

13-08-2024T15:24:18 - [TEST_CASE][PASSED] - Test Cases/test_case_to_verify_data: Test Cases/test_case_to_verify_data

13-08-2024T15:24:18 - [TEST_STEP][PASSED] - delay(3): Delayed 3 second(s)

13-08-2024T15:24:21 - [MESSAGE][PASSED] - Delayed 3 second(s)

13-08-2024T15:24:21 - [TEST_STEP][PASSED] - click(findTestObject("to_verify_data/myinfo_option_from_side_bar")): Object: 'Object Repository/to_verify_data/myinfo_option_from_side_bar' is clicked on

13-08-2024T15:24:22 - [MESSAGE][PASSED] - Object: 'Object Repository/to_verify_data/myinfo_option_from_side_bar' is clicked on

13-08-2024T15:24:22 - [TEST_STEP][PASSED] - First_name = getAttribute(findTestObject("Object Repository/to_verify_data/first_name_text_box"), "value"): Attribute 'value' of object 'Object Repository/to_verify_data/first_name_text_box' is: 'First_name_wDodVgA'

13-08-2024T15:24:24 - [MESSAGE][PASSED] - Attribute 'value' of object 'Object Repository/to_verify_data/first_name_text_box' is: 'First_name_wDodVgA'

13-08-2024T15:24:24 - [TEST_STEP][PASSED] - out.println(First_name): null

13-08-2024T15:24:24 - [TEST_STEP][PASSED] - Middle_name = getAttribute(findTestObject("Object Repository/to_verify_data/middle_name_text_box"), "value"): Attribute 'value' of object 'Object Repository/to_verify_data/middle_name_text_box' is: 'Middle_name_VkYhbFa'

13-08-2024T15:24:24 - [MESSAGE][PASSED] - Attribute 'value' of object 'Object Repository/to_verify_data/middle_name_text_box' is: 'Middle_name_VkYhbFa'

13-08-2024T15:24:24 - [TEST_STEP][PASSED] - out.println(Middle_name): null

13-08-2024T15:24:24 - [TEST_STEP][PASSED] - Last_name = getAttribute(findTestObject("Object Repository/to_verify_data/last_name_text_box"), "value"): Attribute 'value' of object 'Object Repository/to_verify_data/last_name_text_box' is: 'Last_name_VAfRyeT'

13-08-2024T15:24:24 - [MESSAGE][PASSED] - Attribute 'value' of object 'Object Repository/to_verify_data/last_name_text_box' is: 'Last_name_VAfRyeT'

13-08-2024T15:24:24 - [TEST_STEP][PASSED] - out.println(Last_name): null

13-08-2024T15:24:24 - [TEST_STEP][PASSED] - employee_id = getAttribute(findTestObject("Object Repository/to_verify_data/employee_id"), "value"): Attribute 'value' of object 'Object Repository/to_verify_data/employee_id' is: '333898597'

13-08-2024T15:24:25 - [MESSAGE][PASSED] - Attribute 'value' of object 'Object Repository/to_verify_data/employee_id' is: '333898597'

13-08-2024T15:24:25 - [TEST_STEP][PASSED] - out.println(employee_id): null

13-08-2024T15:24:25 - [TEST_STEP][PASSED] - if (First_name == First_name): first name is same

13-08-2024T15:24:25 - [TEST_STEP][PASSED] - markPassed("first name is same"): first name is same

13-08-2024T15:24:25 - [MESSAGE][PASSED] - first name is same

13-08-2024T15:24:25 - [TEST_STEP][PASSED] - if (Middle_name == Middle_name): middle name is same

13-08-2024T15:24:25 - [TEST_STEP][PASSED] - markPassed("middle name is same"): middle name is same

13-08-2024T15:24:25 - [MESSAGE][PASSED] - middle name is same

13-08-2024T15:24:25 - [TEST_STEP][PASSED] - if (Last_name == Last_name): last name is same

13-08-2024T15:24:25 - [TEST_STEP][PASSED] - markPassed("last name is same"): last name is same

13-08-2024T15:24:25 - [MESSAGE][PASSED] - last name is same

13-08-2024T15:24:25 - [TEST_STEP][PASSED] - if (employee_id == employee_id): employee id is same

13-08-2024T15:24:25 - [TEST_STEP][PASSED] - markPassed("employee id is same"): employee id is same

13-08-2024T15:24:25 - [MESSAGE][PASSED] - employee id is same

13-08-2024T15:24:25 - [MESSAGE][PASSED] - Call Test Case 'Test Cases/test_case_to_verify_data' successfully

13-08-2024T15:24:25 - [TEST_STEP][PASSED] - callTestCase(findTestCase("logout_testcase"), [:], STOP_ON_FAILURE): Call Test Case 'Test Cases/logout_testcase' successfully

13-08-2024T15:24:25 - [TEST_CASE][PASSED] - Test Cases/logout_testcase: Test Cases/logout_testcase

13-08-2024T15:24:25 - [TEST_STEP][PASSED] - delay(3): Delayed 3 second(s)

13-08-2024T15:24:28 - [MESSAGE][PASSED] - Delayed 3 second(s)

13-08-2024T15:24:28 - [TEST_STEP][PASSED] - verifyElementPresent(findTestObject("logout_and_login_after_new_employee_added/userdropdown_for_logout_option"), 10): Object 'Object Repository/logout_and_login_after_new_employee_added/userdropdown_for_logout_option' is present

13-08-2024T15:24:28 - [MESSAGE][PASSED] - Object 'Object Repository/logout_and_login_after_new_employee_added/userdropdown_for_logout_option' is present

13-08-2024T15:24:28 - [TEST_STEP][PASSED] - delay(3): Delayed 3 second(s)

13-08-2024T15:24:31 - [MESSAGE][PASSED] - Delayed 3 second(s)

13-08-2024T15:24:31 - [TEST_STEP][PASSED] - click(findTestObject("logout_and_login_after_new_employee_added/userdropdown_for_logout_option")): Object: 'Object Repository/logout_and_login_after_new_employee_added/userdropdown_for_logout_option' is clicked on

13-08-2024T15:24:31 - [MESSAGE][PASSED] - Object: 'Object Repository/logout_and_login_after_new_employee_added/userdropdown_for_logout_option' is clicked on

13-08-2024T15:24:31 - [TEST_STEP][PASSED] - delay(3): Delayed 3 second(s)

13-08-2024T15:24:34 - [MESSAGE][PASSED] - Delayed 3 second(s)

13-08-2024T15:24:34 - [TEST_STEP][PASSED] - click(findTestObject("logout_and_login_after_new_employee_added/logout_option")): Object: 'Object Repository/logout_and_login_after_new_employee_added/logout_option' is clicked on

13-08-2024T15:24:36 - [MESSAGE][PASSED] - Object: 'Object Repository/logout_and_login_after_new_employee_added/logout_option' is clicked on

13-08-2024T15:24:36 - [TEST_STEP][PASSED] - delay(3): Delayed 3 second(s)

13-08-2024T15:24:39 - [MESSAGE][PASSED] - Delayed 3 second(s)

13-08-2024T15:24:39 - [MESSAGE][PASSED] - Call Test Case 'Test Cases/logout_testcase' successfully

13-08-2024T15:24:39 - [TEST_STEP][PASSED] - delay(3): Delayed 3 second(s)

13-08-2024T15:24:42 - [MESSAGE][PASSED] - Delayed 3 second(s)

13-08-2024T15:24:42 - [TEST_STEP][PASSED] - row = sheet.getRow(i): null

13-08-2024T15:24:42 - [TEST_STEP][PASSED] - firstName = getCell(0).getStringCellValue(): null

13-08-2024T15:24:42 - [TEST_STEP][PASSED] - Middlename = getCell(1).getStringCellValue(): null

13-08-2024T15:24:42 - [TEST_STEP][PASSED] - lastName = getCell(2).getStringCellValue(): null

13-08-2024T15:24:42 - [TEST_STEP][PASSED] - username = getCell(3).getStringCellValue(): null

13-08-2024T15:24:42 - [TEST_STEP][PASSED] - password = getCell(4).getStringCellValue(): null

13-08-2024T15:24:42 - [TEST_STEP][PASSED] - Employee_id = getCell(5).getStringCellValue(): null

13-08-2024T15:24:42 - [TEST_STEP][PASSED] - println("Logging in with Username: " + username + " and Password: " + password): null

13-08-2024T15:24:42 - [TEST_STEP][PASSED] - User_name = username: null

13-08-2024T15:24:42 - [TEST_STEP][PASSED] - Password = password: null

13-08-2024T15:24:42 - [TEST_STEP][PASSED] - First_name = firstName: null

13-08-2024T15:24:42 - [TEST_STEP][PASSED] - Last_name = lastName: null

13-08-2024T15:24:42 - [TEST_STEP][PASSED] - Middle_name = Middlename: null

13-08-2024T15:24:42 - [TEST_STEP][PASSED] - employee_id = Employee_id: null

13-08-2024T15:24:42 - [TEST_STEP][PASSED] - callTestCase(findTestCase("test_case_for_new_login_creds_excel_sheet"), [:], STOP_ON_FAILURE): Call Test Case 'Test Cases/test_case_for_new_login_creds_excel_sheet' successfully

13-08-2024T15:24:42 - [TEST_CASE][PASSED] - Test Cases/test_case_for_new_login_creds_excel_sheet: Test Cases/test_case_for_new_login_creds_excel_sheet

13-08-2024T15:24:42 - [TEST_STEP][PASSED] - refresh(): Refresh successfully

13-08-2024T15:24:42 - [MESSAGE][PASSED] - Refresh successfully

13-08-2024T15:24:42 - [TEST_STEP][PASSED] - delay(3): Delayed 3 second(s)

13-08-2024T15:24:45 - [MESSAGE][PASSED] - Delayed 3 second(s)

13-08-2024T15:24:45 - [TEST_STEP][PASSED] - verifyElementPresent(findTestObject("Object Repository/LOGIN_TEST_CASE_FOR_ORANGE_HRM/username_text_box_login_page"), 10): Object 'Object Repository/LOGIN_TEST_CASE_FOR_ORANGE_HRM/username_text_box_login_page' is present

13-08-2024T15:24:46 - [MESSAGE][PASSED] - Object 'Object Repository/LOGIN_TEST_CASE_FOR_ORANGE_HRM/username_text_box_login_page' is present

13-08-2024T15:24:46 - [TEST_STEP][PASSED] - click(findTestObject("Object Repository/LOGIN_TEST_CASE_FOR_ORANGE_HRM/username_text_box_login_page")): Object: 'Object Repository/LOGIN_TEST_CASE_FOR_ORANGE_HRM/username_text_box_login_page' is clicked on

13-08-2024T15:24:46 - [MESSAGE][PASSED] - Object: 'Object Repository/LOGIN_TEST_CASE_FOR_ORANGE_HRM/username_text_box_login_page' is clicked on

13-08-2024T15:24:46 - [TEST_STEP][PASSED] - setText(findTestObject("Object Repository/LOGIN_TEST_CASE_FOR_ORANGE_HRM/username_text_box_login_page"), User_name): Text 'User_name_exGudFu' is set on object 'Object Repository/LOGIN_TEST_CASE_FOR_ORANGE_HRM/username_text_box_login_page'

13-08-2024T15:24:46 - [MESSAGE][PASSED] - Text 'User_name_exGudFu' is set on object 'Object Repository/LOGIN_TEST_CASE_FOR_ORANGE_HRM/username_text_box_login_page'

13-08-2024T15:24:46 - [TEST_STEP][PASSED] - verifyElementPresent(findTestObject("Object Repository/LOGIN_TEST_CASE_FOR_ORANGE_HRM/password_text_box_for_login_page"), 10): Object 'Object Repository/LOGIN_TEST_CASE_FOR_ORANGE_HRM/password_text_box_for_login_page' is present

13-08-2024T15:24:47 - [MESSAGE][PASSED] - Object 'Object Repository/LOGIN_TEST_CASE_FOR_ORANGE_HRM/password_text_box_for_login_page' is present

13-08-2024T15:24:47 - [TEST_STEP][PASSED] - click(findTestObject("Object Repository/LOGIN_TEST_CASE_FOR_ORANGE_HRM/password_text_box_for_login_page")): Object: 'Object Repository/LOGIN_TEST_CASE_FOR_ORANGE_HRM/password_text_box_for_login_page' is clicked on

13-08-2024T15:24:47 - [MESSAGE][PASSED] - Object: 'Object Repository/LOGIN_TEST_CASE_FOR_ORANGE_HRM/password_text_box_for_login_page' is clicked on

13-08-2024T15:24:47 - [TEST_STEP][PASSED] - setText(findTestObject("Object Repository/LOGIN_TEST_CASE_FOR_ORANGE_HRM/password_text_box_for_login_page"), Password): Text 'Fiboo407116@@' is set on object 'Object Repository/LOGIN_TEST_CASE_FOR_ORANGE_HRM/password_text_box_for_login_page'

13-08-2024T15:24:48 - [MESSAGE][PASSED] - Text 'Fiboo407116@@' is set on object 'Object Repository/LOGIN_TEST_CASE_FOR_ORANGE_HRM/password_text_box_for_login_page'

13-08-2024T15:24:48 - [TEST_STEP][PASSED] - verifyElementPresent(findTestObject("Object Repository/LOGIN_TEST_CASE_FOR_ORANGE_HRM/login_button_for_login_page"), 10): Object 'Object Repository/LOGIN_TEST_CASE_FOR_ORANGE_HRM/login_button_for_login_page' is present

13-08-2024T15:24:48 - [MESSAGE][PASSED] - Object 'Object Repository/LOGIN_TEST_CASE_FOR_ORANGE_HRM/login_button_for_login_page' is present

13-08-2024T15:24:48 - [TEST_STEP][PASSED] - click(findTestObject("Object Repository/LOGIN_TEST_CASE_FOR_ORANGE_HRM/login_button_for_login_page")): Object: 'Object Repository/LOGIN_TEST_CASE_FOR_ORANGE_HRM/login_button_for_login_page' is clicked on

13-08-2024T15:24:48 - [MESSAGE][PASSED] - Object: 'Object Repository/LOGIN_TEST_CASE_FOR_ORANGE_HRM/login_button_for_login_page' is clicked on

13-08-2024T15:24:48 - [MESSAGE][PASSED] - Call Test Case 'Test Cases/test_case_for_new_login_creds_excel_sheet' successfully

13-08-2024T15:24:48 - [TEST_STEP][PASSED] - callTestCase(findTestCase("test_case_to_verify_data"), [:], STOP_ON_FAILURE): Call Test Case 'Test Cases/test_case_to_verify_data' successfully

13-08-2024T15:24:48 - [TEST_CASE][PASSED] - Test Cases/test_case_to_verify_data: Test Cases/test_case_to_verify_data

13-08-2024T15:24:48 - [TEST_STEP][PASSED] - delay(3): Delayed 3 second(s)

13-08-2024T15:24:51 - [MESSAGE][PASSED] - Delayed 3 second(s)

13-08-2024T15:24:51 - [TEST_STEP][PASSED] - click(findTestObject("to_verify_data/myinfo_option_from_side_bar")): Object: 'Object Repository/to_verify_data/myinfo_option_from_side_bar' is clicked on

13-08-2024T15:24:53 - [MESSAGE][PASSED] - Object: 'Object Repository/to_verify_data/myinfo_option_from_side_bar' is clicked on

13-08-2024T15:24:53 - [TEST_STEP][PASSED] - First_name = getAttribute(findTestObject("Object Repository/to_verify_data/first_name_text_box"), "value"): Attribute 'value' of object 'Object Repository/to_verify_data/first_name_text_box' is: 'First_name_jMQEtXt'

13-08-2024T15:24:55 - [MESSAGE][PASSED] - Attribute 'value' of object 'Object Repository/to_verify_data/first_name_text_box' is: 'First_name_jMQEtXt'

13-08-2024T15:24:55 - [TEST_STEP][PASSED] - out.println(First_name): null

13-08-2024T15:24:55 - [TEST_STEP][PASSED] - Middle_name = getAttribute(findTestObject("Object Repository/to_verify_data/middle_name_text_box"), "value"): Attribute 'value' of object 'Object Repository/to_verify_data/middle_name_text_box' is: 'Middle_name_DWthilI'

13-08-2024T15:24:56 - [MESSAGE][PASSED] - Attribute 'value' of object 'Object Repository/to_verify_data/middle_name_text_box' is: 'Middle_name_DWthilI'

13-08-2024T15:24:56 - [TEST_STEP][PASSED] - out.println(Middle_name): null

13-08-2024T15:24:56 - [TEST_STEP][PASSED] - Last_name = getAttribute(findTestObject("Object Repository/to_verify_data/last_name_text_box"), "value"): Attribute 'value' of object 'Object Repository/to_verify_data/last_name_text_box' is: 'Last_name_VdKnWPo'

13-08-2024T15:24:56 - [MESSAGE][PASSED] - Attribute 'value' of object 'Object Repository/to_verify_data/last_name_text_box' is: 'Last_name_VdKnWPo'

13-08-2024T15:24:56 - [TEST_STEP][PASSED] - out.println(Last_name): null

13-08-2024T15:24:56 - [TEST_STEP][PASSED] - employee_id = getAttribute(findTestObject("Object Repository/to_verify_data/employee_id"), "value"): Attribute 'value' of object 'Object Repository/to_verify_data/employee_id' is: '333279866'

13-08-2024T15:24:56 - [MESSAGE][PASSED] - Attribute 'value' of object 'Object Repository/to_verify_data/employee_id' is: '333279866'

13-08-2024T15:24:56 - [TEST_STEP][PASSED] - out.println(employee_id): null

13-08-2024T15:24:56 - [TEST_STEP][PASSED] - if (First_name == First_name): first name is same

13-08-2024T15:24:56 - [TEST_STEP][PASSED] - markPassed("first name is same"): first name is same

13-08-2024T15:24:56 - [MESSAGE][PASSED] - first name is same

13-08-2024T15:24:56 - [TEST_STEP][PASSED] - if (Middle_name == Middle_name): middle name is same

13-08-2024T15:24:56 - [TEST_STEP][PASSED] - markPassed("middle name is same"): middle name is same

13-08-2024T15:24:56 - [MESSAGE][PASSED] - middle name is same

13-08-2024T15:24:56 - [TEST_STEP][PASSED] - if (Last_name == Last_name): last name is same

13-08-2024T15:24:56 - [TEST_STEP][PASSED] - markPassed("last name is same"): last name is same

13-08-2024T15:24:56 - [MESSAGE][PASSED] - last name is same

13-08-2024T15:24:56 - [TEST_STEP][PASSED] - if (employee_id == employee_id): employee id is same

13-08-2024T15:24:56 - [TEST_STEP][PASSED] - markPassed("employee id is same"): employee id is same

13-08-2024T15:24:56 - [MESSAGE][PASSED] - employee id is same

13-08-2024T15:24:56 - [MESSAGE][PASSED] - Call Test Case 'Test Cases/test_case_to_verify_data' successfully

13-08-2024T15:24:56 - [TEST_STEP][PASSED] - callTestCase(findTestCase("logout_testcase"), [:], STOP_ON_FAILURE): Call Test Case 'Test Cases/logout_testcase' successfully

13-08-2024T15:24:56 - [TEST_CASE][PASSED] - Test Cases/logout_testcase: Test Cases/logout_testcase

13-08-2024T15:24:56 - [TEST_STEP][PASSED] - delay(3): Delayed 3 second(s)

13-08-2024T15:24:59 - [MESSAGE][PASSED] - Delayed 3 second(s)

13-08-2024T15:24:59 - [TEST_STEP][PASSED] - verifyElementPresent(findTestObject("logout_and_login_after_new_employee_added/userdropdown_for_logout_option"), 10): Object 'Object Repository/logout_and_login_after_new_employee_added/userdropdown_for_logout_option' is present

13-08-2024T15:25:00 - [MESSAGE][PASSED] - Object 'Object Repository/logout_and_login_after_new_employee_added/userdropdown_for_logout_option' is present

13-08-2024T15:25:00 - [TEST_STEP][PASSED] - delay(3): Delayed 3 second(s)

13-08-2024T15:25:03 - [MESSAGE][PASSED] - Delayed 3 second(s)

13-08-2024T15:25:03 - [TEST_STEP][PASSED] - click(findTestObject("logout_and_login_after_new_employee_added/userdropdown_for_logout_option")): Object: 'Object Repository/logout_and_login_after_new_employee_added/userdropdown_for_logout_option' is clicked on

13-08-2024T15:25:03 - [MESSAGE][PASSED] - Object: 'Object Repository/logout_and_login_after_new_employee_added/userdropdown_for_logout_option' is clicked on

13-08-2024T15:25:03 - [TEST_STEP][PASSED] - delay(3): Delayed 3 second(s)

13-08-2024T15:25:06 - [MESSAGE][PASSED] - Delayed 3 second(s)

13-08-2024T15:25:06 - [TEST_STEP][PASSED] - click(findTestObject("logout_and_login_after_new_employee_added/logout_option")): Object: 'Object Repository/logout_and_login_after_new_employee_added/logout_option' is clicked on

13-08-2024T15:25:08 - [MESSAGE][PASSED] - Object: 'Object Repository/logout_and_login_after_new_employee_added/logout_option' is clicked on

13-08-2024T15:25:08 - [TEST_STEP][PASSED] - delay(3): Delayed 3 second(s)

13-08-2024T15:25:11 - [MESSAGE][PASSED] - Delayed 3 second(s)

13-08-2024T15:25:11 - [MESSAGE][PASSED] - Call Test Case 'Test Cases/logout_testcase' successfully

13-08-2024T15:25:11 - [TEST_STEP][PASSED] - delay(3): Delayed 3 second(s)

13-08-2024T15:25:14 - [MESSAGE][PASSED] - Delayed 3 second(s)

13-08-2024T15:25:14 - [TEST_STEP][PASSED] - row = sheet.getRow(i): null

13-08-2024T15:25:14 - [TEST_STEP][PASSED] - firstName = getCell(0).getStringCellValue(): null

13-08-2024T15:25:14 - [TEST_STEP][PASSED] - Middlename = getCell(1).getStringCellValue(): null

13-08-2024T15:25:14 - [TEST_STEP][PASSED] - lastName = getCell(2).getStringCellValue(): null

13-08-2024T15:25:14 - [TEST_STEP][PASSED] - username = getCell(3).getStringCellValue(): null

13-08-2024T15:25:14 - [TEST_STEP][PASSED] - password = getCell(4).getStringCellValue(): null

13-08-2024T15:25:14 - [TEST_STEP][PASSED] - Employee_id = getCell(5).getStringCellValue(): null

13-08-2024T15:25:14 - [TEST_STEP][PASSED] - println("Logging in with Username: " + username + " and Password: " + password): null

13-08-2024T15:25:14 - [TEST_STEP][PASSED] - User_name = username: null

13-08-2024T15:25:14 - [TEST_STEP][PASSED] - Password = password: null

13-08-2024T15:25:14 - [TEST_STEP][PASSED] - First_name = firstName: null

13-08-2024T15:25:14 - [TEST_STEP][PASSED] - Last_name = lastName: null

13-08-2024T15:25:14 - [TEST_STEP][PASSED] - Middle_name = Middlename: null

13-08-2024T15:25:14 - [TEST_STEP][PASSED] - employee_id = Employee_id: null

13-08-2024T15:25:14 - [TEST_STEP][PASSED] - callTestCase(findTestCase("test_case_for_new_login_creds_excel_sheet"), [:], STOP_ON_FAILURE): Call Test Case 'Test Cases/test_case_for_new_login_creds_excel_sheet' successfully

13-08-2024T15:25:14 - [TEST_CASE][PASSED] - Test Cases/test_case_for_new_login_creds_excel_sheet: Test Cases/test_case_for_new_login_creds_excel_sheet

13-08-2024T15:25:14 - [TEST_STEP][PASSED] - refresh(): Refresh successfully

13-08-2024T15:25:14 - [MESSAGE][PASSED] - Refresh successfully

13-08-2024T15:25:14 - [TEST_STEP][PASSED] - delay(3): Delayed 3 second(s)

13-08-2024T15:25:17 - [MESSAGE][PASSED] - Delayed 3 second(s)

13-08-2024T15:25:17 - [TEST_STEP][PASSED] - verifyElementPresent(findTestObject("Object Repository/LOGIN_TEST_CASE_FOR_ORANGE_HRM/username_text_box_login_page"), 10): Object 'Object Repository/LOGIN_TEST_CASE_FOR_ORANGE_HRM/username_text_box_login_page' is present

13-08-2024T15:25:18 - [MESSAGE][PASSED] - Object 'Object Repository/LOGIN_TEST_CASE_FOR_ORANGE_HRM/username_text_box_login_page' is present

13-08-2024T15:25:18 - [TEST_STEP][PASSED] - click(findTestObject("Object Repository/LOGIN_TEST_CASE_FOR_ORANGE_HRM/username_text_box_login_page")): Object: 'Object Repository/LOGIN_TEST_CASE_FOR_ORANGE_HRM/username_text_box_login_page' is clicked on

13-08-2024T15:25:18 - [MESSAGE][PASSED] - Object: 'Object Repository/LOGIN_TEST_CASE_FOR_ORANGE_HRM/username_text_box_login_page' is clicked on

13-08-2024T15:25:18 - [TEST_STEP][PASSED] - setText(findTestObject("Object Repository/LOGIN_TEST_CASE_FOR_ORANGE_HRM/username_text_box_login_page"), User_name): Text 'User_name_HqpAJwI' is set on object 'Object Repository/LOGIN_TEST_CASE_FOR_ORANGE_HRM/username_text_box_login_page'

13-08-2024T15:25:19 - [MESSAGE][PASSED] - Text 'User_name_HqpAJwI' is set on object 'Object Repository/LOGIN_TEST_CASE_FOR_ORANGE_HRM/username_text_box_login_page'

13-08-2024T15:25:19 - [TEST_STEP][PASSED] - verifyElementPresent(findTestObject("Object Repository/LOGIN_TEST_CASE_FOR_ORANGE_HRM/password_text_box_for_login_page"), 10): Object 'Object Repository/LOGIN_TEST_CASE_FOR_ORANGE_HRM/password_text_box_for_login_page' is present

13-08-2024T15:25:19 - [MESSAGE][PASSED] - Object 'Object Repository/LOGIN_TEST_CASE_FOR_ORANGE_HRM/password_text_box_for_login_page' is present

13-08-2024T15:25:19 - [TEST_STEP][PASSED] - click(findTestObject("Object Repository/LOGIN_TEST_CASE_FOR_ORANGE_HRM/password_text_box_for_login_page")): Object: 'Object Repository/LOGIN_TEST_CASE_FOR_ORANGE_HRM/password_text_box_for_login_page' is clicked on

13-08-2024T15:25:19 - [MESSAGE][PASSED] - Object: 'Object Repository/LOGIN_TEST_CASE_FOR_ORANGE_HRM/password_text_box_for_login_page' is clicked on

13-08-2024T15:25:19 - [TEST_STEP][PASSED] - setText(findTestObject("Object Repository/LOGIN_TEST_CASE_FOR_ORANGE_HRM/password_text_box_for_login_page"), Password): Text 'Fiboo576230@@' is set on object 'Object Repository/LOGIN_TEST_CASE_FOR_ORANGE_HRM/password_text_box_for_login_page'

13-08-2024T15:25:20 - [MESSAGE][PASSED] - Text 'Fiboo576230@@' is set on object 'Object Repository/LOGIN_TEST_CASE_FOR_ORANGE_HRM/password_text_box_for_login_page'

13-08-2024T15:25:20 - [TEST_STEP][PASSED] - verifyElementPresent(findTestObject("Object Repository/LOGIN_TEST_CASE_FOR_ORANGE_HRM/login_button_for_login_page"), 10): Object 'Object Repository/LOGIN_TEST_CASE_FOR_ORANGE_HRM/login_button_for_login_page' is present

13-08-2024T15:25:20 - [MESSAGE][PASSED] - Object 'Object Repository/LOGIN_TEST_CASE_FOR_ORANGE_HRM/login_button_for_login_page' is present

13-08-2024T15:25:20 - [TEST_STEP][PASSED] - click(findTestObject("Object Repository/LOGIN_TEST_CASE_FOR_ORANGE_HRM/login_button_for_login_page")): Object: 'Object Repository/LOGIN_TEST_CASE_FOR_ORANGE_HRM/login_button_for_login_page' is clicked on

13-08-2024T15:25:20 - [MESSAGE][PASSED] - Object: 'Object Repository/LOGIN_TEST_CASE_FOR_ORANGE_HRM/login_button_for_login_page' is clicked on

13-08-2024T15:25:20 - [MESSAGE][PASSED] - Call Test Case 'Test Cases/test_case_for_new_login_creds_excel_sheet' successfully

13-08-2024T15:25:20 - [TEST_STEP][PASSED] - callTestCase(findTestCase("test_case_to_verify_data"), [:], STOP_ON_FAILURE): Call Test Case 'Test Cases/test_case_to_verify_data' successfully

13-08-2024T15:25:20 - [TEST_CASE][PASSED] - Test Cases/test_case_to_verify_data: Test Cases/test_case_to_verify_data

13-08-2024T15:25:20 - [TEST_STEP][PASSED] - delay(3): Delayed 3 second(s)

13-08-2024T15:25:23 - [MESSAGE][PASSED] - Delayed 3 second(s)

13-08-2024T15:25:23 - [TEST_STEP][PASSED] - click(findTestObject("to_verify_data/myinfo_option_from_side_bar")): Object: 'Object Repository/to_verify_data/myinfo_option_from_side_bar' is clicked on

13-08-2024T15:25:25 - [MESSAGE][PASSED] - Object: 'Object Repository/to_verify_data/myinfo_option_from_side_bar' is clicked on

13-08-2024T15:25:25 - [TEST_STEP][PASSED] - First_name = getAttribute(findTestObject("Object Repository/to_verify_data/first_name_text_box"), "value"): Attribute 'value' of object 'Object Repository/to_verify_data/first_name_text_box' is: 'First_name_TeNYEdz'

13-08-2024T15:25:27 - [MESSAGE][PASSED] - Attribute 'value' of object 'Object Repository/to_verify_data/first_name_text_box' is: 'First_name_TeNYEdz'

13-08-2024T15:25:27 - [TEST_STEP][PASSED] - out.println(First_name): null

13-08-2024T15:25:27 - [TEST_STEP][PASSED] - Middle_name = getAttribute(findTestObject("Object Repository/to_verify_data/middle_name_text_box"), "value"): Attribute 'value' of object 'Object Repository/to_verify_data/middle_name_text_box' is: 'Middle_name_tefkNgv'

13-08-2024T15:25:28 - [MESSAGE][PASSED] - Attribute 'value' of object 'Object Repository/to_verify_data/middle_name_text_box' is: 'Middle_name_tefkNgv'

13-08-2024T15:25:28 - [TEST_STEP][PASSED] - out.println(Middle_name): null

13-08-2024T15:25:28 - [TEST_STEP][PASSED] - Last_name = getAttribute(findTestObject("Object Repository/to_verify_data/last_name_text_box"), "value"): Attribute 'value' of object 'Object Repository/to_verify_data/last_name_text_box' is: 'Last_name_TRLFxnQ'

13-08-2024T15:25:28 - [MESSAGE][PASSED] - Attribute 'value' of object 'Object Repository/to_verify_data/last_name_text_box' is: 'Last_name_TRLFxnQ'

13-08-2024T15:25:28 - [TEST_STEP][PASSED] - out.println(Last_name): null

13-08-2024T15:25:28 - [TEST_STEP][PASSED] - employee_id = getAttribute(findTestObject("Object Repository/to_verify_data/employee_id"), "value"): Attribute 'value' of object 'Object Repository/to_verify_data/employee_id' is: '333886809'

13-08-2024T15:25:28 - [MESSAGE][PASSED] - Attribute 'value' of object 'Object Repository/to_verify_data/employee_id' is: '333886809'

13-08-2024T15:25:28 - [TEST_STEP][PASSED] - out.println(employee_id): null

13-08-2024T15:25:28 - [TEST_STEP][PASSED] - if (First_name == First_name): first name is same

13-08-2024T15:25:28 - [TEST_STEP][PASSED] - markPassed("first name is same"): first name is same

13-08-2024T15:25:28 - [MESSAGE][PASSED] - first name is same

13-08-2024T15:25:28 - [TEST_STEP][PASSED] - if (Middle_name == Middle_name): middle name is same

13-08-2024T15:25:28 - [TEST_STEP][PASSED] - markPassed("middle name is same"): middle name is same

13-08-2024T15:25:28 - [MESSAGE][PASSED] - middle name is same

13-08-2024T15:25:28 - [TEST_STEP][PASSED] - if (Last_name == Last_name): last name is same

13-08-2024T15:25:28 - [TEST_STEP][PASSED] - markPassed("last name is same"): last name is same

13-08-2024T15:25:28 - [MESSAGE][PASSED] - last name is same

13-08-2024T15:25:28 - [TEST_STEP][PASSED] - if (employee_id == employee_id): employee id is same

13-08-2024T15:25:28 - [TEST_STEP][PASSED] - markPassed("employee id is same"): employee id is same

13-08-2024T15:25:28 - [MESSAGE][PASSED] - employee id is same

13-08-2024T15:25:28 - [MESSAGE][PASSED] - Call Test Case 'Test Cases/test_case_to_verify_data' successfully

13-08-2024T15:25:28 - [TEST_STEP][PASSED] - callTestCase(findTestCase("logout_testcase"), [:], STOP_ON_FAILURE): Call Test Case 'Test Cases/logout_testcase' successfully

13-08-2024T15:25:28 - [TEST_CASE][PASSED] - Test Cases/logout_testcase: Test Cases/logout_testcase

13-08-2024T15:25:28 - [TEST_STEP][PASSED] - delay(3): Delayed 3 second(s)

13-08-2024T15:25:31 - [MESSAGE][PASSED] - Delayed 3 second(s)

13-08-2024T15:25:31 - [TEST_STEP][PASSED] - verifyElementPresent(findTestObject("logout_and_login_after_new_employee_added/userdropdown_for_logout_option"), 10): Object 'Object Repository/logout_and_login_after_new_employee_added/userdropdown_for_logout_option' is present

13-08-2024T15:25:31 - [MESSAGE][PASSED] - Object 'Object Repository/logout_and_login_after_new_employee_added/userdropdown_for_logout_option' is present

13-08-2024T15:25:31 - [TEST_STEP][PASSED] - delay(3): Delayed 3 second(s)

13-08-2024T15:25:34 - [MESSAGE][PASSED] - Delayed 3 second(s)

13-08-2024T15:25:34 - [TEST_STEP][PASSED] - click(findTestObject("logout_and_login_after_new_employee_added/userdropdown_for_logout_option")): Object: 'Object Repository/logout_and_login_after_new_employee_added/userdropdown_for_logout_option' is clicked on

13-08-2024T15:25:35 - [MESSAGE][PASSED] - Object: 'Object Repository/logout_and_login_after_new_employee_added/userdropdown_for_logout_option' is clicked on

13-08-2024T15:25:35 - [TEST_STEP][PASSED] - delay(3): Delayed 3 second(s)

13-08-2024T15:25:38 - [MESSAGE][PASSED] - Delayed 3 second(s)

13-08-2024T15:25:38 - [TEST_STEP][PASSED] - click(findTestObject("logout_and_login_after_new_employee_added/logout_option")): Object: 'Object Repository/logout_and_login_after_new_employee_added/logout_option' is clicked on

13-08-2024T15:25:39 - [MESSAGE][PASSED] - Object: 'Object Repository/logout_and_login_after_new_employee_added/logout_option' is clicked on

13-08-2024T15:25:39 - [TEST_STEP][PASSED] - delay(3): Delayed 3 second(s)

13-08-2024T15:25:42 - [MESSAGE][PASSED] - Delayed 3 second(s)

13-08-2024T15:25:42 - [MESSAGE][PASSED] - Call Test Case 'Test Cases/logout_testcase' successfully

13-08-2024T15:25:42 - [TEST_STEP][PASSED] - delay(3): Delayed 3 second(s)

13-08-2024T15:25:45 - [MESSAGE][PASSED] - Delayed 3 second(s)

13-08-2024T15:25:45 - [TEST_STEP][PASSED] - row = sheet.getRow(i): null

13-08-2024T15:25:45 - [TEST_STEP][PASSED] - firstName = getCell(0).getStringCellValue(): null

13-08-2024T15:25:45 - [TEST_STEP][PASSED] - Middlename = getCell(1).getStringCellValue(): null

13-08-2024T15:25:45 - [TEST_STEP][PASSED] - lastName = getCell(2).getStringCellValue(): null

13-08-2024T15:25:45 - [TEST_STEP][PASSED] - username = getCell(3).getStringCellValue(): null

13-08-2024T15:25:45 - [TEST_STEP][PASSED] - password = getCell(4).getStringCellValue(): null

13-08-2024T15:25:45 - [TEST_STEP][PASSED] - Employee_id = getCell(5).getStringCellValue(): null

13-08-2024T15:25:45 - [TEST_STEP][PASSED] - println("Logging in with Username: " + username + " and Password: " + password): null

13-08-2024T15:25:45 - [TEST_STEP][PASSED] - User_name = username: null

13-08-2024T15:25:45 - [TEST_STEP][PASSED] - Password = password: null

13-08-2024T15:25:45 - [TEST_STEP][PASSED] - First_name = firstName: null

13-08-2024T15:25:45 - [TEST_STEP][PASSED] - Last_name = lastName: null

13-08-2024T15:25:45 - [TEST_STEP][PASSED] - Middle_name = Middlename: null

13-08-2024T15:25:45 - [TEST_STEP][PASSED] - employee_id = Employee_id: null

13-08-2024T15:25:45 - [TEST_STEP][PASSED] - callTestCase(findTestCase("test_case_for_new_login_creds_excel_sheet"), [:], STOP_ON_FAILURE): Call Test Case 'Test Cases/test_case_for_new_login_creds_excel_sheet' successfully

13-08-2024T15:25:45 - [TEST_CASE][PASSED] - Test Cases/test_case_for_new_login_creds_excel_sheet: Test Cases/test_case_for_new_login_creds_excel_sheet

13-08-2024T15:25:45 - [TEST_STEP][PASSED] - refresh(): Refresh successfully

13-08-2024T15:25:46 - [MESSAGE][PASSED] - Refresh successfully

13-08-2024T15:25:46 - [TEST_STEP][PASSED] - delay(3): Delayed 3 second(s)

13-08-2024T15:25:49 - [MESSAGE][PASSED] - Delayed 3 second(s)

13-08-2024T15:25:49 - [TEST_STEP][PASSED] - verifyElementPresent(findTestObject("Object Repository/LOGIN_TEST_CASE_FOR_ORANGE_HRM/username_text_box_login_page"), 10): Object 'Object Repository/LOGIN_TEST_CASE_FOR_ORANGE_HRM/username_text_box_login_page' is present

13-08-2024T15:25:49 - [MESSAGE][PASSED] - Object 'Object Repository/LOGIN_TEST_CASE_FOR_ORANGE_HRM/username_text_box_login_page' is present

13-08-2024T15:25:49 - [TEST_STEP][PASSED] - click(findTestObject("Object Repository/LOGIN_TEST_CASE_FOR_ORANGE_HRM/username_text_box_login_page")): Object: 'Object Repository/LOGIN_TEST_CASE_FOR_ORANGE_HRM/username_text_box_login_page' is clicked on

13-08-2024T15:25:49 - [MESSAGE][PASSED] - Object: 'Object Repository/LOGIN_TEST_CASE_FOR_ORANGE_HRM/username_text_box_login_page' is clicked on

13-08-2024T15:25:49 - [TEST_STEP][PASSED] - setText(findTestObject("Object Repository/LOGIN_TEST_CASE_FOR_ORANGE_HRM/username_text_box_login_page"), User_name): Text 'User_name_WEbbqTB' is set on object 'Object Repository/LOGIN_TEST_CASE_FOR_ORANGE_HRM/username_text_box_login_page'

13-08-2024T15:25:50 - [MESSAGE][PASSED] - Text 'User_name_WEbbqTB' is set on object 'Object Repository/LOGIN_TEST_CASE_FOR_ORANGE_HRM/username_text_box_login_page'

13-08-2024T15:25:50 - [TEST_STEP][PASSED] - verifyElementPresent(findTestObject("Object Repository/LOGIN_TEST_CASE_FOR_ORANGE_HRM/password_text_box_for_login_page"), 10): Object 'Object Repository/LOGIN_TEST_CASE_FOR_ORANGE_HRM/password_text_box_for_login_page' is present

13-08-2024T15:25:50 - [MESSAGE][PASSED] - Object 'Object Repository/LOGIN_TEST_CASE_FOR_ORANGE_HRM/password_text_box_for_login_page' is present

13-08-2024T15:25:50 - [TEST_STEP][PASSED] - click(findTestObject("Object Repository/LOGIN_TEST_CASE_FOR_ORANGE_HRM/password_text_box_for_login_page")): Object: 'Object Repository/LOGIN_TEST_CASE_FOR_ORANGE_HRM/password_text_box_for_login_page' is clicked on

13-08-2024T15:25:50 - [MESSAGE][PASSED] - Object: 'Object Repository/LOGIN_TEST_CASE_FOR_ORANGE_HRM/password_text_box_for_login_page' is clicked on

13-08-2024T15:25:50 - [TEST_STEP][PASSED] - setText(findTestObject("Object Repository/LOGIN_TEST_CASE_FOR_ORANGE_HRM/password_text_box_for_login_page"), Password): Text 'Fiboo545380@@' is set on object 'Object Repository/LOGIN_TEST_CASE_FOR_ORANGE_HRM/password_text_box_for_login_page'

13-08-2024T15:25:51 - [MESSAGE][PASSED] - Text 'Fiboo545380@@' is set on object 'Object Repository/LOGIN_TEST_CASE_FOR_ORANGE_HRM/password_text_box_for_login_page'

13-08-2024T15:25:51 - [TEST_STEP][PASSED] - verifyElementPresent(findTestObject("Object Repository/LOGIN_TEST_CASE_FOR_ORANGE_HRM/login_button_for_login_page"), 10): Object 'Object Repository/LOGIN_TEST_CASE_FOR_ORANGE_HRM/login_button_for_login_page' is present

13-08-2024T15:25:51 - [MESSAGE][PASSED] - Object 'Object Repository/LOGIN_TEST_CASE_FOR_ORANGE_HRM/login_button_for_login_page' is present

13-08-2024T15:25:51 - [TEST_STEP][PASSED] - click(findTestObject("Object Repository/LOGIN_TEST_CASE_FOR_ORANGE_HRM/login_button_for_login_page")): Object: 'Object Repository/LOGIN_TEST_CASE_FOR_ORANGE_HRM/login_button_for_login_page' is clicked on

13-08-2024T15:25:51 - [MESSAGE][PASSED] - Object: 'Object Repository/LOGIN_TEST_CASE_FOR_ORANGE_HRM/login_button_for_login_page' is clicked on

13-08-2024T15:25:51 - [MESSAGE][PASSED] - Call Test Case 'Test Cases/test_case_for_new_login_creds_excel_sheet' successfully

13-08-2024T15:25:51 - [TEST_STEP][PASSED] - callTestCase(findTestCase("test_case_to_verify_data"), [:], STOP_ON_FAILURE): Call Test Case 'Test Cases/test_case_to_verify_data' successfully

13-08-2024T15:25:51 - [TEST_CASE][PASSED] - Test Cases/test_case_to_verify_data: Test Cases/test_case_to_verify_data

13-08-2024T15:25:51 - [TEST_STEP][PASSED] - delay(3): Delayed 3 second(s)

13-08-2024T15:25:54 - [MESSAGE][PASSED] - Delayed 3 second(s)

13-08-2024T15:25:54 - [TEST_STEP][PASSED] - click(findTestObject("to_verify_data/myinfo_option_from_side_bar")): Object: 'Object Repository/to_verify_data/myinfo_option_from_side_bar' is clicked on

13-08-2024T15:25:56 - [MESSAGE][PASSED] - Object: 'Object Repository/to_verify_data/myinfo_option_from_side_bar' is clicked on

13-08-2024T15:25:56 - [TEST_STEP][PASSED] - First_name = getAttribute(findTestObject("Object Repository/to_verify_data/first_name_text_box"), "value"): Attribute 'value' of object 'Object Repository/to_verify_data/first_name_text_box' is: 'First_name_olMrAJa'

13-08-2024T15:25:58 - [MESSAGE][PASSED] - Attribute 'value' of object 'Object Repository/to_verify_data/first_name_text_box' is: 'First_name_olMrAJa'

13-08-2024T15:25:58 - [TEST_STEP][PASSED] - out.println(First_name): null

13-08-2024T15:25:58 - [TEST_STEP][PASSED] - Middle_name = getAttribute(findTestObject("Object Repository/to_verify_data/middle_name_text_box"), "value"): Attribute 'value' of object 'Object Repository/to_verify_data/middle_name_text_box' is: 'Middle_name_dSFwcpE'

13-08-2024T15:25:59 - [MESSAGE][PASSED] - Attribute 'value' of object 'Object Repository/to_verify_data/middle_name_text_box' is: 'Middle_name_dSFwcpE'

13-08-2024T15:25:59 - [TEST_STEP][PASSED] - out.println(Middle_name): null

13-08-2024T15:25:59 - [TEST_STEP][PASSED] - Last_name = getAttribute(findTestObject("Object Repository/to_verify_data/last_name_text_box"), "value"): Attribute 'value' of object 'Object Repository/to_verify_data/last_name_text_box' is: 'Last_name_RpuWGpQ'

13-08-2024T15:25:59 - [MESSAGE][PASSED] - Attribute 'value' of object 'Object Repository/to_verify_data/last_name_text_box' is: 'Last_name_RpuWGpQ'

13-08-2024T15:25:59 - [TEST_STEP][PASSED] - out.println(Last_name): null

13-08-2024T15:25:59 - [TEST_STEP][PASSED] - employee_id = getAttribute(findTestObject("Object Repository/to_verify_data/employee_id"), "value"): Attribute 'value' of object 'Object Repository/to_verify_data/employee_id' is: '333617129'

13-08-2024T15:25:59 - [MESSAGE][PASSED] - Attribute 'value' of object 'Object Repository/to_verify_data/employee_id' is: '333617129'

13-08-2024T15:25:59 - [TEST_STEP][PASSED] - out.println(employee_id): null

13-08-2024T15:25:59 - [TEST_STEP][PASSED] - if (First_name == First_name): first name is same

13-08-2024T15:25:59 - [TEST_STEP][PASSED] - markPassed("first name is same"): first name is same

13-08-2024T15:25:59 - [MESSAGE][PASSED] - first name is same

13-08-2024T15:25:59 - [TEST_STEP][PASSED] - if (Middle_name == Middle_name): middle name is same

13-08-2024T15:25:59 - [TEST_STEP][PASSED] - markPassed("middle name is same"): middle name is same

13-08-2024T15:25:59 - [MESSAGE][PASSED] - middle name is same

13-08-2024T15:25:59 - [TEST_STEP][PASSED] - if (Last_name == Last_name): last name is same

13-08-2024T15:25:59 - [TEST_STEP][PASSED] - markPassed("last name is same"): last name is same

13-08-2024T15:25:59 - [MESSAGE][PASSED] - last name is same

13-08-2024T15:25:59 - [TEST_STEP][PASSED] - if (employee_id == employee_id): employee id is same

13-08-2024T15:25:59 - [TEST_STEP][PASSED] - markPassed("employee id is same"): employee id is same

13-08-2024T15:25:59 - [MESSAGE][PASSED] - employee id is same

13-08-2024T15:25:59 - [MESSAGE][PASSED] - Call Test Case 'Test Cases/test_case_to_verify_data' successfully

13-08-2024T15:25:59 - [TEST_STEP][PASSED] - callTestCase(findTestCase("logout_testcase"), [:], STOP_ON_FAILURE): Call Test Case 'Test Cases/logout_testcase' successfully

13-08-2024T15:25:59 - [TEST_CASE][PASSED] - Test Cases/logout_testcase: Test Cases/logout_testcase

13-08-2024T15:25:59 - [TEST_STEP][PASSED] - delay(3): Delayed 3 second(s)

13-08-2024T15:26:02 - [MESSAGE][PASSED] - Delayed 3 second(s)

13-08-2024T15:26:02 - [TEST_STEP][PASSED] - verifyElementPresent(findTestObject("logout_and_login_after_new_employee_added/userdropdown_for_logout_option"), 10): Object 'Object Repository/logout_and_login_after_new_employee_added/userdropdown_for_logout_option' is present

13-08-2024T15:26:03 - [MESSAGE][PASSED] - Object 'Object Repository/logout_and_login_after_new_employee_added/userdropdown_for_logout_option' is present

13-08-2024T15:26:03 - [TEST_STEP][PASSED] - delay(3): Delayed 3 second(s)

13-08-2024T15:26:06 - [MESSAGE][PASSED] - Delayed 3 second(s)

13-08-2024T15:26:06 - [TEST_STEP][PASSED] - click(findTestObject("logout_and_login_after_new_employee_added/userdropdown_for_logout_option")): Object: 'Object Repository/logout_and_login_after_new_employee_added/userdropdown_for_logout_option' is clicked on

13-08-2024T15:26:06 - [MESSAGE][PASSED] - Object: 'Object Repository/logout_and_login_after_new_employee_added/userdropdown_for_logout_option' is clicked on

13-08-2024T15:26:06 - [TEST_STEP][PASSED] - delay(3): Delayed 3 second(s)

13-08-2024T15:26:09 - [MESSAGE][PASSED] - Delayed 3 second(s)

13-08-2024T15:26:09 - [TEST_STEP][PASSED] - click(findTestObject("logout_and_login_after_new_employee_added/logout_option")): Object: 'Object Repository/logout_and_login_after_new_employee_added/logout_option' is clicked on

13-08-2024T15:26:10 - [MESSAGE][PASSED] - Object: 'Object Repository/logout_and_login_after_new_employee_added/logout_option' is clicked on

13-08-2024T15:26:10 - [TEST_STEP][PASSED] - delay(3): Delayed 3 second(s)

13-08-2024T15:26:13 - [MESSAGE][PASSED] - Delayed 3 second(s)

13-08-2024T15:26:13 - [MESSAGE][PASSED] - Call Test Case 'Test Cases/logout_testcase' successfully

13-08-2024T15:26:13 - [TEST_STEP][PASSED] - fis.close(): null

13-08-2024T15:26:13 - [TEST_STEP][PASSED] - workbook.close(): null

13-08-2024T15:26:13 - [TEST_STEP][PASSED] - println("Login process completed using data from Excel."): null

13-08-2024T15:26:13 - [MESSAGE][PASSED] - Call Test Case 'Test Cases/test_case_for_getting_data_from_folder' successfully]]></system-out>
         <system-err><![CDATA[]]></system-err>
      </testcase>
      <system-out><![CDATA[13-08-2024T15:02:49 - [TEST_SUITE][PASSED] - Test_Case_For_Excel_And_Mail_Automation: Test Cases/Test_case_for_excel_and_mail_automation]]></system-out>
      <system-err><![CDATA[]]></system-err>
   </testsuite>
</testsuites>
